###############################################################
#  Generated by:      Cadence Innovus 15.23-s045_1
#  OS:                Linux x86_64(Host ID ieng6-ece-04.ucsd.edu)
#  Generated on:      Sat Mar 15 03:01:34 2025
#  Design:            core
#  Command:           verifyGeometry
###############################################################

SHORT: Regular Via of Net mac_array_instance/col_idx_6__mac_col_inst/mac_16in_instance/n214 & Blockage of Cell mac_array_instance/col_idx_6__mac_col_inst/mac_16in_instance/FE_RC_7630_0  ( M1 )
Bounds : ( 434.650, 374.910 ) ( 434.750, 375.090 )


SHORT: Special Wire of Net VSS & Pin of Cell FILLER_106232  ( M1 )
Bounds : ( 213.515, 561.350 ) ( 213.625, 561.600 )


SHORT: Special Wire of Net VSS & Pin of Cell FILLER_105570  ( M1 )
Bounds : ( 211.600, 561.350 ) ( 214.400, 561.565 )


SHORT: Special Wire of Net VSS & Pin of Cell FILLER_106231  ( M1 )
Bounds : ( 212.915, 561.350 ) ( 213.025, 561.600 )


SHORT: Special Wire of Net VSS & Pin of Cell FILLER_106230  ( M1 )
Bounds : ( 212.315, 561.350 ) ( 212.425, 561.600 )


SHORT: Special Wire of Net VSS & Pin of Cell FILLER_105568  ( M1 )
Bounds : ( 211.715, 561.350 ) ( 211.825, 561.600 )


SHORT: Special Via of Net VDD & Blockage of Cell qmem_instance  ( M4 )
Bounds : ( 189.000, 476.540 ) ( 190.000, 479.540 )


SHORT: Special Via of Net VSS & Blockage of Cell qmem_instance  ( M4 )
Bounds : ( 187.000, 471.540 ) ( 188.000, 474.540 )


SHORT: Special Via of Net VDD & Blockage of Cell qmem_instance  ( M4 )
Bounds : ( 189.000, 516.680 ) ( 190.000, 519.680 )


SHORT: Special Via of Net VSS & Blockage of Cell qmem_instance  ( M4 )
Bounds : ( 187.000, 511.680 ) ( 188.000, 514.680 )


SHORT: Special Via of Net VDD & Blockage of Cell qmem_instance  ( M4 )
Bounds : ( 189.000, 556.820 ) ( 190.000, 557.600 )


SHORT: Special Via of Net VSS & Blockage of Cell qmem_instance  ( M4 )
Bounds : ( 187.000, 551.820 ) ( 188.000, 554.820 )


SHORT: Special Wire of Net VDD & Pin of Cell FILLER_105568  ( M1 )
Bounds : ( 211.600, 559.600 ) ( 212.200, 559.765 )


SHORT: Special Wire of Net VDD & Pin of Cell FILLER_105568  ( M1 )
Bounds : ( 211.705, 559.600 ) ( 211.815, 559.850 )


SPACING: Special Wire of Net VSS & Blockage of Cell FILLER_106229  ( M1 )
Bounds : ( 211.975, 561.600 ) ( 212.085, 561.660 )
Actual:     0.06     Min:     0.09     Type: ParallelRun


SPACING: Special Wire of Net VSS & Blockage of Cell FILLER_106230  ( M1 )
Bounds : ( 212.575, 561.600 ) ( 212.685, 561.660 )
Actual:     0.06     Min:     0.09     Type: ParallelRun


SPACING: Special Wire of Net VSS & Blockage of Cell FILLER_106231  ( M1 )
Bounds : ( 213.175, 561.600 ) ( 213.285, 561.660 )
Actual:     0.06     Min:     0.09     Type: ParallelRun


SPACING: Special Wire of Net VSS & Blockage of Cell FILLER_106232  ( M1 )
Bounds : ( 213.775, 561.600 ) ( 213.885, 561.660 )
Actual:     0.06     Min:     0.09     Type: ParallelRun


SPACING: Special Wire of Net VDD & Blockage of Cell FILLER_105568  ( M1 )
Bounds : ( 211.965, 559.850 ) ( 212.075, 559.935 )
Actual:     0.085     Min:     0.09     Type: ParallelRun


SHORT: Special Via of Net VDD & Blockage of Cell qmem_instance  ( M4 )
Bounds : ( 72.000, 476.540 ) ( 73.000, 479.540 )


SHORT: Special Via of Net VSS & Blockage of Cell qmem_instance  ( M4 )
Bounds : ( 70.000, 471.540 ) ( 71.000, 474.540 )


SHORT: Special Via of Net VDD & Blockage of Cell qmem_instance  ( M4 )
Bounds : ( 72.000, 516.680 ) ( 73.000, 519.680 )


SHORT: Special Via of Net VSS & Blockage of Cell qmem_instance  ( M4 )
Bounds : ( 70.000, 511.680 ) ( 71.000, 514.680 )


SHORT: Special Via of Net VDD & Blockage of Cell qmem_instance  ( M4 )
Bounds : ( 150.000, 516.680 ) ( 151.000, 519.680 )


SHORT: Special Via of Net VDD & Blockage of Cell qmem_instance  ( M4 )
Bounds : ( 111.000, 516.680 ) ( 112.000, 519.680 )


SHORT: Special Via of Net VDD & Blockage of Cell qmem_instance  ( M4 )
Bounds : ( 150.000, 476.540 ) ( 151.000, 479.540 )


SHORT: Special Via of Net VDD & Blockage of Cell qmem_instance  ( M4 )
Bounds : ( 111.000, 476.540 ) ( 112.000, 479.540 )


SHORT: Special Via of Net VSS & Blockage of Cell qmem_instance  ( M4 )
Bounds : ( 148.000, 511.680 ) ( 149.000, 514.680 )


SHORT: Special Via of Net VSS & Blockage of Cell qmem_instance  ( M4 )
Bounds : ( 109.000, 511.680 ) ( 110.000, 514.680 )


SHORT: Special Via of Net VSS & Blockage of Cell qmem_instance  ( M4 )
Bounds : ( 148.000, 471.540 ) ( 149.000, 474.540 )


SHORT: Special Via of Net VSS & Blockage of Cell qmem_instance  ( M4 )
Bounds : ( 109.000, 471.540 ) ( 110.000, 474.540 )


SHORT: Special Via of Net VSS & Blockage of Cell qmem_instance  ( M4 )
Bounds : ( 70.000, 551.820 ) ( 71.000, 554.820 )


SHORT: Special Via of Net VDD & Blockage of Cell qmem_instance  ( M4 )
Bounds : ( 72.000, 556.820 ) ( 73.000, 557.600 )


SHORT: Special Via of Net VDD & Blockage of Cell qmem_instance  ( M4 )
Bounds : ( 150.000, 556.820 ) ( 151.000, 557.600 )


SHORT: Special Via of Net VDD & Blockage of Cell qmem_instance  ( M4 )
Bounds : ( 111.000, 556.820 ) ( 112.000, 557.600 )


SHORT: Special Via of Net VSS & Blockage of Cell qmem_instance  ( M4 )
Bounds : ( 148.000, 551.820 ) ( 149.000, 554.820 )


SHORT: Special Via of Net VSS & Blockage of Cell qmem_instance  ( M4 )
Bounds : ( 109.000, 551.820 ) ( 110.000, 554.820 )


SHORT: Special Wire of Net VSS & Blockage of Cell qmem_instance  ( M1 )
Bounds : ( 50.000, 561.350 ) ( 208.600, 561.600 )


SHORT: Special Wire of Net VDD & Blockage of Cell qmem_instance  ( M1 )
Bounds : ( 50.000, 559.600 ) ( 208.600, 559.850 )


SPACING: Special Wire of Net VSS & Blockage of Cell FILLER_45354  ( M1 )
Bounds : ( 213.490, 396.980 ) ( 213.600, 397.000 )
Actual:     0.02     Min:     0.09     Type: ParallelRun


SPACING: Special Wire of Net VSS & Blockage of Cell FILLER_45353  ( M1 )
Bounds : ( 212.890, 396.980 ) ( 213.000, 397.000 )
Actual:     0.02     Min:     0.09     Type: ParallelRun


SPACING: Special Wire of Net VSS & Blockage of Cell FILLER_45352  ( M1 )
Bounds : ( 212.290, 396.980 ) ( 212.400, 397.000 )
Actual:     0.02     Min:     0.09     Type: ParallelRun


SPACING: Special Wire of Net VSS & Blockage of Cell FILLER_45351  ( M1 )
Bounds : ( 211.690, 396.980 ) ( 211.800, 397.000 )
Actual:     0.02     Min:     0.09     Type: ParallelRun


MINHOLE: Special Wire of Net VDD  ( M1 )
Bounds : ( 211.825, 399.000 ) ( 212.315, 399.235 )
Actual:     0.11515     Min:     0.2


MINHOLE: Special Wire of Net VSS  ( M1 )
Bounds : ( 213.015, 397.250 ) ( 213.505, 397.435 )
Actual:     0.09065     Min:     0.2


MINHOLE: Special Wire of Net VSS  ( M1 )
Bounds : ( 212.415, 397.250 ) ( 212.905, 397.435 )
Actual:     0.09065     Min:     0.2


MINHOLE: Special Wire of Net VSS  ( M1 )
Bounds : ( 211.815, 397.250 ) ( 212.305, 397.435 )
Actual:     0.09065     Min:     0.2


MINCUT: Special Via of Net VDD & Special Via of Net VDD ( M1 VIA1 )

Bounds : ( 212.875, 398.825 ) ( 212.975, 398.925 )
Actual:     1     Min:     2  

SHORT: Special Wire of Net VDD & Blockage of Cell FILLER_45952  ( M1 )
Bounds : ( 211.975, 398.750 ) ( 212.085, 399.000 )


SHORT: Special Wire of Net VDD & Blockage of Cell FILLER_45953  ( M1 )
Bounds : ( 212.575, 398.750 ) ( 212.685, 399.000 )


SHORT: Special Wire of Net VDD & Blockage of Cell FILLER_45953  ( M1 )
Bounds : ( 212.290, 398.750 ) ( 212.685, 398.820 )


SHORT: Special Wire of Net VDD & Blockage of Cell FILLER_45952  ( M1 )
Bounds : ( 211.690, 398.750 ) ( 212.085, 398.820 )


SHORT: Special Wire of Net VSS & Blockage of Cell FILLER_45354  ( M1 )
Bounds : ( 213.765, 397.000 ) ( 213.875, 397.250 )


SHORT: Special Via of Net VSS & Blockage of Cell qmem_instance  ( M4 )
Bounds : ( 187.000, 431.400 ) ( 188.000, 434.400 )


SHORT: Special Via of Net VDD & Blockage of Cell qmem_instance  ( M4 )
Bounds : ( 189.000, 436.400 ) ( 190.000, 439.400 )


SHORT: Special Wire of Net VSS & Blockage of Cell FILLER_45351  ( M1 )
Bounds : ( 211.965, 397.000 ) ( 212.075, 397.250 )


SHORT: Special Wire of Net VSS & Blockage of Cell FILLER_45352  ( M1 )
Bounds : ( 212.565, 397.000 ) ( 212.675, 397.250 )


SHORT: Special Wire of Net VSS & Blockage of Cell FILLER_45353  ( M1 )
Bounds : ( 213.165, 397.000 ) ( 213.275, 397.250 )


SPACING: Special Wire of Net VSS & Blockage of Cell FILLER_35345  ( M1 )
Bounds : ( 211.965, 361.265 ) ( 212.075, 361.350 )
Actual:     0.085     Min:     0.09     Type: ParallelRun


SPACING: Special Wire of Net VSS & Blockage of Cell FILLER_35346  ( M1 )
Bounds : ( 212.565, 361.265 ) ( 212.675, 361.350 )
Actual:     0.085     Min:     0.09     Type: ParallelRun


SPACING: Special Wire of Net VSS & Blockage of Cell FILLER_35347  ( M1 )
Bounds : ( 213.165, 361.265 ) ( 213.275, 361.350 )
Actual:     0.085     Min:     0.09     Type: ParallelRun


SPACING: Special Wire of Net VDD & Blockage of Cell FILLER_35178  ( M1 )
Bounds : ( 212.575, 359.540 ) ( 212.685, 359.600 )
Actual:     0.06     Min:     0.09     Type: ParallelRun


SPACING: Special Wire of Net VDD & Blockage of Cell FILLER_35177  ( M1 )
Bounds : ( 211.975, 359.540 ) ( 212.085, 359.600 )
Actual:     0.06     Min:     0.09     Type: ParallelRun


SHORT: Special Via of Net VSS & Blockage of Cell kmem_instance  ( M4 )
Bounds : ( 187.000, 351.120 ) ( 188.000, 354.120 )


SHORT: Special Via of Net VDD & Blockage of Cell kmem_instance  ( M4 )
Bounds : ( 189.000, 356.120 ) ( 190.000, 357.600 )


SHORT: Special Via of Net VSS & Blockage of Cell kmem_instance  ( M4 )
Bounds : ( 187.000, 310.980 ) ( 188.000, 313.980 )


SHORT: Special Via of Net VDD & Blockage of Cell kmem_instance  ( M4 )
Bounds : ( 189.000, 315.980 ) ( 190.000, 318.980 )


SHORT: Special Wire of Net VDD & Blockage of Cell FILLER_35180  ( M1 )
Bounds : ( 213.775, 359.435 ) ( 213.865, 359.540 )


SHORT: Special Wire of Net VDD & Blockage of Cell FILLER_35179  ( M1 )
Bounds : ( 213.175, 359.435 ) ( 213.285, 359.540 )


SPACING: Special Wire of Net VSS & Blockage of Cell FILLER_35349  ( M1 )
Bounds : ( 214.125, 361.265 ) ( 214.235, 361.350 )
Actual:     0.085     Min:     0.09     Type: ParallelRun


SPACING: Special Wire of Net VSS & Blockage of Cell FILLER_35348  ( M1 )
Bounds : ( 213.765, 361.265 ) ( 213.875, 361.350 )
Actual:     0.085     Min:     0.09     Type: ParallelRun


SHORT: Special Via of Net VDD & Blockage of Cell kmem_instance  ( M4 )
Bounds : ( 72.000, 315.980 ) ( 73.000, 318.980 )


SHORT: Special Via of Net VSS & Blockage of Cell kmem_instance  ( M4 )
Bounds : ( 70.000, 310.980 ) ( 71.000, 313.980 )


SHORT: Special Via of Net VDD & Blockage of Cell kmem_instance  ( M4 )
Bounds : ( 72.000, 356.120 ) ( 73.000, 357.600 )


SHORT: Special Via of Net VSS & Blockage of Cell kmem_instance  ( M4 )
Bounds : ( 70.000, 351.120 ) ( 71.000, 354.120 )


SHORT: Special Via of Net VDD & Blockage of Cell kmem_instance  ( M4 )
Bounds : ( 150.000, 356.120 ) ( 151.000, 357.600 )


SHORT: Special Via of Net VDD & Blockage of Cell kmem_instance  ( M4 )
Bounds : ( 111.000, 356.120 ) ( 112.000, 357.600 )


SHORT: Special Via of Net VDD & Blockage of Cell kmem_instance  ( M4 )
Bounds : ( 150.000, 315.980 ) ( 151.000, 318.980 )


SHORT: Special Via of Net VDD & Blockage of Cell kmem_instance  ( M4 )
Bounds : ( 111.000, 315.980 ) ( 112.000, 318.980 )


SHORT: Special Via of Net VSS & Blockage of Cell kmem_instance  ( M4 )
Bounds : ( 148.000, 351.120 ) ( 149.000, 354.120 )


SHORT: Special Via of Net VSS & Blockage of Cell kmem_instance  ( M4 )
Bounds : ( 109.000, 351.120 ) ( 110.000, 354.120 )


SHORT: Special Via of Net VSS & Blockage of Cell kmem_instance  ( M4 )
Bounds : ( 148.000, 310.980 ) ( 149.000, 313.980 )


SHORT: Special Via of Net VSS & Blockage of Cell kmem_instance  ( M4 )
Bounds : ( 109.000, 310.980 ) ( 110.000, 313.980 )


SHORT: Special Via of Net VDD & Blockage of Cell qmem_instance  ( M4 )
Bounds : ( 72.000, 436.400 ) ( 73.000, 439.400 )


SHORT: Special Via of Net VSS & Blockage of Cell qmem_instance  ( M4 )
Bounds : ( 70.000, 431.400 ) ( 71.000, 434.400 )


SHORT: Special Via of Net VDD & Blockage of Cell qmem_instance  ( M4 )
Bounds : ( 150.000, 436.400 ) ( 151.000, 439.400 )


SHORT: Special Via of Net VDD & Blockage of Cell qmem_instance  ( M4 )
Bounds : ( 111.000, 436.400 ) ( 112.000, 439.400 )


SHORT: Special Via of Net VSS & Blockage of Cell qmem_instance  ( M4 )
Bounds : ( 148.000, 431.400 ) ( 149.000, 434.400 )


SHORT: Special Via of Net VSS & Blockage of Cell qmem_instance  ( M4 )
Bounds : ( 109.000, 431.400 ) ( 110.000, 434.400 )


SHORT: Special Via of Net VSS & Blockage of Cell qmem_instance  ( M4 )
Bounds : ( 109.000, 401.000 ) ( 110.000, 402.000 )


SHORT: Special Wire of Net VDD & Blockage of Cell kmem_instance  ( M1 )
Bounds : ( 50.000, 359.600 ) ( 208.600, 359.850 )


SHORT: Special Wire of Net VSS & Blockage of Cell kmem_instance  ( M1 )
Bounds : ( 50.000, 361.350 ) ( 208.600, 361.765 )


SHORT: Special Via of Net VSS & Blockage of Cell psum_mem_instance  ( M4 )
Bounds : ( 409.375, 182.760 ) ( 409.625, 182.765 )


SPACING: Special Wire of Net VSS & Blockage of Cell FE_RC_7889_0  ( M1 )
Bounds : ( 346.935, 186.410 ) ( 347.000, 186.600 )
Actual:     0.065     Min:     0.09     Type: ParallelRun


SHORT: Regular Via of Net sfp_instance/FE_RN_3983_0 & Blockage of Cell sfp_instance/FE_RC_6946_0  ( M1 )
Bounds : ( 325.450, 89.310 ) ( 325.550, 89.490 )


SHORT: Regular Via of Net sfp_instance/FE_RN_146 & Blockage of Cell sfp_instance/FE_RC_2554_0_dup  ( M1 )
Bounds : ( 470.580, 188.200 ) ( 470.820, 188.300 )


SHORT: Regular Via of Net sfp_instance/n802 & Blockage of Cell sfp_instance/FE_RC_3029_0  ( M1 )
Bounds : ( 361.610, 195.400 ) ( 361.790, 195.500 )


SHORT: Regular Via of Net sfp_instance/n1431 & Blockage of Cell sfp_instance/U1565  ( M1 )
Bounds : ( 522.250, 60.310 ) ( 522.350, 60.490 )


SPACING: Special Wire of Net VSS & Pin of Cell FE_RC_7889_0  ( M1 )
Bounds : ( 346.950, 186.300 ) ( 347.000, 186.350 )
Actual:     0.0705     Min:     0.09     Type: ParallelRun


SHORT: Special Via of Net VDD & Blockage of Cell kmem_instance  ( M4 )
Bounds : ( 189.000, 235.700 ) ( 190.000, 238.700 )


SHORT: Special Via of Net VSS & Blockage of Cell kmem_instance  ( M4 )
Bounds : ( 187.000, 230.700 ) ( 188.000, 233.700 )


SHORT: Special Via of Net VDD & Blockage of Cell kmem_instance  ( M4 )
Bounds : ( 189.000, 275.840 ) ( 190.000, 278.840 )


SHORT: Special Via of Net VSS & Blockage of Cell kmem_instance  ( M4 )
Bounds : ( 187.000, 270.840 ) ( 188.000, 273.840 )


SHORT: Regular Via of Net mac_array_instance/col_idx_3__mac_col_inst/mac_16in_instance/n501 & Blockage of Cell mac_array_instance/col_idx_3__mac_col_inst/mac_16in_instance/FE_RC_4027_0  ( M1 )
Bounds : ( 254.210, 227.800 ) ( 254.390, 227.900 )


SPACING: Special Wire of Net VDD & Pin of Cell mac_array_instance/col_idx_3__mac_col_inst/key_q_reg_35_  ( M1 )
Bounds : ( 213.155, 198.830 ) ( 213.200, 198.835 )
Actual:     0.005     Min:     0.09     Type: ParallelRun   


SPACING: Special Wire of Net VDD & Blockage of Cell mac_array_instance/col_idx_3__mac_col_inst/key_q_reg_35_  ( M1 )
Bounds : ( 213.420, 198.830 ) ( 213.570, 198.835 )
Actual:     0.005     Min:     0.09     Type: ParallelRun


SPACING: Special Wire of Net VDD & Blockage of Cell mac_array_instance/col_idx_3__mac_col_inst/key_q_reg_35_  ( M1 )
Bounds : ( 214.335, 199.165 ) ( 214.665, 199.235 )
Actual:     0.07     Min:     0.09     Type: ParallelRun


SHORT: Special Wire of Net VDD & Pin of Cell mac_array_instance/col_idx_3__mac_col_inst/key_q_reg_35_  ( M1 )
Bounds : ( 214.050, 198.835 ) ( 214.260, 198.890 )


SHORT: Special Wire of Net VDD & Blockage of Cell mac_array_instance/col_idx_3__mac_col_inst/key_q_reg_35_  ( M1 )
Bounds : ( 213.680, 198.835 ) ( 213.800, 199.100 )


SHORT: Special Wire of Net VDD & Blockage of Cell mac_array_instance/col_idx_3__mac_col_inst/key_q_reg_35_  ( M1 )
Bounds : ( 213.540, 198.940 ) ( 213.800, 199.100 )


SHORT: Special Wire of Net VDD & Blockage of Cell mac_array_instance/col_idx_3__mac_col_inst/key_q_reg_35_  ( M1 )
Bounds : ( 214.025, 198.980 ) ( 214.125, 199.165 )


SHORT: Special Wire of Net VDD & Blockage of Cell mac_array_instance/col_idx_3__mac_col_inst/key_q_reg_35_  ( M1 )
Bounds : ( 213.540, 198.980 ) ( 214.125, 199.100 )


SHORT: Special Wire of Net VDD & Blockage of Cell mac_array_instance/col_idx_3__mac_col_inst/key_q_reg_35_  ( M1 )
Bounds : ( 214.215, 198.995 ) ( 214.500, 199.120 )


SHORT: Special Wire of Net VDD & Pin of Cell mac_array_instance/col_idx_3__mac_col_inst/key_q_reg_35_  ( M1 )
Bounds : ( 213.045, 198.835 ) ( 213.155, 198.930 )


SHORT: Special Wire of Net VDD & Blockage of Cell mac_array_instance/col_idx_3__mac_col_inst/key_q_reg_35_  ( M1 )
Bounds : ( 213.080, 199.040 ) ( 213.180, 199.165 )


SHORT: Special Wire of Net VDD & Blockage of Cell mac_array_instance/col_idx_3__mac_col_inst/key_q_reg_35_  ( M1 )
Bounds : ( 213.080, 199.040 ) ( 213.420, 199.140 )


SHORT: Special Wire of Net VDD & Blockage of Cell mac_array_instance/col_idx_3__mac_col_inst/key_q_reg_35_  ( M1 )
Bounds : ( 213.320, 198.835 ) ( 213.420, 199.140 )


SPACING: Special Wire of Net VDD & Blockage of Cell mac_array_instance/col_idx_3__mac_col_inst/key_q_reg_35_  ( M1 )
Bounds : ( 214.125, 199.165 ) ( 214.665, 199.235 )
Actual:     0.07     Min:     0.11     Type: ParallelRun


SPACING: Special Wire of Net VDD & Pin of Cell mac_array_instance/col_idx_3__mac_col_inst/key_q_reg_35_  ( M1 )
Bounds : ( 213.760, 199.165 ) ( 213.935, 199.205 )
Actual:     0.04     Min:     0.09     Type: ParallelRun


SPACING: Special Wire of Net VDD & Pin of Cell FILLER_20318  ( M1 )
Bounds : ( 211.705, 199.000 ) ( 211.815, 199.070 )
Actual:     0.07     Min:     0.09     Type: ParallelRun


SHORT: Special Wire of Net VSS & Blockage of Cell FILLER_19999  ( M1 )
Bounds : ( 213.490, 197.000 ) ( 213.600, 197.220 )


SHORT: Special Wire of Net VSS & Blockage of Cell FILLER_19996  ( M1 )
Bounds : ( 211.965, 197.000 ) ( 212.130, 197.020 )


SHORT: Special Wire of Net VSS & Blockage of Cell FILLER_19997  ( M1 )
Bounds : ( 212.290, 197.000 ) ( 212.400, 197.220 )


SHORT: Special Wire of Net VSS & Blockage of Cell FILLER_19997  ( M1 )
Bounds : ( 212.575, 197.110 ) ( 212.685, 197.250 )


SHORT: Special Wire of Net VSS & Blockage of Cell FILLER_19997  ( M1 )
Bounds : ( 212.290, 197.110 ) ( 212.685, 197.220 )


SHORT: Special Wire of Net VSS & Blockage of Cell FILLER_19997  ( M1 )
Bounds : ( 212.565, 197.000 ) ( 212.730, 197.020 )


SHORT: Special Wire of Net VSS & Blockage of Cell FILLER_19998  ( M1 )
Bounds : ( 212.890, 197.000 ) ( 213.000, 197.220 )


SHORT: Special Wire of Net VSS & Blockage of Cell FILLER_19998  ( M1 )
Bounds : ( 213.175, 197.110 ) ( 213.285, 197.250 )


SHORT: Special Wire of Net VSS & Blockage of Cell FILLER_19998  ( M1 )
Bounds : ( 212.890, 197.110 ) ( 213.285, 197.220 )


SHORT: Special Wire of Net VSS & Blockage of Cell FILLER_19998  ( M1 )
Bounds : ( 213.165, 197.000 ) ( 213.330, 197.020 )


SHORT: Special Wire of Net VSS & Blockage of Cell FILLER_19996  ( M1 )
Bounds : ( 211.690, 197.000 ) ( 211.800, 197.220 )


SHORT: Special Wire of Net VDD & Blockage of Cell mac_array_instance/col_idx_3__mac_col_inst/key_q_reg_35_  ( M1 )
Bounds : ( 214.335, 198.285 ) ( 214.665, 198.395 )


SHORT: Special Wire of Net VDD & Blockage of Cell mac_array_instance/col_idx_3__mac_col_inst/key_q_reg_35_  ( M1 )
Bounds : ( 214.335, 198.075 ) ( 214.665, 198.170 )


SHORT: Special Wire of Net VSS & Blockage of Cell FILLER_19996  ( M1 )
Bounds : ( 211.690, 197.110 ) ( 212.085, 197.220 )


SHORT: Special Wire of Net VSS & Blockage of Cell FILLER_19996  ( M1 )
Bounds : ( 211.975, 197.110 ) ( 212.085, 197.250 )


SHORT: Special Wire of Net VSS & Blockage of Cell FILLER_19999  ( M1 )
Bounds : ( 213.765, 197.000 ) ( 213.930, 197.020 )


SHORT: Special Wire of Net VSS & Blockage of Cell FILLER_19999  ( M1 )
Bounds : ( 213.490, 197.110 ) ( 213.885, 197.220 )


SHORT: Special Wire of Net VSS & Blockage of Cell FILLER_19999  ( M1 )
Bounds : ( 213.775, 197.110 ) ( 213.885, 197.250 )


SPACING: Special Wire of Net VSS & Pin of Cell FILLER_19998  ( M1 )
Bounds : ( 212.915, 197.250 ) ( 213.025, 197.330 )
Actual:     0.08     Min:     0.09     Type: ParallelRun


SPACING: Special Wire of Net VSS & Pin of Cell FILLER_19997  ( M1 )
Bounds : ( 212.315, 197.250 ) ( 212.425, 197.330 )
Actual:     0.08     Min:     0.09     Type: ParallelRun


SPACING: Special Wire of Net VSS & Pin of Cell FILLER_19999  ( M1 )
Bounds : ( 213.515, 197.250 ) ( 213.625, 197.330 )
Actual:     0.08     Min:     0.09     Type: ParallelRun


SPACING: Special Wire of Net VSS & Pin of Cell FILLER_20156  ( M1 )
Bounds : ( 211.715, 197.250 ) ( 211.825, 197.330 )
Actual:     0.08     Min:     0.09     Type: ParallelRun


SPACING: Special Wire of Net VDD & Pin of Cell mac_array_instance/col_idx_3__mac_col_inst/key_q_reg_35_  ( M1 )
Bounds : ( 214.260, 198.680 ) ( 214.335, 198.835 )
Actual:     0.075     Min:     0.09     Type: ParallelRun 


SHORT: Special Wire of Net VDD & Blockage of Cell FILLER_20156  ( M1 )
Bounds : ( 211.965, 198.750 ) ( 212.075, 199.000 )


SHORT: Special Wire of Net VDD & Blockage of Cell FILLER_20156  ( M1 )
Bounds : ( 211.690, 198.750 ) ( 211.800, 198.980 )


SHORT: Special Via of Net VDD & Pin of Cell mac_array_instance/col_idx_3__mac_col_inst/key_q_reg_35_  ( M1 )
Bounds : ( 213.045, 198.750 ) ( 213.050, 198.930 )


SHORT: Special Wire of Net VDD & Blockage of Cell mac_array_instance/col_idx_3__mac_col_inst/key_q_reg_35_  ( M1 )
Bounds : ( 214.600, 198.680 ) ( 214.665, 199.125 )


SHORT: Special Wire of Net VDD & Blockage of Cell mac_array_instance/col_idx_3__mac_col_inst/key_q_reg_35_  ( M1 )
Bounds : ( 214.390, 198.285 ) ( 214.500, 199.120 )


SHORT: Special Wire of Net VDD & Blockage of Cell FILLER_20156  ( M1 )
Bounds : ( 211.965, 198.750 ) ( 212.130, 198.790 )


SHORT: Regular Via of Net mac_array_instance/col_idx_2__mac_col_inst/mac_16in_instance/n184 & Blockage of Cell mac_array_instance/col_idx_2__mac_col_inst/mac_16in_instance/FE_RC_4973_0  ( M1 )
Bounds : ( 218.850, 182.310 ) ( 218.950, 182.490 )


SHORT: Special Via of Net VSS & Blockage of Cell kmem_instance  ( M4 )
Bounds : ( 109.000, 230.700 ) ( 110.000, 233.700 )


SHORT: Special Via of Net VSS & Blockage of Cell kmem_instance  ( M4 )
Bounds : ( 148.000, 230.700 ) ( 149.000, 233.700 )


SHORT: Special Via of Net VSS & Blockage of Cell kmem_instance  ( M4 )
Bounds : ( 109.000, 270.840 ) ( 110.000, 273.840 )


SHORT: Special Via of Net VSS & Blockage of Cell kmem_instance  ( M4 )
Bounds : ( 148.000, 270.840 ) ( 149.000, 273.840 )


SHORT: Special Via of Net VDD & Blockage of Cell kmem_instance  ( M4 )
Bounds : ( 111.000, 235.700 ) ( 112.000, 238.700 )


SHORT: Special Via of Net VDD & Blockage of Cell kmem_instance  ( M4 )
Bounds : ( 150.000, 235.700 ) ( 151.000, 238.700 )


SHORT: Special Via of Net VDD & Blockage of Cell kmem_instance  ( M4 )
Bounds : ( 111.000, 275.840 ) ( 112.000, 278.840 )


SHORT: Special Via of Net VDD & Blockage of Cell kmem_instance  ( M4 )
Bounds : ( 150.000, 275.840 ) ( 151.000, 278.840 )


SHORT: Special Via of Net VSS & Blockage of Cell kmem_instance  ( M4 )
Bounds : ( 70.000, 270.840 ) ( 71.000, 273.840 )


SHORT: Special Via of Net VDD & Blockage of Cell kmem_instance  ( M4 )
Bounds : ( 72.000, 275.840 ) ( 73.000, 278.840 )


SHORT: Special Via of Net VSS & Blockage of Cell kmem_instance  ( M4 )
Bounds : ( 70.000, 230.700 ) ( 71.000, 233.700 )


SHORT: Special Via of Net VDD & Blockage of Cell kmem_instance  ( M4 )
Bounds : ( 72.000, 235.700 ) ( 73.000, 238.700 )


SHORT: Special Via of Net VSS & Blockage of Cell kmem_instance  ( M4 )
Bounds : ( 148.375, 201.000 ) ( 148.625, 202.000 )


SHORT: Regular Via of Net mac_array_instance/col_idx_1__mac_col_inst/mac_16in_instance/n243 & Blockage of Cell mac_array_instance/col_idx_1__mac_col_inst/mac_16in_instance/FE_RC_5352_0  ( M1 )
Bounds : ( 116.650, 164.110 ) ( 116.750, 164.530 )


SHORT: Regular Via of Net mac_array_instance/col_idx_1__mac_col_inst/mac_16in_instance/n310 & Blockage of Cell mac_array_instance/col_idx_1__mac_col_inst/mac_16in_instance/FE_RC_724_0  ( M1 )
Bounds : ( 110.810, 177.400 ) ( 110.990, 177.500 )


SHORT: Regular Via of Net sfp_instance/n378 & Blockage of Cell sfp_instance/U463  ( M1 )
Bounds : ( 272.610, 45.305 ) ( 272.790, 45.405 )


SHORT: Regular Via of Net sfp_instance/n1786 & Blockage of Cell sfp_instance/FE_RC_2643_0  ( M1 )
Bounds : ( 254.810, 44.200 ) ( 254.990, 44.300 )



Begin Summary ...
  Cells       : 0
  SameNet     : 24
  Wiring      : 10
  Antenna     : 0
  Short       : 133
  Overlap     : 0
End Summary

  Total Violations : 167 Viols.
