###############################################################
#  Generated by:      Cadence Innovus 15.23-s045_1
#  OS:                Linux x86_64(Host ID ieng6-ece-04.ucsd.edu)
#  Generated on:      Fri Mar 14 19:03:35 2025
#  Design:            core
#  Command:           verifyConnectivity -type special
###############################################################
Verify Connectivity Report is created on Fri Mar 14 19:03:35 2025



Net mem_in[63]: no routing
Net mem_in[62]: no routing
Net mem_in[61]: no routing
Net mem_in[60]: no routing
Net mem_in[59]: no routing
Net mem_in[58]: no routing
Net mem_in[57]: no routing
Net mem_in[56]: no routing
Net mem_in[55]: no routing
Net mem_in[54]: no routing
Net mem_in[53]: no routing
Net mem_in[52]: no routing
Net mem_in[51]: no routing
Net mem_in[50]: no routing
Net mem_in[49]: no routing
Net mem_in[48]: no routing
Net mem_in[47]: no routing
Net mem_in[46]: no routing
Net mem_in[45]: no routing
Net mem_in[44]: no routing
Net mem_in[43]: no routing
Net mem_in[42]: no routing
Net mem_in[41]: no routing
Net mem_in[40]: no routing
Net mem_in[39]: no routing
Net mem_in[38]: no routing
Net mem_in[37]: no routing
Net mem_in[36]: no routing
Net mem_in[35]: no routing
Net mem_in[34]: no routing
Net mem_in[33]: no routing
Net mem_in[32]: no routing
Net mem_in[31]: no routing
Net mem_in[30]: no routing
Net mem_in[29]: no routing
Net mem_in[28]: no routing
Net mem_in[27]: no routing
Net mem_in[26]: no routing
Net mem_in[25]: no routing
Net mem_in[24]: no routing
Net mem_in[23]: no routing
Net mem_in[22]: no routing
Net mem_in[21]: no routing
Net mem_in[20]: no routing
Net mem_in[19]: no routing
Net mem_in[18]: no routing
Net mem_in[17]: no routing
Net mem_in[16]: no routing
Net mem_in[15]: no routing
Net mem_in[14]: no routing
Net mem_in[13]: no routing
Net mem_in[12]: no routing
Net mem_in[11]: no routing
Net mem_in[10]: no routing
Net mem_in[9]: no routing
Net mem_in[8]: no routing
Net mem_in[7]: no routing
Net mem_in[6]: no routing
Net mem_in[5]: no routing
Net mem_in[4]: no routing
Net mem_in[3]: no routing
Net mem_in[2]: no routing
Net mem_in[1]: no routing
Net mem_in[0]: no routing
Net inst[14]: no routing
Net inst[13]: no routing
Net inst[12]: no routing
Net clk: no routing
Net VSS: dangling Wire at (45.000, 559.600) (45.000, 559.600) on layer: M1
Net VSS: dangling Wire at (47.000, 538.000) (47.000, 538.000) on layer: M1
Net VSS: dangling Wire at (47.000, 541.600) (47.000, 541.600) on layer: M1
Net VSS: dangling Wire at (47.000, 545.200) (47.000, 545.200) on layer: M1
Net VSS: dangling Wire at (47.000, 548.800) (47.000, 548.800) on layer: M1
Net VSS: dangling Wire at (47.000, 552.400) (47.000, 552.400) on layer: M1
Net VSS: dangling Wire at (47.000, 556.000) (47.000, 556.000) on layer: M1
Net VSS: dangling Wire at (47.000, 520.000) (47.000, 520.000) on layer: M1
Net VSS: dangling Wire at (47.000, 523.600) (47.000, 523.600) on layer: M1
Net VSS: dangling Wire at (47.000, 527.200) (47.000, 527.200) on layer: M1
Net VSS: dangling Wire at (47.000, 530.800) (47.000, 530.800) on layer: M1
Net VSS: dangling Wire at (47.000, 534.400) (47.000, 534.400) on layer: M1
Net VSS: dangling Wire at (47.000, 516.400) (47.000, 516.400) on layer: M1
Net VSS: dangling Wire at (47.000, 512.800) (47.000, 512.800) on layer: M1
Net VSS: dangling Wire at (47.000, 509.200) (47.000, 509.200) on layer: M1
Net VSS: dangling Wire at (47.000, 505.600) (47.000, 505.600) on layer: M1
Net VSS: dangling Wire at (47.000, 502.000) (47.000, 502.000) on layer: M1
Net VSS: dangling Wire at (47.000, 498.400) (47.000, 498.400) on layer: M1
Net VSS: dangling Wire at (47.000, 494.800) (47.000, 494.800) on layer: M1
Net VSS: dangling Wire at (47.000, 491.200) (47.000, 491.200) on layer: M1
Net VSS: dangling Wire at (47.000, 487.600) (47.000, 487.600) on layer: M1
Net VSS: dangling Wire at (47.000, 484.000) (47.000, 484.000) on layer: M1
Net VSS: dangling Wire at (47.000, 480.400) (47.000, 480.400) on layer: M1
Net VSS: dangling Wire at (47.000, 462.400) (47.000, 462.400) on layer: M1
Net VSS: dangling Wire at (47.000, 466.000) (47.000, 466.000) on layer: M1
Net VSS: dangling Wire at (47.000, 469.600) (47.000, 469.600) on layer: M1
Net VSS: dangling Wire at (47.000, 473.200) (47.000, 473.200) on layer: M1
Net VSS: dangling Wire at (47.000, 476.800) (47.000, 476.800) on layer: M1
Net VSS: dangling Wire at (47.000, 444.400) (47.000, 444.400) on layer: M1
Net VSS: dangling Wire at (47.000, 448.000) (47.000, 448.000) on layer: M1
Net VSS: dangling Wire at (47.000, 451.600) (47.000, 451.600) on layer: M1
Net VSS: dangling Wire at (47.000, 455.200) (47.000, 455.200) on layer: M1
Net VSS: dangling Wire at (47.000, 458.800) (47.000, 458.800) on layer: M1
Net VSS: dangling Wire at (47.000, 440.800) (47.000, 440.800) on layer: M1
Net VSS: dangling Wire at (47.000, 437.200) (47.000, 437.200) on layer: M1
Net VSS: dangling Wire at (47.000, 433.600) (47.000, 433.600) on layer: M1
Net VSS: dangling Wire at (47.000, 430.000) (47.000, 430.000) on layer: M1
Net VSS: dangling Wire at (47.000, 426.400) (47.000, 426.400) on layer: M1
Net VSS: dangling Wire at (47.000, 422.800) (47.000, 422.800) on layer: M1
Net VSS: dangling Wire at (47.000, 404.800) (47.000, 404.800) on layer: M1
Net VSS: dangling Wire at (47.000, 408.400) (47.000, 408.400) on layer: M1
Net VSS: dangling Wire at (47.000, 412.000) (47.000, 412.000) on layer: M1
Net VSS: dangling Wire at (47.000, 415.600) (47.000, 415.600) on layer: M1
Net VSS: dangling Wire at (47.000, 419.200) (47.000, 419.200) on layer: M1
Net VSS: dangling Wire at (45.000, 397.600) (45.000, 397.600) on layer: M1
Net VSS: dangling Wire at (47.000, 401.200) (47.000, 401.200) on layer: M1
Net VSS: dangling Wire at (44.700, 361.600) (44.700, 361.600) on layer: M1
Net VSS: dangling Wire at (47.000, 358.000) (47.000, 358.000) on layer: M1
Net VSS: dangling Wire at (47.000, 354.400) (47.000, 354.400) on layer: M1
Net VSS: dangling Wire at (47.000, 350.800) (47.000, 350.800) on layer: M1
Net VSS: dangling Wire at (47.000, 347.200) (47.000, 347.200) on layer: M1
Net VSS: dangling Wire at (47.000, 329.200) (47.000, 329.200) on layer: M1
Net VSS: dangling Wire at (47.000, 332.800) (47.000, 332.800) on layer: M1
Net VSS: dangling Wire at (47.000, 336.400) (47.000, 336.400) on layer: M1
Net VSS: dangling Wire at (47.000, 340.000) (47.000, 340.000) on layer: M1
Net VSS: dangling Wire at (47.000, 343.600) (47.000, 343.600) on layer: M1
Net VSS: dangling Wire at (47.000, 325.600) (47.000, 325.600) on layer: M1
Net VSS: dangling Wire at (47.000, 322.000) (47.000, 322.000) on layer: M1
Net VSS: dangling Wire at (47.000, 318.400) (47.000, 318.400) on layer: M1
Net VSS: dangling Wire at (47.000, 314.800) (47.000, 314.800) on layer: M1
Net VSS: dangling Wire at (47.000, 311.200) (47.000, 311.200) on layer: M1
Net VSS: dangling Wire at (47.000, 307.600) (47.000, 307.600) on layer: M1
Net VSS: dangling Wire at (214.800, 538.000) (214.800, 538.000) on layer: M1
Net VSS: dangling Wire at (214.800, 541.600) (214.800, 541.600) on layer: M1
Net VSS: dangling Wire at (214.800, 545.200) (214.800, 545.200) on layer: M1
Net VSS: dangling Wire at (214.800, 548.800) (214.800, 548.800) on layer: M1
Net VSS: dangling Wire at (214.800, 552.400) (214.800, 552.400) on layer: M1
Net VSS: dangling Wire at (214.800, 556.000) (214.800, 556.000) on layer: M1
Net VSS: dangling Wire at (216.800, 559.600) (216.800, 559.600) on layer: M1
Net VSS: dangling Wire at (214.800, 523.600) (214.800, 523.600) on layer: M1
Net VSS: dangling Wire at (214.800, 527.200) (214.800, 527.200) on layer: M1
Net VSS: dangling Wire at (214.800, 530.800) (214.800, 530.800) on layer: M1
Net VSS: dangling Wire at (214.800, 534.400) (214.800, 534.400) on layer: M1
Net VSS: dangling Wire at (214.800, 520.000) (214.800, 520.000) on layer: M1
Net VSS: dangling Wire at (214.800, 516.400) (214.800, 516.400) on layer: M1
Net VSS: dangling Wire at (214.800, 512.800) (214.800, 512.800) on layer: M1
Net VSS: dangling Wire at (214.800, 509.200) (214.800, 509.200) on layer: M1
Net VSS: dangling Wire at (214.800, 505.600) (214.800, 505.600) on layer: M1
Net VSS: dangling Wire at (214.800, 502.000) (214.800, 502.000) on layer: M1
Net VSS: dangling Wire at (214.800, 498.400) (214.800, 498.400) on layer: M1
Net VSS: dangling Wire at (214.800, 494.800) (214.800, 494.800) on layer: M1
Net VSS: dangling Wire at (214.800, 491.200) (214.800, 491.200) on layer: M1
Net VSS: dangling Wire at (214.800, 487.600) (214.800, 487.600) on layer: M1
Net VSS: dangling Wire at (214.800, 484.000) (214.800, 484.000) on layer: M1
Net VSS: dangling Wire at (214.800, 480.400) (214.800, 480.400) on layer: M1
Net VSS: dangling Wire at (214.800, 476.800) (214.800, 476.800) on layer: M1
Net VSS: dangling Wire at (214.800, 473.200) (214.800, 473.200) on layer: M1
Net VSS: dangling Wire at (214.800, 469.600) (214.800, 469.600) on layer: M1
Net VSS: dangling Wire at (214.800, 466.000) (214.800, 466.000) on layer: M1
Net VSS: dangling Wire at (214.800, 462.400) (214.800, 462.400) on layer: M1
Net VSS: dangling Wire at (214.800, 451.600) (214.800, 451.600) on layer: M1
Net VSS: dangling Wire at (214.800, 455.200) (214.800, 455.200) on layer: M1
Net VSS: dangling Wire at (214.800, 458.800) (214.800, 458.800) on layer: M1
Net VSS: dangling Wire at (214.800, 448.000) (214.800, 448.000) on layer: M1
Net VSS: dangling Wire at (214.800, 444.400) (214.800, 444.400) on layer: M1
Net VSS: dangling Wire at (214.800, 440.800) (214.800, 440.800) on layer: M1
Net VSS: dangling Wire at (214.800, 437.200) (214.800, 437.200) on layer: M1
Net VSS: dangling Wire at (214.800, 433.600) (214.800, 433.600) on layer: M1
Net VSS: dangling Wire at (214.800, 430.000) (214.800, 430.000) on layer: M1
Net VSS: dangling Wire at (214.800, 426.400) (214.800, 426.400) on layer: M1
Net VSS: dangling Wire at (214.800, 422.800) (214.800, 422.800) on layer: M1
Net VSS: dangling Wire at (216.800, 397.600) (216.800, 397.600) on layer: M1
Net VSS: dangling Wire at (214.800, 419.200) (214.800, 419.200) on layer: M1
Net VSS: dangling Wire at (214.800, 415.600) (214.800, 415.600) on layer: M1
Net VSS: dangling Wire at (214.800, 412.000) (214.800, 412.000) on layer: M1
Net VSS: dangling Wire at (214.800, 408.400) (214.800, 408.400) on layer: M1
Net VSS: dangling Wire at (214.800, 404.800) (214.800, 404.800) on layer: M1
Net VSS: dangling Wire at (214.800, 401.200) (214.800, 401.200) on layer: M1
Net VSS: dangling Wire at (214.800, 347.200) (214.800, 347.200) on layer: M1
Net VSS: dangling Wire at (214.800, 350.800) (214.800, 350.800) on layer: M1
Net VSS: dangling Wire at (216.800, 361.600) (216.800, 361.600) on layer: M1
Net VSS: dangling Wire at (214.800, 358.000) (214.800, 358.000) on layer: M1
Net VSS: dangling Wire at (214.800, 354.400) (214.800, 354.400) on layer: M1
Net VSS: dangling Wire at (214.800, 340.000) (214.800, 340.000) on layer: M1
Net VSS: dangling Wire at (214.800, 343.600) (214.800, 343.600) on layer: M1
Net VSS: dangling Wire at (214.800, 336.400) (214.800, 336.400) on layer: M1
Net VSS: dangling Wire at (214.800, 332.800) (214.800, 332.800) on layer: M1
Net VSS: dangling Wire at (214.800, 329.200) (214.800, 329.200) on layer: M1
Net VSS: dangling Wire at (214.800, 325.600) (214.800, 325.600) on layer: M1
Net VSS: dangling Wire at (214.800, 322.000) (214.800, 322.000) on layer: M1
Net VSS: dangling Wire at (214.800, 318.400) (214.800, 318.400) on layer: M1
Net VSS: dangling Wire at (214.800, 314.800) (214.800, 314.800) on layer: M1
Net VSS: dangling Wire at (214.800, 311.200) (214.800, 311.200) on layer: M1
Net VSS: dangling Wire at (214.800, 307.600) (214.800, 307.600) on layer: M1
Net VSS: dangling Wire at (516.800, 185.200) (516.800, 185.200) on layer: M1
Net VSS: dangling Wire at (514.800, 181.600) (514.800, 181.600) on layer: M1
Net VSS: dangling Wire at (514.800, 178.000) (514.800, 178.000) on layer: M1
Net VSS: dangling Wire at (514.800, 174.400) (514.800, 174.400) on layer: M1
Net VSS: dangling Wire at (514.800, 170.800) (514.800, 170.800) on layer: M1
Net VSS: dangling Wire at (514.800, 167.200) (514.800, 167.200) on layer: M1
Net VSS: dangling Wire at (514.800, 163.600) (514.800, 163.600) on layer: M1
Net VSS: dangling Wire at (514.800, 160.000) (514.800, 160.000) on layer: M1
Net VSS: dangling Wire at (514.800, 156.400) (514.800, 156.400) on layer: M1
Net VSS: dangling Wire at (514.800, 116.800) (514.800, 116.800) on layer: M1
Net VSS: dangling Wire at (514.800, 152.800) (514.800, 152.800) on layer: M1
Net VSS: dangling Wire at (514.800, 149.200) (514.800, 149.200) on layer: M1
Net VSS: dangling Wire at (514.800, 145.600) (514.800, 145.600) on layer: M1
Net VSS: dangling Wire at (514.800, 142.000) (514.800, 142.000) on layer: M1
Net VSS: dangling Wire at (514.800, 138.400) (514.800, 138.400) on layer: M1
Net VSS: dangling Wire at (514.800, 134.800) (514.800, 134.800) on layer: M1
Net VSS: dangling Wire at (514.800, 131.200) (514.800, 131.200) on layer: M1
Net VSS: dangling Wire at (514.800, 127.600) (514.800, 127.600) on layer: M1
Net VSS: dangling Wire at (514.800, 124.000) (514.800, 124.000) on layer: M1
Net VSS: dangling Wire at (514.800, 120.400) (514.800, 120.400) on layer: M1
Net VSS: dangling Wire at (514.800, 88.000) (514.800, 88.000) on layer: M1
Net VSS: dangling Wire at (514.800, 91.600) (514.800, 91.600) on layer: M1
Net VSS: dangling Wire at (514.800, 95.200) (514.800, 95.200) on layer: M1
Net VSS: dangling Wire at (514.800, 98.800) (514.800, 98.800) on layer: M1
Net VSS: dangling Wire at (514.800, 102.400) (514.800, 102.400) on layer: M1
Net VSS: dangling Wire at (514.800, 106.000) (514.800, 106.000) on layer: M1
Net VSS: dangling Wire at (514.800, 109.600) (514.800, 109.600) on layer: M1
Net VSS: dangling Wire at (514.800, 113.200) (514.800, 113.200) on layer: M1
Net VSS: dangling Wire at (514.800, 84.400) (514.800, 84.400) on layer: M1
Net VSS: dangling Wire at (514.800, 80.800) (514.800, 80.800) on layer: M1
Net VSS: dangling Wire at (514.800, 77.200) (514.800, 77.200) on layer: M1
Net VSS: dangling Wire at (514.800, 73.600) (514.800, 73.600) on layer: M1
Net VSS: dangling Wire at (514.800, 70.000) (514.800, 70.000) on layer: M1
Net VSS: dangling Wire at (514.800, 66.400) (514.800, 66.400) on layer: M1
Net VSS: dangling Wire at (514.800, 62.800) (514.800, 62.800) on layer: M1
Net VSS: dangling Wire at (514.800, 59.200) (514.800, 59.200) on layer: M1
Net VSS: dangling Wire at (514.800, 55.600) (514.800, 55.600) on layer: M1
Net VSS: dangling Wire at (514.800, 52.000) (514.800, 52.000) on layer: M1
Net VSS: dangling Wire at (514.800, 48.400) (514.800, 48.400) on layer: M1
Net VSS: dangling Wire at (514.800, 44.800) (514.800, 44.800) on layer: M1
Net VSS: dangling Wire at (514.800, 41.200) (514.800, 41.200) on layer: M1
Net VSS: dangling Wire at (514.800, 37.600) (514.800, 37.600) on layer: M1
Net VSS: dangling Wire at (514.800, 34.000) (514.800, 34.000) on layer: M1
Net VSS: dangling Wire at (514.800, 30.400) (514.800, 30.400) on layer: M1
Net VSS: dangling Wire at (514.800, 26.800) (514.800, 26.800) on layer: M1
Net VSS: dangling Wire at (47.000, 289.600) (47.000, 289.600) on layer: M1
Net VSS: dangling Wire at (47.000, 293.200) (47.000, 293.200) on layer: M1
Net VSS: dangling Wire at (47.000, 296.800) (47.000, 296.800) on layer: M1
Net VSS: dangling Wire at (47.000, 300.400) (47.000, 300.400) on layer: M1
Net VSS: dangling Wire at (47.000, 304.000) (47.000, 304.000) on layer: M1
Net VSS: dangling Wire at (47.000, 271.600) (47.000, 271.600) on layer: M1
Net VSS: dangling Wire at (47.000, 275.200) (47.000, 275.200) on layer: M1
Net VSS: dangling Wire at (47.000, 286.000) (47.000, 286.000) on layer: M1
Net VSS: dangling Wire at (47.000, 282.400) (47.000, 282.400) on layer: M1
Net VSS: dangling Wire at (47.000, 278.800) (47.000, 278.800) on layer: M1
Net VSS: dangling Wire at (47.000, 253.600) (47.000, 253.600) on layer: M1
Net VSS: dangling Wire at (47.000, 257.200) (47.000, 257.200) on layer: M1
Net VSS: dangling Wire at (47.000, 260.800) (47.000, 260.800) on layer: M1
Net VSS: dangling Wire at (47.000, 264.400) (47.000, 264.400) on layer: M1
Net VSS: dangling Wire at (47.000, 268.000) (47.000, 268.000) on layer: M1
Net VSS: dangling Wire at (47.000, 250.000) (47.000, 250.000) on layer: M1
Net VSS: dangling Wire at (47.000, 246.400) (47.000, 246.400) on layer: M1
Net VSS: dangling Wire at (47.000, 242.800) (47.000, 242.800) on layer: M1
Net VSS: dangling Wire at (47.000, 239.200) (47.000, 239.200) on layer: M1
Net VSS: dangling Wire at (47.000, 235.600) (47.000, 235.600) on layer: M1
Net VSS: dangling Wire at (47.000, 232.000) (47.000, 232.000) on layer: M1
Net VSS: dangling Wire at (47.000, 214.000) (47.000, 214.000) on layer: M1
Net VSS: dangling Wire at (47.000, 217.600) (47.000, 217.600) on layer: M1
Net VSS: dangling Wire at (47.000, 221.200) (47.000, 221.200) on layer: M1
Net VSS: dangling Wire at (47.000, 224.800) (47.000, 224.800) on layer: M1
Net VSS: dangling Wire at (47.000, 228.400) (47.000, 228.400) on layer: M1
Net VSS: dangling Wire at (47.000, 206.800) (47.000, 206.800) on layer: M1
Net VSS: dangling Wire at (47.000, 210.400) (47.000, 210.400) on layer: M1
Net VSS: dangling Wire at (44.700, 196.000) (44.700, 196.000) on layer: M1
Net VSS: dangling Wire at (47.000, 203.200) (47.000, 203.200) on layer: M1
Net VSS: dangling Wire at (47.000, 199.600) (47.000, 199.600) on layer: M1
Net VSS: dangling Wire at (214.800, 293.200) (214.800, 293.200) on layer: M1
Net VSS: dangling Wire at (214.800, 296.800) (214.800, 296.800) on layer: M1
Net VSS: dangling Wire at (214.800, 300.400) (214.800, 300.400) on layer: M1
Net VSS: dangling Wire at (214.800, 304.000) (214.800, 304.000) on layer: M1
Net VSS: dangling Wire at (214.800, 289.600) (214.800, 289.600) on layer: M1
Net VSS: dangling Wire at (214.800, 286.000) (214.800, 286.000) on layer: M1
Net VSS: dangling Wire at (214.800, 282.400) (214.800, 282.400) on layer: M1
Net VSS: dangling Wire at (214.800, 278.800) (214.800, 278.800) on layer: M1
Net VSS: dangling Wire at (214.800, 275.200) (214.800, 275.200) on layer: M1
Net VSS: dangling Wire at (214.800, 271.600) (214.800, 271.600) on layer: M1
Net VSS: dangling Wire at (214.800, 268.000) (214.800, 268.000) on layer: M1
Net VSS: dangling Wire at (214.800, 264.400) (214.800, 264.400) on layer: M1
Net VSS: dangling Wire at (214.800, 260.800) (214.800, 260.800) on layer: M1
Net VSS: dangling Wire at (214.800, 257.200) (214.800, 257.200) on layer: M1
Net VSS: dangling Wire at (214.800, 253.600) (214.800, 253.600) on layer: M1
Net VSS: dangling Wire at (214.800, 250.000) (214.800, 250.000) on layer: M1
Net VSS: dangling Wire at (214.800, 246.400) (214.800, 246.400) on layer: M1
Net VSS: dangling Wire at (214.800, 242.800) (214.800, 242.800) on layer: M1
Net VSS: dangling Wire at (214.800, 239.200) (214.800, 239.200) on layer: M1
Net VSS: dangling Wire at (214.800, 235.600) (214.800, 235.600) on layer: M1
Net VSS: dangling Wire at (214.800, 232.000) (214.800, 232.000) on layer: M1
Net VSS: dangling Wire at (214.800, 217.600) (214.800, 217.600) on layer: M1
Net VSS: dangling Wire at (214.800, 221.200) (214.800, 221.200) on layer: M1
Net VSS: dangling Wire at (214.800, 224.800) (214.800, 224.800) on layer: M1
Net VSS: dangling Wire at (214.800, 228.400) (214.800, 228.400) on layer: M1
Net VSS: dangling Wire at (214.800, 214.000) (214.800, 214.000) on layer: M1
Net VSS: dangling Wire at (214.800, 210.400) (214.800, 210.400) on layer: M1
Net VSS: dangling Wire at (214.800, 206.800) (214.800, 206.800) on layer: M1
Net VSS: dangling Wire at (214.800, 203.200) (214.800, 203.200) on layer: M1
Net VSS: dangling Wire at (214.800, 199.600) (214.800, 199.600) on layer: M1
Net VSS: dangling Wire at (216.800, 196.000) (216.800, 196.000) on layer: M1
Net VSS: dangling Wire at (345.000, 185.200) (345.000, 185.200) on layer: M1
Net VSS: dangling Wire at (347.000, 181.600) (347.000, 181.600) on layer: M1
Net VSS: dangling Wire at (347.000, 178.000) (347.000, 178.000) on layer: M1
Net VSS: dangling Wire at (347.000, 174.400) (347.000, 174.400) on layer: M1
Net VSS: dangling Wire at (347.000, 170.800) (347.000, 170.800) on layer: M1
Net VSS: dangling Wire at (347.000, 167.200) (347.000, 167.200) on layer: M1
Net VSS: dangling Wire at (347.000, 163.600) (347.000, 163.600) on layer: M1
Net VSS: dangling Wire at (347.000, 160.000) (347.000, 160.000) on layer: M1
Net VSS: dangling Wire at (347.000, 156.400) (347.000, 156.400) on layer: M1
Net VSS: dangling Wire at (347.000, 131.200) (347.000, 131.200) on layer: M1
Net VSS: dangling Wire at (347.000, 134.800) (347.000, 134.800) on layer: M1
Net VSS: dangling Wire at (347.000, 138.400) (347.000, 138.400) on layer: M1
Net VSS: dangling Wire at (347.000, 142.000) (347.000, 142.000) on layer: M1
Net VSS: dangling Wire at (347.000, 145.600) (347.000, 145.600) on layer: M1
Net VSS: dangling Wire at (347.000, 149.200) (347.000, 149.200) on layer: M1
Net VSS: dangling Wire at (347.000, 152.800) (347.000, 152.800) on layer: M1
Net VSS: dangling Wire at (347.000, 127.600) (347.000, 127.600) on layer: M1
Net VSS: dangling Wire at (347.000, 124.000) (347.000, 124.000) on layer: M1
Net VSS: dangling Wire at (347.000, 120.400) (347.000, 120.400) on layer: M1
Net VSS: dangling Wire at (347.000, 116.800) (347.000, 116.800) on layer: M1
Net VSS: dangling Wire at (347.000, 113.200) (347.000, 113.200) on layer: M1
Net VSS: dangling Wire at (347.000, 109.600) (347.000, 109.600) on layer: M1
Net VSS: dangling Wire at (347.000, 106.000) (347.000, 106.000) on layer: M1
Net VSS: dangling Wire at (347.000, 102.400) (347.000, 102.400) on layer: M1
Net VSS: dangling Wire at (347.000, 98.800) (347.000, 98.800) on layer: M1
Net VSS: dangling Wire at (347.000, 95.200) (347.000, 95.200) on layer: M1
Net VSS: dangling Wire at (347.000, 91.600) (347.000, 91.600) on layer: M1
Net VSS: dangling Wire at (347.000, 88.000) (347.000, 88.000) on layer: M1
Net VSS: dangling Wire at (347.000, 84.400) (347.000, 84.400) on layer: M1
Net VSS: dangling Wire at (347.000, 80.800) (347.000, 80.800) on layer: M1
Net VSS: dangling Wire at (347.000, 77.200) (347.000, 77.200) on layer: M1
Net VSS: dangling Wire at (347.000, 41.200) (347.000, 41.200) on layer: M1
Net VSS: dangling Wire at (347.000, 44.800) (347.000, 44.800) on layer: M1
Net VSS: dangling Wire at (347.000, 48.400) (347.000, 48.400) on layer: M1
Net VSS: dangling Wire at (347.000, 52.000) (347.000, 52.000) on layer: M1
Net VSS: dangling Wire at (347.000, 55.600) (347.000, 55.600) on layer: M1
Net VSS: dangling Wire at (347.000, 59.200) (347.000, 59.200) on layer: M1
Net VSS: dangling Wire at (347.000, 62.800) (347.000, 62.800) on layer: M1
Net VSS: dangling Wire at (347.000, 66.400) (347.000, 66.400) on layer: M1
Net VSS: dangling Wire at (347.000, 70.000) (347.000, 70.000) on layer: M1
Net VSS: dangling Wire at (347.000, 73.600) (347.000, 73.600) on layer: M1
Net VSS: dangling Wire at (347.000, 37.600) (347.000, 37.600) on layer: M1
Net VSS: dangling Wire at (347.000, 34.000) (347.000, 34.000) on layer: M1
Net VSS: dangling Wire at (347.000, 30.400) (347.000, 30.400) on layer: M1
Net VSS: dangling Wire at (347.000, 26.800) (347.000, 26.800) on layer: M1

Begin Summary
    68 Problem(s) (IMPVFC-98): Net has no global routing and no special routing.
    276 Problem(s) (IMPVFC-94): The net has dangling wire(s).
    344 total info(s) created.
End Summary
