###############################################################
#  Generated by:      Cadence Innovus 15.23-s045_1
#  OS:                Linux x86_64(Host ID ieng6-ece-04.ucsd.edu)
#  Generated on:      Sat Mar 15 20:13:17 2025
#  Design:            core
#  Command:           report_timing -max_paths 5 > ${design}.post_route.timing.rpt
###############################################################
Path 1: VIOLATED Setup Check with Pin psum_mem_instance/CLK 
Endpoint:   psum_mem_instance/D[14]                          (v) checked with  
leading edge of 'clk'
Beginpoint: ofifo_inst/col_idx_0__fifo_instance/q2_reg_14_/Q (v) triggered by  
leading edge of 'clk'
Path Groups: {clk}
Analysis View: WC_VIEW
Other End Arrival Time          0.118
- Setup                        -0.093
+ Phase Shift                   1.000
+ CPPR Adjustment               0.000
= Required Time                 1.211
- Arrival Time                  2.161
= Slack Time                   -0.950
     Clock Rise Edge                 0.000
     + Clock Network Latency (Prop)  1.588
     = Beginpoint Arrival Time       1.588
     +-----------------------------------------------------------------------------------------------------------+ 
     |                      Instance                      |     Arc      |   Cell   | Delay | Arrival | Required | 
     |                                                    |              |          |       |  Time   |   Time   | 
     |----------------------------------------------------+--------------+----------+-------+---------+----------| 
     | ofifo_inst/col_idx_0__fifo_instance/q2_reg_14_     | CP ^         |          |       |   1.588 |    0.638 | 
     | ofifo_inst/col_idx_0__fifo_instance/q2_reg_14_     | CP ^ -> Q v  | DFQD1    | 0.159 |   1.746 |    0.797 | 
     | ofifo_inst/col_idx_0__fifo_instance/fifo_mux_8_1a/ | I0 v -> Z v  | CKMUX2D1 | 0.072 |   1.819 |    0.869 | 
     | fifo_mux_2_1b/U15                                  |              |          |       |         |          | 
     | ofifo_inst/col_idx_0__fifo_instance/fifo_mux_8_1a/ | I1 v -> Z v  | MUX2D0   | 0.094 |   1.913 |    0.963 | 
     | fifo_mux_2_1e/U16                                  |              |          |       |         |          | 
     | ofifo_inst/col_idx_0__fifo_instance/fifo_mux_8_1a/ | I0 v -> Z v  | MUX2D0   | 0.095 |   2.008 |    1.058 | 
     | fifo_mux_2_1g/U15                                  |              |          |       |         |          | 
     | FE_RC_6864_0                                       | A1 v -> ZN ^ | AOI22D1  | 0.068 |   2.076 |    1.126 | 
     | FE_RC_6865_0                                       | I ^ -> ZN v  | INVD3    | 0.083 |   2.159 |    1.209 | 
     | psum_mem_instance                                  | D[14] v      | sram_w16 | 0.002 |   2.161 |    1.211 | 
     +-----------------------------------------------------------------------------------------------------------+ 
Path 2: VIOLATED Setup Check with Pin sfp_instance/sfp_out_sign5_reg_16_/CP 
Endpoint:   sfp_instance/sfp_out_sign5_reg_16_/D (v) checked with  leading edge 
of 'clk'
Beginpoint: psum_mem_instance/Q[119]             (^) triggered by  leading edge 
of 'clk'
Path Groups: {clk}
Analysis View: WC_VIEW
Other End Arrival Time          1.565
- Setup                         0.069
+ Phase Shift                   1.000
+ CPPR Adjustment               0.000
= Required Time                 2.495
- Arrival Time                  3.418
= Slack Time                   -0.923
     Clock Rise Edge                 0.000
     + Clock Network Latency (Prop)  0.121
     = Beginpoint Arrival Time       0.121
     +------------------------------------------------------------------------------------------------------+ 
     |                 Instance                 |        Arc        |   Cell   | Delay | Arrival | Required | 
     |                                          |                   |          |       |  Time   |   Time   | 
     |------------------------------------------+-------------------+----------+-------+---------+----------| 
     | psum_mem_instance                        | CLK ^             |          |       |   0.121 |   -0.803 | 
     | psum_mem_instance                        | CLK ^ -> Q[119] ^ | sram_w16 | 0.602 |   0.723 |   -0.200 | 
     | sfp_instance/U1539                       | I ^ -> ZN v       | INVD6    | 0.059 |   0.782 |   -0.141 | 
     | sfp_instance/U1562                       | A2 v -> ZN ^      | NR2XD2   | 0.044 |   0.825 |   -0.098 | 
     | sfp_instance/U1563                       | S ^ -> ZN v       | MUX2ND4  | 0.081 |   0.907 |   -0.016 | 
     | sfp_instance/FE_RC_3467_0                | A2 v -> ZN ^      | NR2XD4   | 0.030 |   0.937 |    0.013 | 
     | sfp_instance/U1573                       | A1 ^ -> ZN v      | NR2XD2   | 0.028 |   0.965 |    0.042 | 
     | sfp_instance/FE_RC_2647_0                | B1 v -> ZN ^      | INR2D4   | 0.055 |   1.020 |    0.097 | 
     | sfp_instance/FE_RC_2826_0                | B1 ^ -> ZN v      | OAI22D4  | 0.054 |   1.075 |    0.152 | 
     | sfp_instance/FE_RC_3835_0                | B1 v -> ZN ^      | INR2D1   | 0.065 |   1.140 |    0.217 | 
     | sfp_instance/FE_RC_2954_0                | A2 ^ -> ZN v      | CKND2D1  | 0.046 |   1.186 |    0.263 | 
     | sfp_instance/FE_RC_3928_0                | B v -> Z v        | OA21D2   | 0.067 |   1.254 |    0.331 | 
     | sfp_instance/FE_RC_4184_0                | A1 v -> ZN ^      | NR2D3    | 0.049 |   1.303 |    0.380 | 
     | sfp_instance/FE_RC_3798_0                | A1 ^ -> ZN v      | OAI21D4  | 0.044 |   1.347 |    0.423 | 
     | sfp_instance/FE_RC_25_0                  | A1 v -> ZN ^      | OAI21D4  | 0.046 |   1.393 |    0.470 | 
     | sfp_instance/U1603                       | A2 ^ -> ZN v      | NR2XD2   | 0.043 |   1.435 |    0.512 | 
     | sfp_instance/FE_RC_2243_0_dup            | A1 v -> ZN ^      | OAI21D4  | 0.032 |   1.468 |    0.544 | 
     | sfp_instance/FE_RC_2029_0                | B1 ^ -> ZN ^      | MOAI22D2 | 0.065 |   1.532 |    0.609 | 
     | sfp_instance/FE_RC_2737_0                | I ^ -> ZN v       | CKND2    | 0.023 |   1.555 |    0.632 | 
     | sfp_instance/FE_RC_2736_0                | B v -> ZN ^       | IAO21D2  | 0.038 |   1.593 |    0.670 | 
     | sfp_instance/U1619                       | A1 ^ -> ZN v      | NR2XD2   | 0.034 |   1.627 |    0.704 | 
     | sfp_instance/FE_RC_3499_0                | B1 v -> ZN ^      | INR2D4   | 0.044 |   1.671 |    0.748 | 
     | sfp_instance/FE_RC_211_0                 | A1 ^ -> ZN v      | OAI21D4  | 0.040 |   1.711 |    0.788 | 
     | sfp_instance/U1629                       | A2 v -> ZN ^      | ND2D4    | 0.031 |   1.742 |    0.819 | 
     | sfp_instance/FE_RC_3991_0                | A1 ^ -> ZN v      | AOI21D4  | 0.033 |   1.775 |    0.852 | 
     | sfp_instance/FE_RC_3497_0                | B1 v -> ZN ^      | INR2D4   | 0.047 |   1.822 |    0.899 | 
     | sfp_instance/U1637                       | A1 ^ -> ZN v      | CKND2D2  | 0.034 |   1.856 |    0.933 | 
     | sfp_instance/U1638                       | A1 v -> ZN ^      | CKND2D4  | 0.040 |   1.896 |    0.973 | 
     | sfp_instance/FE_RC_3416_0                | B1 ^ -> ZN v      | IND2D4   | 0.027 |   1.923 |    1.000 | 
     | sfp_instance/FE_RC_3414_0                | B1 v -> ZN ^      | IND2D4   | 0.029 |   1.952 |    1.029 | 
     | sfp_instance/U1641                       | B ^ -> ZN v       | IOA21D4  | 0.032 |   1.984 |    1.061 | 
     | sfp_instance/FE_RC_3718_0                | I v -> ZN ^       | CKND2    | 0.025 |   2.009 |    1.086 | 
     | sfp_instance/FE_RC_3887_0                | A1 ^ -> ZN v      | AOI21D4  | 0.026 |   2.035 |    1.112 | 
     | sfp_instance/U1651                       | A1 v -> ZN ^      | NR2XD2   | 0.037 |   2.073 |    1.150 | 
     | sfp_instance/FE_RC_2365_0                | B1 ^ -> ZN v      | INR2D4   | 0.025 |   2.098 |    1.175 | 
     | sfp_instance/FE_RC_4125_0                | A1 v -> ZN ^      | NR2D4    | 0.036 |   2.134 |    1.211 | 
     | sfp_instance/U1660                       | B1 ^ -> ZN v      | IND2D4   | 0.026 |   2.160 |    1.237 | 
     | sfp_instance/U1661                       | A2 v -> ZN ^      | ND2D3    | 0.026 |   2.186 |    1.263 | 
     | sfp_instance/U1664                       | B1 ^ -> ZN v      | IND2D4   | 0.027 |   2.213 |    1.290 | 
     | sfp_instance/U1665                       | I v -> ZN ^       | INVD4    | 0.028 |   2.241 |    1.318 | 
     | sfp_instance/U1666                       | A1 ^ -> ZN v      | NR2D3    | 0.019 |   2.260 |    1.337 | 
     | sfp_instance/FE_RC_3583_0                | A1 v -> ZN ^      | NR2D2    | 0.033 |   2.293 |    1.370 | 
     | sfp_instance/FE_RC_3584_0                | I ^ -> ZN v       | INVD2    | 0.023 |   2.316 |    1.393 | 
     | sfp_instance/U1672                       | A1 v -> ZN ^      | ND2D4    | 0.021 |   2.337 |    1.414 | 
     | sfp_instance/U1673                       | A1 ^ -> ZN v      | ND2D4    | 0.025 |   2.363 |    1.440 | 
     | sfp_instance/U1674                       | A1 v -> ZN ^      | ND2D4    | 0.026 |   2.389 |    1.465 | 
     | sfp_instance/FE_RC_2083_0                | A1 ^ -> ZN v      | ND2D3    | 0.028 |   2.417 |    1.494 | 
     | sfp_instance/FE_RC_3401_0                | B1 v -> ZN ^      | INR2D2   | 0.033 |   2.450 |    1.527 | 
     | sfp_instance/FE_RC_3400_0                | A1 ^ -> ZN v      | NR2D2    | 0.025 |   2.475 |    1.552 | 
     | sfp_instance/U1685                       | A1 v -> ZN ^      | NR2D3    | 0.043 |   2.517 |    1.594 | 
     | sfp_instance/FE_RC_2357_0                | B1 ^ -> ZN v      | INR2D4   | 0.028 |   2.545 |    1.622 | 
     | sfp_instance/FE_RC_33_0                  | B1 v -> ZN ^      | INR2D4   | 0.037 |   2.582 |    1.659 | 
     | sfp_instance/U1691                       | B1 ^ -> ZN v      | IND2D4   | 0.027 |   2.610 |    1.686 | 
     | sfp_instance/U1692                       | A1 v -> ZN ^      | ND2D3    | 0.028 |   2.637 |    1.714 | 
     | sfp_instance/FE_RC_2892_0                | A1 ^ -> ZN v      | AOI21D4  | 0.035 |   2.672 |    1.749 | 
     | sfp_instance/FE_RC_3592_0                | A1 v -> ZN ^      | OAI22D4  | 0.050 |   2.723 |    1.799 | 
     | sfp_instance/U1701                       | A2 ^ -> ZN v      | ND2D3    | 0.049 |   2.772 |    1.849 | 
     | sfp_instance/FE_RC_2603_0                | A1 v -> ZN ^      | AOI21D4  | 0.048 |   2.819 |    1.896 | 
     | sfp_instance/FE_RC_2821_0                | B1 ^ -> ZN v      | IND2D4   | 0.033 |   2.852 |    1.929 | 
     | sfp_instance/FE_RC_2820_0                | A1 v -> ZN ^      | ND2D4    | 0.025 |   2.877 |    1.954 | 
     | sfp_instance/FE_RC_2858_0                | B ^ -> ZN v       | AOI21D4  | 0.024 |   2.901 |    1.978 | 
     | sfp_instance/FE_OCPC1560_n1580           | I v -> Z v        | BUFFD2   | 0.068 |   2.969 |    2.046 | 
     | sfp_instance/FE_RC_2284_0                | A1 v -> ZN ^      | NR2XD1   | 0.100 |   3.069 |    2.146 | 
     | sfp_instance/FE_RC_7042_0                | B2 ^ -> ZN v      | IND3D2   | 0.055 |   3.124 |    2.201 | 
     | sfp_instance/FE_RC_3631_0_dup            | I v -> ZN ^       | CKND2    | 0.039 |   3.163 |    2.240 | 
     | sfp_instance/FE_RC_4146_0                | B1 ^ -> ZN v      | IND2D4   | 0.026 |   3.189 |    2.266 | 
     | sfp_instance/FE_RC_7032_0                | B1 v -> ZN ^      | INR2XD1  | 0.030 |   3.219 |    2.296 | 
     | sfp_instance/FE_RC_7031_0                | A2 ^ -> ZN v      | CKND2D2  | 0.034 |   3.253 |    2.330 | 
     | sfp_instance/FE_RC_4169_0                | I v -> ZN ^       | CKND4    | 0.035 |   3.289 |    2.365 | 
     | sfp_instance/U2064                       | A1 ^ -> ZN v      | AOI21D4  | 0.031 |   3.320 |    2.397 | 
     | sfp_instance/FE_OCPC1810_N623            | I v -> ZN ^       | CKND6    | 0.031 |   3.351 |    2.428 | 
     | sfp_instance/FE_OCPC1811_N623            | I ^ -> ZN v       | INVD6    | 0.027 |   3.378 |    2.455 | 
     | sfp_instance/FE_PHC5875_FE_OCPN1811_N623 | I v -> Z v        | BUFFD4   | 0.040 |   3.418 |    2.495 | 
     | sfp_instance/sfp_out_sign5_reg_16_       | D v               | EDFQD1   | 0.000 |   3.418 |    2.495 | 
     +------------------------------------------------------------------------------------------------------+ 
Path 3: VIOLATED Setup Check with Pin sfp_instance/sfp_out_sign5_reg_18_/CP 
Endpoint:   sfp_instance/sfp_out_sign5_reg_18_/D (v) checked with  leading edge 
of 'clk'
Beginpoint: psum_mem_instance/Q[119]             (^) triggered by  leading edge 
of 'clk'
Path Groups: {clk}
Analysis View: WC_VIEW
Other End Arrival Time          1.565
- Setup                         0.069
+ Phase Shift                   1.000
+ CPPR Adjustment               0.000
= Required Time                 2.495
- Arrival Time                  3.418
= Slack Time                   -0.923
     Clock Rise Edge                 0.000
     + Clock Network Latency (Prop)  0.121
     = Beginpoint Arrival Time       0.121
     +------------------------------------------------------------------------------------------------------+ 
     |                 Instance                 |        Arc        |   Cell   | Delay | Arrival | Required | 
     |                                          |                   |          |       |  Time   |   Time   | 
     |------------------------------------------+-------------------+----------+-------+---------+----------| 
     | psum_mem_instance                        | CLK ^             |          |       |   0.121 |   -0.803 | 
     | psum_mem_instance                        | CLK ^ -> Q[119] ^ | sram_w16 | 0.602 |   0.723 |   -0.200 | 
     | sfp_instance/U1539                       | I ^ -> ZN v       | INVD6    | 0.059 |   0.782 |   -0.141 | 
     | sfp_instance/U1562                       | A2 v -> ZN ^      | NR2XD2   | 0.044 |   0.825 |   -0.098 | 
     | sfp_instance/U1563                       | S ^ -> ZN v       | MUX2ND4  | 0.081 |   0.907 |   -0.016 | 
     | sfp_instance/FE_RC_3467_0                | A2 v -> ZN ^      | NR2XD4   | 0.030 |   0.937 |    0.013 | 
     | sfp_instance/U1573                       | A1 ^ -> ZN v      | NR2XD2   | 0.028 |   0.965 |    0.042 | 
     | sfp_instance/FE_RC_2647_0                | B1 v -> ZN ^      | INR2D4   | 0.055 |   1.020 |    0.097 | 
     | sfp_instance/FE_RC_2826_0                | B1 ^ -> ZN v      | OAI22D4  | 0.054 |   1.075 |    0.152 | 
     | sfp_instance/FE_RC_3835_0                | B1 v -> ZN ^      | INR2D1   | 0.065 |   1.140 |    0.217 | 
     | sfp_instance/FE_RC_2954_0                | A2 ^ -> ZN v      | CKND2D1  | 0.046 |   1.186 |    0.263 | 
     | sfp_instance/FE_RC_3928_0                | B v -> Z v        | OA21D2   | 0.067 |   1.254 |    0.331 | 
     | sfp_instance/FE_RC_4184_0                | A1 v -> ZN ^      | NR2D3    | 0.049 |   1.303 |    0.380 | 
     | sfp_instance/FE_RC_3798_0                | A1 ^ -> ZN v      | OAI21D4  | 0.044 |   1.347 |    0.423 | 
     | sfp_instance/FE_RC_25_0                  | A1 v -> ZN ^      | OAI21D4  | 0.046 |   1.393 |    0.470 | 
     | sfp_instance/U1603                       | A2 ^ -> ZN v      | NR2XD2   | 0.043 |   1.435 |    0.512 | 
     | sfp_instance/FE_RC_2243_0_dup            | A1 v -> ZN ^      | OAI21D4  | 0.032 |   1.468 |    0.544 | 
     | sfp_instance/FE_RC_2029_0                | B1 ^ -> ZN ^      | MOAI22D2 | 0.065 |   1.532 |    0.609 | 
     | sfp_instance/FE_RC_2737_0                | I ^ -> ZN v       | CKND2    | 0.023 |   1.555 |    0.632 | 
     | sfp_instance/FE_RC_2736_0                | B v -> ZN ^       | IAO21D2  | 0.038 |   1.593 |    0.670 | 
     | sfp_instance/U1619                       | A1 ^ -> ZN v      | NR2XD2   | 0.034 |   1.627 |    0.704 | 
     | sfp_instance/FE_RC_3499_0                | B1 v -> ZN ^      | INR2D4   | 0.044 |   1.671 |    0.748 | 
     | sfp_instance/FE_RC_211_0                 | A1 ^ -> ZN v      | OAI21D4  | 0.040 |   1.711 |    0.788 | 
     | sfp_instance/U1629                       | A2 v -> ZN ^      | ND2D4    | 0.031 |   1.742 |    0.819 | 
     | sfp_instance/FE_RC_3991_0                | A1 ^ -> ZN v      | AOI21D4  | 0.033 |   1.775 |    0.852 | 
     | sfp_instance/FE_RC_3497_0                | B1 v -> ZN ^      | INR2D4   | 0.047 |   1.822 |    0.899 | 
     | sfp_instance/U1637                       | A1 ^ -> ZN v      | CKND2D2  | 0.034 |   1.856 |    0.933 | 
     | sfp_instance/U1638                       | A1 v -> ZN ^      | CKND2D4  | 0.040 |   1.896 |    0.973 | 
     | sfp_instance/FE_RC_3416_0                | B1 ^ -> ZN v      | IND2D4   | 0.027 |   1.923 |    1.000 | 
     | sfp_instance/FE_RC_3414_0                | B1 v -> ZN ^      | IND2D4   | 0.029 |   1.952 |    1.029 | 
     | sfp_instance/U1641                       | B ^ -> ZN v       | IOA21D4  | 0.032 |   1.984 |    1.061 | 
     | sfp_instance/FE_RC_3718_0                | I v -> ZN ^       | CKND2    | 0.025 |   2.009 |    1.086 | 
     | sfp_instance/FE_RC_3887_0                | A1 ^ -> ZN v      | AOI21D4  | 0.026 |   2.035 |    1.112 | 
     | sfp_instance/U1651                       | A1 v -> ZN ^      | NR2XD2   | 0.037 |   2.073 |    1.150 | 
     | sfp_instance/FE_RC_2365_0                | B1 ^ -> ZN v      | INR2D4   | 0.025 |   2.098 |    1.175 | 
     | sfp_instance/FE_RC_4125_0                | A1 v -> ZN ^      | NR2D4    | 0.036 |   2.134 |    1.211 | 
     | sfp_instance/U1660                       | B1 ^ -> ZN v      | IND2D4   | 0.026 |   2.160 |    1.237 | 
     | sfp_instance/U1661                       | A2 v -> ZN ^      | ND2D3    | 0.026 |   2.186 |    1.263 | 
     | sfp_instance/U1664                       | B1 ^ -> ZN v      | IND2D4   | 0.027 |   2.213 |    1.290 | 
     | sfp_instance/U1665                       | I v -> ZN ^       | INVD4    | 0.028 |   2.241 |    1.318 | 
     | sfp_instance/U1666                       | A1 ^ -> ZN v      | NR2D3    | 0.019 |   2.260 |    1.337 | 
     | sfp_instance/FE_RC_3583_0                | A1 v -> ZN ^      | NR2D2    | 0.033 |   2.293 |    1.370 | 
     | sfp_instance/FE_RC_3584_0                | I ^ -> ZN v       | INVD2    | 0.023 |   2.316 |    1.393 | 
     | sfp_instance/U1672                       | A1 v -> ZN ^      | ND2D4    | 0.021 |   2.337 |    1.414 | 
     | sfp_instance/U1673                       | A1 ^ -> ZN v      | ND2D4    | 0.025 |   2.363 |    1.440 | 
     | sfp_instance/U1674                       | A1 v -> ZN ^      | ND2D4    | 0.026 |   2.389 |    1.465 | 
     | sfp_instance/FE_RC_2083_0                | A1 ^ -> ZN v      | ND2D3    | 0.028 |   2.417 |    1.494 | 
     | sfp_instance/FE_RC_3401_0                | B1 v -> ZN ^      | INR2D2   | 0.033 |   2.450 |    1.527 | 
     | sfp_instance/FE_RC_3400_0                | A1 ^ -> ZN v      | NR2D2    | 0.025 |   2.475 |    1.552 | 
     | sfp_instance/U1685                       | A1 v -> ZN ^      | NR2D3    | 0.043 |   2.517 |    1.594 | 
     | sfp_instance/FE_RC_2357_0                | B1 ^ -> ZN v      | INR2D4   | 0.028 |   2.545 |    1.622 | 
     | sfp_instance/FE_RC_33_0                  | B1 v -> ZN ^      | INR2D4   | 0.037 |   2.582 |    1.659 | 
     | sfp_instance/U1691                       | B1 ^ -> ZN v      | IND2D4   | 0.027 |   2.610 |    1.686 | 
     | sfp_instance/U1692                       | A1 v -> ZN ^      | ND2D3    | 0.028 |   2.637 |    1.714 | 
     | sfp_instance/FE_RC_2892_0                | A1 ^ -> ZN v      | AOI21D4  | 0.035 |   2.672 |    1.749 | 
     | sfp_instance/FE_RC_3592_0                | A1 v -> ZN ^      | OAI22D4  | 0.050 |   2.723 |    1.799 | 
     | sfp_instance/U1701                       | A2 ^ -> ZN v      | ND2D3    | 0.049 |   2.772 |    1.849 | 
     | sfp_instance/FE_RC_2603_0                | A1 v -> ZN ^      | AOI21D4  | 0.048 |   2.819 |    1.896 | 
     | sfp_instance/FE_RC_2821_0                | B1 ^ -> ZN v      | IND2D4   | 0.033 |   2.852 |    1.929 | 
     | sfp_instance/FE_RC_2820_0                | A1 v -> ZN ^      | ND2D4    | 0.025 |   2.877 |    1.954 | 
     | sfp_instance/FE_RC_2858_0                | B ^ -> ZN v       | AOI21D4  | 0.024 |   2.901 |    1.978 | 
     | sfp_instance/FE_OCPC1560_n1580           | I v -> Z v        | BUFFD2   | 0.068 |   2.969 |    2.046 | 
     | sfp_instance/FE_RC_2284_0                | A1 v -> ZN ^      | NR2XD1   | 0.100 |   3.069 |    2.146 | 
     | sfp_instance/FE_RC_7042_0                | B2 ^ -> ZN v      | IND3D2   | 0.055 |   3.124 |    2.201 | 
     | sfp_instance/FE_RC_3631_0_dup            | I v -> ZN ^       | CKND2    | 0.039 |   3.163 |    2.240 | 
     | sfp_instance/FE_RC_4146_0                | B1 ^ -> ZN v      | IND2D4   | 0.026 |   3.189 |    2.266 | 
     | sfp_instance/FE_RC_7032_0                | B1 v -> ZN ^      | INR2XD1  | 0.030 |   3.219 |    2.296 | 
     | sfp_instance/FE_RC_7031_0                | A2 ^ -> ZN v      | CKND2D2  | 0.034 |   3.253 |    2.330 | 
     | sfp_instance/FE_RC_4169_0                | I v -> ZN ^       | CKND4    | 0.035 |   3.289 |    2.365 | 
     | sfp_instance/U2064                       | A1 ^ -> ZN v      | AOI21D4  | 0.031 |   3.320 |    2.397 | 
     | sfp_instance/FE_OCPC1810_N623            | I v -> ZN ^       | CKND6    | 0.031 |   3.351 |    2.428 | 
     | sfp_instance/FE_OCPC1811_N623            | I ^ -> ZN v       | INVD6    | 0.027 |   3.378 |    2.455 | 
     | sfp_instance/FE_PHC5875_FE_OCPN1811_N623 | I v -> Z v        | BUFFD4   | 0.040 |   3.418 |    2.495 | 
     | sfp_instance/sfp_out_sign5_reg_18_       | D v               | EDFQD1   | 0.000 |   3.418 |    2.495 | 
     +------------------------------------------------------------------------------------------------------+ 
Path 4: VIOLATED Setup Check with Pin sfp_instance/sfp_out_sign5_reg_17_/CP 
Endpoint:   sfp_instance/sfp_out_sign5_reg_17_/D (v) checked with  leading edge 
of 'clk'
Beginpoint: psum_mem_instance/Q[119]             (^) triggered by  leading edge 
of 'clk'
Path Groups: {clk}
Analysis View: WC_VIEW
Other End Arrival Time          1.565
- Setup                         0.069
+ Phase Shift                   1.000
+ CPPR Adjustment               0.000
= Required Time                 2.496
- Arrival Time                  3.416
= Slack Time                   -0.920
     Clock Rise Edge                 0.000
     + Clock Network Latency (Prop)  0.121
     = Beginpoint Arrival Time       0.121
     +------------------------------------------------------------------------------------------------------+ 
     |                 Instance                 |        Arc        |   Cell   | Delay | Arrival | Required | 
     |                                          |                   |          |       |  Time   |   Time   | 
     |------------------------------------------+-------------------+----------+-------+---------+----------| 
     | psum_mem_instance                        | CLK ^             |          |       |   0.121 |   -0.800 | 
     | psum_mem_instance                        | CLK ^ -> Q[119] ^ | sram_w16 | 0.602 |   0.723 |   -0.198 | 
     | sfp_instance/U1539                       | I ^ -> ZN v       | INVD6    | 0.059 |   0.782 |   -0.139 | 
     | sfp_instance/U1562                       | A2 v -> ZN ^      | NR2XD2   | 0.044 |   0.825 |   -0.095 | 
     | sfp_instance/U1563                       | S ^ -> ZN v       | MUX2ND4  | 0.081 |   0.907 |   -0.013 | 
     | sfp_instance/FE_RC_3467_0                | A2 v -> ZN ^      | NR2XD4   | 0.030 |   0.937 |    0.016 | 
     | sfp_instance/U1573                       | A1 ^ -> ZN v      | NR2XD2   | 0.028 |   0.965 |    0.045 | 
     | sfp_instance/FE_RC_2647_0                | B1 v -> ZN ^      | INR2D4   | 0.055 |   1.020 |    0.100 | 
     | sfp_instance/FE_RC_2826_0                | B1 ^ -> ZN v      | OAI22D4  | 0.054 |   1.075 |    0.154 | 
     | sfp_instance/FE_RC_3835_0                | B1 v -> ZN ^      | INR2D1   | 0.065 |   1.140 |    0.220 | 
     | sfp_instance/FE_RC_2954_0                | A2 ^ -> ZN v      | CKND2D1  | 0.046 |   1.186 |    0.266 | 
     | sfp_instance/FE_RC_3928_0                | B v -> Z v        | OA21D2   | 0.067 |   1.254 |    0.333 | 
     | sfp_instance/FE_RC_4184_0                | A1 v -> ZN ^      | NR2D3    | 0.049 |   1.303 |    0.383 | 
     | sfp_instance/FE_RC_3798_0                | A1 ^ -> ZN v      | OAI21D4  | 0.044 |   1.347 |    0.426 | 
     | sfp_instance/FE_RC_25_0                  | A1 v -> ZN ^      | OAI21D4  | 0.046 |   1.393 |    0.473 | 
     | sfp_instance/U1603                       | A2 ^ -> ZN v      | NR2XD2   | 0.043 |   1.435 |    0.515 | 
     | sfp_instance/FE_RC_2243_0_dup            | A1 v -> ZN ^      | OAI21D4  | 0.032 |   1.468 |    0.547 | 
     | sfp_instance/FE_RC_2029_0                | B1 ^ -> ZN ^      | MOAI22D2 | 0.065 |   1.532 |    0.612 | 
     | sfp_instance/FE_RC_2737_0                | I ^ -> ZN v       | CKND2    | 0.023 |   1.555 |    0.635 | 
     | sfp_instance/FE_RC_2736_0                | B v -> ZN ^       | IAO21D2  | 0.038 |   1.593 |    0.673 | 
     | sfp_instance/U1619                       | A1 ^ -> ZN v      | NR2XD2   | 0.034 |   1.627 |    0.707 | 
     | sfp_instance/FE_RC_3499_0                | B1 v -> ZN ^      | INR2D4   | 0.044 |   1.671 |    0.751 | 
     | sfp_instance/FE_RC_211_0                 | A1 ^ -> ZN v      | OAI21D4  | 0.040 |   1.711 |    0.791 | 
     | sfp_instance/U1629                       | A2 v -> ZN ^      | ND2D4    | 0.031 |   1.742 |    0.822 | 
     | sfp_instance/FE_RC_3991_0                | A1 ^ -> ZN v      | AOI21D4  | 0.033 |   1.775 |    0.855 | 
     | sfp_instance/FE_RC_3497_0                | B1 v -> ZN ^      | INR2D4   | 0.047 |   1.822 |    0.902 | 
     | sfp_instance/U1637                       | A1 ^ -> ZN v      | CKND2D2  | 0.034 |   1.856 |    0.936 | 
     | sfp_instance/U1638                       | A1 v -> ZN ^      | CKND2D4  | 0.040 |   1.896 |    0.976 | 
     | sfp_instance/FE_RC_3416_0                | B1 ^ -> ZN v      | IND2D4   | 0.027 |   1.923 |    1.003 | 
     | sfp_instance/FE_RC_3414_0                | B1 v -> ZN ^      | IND2D4   | 0.029 |   1.952 |    1.032 | 
     | sfp_instance/U1641                       | B ^ -> ZN v       | IOA21D4  | 0.032 |   1.984 |    1.064 | 
     | sfp_instance/FE_RC_3718_0                | I v -> ZN ^       | CKND2    | 0.025 |   2.009 |    1.088 | 
     | sfp_instance/FE_RC_3887_0                | A1 ^ -> ZN v      | AOI21D4  | 0.026 |   2.035 |    1.115 | 
     | sfp_instance/U1651                       | A1 v -> ZN ^      | NR2XD2   | 0.037 |   2.073 |    1.152 | 
     | sfp_instance/FE_RC_2365_0                | B1 ^ -> ZN v      | INR2D4   | 0.025 |   2.098 |    1.178 | 
     | sfp_instance/FE_RC_4125_0                | A1 v -> ZN ^      | NR2D4    | 0.036 |   2.134 |    1.213 | 
     | sfp_instance/U1660                       | B1 ^ -> ZN v      | IND2D4   | 0.026 |   2.160 |    1.240 | 
     | sfp_instance/U1661                       | A2 v -> ZN ^      | ND2D3    | 0.026 |   2.186 |    1.266 | 
     | sfp_instance/U1664                       | B1 ^ -> ZN v      | IND2D4   | 0.027 |   2.213 |    1.293 | 
     | sfp_instance/U1665                       | I v -> ZN ^       | INVD4    | 0.028 |   2.241 |    1.321 | 
     | sfp_instance/U1666                       | A1 ^ -> ZN v      | NR2D3    | 0.019 |   2.260 |    1.340 | 
     | sfp_instance/FE_RC_3583_0                | A1 v -> ZN ^      | NR2D2    | 0.033 |   2.293 |    1.373 | 
     | sfp_instance/FE_RC_3584_0                | I ^ -> ZN v       | INVD2    | 0.023 |   2.316 |    1.396 | 
     | sfp_instance/U1672                       | A1 v -> ZN ^      | ND2D4    | 0.021 |   2.337 |    1.417 | 
     | sfp_instance/U1673                       | A1 ^ -> ZN v      | ND2D4    | 0.025 |   2.363 |    1.442 | 
     | sfp_instance/U1674                       | A1 v -> ZN ^      | ND2D4    | 0.026 |   2.389 |    1.468 | 
     | sfp_instance/FE_RC_2083_0                | A1 ^ -> ZN v      | ND2D3    | 0.028 |   2.417 |    1.496 | 
     | sfp_instance/FE_RC_3401_0                | B1 v -> ZN ^      | INR2D2   | 0.033 |   2.450 |    1.529 | 
     | sfp_instance/FE_RC_3400_0                | A1 ^ -> ZN v      | NR2D2    | 0.025 |   2.475 |    1.554 | 
     | sfp_instance/U1685                       | A1 v -> ZN ^      | NR2D3    | 0.043 |   2.517 |    1.597 | 
     | sfp_instance/FE_RC_2357_0                | B1 ^ -> ZN v      | INR2D4   | 0.028 |   2.545 |    1.625 | 
     | sfp_instance/FE_RC_33_0                  | B1 v -> ZN ^      | INR2D4   | 0.037 |   2.582 |    1.662 | 
     | sfp_instance/U1691                       | B1 ^ -> ZN v      | IND2D4   | 0.027 |   2.610 |    1.689 | 
     | sfp_instance/U1692                       | A1 v -> ZN ^      | ND2D3    | 0.028 |   2.637 |    1.717 | 
     | sfp_instance/FE_RC_2892_0                | A1 ^ -> ZN v      | AOI21D4  | 0.035 |   2.672 |    1.752 | 
     | sfp_instance/FE_RC_3592_0                | A1 v -> ZN ^      | OAI22D4  | 0.050 |   2.723 |    1.802 | 
     | sfp_instance/U1701                       | A2 ^ -> ZN v      | ND2D3    | 0.049 |   2.772 |    1.851 | 
     | sfp_instance/FE_RC_2603_0                | A1 v -> ZN ^      | AOI21D4  | 0.048 |   2.819 |    1.899 | 
     | sfp_instance/FE_RC_2821_0                | B1 ^ -> ZN v      | IND2D4   | 0.033 |   2.852 |    1.932 | 
     | sfp_instance/FE_RC_2820_0                | A1 v -> ZN ^      | ND2D4    | 0.025 |   2.877 |    1.957 | 
     | sfp_instance/FE_RC_2858_0                | B ^ -> ZN v       | AOI21D4  | 0.024 |   2.901 |    1.981 | 
     | sfp_instance/FE_OCPC1560_n1580           | I v -> Z v        | BUFFD2   | 0.068 |   2.969 |    2.049 | 
     | sfp_instance/FE_RC_2284_0                | A1 v -> ZN ^      | NR2XD1   | 0.100 |   3.069 |    2.149 | 
     | sfp_instance/FE_RC_7042_0                | B2 ^ -> ZN v      | IND3D2   | 0.055 |   3.124 |    2.204 | 
     | sfp_instance/FE_RC_3631_0_dup            | I v -> ZN ^       | CKND2    | 0.039 |   3.163 |    2.242 | 
     | sfp_instance/FE_RC_4146_0                | B1 ^ -> ZN v      | IND2D4   | 0.026 |   3.189 |    2.269 | 
     | sfp_instance/FE_RC_7032_0                | B1 v -> ZN ^      | INR2XD1  | 0.030 |   3.219 |    2.299 | 
     | sfp_instance/FE_RC_7031_0                | A2 ^ -> ZN v      | CKND2D2  | 0.034 |   3.253 |    2.333 | 
     | sfp_instance/FE_RC_4169_0                | I v -> ZN ^       | CKND4    | 0.035 |   3.289 |    2.368 | 
     | sfp_instance/U2064                       | A1 ^ -> ZN v      | AOI21D4  | 0.031 |   3.320 |    2.400 | 
     | sfp_instance/FE_OCPC1810_N623            | I v -> ZN ^       | CKND6    | 0.031 |   3.351 |    2.431 | 
     | sfp_instance/FE_OCPC1811_N623            | I ^ -> ZN v       | INVD6    | 0.027 |   3.378 |    2.458 | 
     | sfp_instance/FE_PHC6020_FE_OCPN1811_N623 | I v -> Z v        | CKBD4    | 0.038 |   3.416 |    2.496 | 
     | sfp_instance/sfp_out_sign5_reg_17_       | D v               | EDFQD1   | 0.000 |   3.416 |    2.496 | 
     +------------------------------------------------------------------------------------------------------+ 
Path 5: VIOLATED Setup Check with Pin sfp_instance/sfp_out_sign5_reg_19_/CP 
Endpoint:   sfp_instance/sfp_out_sign5_reg_19_/D (v) checked with  leading edge 
of 'clk'
Beginpoint: psum_mem_instance/Q[119]             (^) triggered by  leading edge 
of 'clk'
Path Groups: {clk}
Analysis View: WC_VIEW
Other End Arrival Time          1.565
- Setup                         0.069
+ Phase Shift                   1.000
+ CPPR Adjustment               0.000
= Required Time                 2.496
- Arrival Time                  3.415
= Slack Time                   -0.919
     Clock Rise Edge                 0.000
     + Clock Network Latency (Prop)  0.121
     = Beginpoint Arrival Time       0.121
     +------------------------------------------------------------------------------------------------------+ 
     |                 Instance                 |        Arc        |   Cell   | Delay | Arrival | Required | 
     |                                          |                   |          |       |  Time   |   Time   | 
     |------------------------------------------+-------------------+----------+-------+---------+----------| 
     | psum_mem_instance                        | CLK ^             |          |       |   0.121 |   -0.799 | 
     | psum_mem_instance                        | CLK ^ -> Q[119] ^ | sram_w16 | 0.602 |   0.723 |   -0.196 | 
     | sfp_instance/U1539                       | I ^ -> ZN v       | INVD6    | 0.059 |   0.782 |   -0.137 | 
     | sfp_instance/U1562                       | A2 v -> ZN ^      | NR2XD2   | 0.044 |   0.825 |   -0.094 | 
     | sfp_instance/U1563                       | S ^ -> ZN v       | MUX2ND4  | 0.081 |   0.907 |   -0.012 | 
     | sfp_instance/FE_RC_3467_0                | A2 v -> ZN ^      | NR2XD4   | 0.030 |   0.937 |    0.017 | 
     | sfp_instance/U1573                       | A1 ^ -> ZN v      | NR2XD2   | 0.028 |   0.965 |    0.046 | 
     | sfp_instance/FE_RC_2647_0                | B1 v -> ZN ^      | INR2D4   | 0.055 |   1.020 |    0.101 | 
     | sfp_instance/FE_RC_2826_0                | B1 ^ -> ZN v      | OAI22D4  | 0.054 |   1.075 |    0.156 | 
     | sfp_instance/FE_RC_3835_0                | B1 v -> ZN ^      | INR2D1   | 0.065 |   1.140 |    0.221 | 
     | sfp_instance/FE_RC_2954_0                | A2 ^ -> ZN v      | CKND2D1  | 0.046 |   1.186 |    0.267 | 
     | sfp_instance/FE_RC_3928_0                | B v -> Z v        | OA21D2   | 0.067 |   1.254 |    0.334 | 
     | sfp_instance/FE_RC_4184_0                | A1 v -> ZN ^      | NR2D3    | 0.049 |   1.303 |    0.384 | 
     | sfp_instance/FE_RC_3798_0                | A1 ^ -> ZN v      | OAI21D4  | 0.044 |   1.347 |    0.427 | 
     | sfp_instance/FE_RC_25_0                  | A1 v -> ZN ^      | OAI21D4  | 0.046 |   1.393 |    0.474 | 
     | sfp_instance/U1603                       | A2 ^ -> ZN v      | NR2XD2   | 0.043 |   1.435 |    0.516 | 
     | sfp_instance/FE_RC_2243_0_dup            | A1 v -> ZN ^      | OAI21D4  | 0.032 |   1.468 |    0.548 | 
     | sfp_instance/FE_RC_2029_0                | B1 ^ -> ZN ^      | MOAI22D2 | 0.065 |   1.532 |    0.613 | 
     | sfp_instance/FE_RC_2737_0                | I ^ -> ZN v       | CKND2    | 0.023 |   1.555 |    0.636 | 
     | sfp_instance/FE_RC_2736_0                | B v -> ZN ^       | IAO21D2  | 0.038 |   1.593 |    0.674 | 
     | sfp_instance/U1619                       | A1 ^ -> ZN v      | NR2XD2   | 0.034 |   1.627 |    0.708 | 
     | sfp_instance/FE_RC_3499_0                | B1 v -> ZN ^      | INR2D4   | 0.044 |   1.671 |    0.752 | 
     | sfp_instance/FE_RC_211_0                 | A1 ^ -> ZN v      | OAI21D4  | 0.040 |   1.711 |    0.792 | 
     | sfp_instance/U1629                       | A2 v -> ZN ^      | ND2D4    | 0.031 |   1.742 |    0.823 | 
     | sfp_instance/FE_RC_3991_0                | A1 ^ -> ZN v      | AOI21D4  | 0.033 |   1.775 |    0.856 | 
     | sfp_instance/FE_RC_3497_0                | B1 v -> ZN ^      | INR2D4   | 0.047 |   1.822 |    0.903 | 
     | sfp_instance/U1637                       | A1 ^ -> ZN v      | CKND2D2  | 0.034 |   1.856 |    0.937 | 
     | sfp_instance/U1638                       | A1 v -> ZN ^      | CKND2D4  | 0.040 |   1.896 |    0.977 | 
     | sfp_instance/FE_RC_3416_0                | B1 ^ -> ZN v      | IND2D4   | 0.027 |   1.923 |    1.004 | 
     | sfp_instance/FE_RC_3414_0                | B1 v -> ZN ^      | IND2D4   | 0.029 |   1.952 |    1.033 | 
     | sfp_instance/U1641                       | B ^ -> ZN v       | IOA21D4  | 0.032 |   1.984 |    1.065 | 
     | sfp_instance/FE_RC_3718_0                | I v -> ZN ^       | CKND2    | 0.025 |   2.009 |    1.090 | 
     | sfp_instance/FE_RC_3887_0                | A1 ^ -> ZN v      | AOI21D4  | 0.026 |   2.035 |    1.116 | 
     | sfp_instance/U1651                       | A1 v -> ZN ^      | NR2XD2   | 0.037 |   2.073 |    1.153 | 
     | sfp_instance/FE_RC_2365_0                | B1 ^ -> ZN v      | INR2D4   | 0.025 |   2.098 |    1.179 | 
     | sfp_instance/FE_RC_4125_0                | A1 v -> ZN ^      | NR2D4    | 0.036 |   2.134 |    1.215 | 
     | sfp_instance/U1660                       | B1 ^ -> ZN v      | IND2D4   | 0.026 |   2.160 |    1.241 | 
     | sfp_instance/U1661                       | A2 v -> ZN ^      | ND2D3    | 0.026 |   2.186 |    1.267 | 
     | sfp_instance/U1664                       | B1 ^ -> ZN v      | IND2D4   | 0.027 |   2.213 |    1.294 | 
     | sfp_instance/U1665                       | I v -> ZN ^       | INVD4    | 0.028 |   2.241 |    1.322 | 
     | sfp_instance/U1666                       | A1 ^ -> ZN v      | NR2D3    | 0.019 |   2.260 |    1.341 | 
     | sfp_instance/FE_RC_3583_0                | A1 v -> ZN ^      | NR2D2    | 0.033 |   2.293 |    1.374 | 
     | sfp_instance/FE_RC_3584_0                | I ^ -> ZN v       | INVD2    | 0.023 |   2.316 |    1.397 | 
     | sfp_instance/U1672                       | A1 v -> ZN ^      | ND2D4    | 0.021 |   2.337 |    1.418 | 
     | sfp_instance/U1673                       | A1 ^ -> ZN v      | ND2D4    | 0.025 |   2.363 |    1.444 | 
     | sfp_instance/U1674                       | A1 v -> ZN ^      | ND2D4    | 0.026 |   2.389 |    1.469 | 
     | sfp_instance/FE_RC_2083_0                | A1 ^ -> ZN v      | ND2D3    | 0.028 |   2.417 |    1.498 | 
     | sfp_instance/FE_RC_3401_0                | B1 v -> ZN ^      | INR2D2   | 0.033 |   2.450 |    1.530 | 
     | sfp_instance/FE_RC_3400_0                | A1 ^ -> ZN v      | NR2D2    | 0.025 |   2.475 |    1.555 | 
     | sfp_instance/U1685                       | A1 v -> ZN ^      | NR2D3    | 0.043 |   2.517 |    1.598 | 
     | sfp_instance/FE_RC_2357_0                | B1 ^ -> ZN v      | INR2D4   | 0.028 |   2.545 |    1.626 | 
     | sfp_instance/FE_RC_33_0                  | B1 v -> ZN ^      | INR2D4   | 0.037 |   2.582 |    1.663 | 
     | sfp_instance/U1691                       | B1 ^ -> ZN v      | IND2D4   | 0.027 |   2.610 |    1.690 | 
     | sfp_instance/U1692                       | A1 v -> ZN ^      | ND2D3    | 0.028 |   2.637 |    1.718 | 
     | sfp_instance/FE_RC_2892_0                | A1 ^ -> ZN v      | AOI21D4  | 0.035 |   2.672 |    1.753 | 
     | sfp_instance/FE_RC_3592_0                | A1 v -> ZN ^      | OAI22D4  | 0.050 |   2.723 |    1.803 | 
     | sfp_instance/U1701                       | A2 ^ -> ZN v      | ND2D3    | 0.049 |   2.772 |    1.852 | 
     | sfp_instance/FE_RC_2603_0                | A1 v -> ZN ^      | AOI21D4  | 0.048 |   2.819 |    1.900 | 
     | sfp_instance/FE_RC_2821_0                | B1 ^ -> ZN v      | IND2D4   | 0.033 |   2.852 |    1.933 | 
     | sfp_instance/FE_RC_2820_0                | A1 v -> ZN ^      | ND2D4    | 0.025 |   2.877 |    1.958 | 
     | sfp_instance/FE_RC_2858_0                | B ^ -> ZN v       | AOI21D4  | 0.024 |   2.901 |    1.982 | 
     | sfp_instance/FE_OCPC1560_n1580           | I v -> Z v        | BUFFD2   | 0.068 |   2.969 |    2.050 | 
     | sfp_instance/FE_RC_2284_0                | A1 v -> ZN ^      | NR2XD1   | 0.100 |   3.069 |    2.150 | 
     | sfp_instance/FE_RC_7042_0                | B2 ^ -> ZN v      | IND3D2   | 0.055 |   3.124 |    2.205 | 
     | sfp_instance/FE_RC_3631_0_dup            | I v -> ZN ^       | CKND2    | 0.039 |   3.163 |    2.244 | 
     | sfp_instance/FE_RC_4146_0                | B1 ^ -> ZN v      | IND2D4   | 0.026 |   3.189 |    2.270 | 
     | sfp_instance/FE_RC_7032_0                | B1 v -> ZN ^      | INR2XD1  | 0.030 |   3.219 |    2.300 | 
     | sfp_instance/FE_RC_7031_0                | A2 ^ -> ZN v      | CKND2D2  | 0.034 |   3.253 |    2.334 | 
     | sfp_instance/FE_RC_4169_0                | I v -> ZN ^       | CKND4    | 0.035 |   3.289 |    2.369 | 
     | sfp_instance/U2064                       | A1 ^ -> ZN v      | AOI21D4  | 0.031 |   3.320 |    2.401 | 
     | sfp_instance/FE_OCPC1810_N623            | I v -> ZN ^       | CKND6    | 0.031 |   3.351 |    2.432 | 
     | sfp_instance/FE_OCPC1811_N623            | I ^ -> ZN v       | INVD6    | 0.027 |   3.378 |    2.459 | 
     | sfp_instance/FE_PHC6080_FE_OCPN1811_N623 | I v -> Z v        | CKBD4    | 0.037 |   3.415 |    2.496 | 
     | sfp_instance/sfp_out_sign5_reg_19_       | D v               | EDFQD1   | 0.000 |   3.415 |    2.496 | 
     +------------------------------------------------------------------------------------------------------+ 

