###############################################################
#  Generated by:      Cadence Innovus 15.23-s045_1
#  OS:                Linux x86_64(Host ID ieng6-ece-04.ucsd.edu)
#  Generated on:      Sat Mar 15 13:30:18 2025
#  Design:            core
#  Command:           verify_drc -check_routing_halo
###############################################################

SHORT: ( Metal Short ) Special Wire of Net VDD & Blockage of Cell qmem_instance  ( M4 )
Bounds : ( 72.000, 476.540 ) ( 73.000, 479.540 )


SHORT: ( Metal Short ) Special Wire of Net VDD & Blockage of Cell qmem_instance  ( M4 )
Bounds : ( 111.000, 476.540 ) ( 112.000, 479.540 )


SHORT: ( Metal Short ) Special Wire of Net VDD & Blockage of Cell qmem_instance  ( M4 )
Bounds : ( 150.000, 476.540 ) ( 151.000, 479.540 )


SHORT: ( Metal Short ) Special Wire of Net VDD & Blockage of Cell qmem_instance  ( M4 )
Bounds : ( 189.000, 476.540 ) ( 190.000, 479.540 )


SHORT: ( Metal Short ) Special Wire of Net VDD & Blockage of Cell qmem_instance  ( M4 )
Bounds : ( 72.000, 516.680 ) ( 73.000, 519.680 )


SHORT: ( Metal Short ) Special Wire of Net VDD & Blockage of Cell qmem_instance  ( M4 )
Bounds : ( 111.000, 516.680 ) ( 112.000, 519.680 )


SHORT: ( Metal Short ) Special Wire of Net VDD & Blockage of Cell qmem_instance  ( M4 )
Bounds : ( 150.000, 516.680 ) ( 151.000, 519.680 )


SHORT: ( Metal Short ) Special Wire of Net VDD & Blockage of Cell qmem_instance  ( M4 )
Bounds : ( 189.000, 516.680 ) ( 190.000, 519.680 )


SHORT: ( Metal Short ) Special Wire of Net VDD & Blockage of Cell qmem_instance  ( M4 )
Bounds : ( 72.000, 556.820 ) ( 73.000, 557.600 )


SHORT: ( Metal Short ) Special Wire of Net VDD & Blockage of Cell qmem_instance  ( M4 )
Bounds : ( 111.000, 556.820 ) ( 112.000, 557.600 )


SHORT: ( Metal Short ) Special Wire of Net VDD & Blockage of Cell qmem_instance  ( M4 )
Bounds : ( 150.000, 556.820 ) ( 151.000, 557.600 )


SHORT: ( Metal Short ) Special Wire of Net VDD & Blockage of Cell qmem_instance  ( M4 )
Bounds : ( 189.000, 556.820 ) ( 190.000, 557.600 )


SHORT: ( Metal Short ) Special Wire of Net VSS & Blockage of Cell qmem_instance  ( M4 )
Bounds : ( 70.000, 471.540 ) ( 71.000, 474.540 )


SHORT: ( Metal Short ) Special Wire of Net VSS & Blockage of Cell qmem_instance  ( M4 )
Bounds : ( 109.000, 471.540 ) ( 110.000, 474.540 )


SHORT: ( Metal Short ) Special Wire of Net VSS & Blockage of Cell qmem_instance  ( M4 )
Bounds : ( 148.000, 471.540 ) ( 149.000, 474.540 )


SHORT: ( Metal Short ) Special Wire of Net VSS & Blockage of Cell qmem_instance  ( M4 )
Bounds : ( 187.000, 471.540 ) ( 188.000, 474.540 )


SHORT: ( Metal Short ) Special Wire of Net VSS & Blockage of Cell qmem_instance  ( M4 )
Bounds : ( 70.000, 511.680 ) ( 71.000, 514.680 )


SHORT: ( Metal Short ) Special Wire of Net VSS & Blockage of Cell qmem_instance  ( M4 )
Bounds : ( 109.000, 511.680 ) ( 110.000, 514.680 )


SHORT: ( Metal Short ) Special Wire of Net VSS & Blockage of Cell qmem_instance  ( M4 )
Bounds : ( 148.000, 511.680 ) ( 149.000, 514.680 )


SHORT: ( Metal Short ) Special Wire of Net VSS & Blockage of Cell qmem_instance  ( M4 )
Bounds : ( 187.000, 511.680 ) ( 188.000, 514.680 )


SHORT: ( Metal Short ) Special Wire of Net VSS & Blockage of Cell qmem_instance  ( M4 )
Bounds : ( 70.000, 551.820 ) ( 71.000, 554.820 )


SHORT: ( Metal Short ) Special Wire of Net VSS & Blockage of Cell qmem_instance  ( M4 )
Bounds : ( 109.000, 551.820 ) ( 110.000, 554.820 )


SHORT: ( Metal Short ) Special Wire of Net VSS & Blockage of Cell qmem_instance  ( M4 )
Bounds : ( 148.000, 551.820 ) ( 149.000, 554.820 )


SHORT: ( Metal Short ) Special Wire of Net VSS & Blockage of Cell qmem_instance  ( M4 )
Bounds : ( 187.000, 551.820 ) ( 188.000, 554.820 )


SHORT: ( Metal Short ) Special Wire of Net VDD & Blockage of Cell qmem_instance  ( M1 )
Bounds : ( 50.000, 559.600 ) ( 208.600, 559.850 )


SHORT: ( Metal Short ) Special Wire of Net VSS & Blockage of Cell qmem_instance  ( M1 )
Bounds : ( 50.000, 561.350 ) ( 208.600, 561.600 )


SHORT: ( Metal Short ) Special Wire of Net VDD & Blockage of Cell kmem_instance  ( M4 )
Bounds : ( 72.000, 315.980 ) ( 73.000, 318.980 )


SHORT: ( Metal Short ) Special Wire of Net VDD & Blockage of Cell kmem_instance  ( M4 )
Bounds : ( 111.000, 315.980 ) ( 112.000, 318.980 )


SHORT: ( Metal Short ) Special Wire of Net VDD & Blockage of Cell kmem_instance  ( M4 )
Bounds : ( 150.000, 315.980 ) ( 151.000, 318.980 )


SHORT: ( Metal Short ) Special Wire of Net VDD & Blockage of Cell kmem_instance  ( M4 )
Bounds : ( 189.000, 315.980 ) ( 190.000, 318.980 )


SHORT: ( Metal Short ) Special Wire of Net VDD & Blockage of Cell kmem_instance  ( M4 )
Bounds : ( 72.000, 356.120 ) ( 73.000, 357.600 )


SHORT: ( Metal Short ) Special Wire of Net VDD & Blockage of Cell kmem_instance  ( M4 )
Bounds : ( 111.000, 356.120 ) ( 112.000, 357.600 )


SHORT: ( Metal Short ) Special Wire of Net VDD & Blockage of Cell kmem_instance  ( M4 )
Bounds : ( 150.000, 356.120 ) ( 151.000, 357.600 )


SHORT: ( Metal Short ) Special Wire of Net VDD & Blockage of Cell kmem_instance  ( M4 )
Bounds : ( 189.000, 356.120 ) ( 190.000, 357.600 )


SHORT: ( Metal Short ) Special Wire of Net VDD & Blockage of Cell qmem_instance  ( M4 )
Bounds : ( 72.000, 436.400 ) ( 73.000, 439.400 )


SHORT: ( Metal Short ) Special Wire of Net VDD & Blockage of Cell qmem_instance  ( M4 )
Bounds : ( 111.000, 436.400 ) ( 112.000, 439.400 )


SHORT: ( Metal Short ) Special Wire of Net VDD & Blockage of Cell qmem_instance  ( M4 )
Bounds : ( 150.000, 436.400 ) ( 151.000, 439.400 )


SHORT: ( Metal Short ) Special Wire of Net VDD & Blockage of Cell qmem_instance  ( M4 )
Bounds : ( 189.000, 436.400 ) ( 190.000, 439.400 )


SHORT: ( Metal Short ) Special Wire of Net VSS & Blockage of Cell kmem_instance  ( M4 )
Bounds : ( 70.000, 310.980 ) ( 71.000, 313.980 )


SHORT: ( Metal Short ) Special Wire of Net VSS & Blockage of Cell kmem_instance  ( M4 )
Bounds : ( 109.000, 310.980 ) ( 110.000, 313.980 )


SHORT: ( Metal Short ) Special Wire of Net VSS & Blockage of Cell kmem_instance  ( M4 )
Bounds : ( 148.000, 310.980 ) ( 149.000, 313.980 )


SHORT: ( Metal Short ) Special Wire of Net VSS & Blockage of Cell kmem_instance  ( M4 )
Bounds : ( 187.000, 310.980 ) ( 188.000, 313.980 )


SHORT: ( Metal Short ) Special Wire of Net VSS & Blockage of Cell kmem_instance  ( M4 )
Bounds : ( 70.000, 351.120 ) ( 71.000, 354.120 )


SHORT: ( Metal Short ) Special Wire of Net VSS & Blockage of Cell kmem_instance  ( M4 )
Bounds : ( 109.000, 351.120 ) ( 110.000, 354.120 )


SHORT: ( Metal Short ) Special Wire of Net VSS & Blockage of Cell kmem_instance  ( M4 )
Bounds : ( 148.000, 351.120 ) ( 149.000, 354.120 )


SHORT: ( Metal Short ) Special Wire of Net VSS & Blockage of Cell kmem_instance  ( M4 )
Bounds : ( 187.000, 351.120 ) ( 188.000, 354.120 )


SHORT: ( Metal Short ) Special Wire of Net VSS & Blockage of Cell qmem_instance  ( M4 )
Bounds : ( 109.000, 401.000 ) ( 110.000, 402.000 )


SHORT: ( Metal Short ) Special Wire of Net VSS & Blockage of Cell qmem_instance  ( M4 )
Bounds : ( 70.000, 431.400 ) ( 71.000, 434.400 )


SHORT: ( Metal Short ) Special Wire of Net VSS & Blockage of Cell qmem_instance  ( M4 )
Bounds : ( 109.000, 431.400 ) ( 110.000, 434.400 )


SHORT: ( Metal Short ) Special Wire of Net VSS & Blockage of Cell qmem_instance  ( M4 )
Bounds : ( 148.000, 431.400 ) ( 149.000, 434.400 )


SHORT: ( Metal Short ) Special Wire of Net VSS & Blockage of Cell qmem_instance  ( M4 )
Bounds : ( 187.000, 431.400 ) ( 188.000, 434.400 )


SHORT: ( Metal Short ) Special Wire of Net VDD & Blockage of Cell kmem_instance  ( M1 )
Bounds : ( 50.000, 359.600 ) ( 208.600, 359.850 )


SHORT: ( Metal Short ) Special Wire of Net VSS & Blockage of Cell kmem_instance  ( M1 )
Bounds : ( 50.000, 361.350 ) ( 208.600, 361.765 )


SHORT: ( Metal Short ) Special Wire of Net VSS & Blockage of Cell psum_mem_instance  ( M4 )
Bounds : ( 409.375, 182.760 ) ( 409.625, 182.765 )


SPACING: ( ParallelRunLength Spacing ) Special Wire of Net VSS & Blockage of Cell FE_RC_7889_0  ( M1 )
Bounds : ( 346.935, 186.410 ) ( 347.000, 186.600 )


SPACING: ( ParallelRunLength Spacing ) Special Wire of Net VSS & Pin of Cell FE_RC_7889_0  ( M1 )
Bounds : ( 346.950, 186.300 ) ( 347.000, 186.350 )


SHORT: ( Metal Short ) Special Wire of Net VDD & Blockage of Cell kmem_instance  ( M4 )
Bounds : ( 189.000, 235.700 ) ( 190.000, 238.700 )


SHORT: ( Metal Short ) Special Wire of Net VDD & Blockage of Cell kmem_instance  ( M4 )
Bounds : ( 189.000, 275.840 ) ( 190.000, 278.840 )


SHORT: ( Metal Short ) Special Wire of Net VSS & Blockage of Cell kmem_instance  ( M4 )
Bounds : ( 187.000, 230.700 ) ( 188.000, 233.700 )


SHORT: ( Metal Short ) Special Wire of Net VSS & Blockage of Cell kmem_instance  ( M4 )
Bounds : ( 187.000, 270.840 ) ( 188.000, 273.840 )


SHORT: ( Metal Short ) Special Wire of Net VDD & Pin of Cell mac_array_instance/col_idx_3__mac_col_inst/key_q_reg_35_  ( M1 )
Bounds : ( 213.045, 198.750 ) ( 213.050, 198.930 )


SPACING: ( ParallelRunLength Spacing ) Special Wire of Net VDD  ( M1 )
Bounds : ( 213.050, 199.000 ) ( 213.080, 199.040 )


SHORT: ( Metal Short ) Special Wire of Net VDD & Blockage of Cell mac_array_instance/col_idx_3__mac_col_inst/key_q_reg_35_  ( M1 )
Bounds : ( 214.335, 198.285 ) ( 214.665, 198.395 )


SHORT: ( Metal Short ) Special Wire of Net VDD & Blockage of Cell mac_array_instance/col_idx_3__mac_col_inst/key_q_reg_35_  ( M1 )
Bounds : ( 214.390, 198.285 ) ( 214.500, 199.120 )


SHORT: ( Metal Short ) Special Wire of Net VDD & Blockage of Cell mac_array_instance/col_idx_3__mac_col_inst/key_q_reg_35_  ( M1 )
Bounds : ( 214.600, 198.680 ) ( 214.665, 199.125 )


SPACING: ( ParallelRunLength Spacing ) Special Wire of Net VDD & Blockage of Cell mac_array_instance/col_idx_3__mac_col_inst/key_q_reg_35_  ( M1 )
Bounds : ( 214.335, 199.165 ) ( 214.665, 199.235 )


SPACING: ( ParallelRunLength Spacing ) Special Wire of Net VDD  ( M1 )
Bounds : ( 214.260, 198.680 ) ( 214.335, 198.835 )


SHORT: ( Metal Short ) Special Wire of Net VDD & Blockage of Cell mac_array_instance/col_idx_3__mac_col_inst/key_q_reg_35_  ( M1 )
Bounds : ( 214.335, 198.075 ) ( 214.665, 198.170 )


SHORT: ( Metal Short ) Special Wire of Net VDD & Blockage of Cell mac_array_instance/col_idx_3__mac_col_inst/key_q_reg_35_  ( M1 )
Bounds : ( 214.215, 198.995 ) ( 214.500, 199.120 )


SPACING: ( ParallelRunLength Spacing ) Special Wire of Net VDD & Blockage of Cell mac_array_instance/col_idx_3__mac_col_inst/key_q_reg_35_  ( M1 )
Bounds : ( 214.125, 199.165 ) ( 214.665, 199.235 )


SPACING: ( ParallelRunLength Spacing ) Special Wire of Net VDD & Pin of Cell mac_array_instance/col_idx_3__mac_col_inst/key_q_reg_35_  ( M1 )
Bounds : ( 213.760, 199.165 ) ( 213.935, 199.205 )


SHORT: ( Metal Short ) Special Wire of Net VDD & Pin of Cell mac_array_instance/col_idx_3__mac_col_inst/key_q_reg_35_  ( M1 )
Bounds : ( 214.050, 198.835 ) ( 214.260, 198.890 )


SHORT: ( Metal Short ) Special Wire of Net VDD & Blockage of Cell mac_array_instance/col_idx_3__mac_col_inst/key_q_reg_35_  ( M1 )
Bounds : ( 213.540, 198.980 ) ( 214.125, 199.100 )


SHORT: ( Metal Short ) Special Wire of Net VDD & Blockage of Cell mac_array_instance/col_idx_3__mac_col_inst/key_q_reg_35_  ( M1 )
Bounds : ( 214.025, 198.980 ) ( 214.125, 199.165 )


SHORT: ( Metal Short ) Special Wire of Net VDD & Blockage of Cell mac_array_instance/col_idx_3__mac_col_inst/key_q_reg_35_  ( M1 )
Bounds : ( 213.540, 198.940 ) ( 213.800, 199.100 )


SHORT: ( Metal Short ) Special Wire of Net VDD & Blockage of Cell mac_array_instance/col_idx_3__mac_col_inst/key_q_reg_35_  ( M1 )
Bounds : ( 213.680, 198.835 ) ( 213.800, 199.100 )


SHORT: ( Metal Short ) Special Wire of Net VDD & Blockage of Cell mac_array_instance/col_idx_3__mac_col_inst/key_q_reg_35_  ( M1 )
Bounds : ( 213.080, 199.040 ) ( 213.180, 199.165 )


SHORT: ( Metal Short ) Special Wire of Net VDD & Blockage of Cell mac_array_instance/col_idx_3__mac_col_inst/key_q_reg_35_  ( M1 )
Bounds : ( 213.320, 198.835 ) ( 213.420, 199.140 )


SHORT: ( Metal Short ) Special Wire of Net VDD & Blockage of Cell mac_array_instance/col_idx_3__mac_col_inst/key_q_reg_35_  ( M1 )
Bounds : ( 213.080, 199.040 ) ( 213.420, 199.140 )


SPACING: ( ParallelRunLength Spacing ) Special Wire of Net VDD & Blockage of Cell mac_array_instance/col_idx_3__mac_col_inst/key_q_reg_35_  ( M1 )
Bounds : ( 213.420, 198.830 ) ( 213.570, 198.835 )


SHORT: ( Metal Short ) Special Wire of Net VDD & Pin of Cell mac_array_instance/col_idx_3__mac_col_inst/key_q_reg_35_  ( M1 )
Bounds : ( 213.045, 198.835 ) ( 213.155, 198.930 )


SPACING: ( ParallelRunLength Spacing ) Special Wire of Net VDD  ( M1 )
Bounds : ( 213.155, 198.830 ) ( 213.200, 198.835 )


SHORT: ( Metal Short ) Special Wire of Net VDD & Blockage of Cell kmem_instance  ( M4 )
Bounds : ( 72.000, 235.700 ) ( 73.000, 238.700 )


SHORT: ( Metal Short ) Special Wire of Net VDD & Blockage of Cell kmem_instance  ( M4 )
Bounds : ( 111.000, 235.700 ) ( 112.000, 238.700 )


SHORT: ( Metal Short ) Special Wire of Net VDD & Blockage of Cell kmem_instance  ( M4 )
Bounds : ( 150.000, 235.700 ) ( 151.000, 238.700 )


SHORT: ( Metal Short ) Special Wire of Net VDD & Blockage of Cell kmem_instance  ( M4 )
Bounds : ( 72.000, 275.840 ) ( 73.000, 278.840 )


SHORT: ( Metal Short ) Special Wire of Net VDD & Blockage of Cell kmem_instance  ( M4 )
Bounds : ( 111.000, 275.840 ) ( 112.000, 278.840 )


SHORT: ( Metal Short ) Special Wire of Net VDD & Blockage of Cell kmem_instance  ( M4 )
Bounds : ( 150.000, 275.840 ) ( 151.000, 278.840 )


SHORT: ( Metal Short ) Special Wire of Net VSS & Blockage of Cell kmem_instance  ( M4 )
Bounds : ( 148.375, 201.000 ) ( 148.625, 202.000 )


SHORT: ( Metal Short ) Special Wire of Net VSS & Blockage of Cell kmem_instance  ( M4 )
Bounds : ( 70.000, 230.700 ) ( 71.000, 233.700 )


SHORT: ( Metal Short ) Special Wire of Net VSS & Blockage of Cell kmem_instance  ( M4 )
Bounds : ( 109.000, 230.700 ) ( 110.000, 233.700 )


SHORT: ( Metal Short ) Special Wire of Net VSS & Blockage of Cell kmem_instance  ( M4 )
Bounds : ( 148.000, 230.700 ) ( 149.000, 233.700 )


SHORT: ( Metal Short ) Special Wire of Net VSS & Blockage of Cell kmem_instance  ( M4 )
Bounds : ( 70.000, 270.840 ) ( 71.000, 273.840 )


SHORT: ( Metal Short ) Special Wire of Net VSS & Blockage of Cell kmem_instance  ( M4 )
Bounds : ( 109.000, 270.840 ) ( 110.000, 273.840 )


SHORT: ( Metal Short ) Special Wire of Net VSS & Blockage of Cell kmem_instance  ( M4 )
Bounds : ( 148.000, 270.840 ) ( 149.000, 273.840 )


  Total Violations : 95 Viols.
