###############################################################
#  Generated by:      Cadence Innovus 15.23-s045_1
#  OS:                Linux x86_64(Host ID ieng6-ece-20.ucsd.edu)
#  Generated on:      Tue Mar  4 02:08:17 2025
#  Design:            fullchip
#  Command:           verifyGeometry
###############################################################

SHORT: Regular Via of Net core_instance/mac_array_instance/q_temp[75] & Blockage of Cell core_instance/mac_array_instance/col_idx_1__mac_col_inst/FE_OFC862_q_temp_75_  ( M1 )
Bounds : ( 146.810, 168.950 ) ( 146.990, 169.050 )


SHORT: Regular Via of Net core_instance/mac_array_instance/col_idx_6__mac_col_inst/mac_16in_instance/n1367 & Blockage of Cell core_instance/mac_array_instance/col_idx_6__mac_col_inst/mac_16in_instance/U856  ( M1 )
Bounds : ( 343.810, 264.305 ) ( 343.990, 264.405 )



Begin Summary ...
  Cells       : 0
  SameNet     : 0
  Wiring      : 0
  Antenna     : 0
  Short       : 2
  Overlap     : 0
End Summary

  Total Violations : 2 Viols.
