###############################################################
#  Generated by:      Cadence Innovus 15.23-s045_1
#  OS:                Linux x86_64(Host ID ieng6-ece-20.ucsd.edu)
#  Generated on:      Tue Mar  4 02:08:40 2025
#  Design:            fullchip
#  Command:           report_timing -max_paths 5 > ${design}.post_route.timing.rpt
###############################################################
Path 1: VIOLATED Setup Check with Pin core_instance/ofifo_inst/col_idx_0__fifo_
instance/q3_reg_14_/CP 
Endpoint:   core_instance/ofifo_inst/col_idx_0__fifo_instance/q3_reg_14_/D      
(^) checked with  leading edge of 'clk'
Beginpoint: core_instance/mac_array_instance/col_idx_1__mac_col_inst/key_q_reg_
19_/Q (v) triggered by  leading edge of 'clk'
Path Groups: {clk}
Analysis View: WC_VIEW
Other End Arrival Time          0.357
- Setup                         0.016
+ Phase Shift                   2.000
+ CPPR Adjustment               0.000
= Required Time                 2.341
- Arrival Time                  2.444
= Slack Time                   -0.103
     Clock Rise Edge                 0.000
     + Clock Network Latency (Prop)  0.286
     = Beginpoint Arrival Time       0.286
     +----------------------------------------------------------------------------------------------------------+ 
     |                      Instance                      |     Arc      |  Cell   | Delay | Arrival | Required | 
     |                                                    |              |         |       |  Time   |   Time   | 
     |----------------------------------------------------+--------------+---------+-------+---------+----------| 
     | core_instance/mac_array_instance/col_idx_1__mac_co | CP ^         |         |       |   0.286 |    0.184 | 
     | l_inst/key_q_reg_19_                               |              |         |       |         |          | 
     | core_instance/mac_array_instance/col_idx_1__mac_co | CP ^ -> Q v  | DFQD1   | 0.155 |   0.442 |    0.339 | 
     | l_inst/key_q_reg_19_                               |              |         |       |         |          | 
     | core_instance/mac_array_instance/col_idx_1__mac_co | I v -> Z v   | BUFFD2  | 0.076 |   0.518 |    0.415 | 
     | l_inst/FE_OFC581_key_q_19_                         |              |         |       |         |          | 
     | core_instance/mac_array_instance/col_idx_1__mac_co | A2 v -> ZN ^ | XNR2D4  | 0.139 |   0.657 |    0.554 | 
     | l_inst/mac_16in_instance/U70                       |              |         |       |         |          | 
     | core_instance/mac_array_instance/col_idx_1__mac_co | A1 ^ -> ZN v | CKND2D2 | 0.071 |   0.728 |    0.626 | 
     | l_inst/mac_16in_instance/U69                       |              |         |       |         |          | 
     | core_instance/mac_array_instance/col_idx_1__mac_co | A1 v -> ZN ^ | OAI22D1 | 0.127 |   0.856 |    0.753 | 
     | l_inst/mac_16in_instance/U213                      |              |         |       |         |          | 
     | core_instance/mac_array_instance/col_idx_1__mac_co | CI ^ -> CO ^ | FA1D0   | 0.146 |   1.002 |    0.899 | 
     | l_inst/mac_16in_instance/U873                      |              |         |       |         |          | 
     | core_instance/mac_array_instance/col_idx_1__mac_co | A ^ -> CO ^  | FA1D0   | 0.215 |   1.217 |    1.115 | 
     | l_inst/mac_16in_instance/U830                      |              |         |       |         |          | 
     | core_instance/mac_array_instance/col_idx_1__mac_co | A ^ -> CO ^  | FA1D1   | 0.170 |   1.388 |    1.285 | 
     | l_inst/mac_16in_instance/U992                      |              |         |       |         |          | 
     | core_instance/mac_array_instance/col_idx_1__mac_co | B ^ -> S ^   | FA1D1   | 0.165 |   1.552 |    1.450 | 
     | l_inst/mac_16in_instance/U851                      |              |         |       |         |          | 
     | core_instance/mac_array_instance/col_idx_1__mac_co | I ^ -> ZN v  | INVD1   | 0.033 |   1.585 |    1.482 | 
     | l_inst/mac_16in_instance/FE_RC_96_0                |              |         |       |         |          | 
     | core_instance/mac_array_instance/col_idx_1__mac_co | A1 v -> ZN ^ | CKND2D1 | 0.038 |   1.623 |    1.520 | 
     | l_inst/mac_16in_instance/FE_RC_90_0                |              |         |       |         |          | 
     | core_instance/mac_array_instance/col_idx_1__mac_co | B1 ^ -> ZN v | IND2D1  | 0.034 |   1.657 |    1.554 | 
     | l_inst/mac_16in_instance/FE_RC_88_0                |              |         |       |         |          | 
     | core_instance/mac_array_instance/col_idx_1__mac_co | A1 v -> ZN ^ | CKND2D1 | 0.041 |   1.698 |    1.595 | 
     | l_inst/mac_16in_instance/FE_RC_87_0                |              |         |       |         |          | 
     | core_instance/mac_array_instance/col_idx_1__mac_co | I ^ -> ZN v  | CKND2   | 0.032 |   1.730 |    1.627 | 
     | l_inst/mac_16in_instance/FE_RC_179_0               |              |         |       |         |          | 
     | core_instance/mac_array_instance/col_idx_1__mac_co | B1 v -> ZN ^ | INR2XD1 | 0.041 |   1.771 |    1.668 | 
     | l_inst/mac_16in_instance/FE_RC_174_0               |              |         |       |         |          | 
     | core_instance/mac_array_instance/col_idx_1__mac_co | I ^ -> ZN v  | CKND2   | 0.029 |   1.800 |    1.697 | 
     | l_inst/mac_16in_instance/FE_RC_180_0               |              |         |       |         |          | 
     | core_instance/mac_array_instance/col_idx_1__mac_co | A2 v -> ZN ^ | ND2D2   | 0.026 |   1.826 |    1.723 | 
     | l_inst/mac_16in_instance/FE_RC_169_0               |              |         |       |         |          | 
     | core_instance/mac_array_instance/col_idx_1__mac_co | A ^ -> CO ^  | FA1D1   | 0.167 |   1.992 |    1.890 | 
     | l_inst/mac_16in_instance/U56                       |              |         |       |         |          | 
     | core_instance/mac_array_instance/col_idx_1__mac_co | A2 ^ -> ZN v | NR2D2   | 0.036 |   2.029 |    1.926 | 
     | l_inst/mac_16in_instance/U94                       |              |         |       |         |          | 
     | core_instance/mac_array_instance/col_idx_1__mac_co | A2 v -> ZN ^ | NR2D2   | 0.055 |   2.083 |    1.981 | 
     | l_inst/mac_16in_instance/U95                       |              |         |       |         |          | 
     | core_instance/mac_array_instance/col_idx_1__mac_co | I ^ -> ZN v  | INVD1   | 0.042 |   2.126 |    2.023 | 
     | l_inst/mac_16in_instance/U340                      |              |         |       |         |          | 
     | core_instance/mac_array_instance/col_idx_1__mac_co | A1 v -> ZN ^ | NR2XD0  | 0.043 |   2.169 |    2.066 | 
     | l_inst/mac_16in_instance/U371                      |              |         |       |         |          | 
     | core_instance/mac_array_instance/col_idx_1__mac_co | A2 ^ -> ZN v | AOI21D1 | 0.054 |   2.223 |    2.120 | 
     | l_inst/mac_16in_instance/U84                       |              |         |       |         |          | 
     | core_instance/mac_array_instance/col_idx_1__mac_co | A1 v -> ZN ^ | NR2D1   | 0.060 |   2.283 |    2.180 | 
     | l_inst/mac_16in_instance/FE_RC_231_0               |              |         |       |         |          | 
     | core_instance/mac_array_instance/col_idx_1__mac_co | A1 ^ -> ZN ^ | IND2D4  | 0.069 |   2.352 |    2.249 | 
     | l_inst/mac_16in_instance/FE_RC_230_0               |              |         |       |         |          | 
     | core_instance/ofifo_inst/col_idx_0__fifo_instance/ | I1 ^ -> Z ^  | MUX2D0  | 0.092 |   2.444 |    2.341 | 
     | U11                                                |              |         |       |         |          | 
     | core_instance/ofifo_inst/col_idx_0__fifo_instance/ | D ^          | DFQD1   | 0.000 |   2.444 |    2.341 | 
     | q3_reg_14_                                         |              |         |       |         |          | 
     +----------------------------------------------------------------------------------------------------------+ 
Path 2: VIOLATED Setup Check with Pin core_instance/ofifo_inst/col_idx_1__fifo_
instance/q2_reg_16_/CP 
Endpoint:   core_instance/ofifo_inst/col_idx_1__fifo_instance/q2_reg_16_/D      
(^) checked with  leading edge of 'clk'
Beginpoint: core_instance/mac_array_instance/col_idx_2__mac_col_inst/key_q_reg_
61_/Q (^) triggered by  leading edge of 'clk'
Path Groups: {clk}
Analysis View: WC_VIEW
Other End Arrival Time          0.266
- Setup                         0.008
+ Phase Shift                   2.000
+ CPPR Adjustment               0.000
= Required Time                 2.259
- Arrival Time                  2.357
= Slack Time                   -0.099
     Clock Rise Edge                 0.000
     + Clock Network Latency (Prop)  0.284
     = Beginpoint Arrival Time       0.284
     +-----------------------------------------------------------------------------------------------------------+ 
     |                      Instance                      |     Arc      |   Cell   | Delay | Arrival | Required | 
     |                                                    |              |          |       |  Time   |   Time   | 
     |----------------------------------------------------+--------------+----------+-------+---------+----------| 
     | core_instance/mac_array_instance/col_idx_2__mac_co | CP ^         |          |       |   0.284 |    0.185 | 
     | l_inst/key_q_reg_61_                               |              |          |       |         |          | 
     | core_instance/mac_array_instance/col_idx_2__mac_co | CP ^ -> Q ^  | DFQD4    | 0.167 |   0.451 |    0.352 | 
     | l_inst/key_q_reg_61_                               |              |          |       |         |          | 
     | core_instance/mac_array_instance/col_idx_2__mac_co | B1 ^ -> ZN v | IOA22D4  | 0.146 |   0.596 |    0.497 | 
     | l_inst/mac_16in_instance/FE_RC_1475_0              |              |          |       |         |          | 
     | core_instance/mac_array_instance/col_idx_2__mac_co | B1 v -> ZN ^ | INR2XD0  | 0.071 |   0.668 |    0.569 | 
     | l_inst/mac_16in_instance/U394                      |              |          |       |         |          | 
     | core_instance/mac_array_instance/col_idx_2__mac_co | B ^ -> CO ^  | HA1D0    | 0.206 |   0.873 |    0.775 | 
     | l_inst/mac_16in_instance/U663                      |              |          |       |         |          | 
     | core_instance/mac_array_instance/col_idx_2__mac_co | CI ^ -> CO ^ | FA1D1    | 0.118 |   0.991 |    0.892 | 
     | l_inst/mac_16in_instance/U667                      |              |          |       |         |          | 
     | core_instance/mac_array_instance/col_idx_2__mac_co | A ^ -> S v   | FA1D1    | 0.153 |   1.144 |    1.045 | 
     | l_inst/mac_16in_instance/U763                      |              |          |       |         |          | 
     | core_instance/mac_array_instance/col_idx_2__mac_co | A v -> CO v  | FA1D1    | 0.157 |   1.302 |    1.203 | 
     | l_inst/mac_16in_instance/U711                      |              |          |       |         |          | 
     | core_instance/mac_array_instance/col_idx_2__mac_co | A v -> S ^   | FA1D1    | 0.147 |   1.448 |    1.349 | 
     | l_inst/mac_16in_instance/U767                      |              |          |       |         |          | 
     | core_instance/mac_array_instance/col_idx_2__mac_co | CI ^ -> CO ^ | FA1D1    | 0.081 |   1.529 |    1.430 | 
     | l_inst/mac_16in_instance/U728                      |              |          |       |         |          | 
     | core_instance/mac_array_instance/col_idx_2__mac_co | A ^ -> CO ^  | FA1D1    | 0.264 |   1.793 |    1.694 | 
     | l_inst/mac_16in_instance/U1003                     |              |          |       |         |          | 
     | core_instance/mac_array_instance/col_idx_2__mac_co | B ^ -> CO ^  | FA1D4    | 0.198 |   1.991 |    1.892 | 
     | l_inst/mac_16in_instance/U58                       |              |          |       |         |          | 
     | core_instance/mac_array_instance/col_idx_2__mac_co | A1 ^ -> ZN v | NR2D8    | 0.024 |   2.015 |    1.916 | 
     | l_inst/mac_16in_instance/U55                       |              |          |       |         |          | 
     | core_instance/mac_array_instance/col_idx_2__mac_co | A1 v -> ZN ^ | NR2D3    | 0.039 |   2.053 |    1.955 | 
     | l_inst/mac_16in_instance/U75                       |              |          |       |         |          | 
     | core_instance/mac_array_instance/col_idx_2__mac_co | I ^ -> ZN v  | CKND2    | 0.027 |   2.081 |    1.982 | 
     | l_inst/mac_16in_instance/U23                       |              |          |       |         |          | 
     | core_instance/mac_array_instance/col_idx_2__mac_co | A1 v -> Z v  | OR2D1    | 0.060 |   2.141 |    2.042 | 
     | l_inst/mac_16in_instance/U48                       |              |          |       |         |          | 
     | core_instance/mac_array_instance/col_idx_2__mac_co | A2 v -> ZN ^ | NR2D2    | 0.039 |   2.180 |    2.081 | 
     | l_inst/mac_16in_instance/U77                       |              |          |       |         |          | 
     | core_instance/mac_array_instance/col_idx_2__mac_co | A1 ^ -> ZN v | NR2XD1   | 0.030 |   2.210 |    2.111 | 
     | l_inst/mac_16in_instance/U78                       |              |          |       |         |          | 
     | core_instance/mac_array_instance/col_idx_2__mac_co | A1 v -> Z ^  | CKXOR2D4 | 0.085 |   2.295 |    2.196 | 
     | l_inst/mac_16in_instance/U83                       |              |          |       |         |          | 
     | core_instance/ofifo_inst/col_idx_1__fifo_instance/ | I1 ^ -> Z ^  | MUX2D1   | 0.063 |   2.357 |    2.259 | 
     | U66                                                |              |          |       |         |          | 
     | core_instance/ofifo_inst/col_idx_1__fifo_instance/ | D ^          | DFQD1    | 0.000 |   2.357 |    2.259 | 
     | q2_reg_16_                                         |              |          |       |         |          | 
     +-----------------------------------------------------------------------------------------------------------+ 
Path 3: VIOLATED Setup Check with Pin core_instance/ofifo_inst/col_idx_1__fifo_
instance/q7_reg_13_/CP 
Endpoint:   core_instance/ofifo_inst/col_idx_1__fifo_instance/q7_reg_13_/D      
(^) checked with  leading edge of 'clk'
Beginpoint: core_instance/mac_array_instance/col_idx_2__mac_col_inst/key_q_reg_
61_/Q (^) triggered by  leading edge of 'clk'
Path Groups: {clk}
Analysis View: WC_VIEW
Other End Arrival Time          0.289
- Setup                         0.016
+ Phase Shift                   2.000
+ CPPR Adjustment               0.000
= Required Time                 2.273
- Arrival Time                  2.372
= Slack Time                   -0.099
     Clock Rise Edge                 0.000
     + Clock Network Latency (Prop)  0.284
     = Beginpoint Arrival Time       0.284
     +----------------------------------------------------------------------------------------------------------+ 
     |                      Instance                      |     Arc      |  Cell   | Delay | Arrival | Required | 
     |                                                    |              |         |       |  Time   |   Time   | 
     |----------------------------------------------------+--------------+---------+-------+---------+----------| 
     | core_instance/mac_array_instance/col_idx_2__mac_co | CP ^         |         |       |   0.284 |    0.185 | 
     | l_inst/key_q_reg_61_                               |              |         |       |         |          | 
     | core_instance/mac_array_instance/col_idx_2__mac_co | CP ^ -> Q ^  | DFQD4   | 0.167 |   0.451 |    0.352 | 
     | l_inst/key_q_reg_61_                               |              |         |       |         |          | 
     | core_instance/mac_array_instance/col_idx_2__mac_co | B1 ^ -> ZN v | IOA22D4 | 0.146 |   0.596 |    0.497 | 
     | l_inst/mac_16in_instance/FE_RC_1475_0              |              |         |       |         |          | 
     | core_instance/mac_array_instance/col_idx_2__mac_co | B1 v -> ZN ^ | INR2XD0 | 0.071 |   0.668 |    0.569 | 
     | l_inst/mac_16in_instance/U394                      |              |         |       |         |          | 
     | core_instance/mac_array_instance/col_idx_2__mac_co | B ^ -> CO ^  | HA1D0   | 0.206 |   0.873 |    0.775 | 
     | l_inst/mac_16in_instance/U663                      |              |         |       |         |          | 
     | core_instance/mac_array_instance/col_idx_2__mac_co | CI ^ -> CO ^ | FA1D1   | 0.118 |   0.991 |    0.892 | 
     | l_inst/mac_16in_instance/U667                      |              |         |       |         |          | 
     | core_instance/mac_array_instance/col_idx_2__mac_co | A ^ -> S v   | FA1D1   | 0.153 |   1.144 |    1.045 | 
     | l_inst/mac_16in_instance/U763                      |              |         |       |         |          | 
     | core_instance/mac_array_instance/col_idx_2__mac_co | A v -> S ^   | FA1D1   | 0.168 |   1.312 |    1.213 | 
     | l_inst/mac_16in_instance/U711                      |              |         |       |         |          | 
     | core_instance/mac_array_instance/col_idx_2__mac_co | A ^ -> S v   | FA1D1   | 0.160 |   1.471 |    1.373 | 
     | l_inst/mac_16in_instance/U300                      |              |         |       |         |          | 
     | core_instance/mac_array_instance/col_idx_2__mac_co | A v -> CO v  | FA1D1   | 0.163 |   1.635 |    1.536 | 
     | l_inst/mac_16in_instance/U68                       |              |         |       |         |          | 
     | core_instance/mac_array_instance/col_idx_2__mac_co | A v -> CO v  | FA1D1   | 0.178 |   1.813 |    1.714 | 
     | l_inst/mac_16in_instance/U64                       |              |         |       |         |          | 
     | core_instance/mac_array_instance/col_idx_2__mac_co | A v -> S v   | FA1D4   | 0.169 |   1.981 |    1.883 | 
     | l_inst/mac_16in_instance/U60                       |              |         |       |         |          | 
     | core_instance/mac_array_instance/col_idx_2__mac_co | A1 v -> ZN ^ | NR2XD2  | 0.038 |   2.019 |    1.920 | 
     | l_inst/mac_16in_instance/U57                       |              |         |       |         |          | 
     | core_instance/mac_array_instance/col_idx_2__mac_co | A1 ^ -> Z ^  | OA21D4  | 0.062 |   2.081 |    1.982 | 
     | l_inst/mac_16in_instance/U54                       |              |         |       |         |          | 
     | core_instance/mac_array_instance/col_idx_2__mac_co | A2 ^ -> ZN v | CKND2D8 | 0.031 |   2.112 |    2.014 | 
     | l_inst/mac_16in_instance/U29                       |              |         |       |         |          | 
     | core_instance/mac_array_instance/col_idx_2__mac_co | A1 v -> ZN ^ | AOI21D1 | 0.066 |   2.179 |    2.080 | 
     | l_inst/mac_16in_instance/U82                       |              |         |       |         |          | 
     | core_instance/mac_array_instance/col_idx_2__mac_co | B1 ^ -> ZN v | IND2D1  | 0.062 |   2.240 |    2.141 | 
     | l_inst/mac_16in_instance/FE_RC_304_0               |              |         |       |         |          | 
     | core_instance/mac_array_instance/col_idx_2__mac_co | A2 v -> ZN ^ | ND2D3   | 0.045 |   2.286 |    2.187 | 
     | l_inst/mac_16in_instance/FE_RC_301_0               |              |         |       |         |          | 
     | core_instance/ofifo_inst/col_idx_1__fifo_instance/ | I1 ^ -> Z ^  | MUX2D0  | 0.086 |   2.372 |    2.273 | 
     | U55                                                |              |         |       |         |          | 
     | core_instance/ofifo_inst/col_idx_1__fifo_instance/ | D ^          | DFQD1   | 0.000 |   2.372 |    2.273 | 
     | q7_reg_13_                                         |              |         |       |         |          | 
     +----------------------------------------------------------------------------------------------------------+ 
Path 4: VIOLATED Setup Check with Pin core_instance/ofifo_inst/col_idx_1__fifo_
instance/q1_reg_15_/CP 
Endpoint:   core_instance/ofifo_inst/col_idx_1__fifo_instance/q1_reg_15_/D      
(v) checked with  leading edge of 'clk'
Beginpoint: core_instance/mac_array_instance/col_idx_2__mac_col_inst/key_q_reg_
61_/Q (^) triggered by  leading edge of 'clk'
Path Groups: {clk}
Analysis View: WC_VIEW
Other End Arrival Time          0.267
- Setup                         0.069
+ Phase Shift                   2.000
+ CPPR Adjustment               0.000
= Required Time                 2.198
- Arrival Time                  2.295
= Slack Time                   -0.097
     Clock Rise Edge                 0.000
     + Clock Network Latency (Prop)  0.284
     = Beginpoint Arrival Time       0.284
     +-----------------------------------------------------------------------------------------------------------+ 
     |                      Instance                      |     Arc      |   Cell   | Delay | Arrival | Required | 
     |                                                    |              |          |       |  Time   |   Time   | 
     |----------------------------------------------------+--------------+----------+-------+---------+----------| 
     | core_instance/mac_array_instance/col_idx_2__mac_co | CP ^         |          |       |   0.284 |    0.186 | 
     | l_inst/key_q_reg_61_                               |              |          |       |         |          | 
     | core_instance/mac_array_instance/col_idx_2__mac_co | CP ^ -> Q ^  | DFQD4    | 0.167 |   0.451 |    0.353 | 
     | l_inst/key_q_reg_61_                               |              |          |       |         |          | 
     | core_instance/mac_array_instance/col_idx_2__mac_co | B1 ^ -> ZN v | IOA22D4  | 0.146 |   0.596 |    0.499 | 
     | l_inst/mac_16in_instance/FE_RC_1475_0              |              |          |       |         |          | 
     | core_instance/mac_array_instance/col_idx_2__mac_co | B1 v -> ZN ^ | INR2XD0  | 0.071 |   0.668 |    0.570 | 
     | l_inst/mac_16in_instance/U394                      |              |          |       |         |          | 
     | core_instance/mac_array_instance/col_idx_2__mac_co | B ^ -> CO ^  | HA1D0    | 0.206 |   0.873 |    0.776 | 
     | l_inst/mac_16in_instance/U663                      |              |          |       |         |          | 
     | core_instance/mac_array_instance/col_idx_2__mac_co | CI ^ -> CO ^ | FA1D1    | 0.118 |   0.991 |    0.894 | 
     | l_inst/mac_16in_instance/U667                      |              |          |       |         |          | 
     | core_instance/mac_array_instance/col_idx_2__mac_co | A ^ -> S v   | FA1D1    | 0.153 |   1.144 |    1.047 | 
     | l_inst/mac_16in_instance/U763                      |              |          |       |         |          | 
     | core_instance/mac_array_instance/col_idx_2__mac_co | A v -> CO v  | FA1D1    | 0.157 |   1.302 |    1.204 | 
     | l_inst/mac_16in_instance/U711                      |              |          |       |         |          | 
     | core_instance/mac_array_instance/col_idx_2__mac_co | A v -> S ^   | FA1D1    | 0.147 |   1.448 |    1.351 | 
     | l_inst/mac_16in_instance/U767                      |              |          |       |         |          | 
     | core_instance/mac_array_instance/col_idx_2__mac_co | CI ^ -> CO ^ | FA1D1    | 0.081 |   1.529 |    1.432 | 
     | l_inst/mac_16in_instance/U728                      |              |          |       |         |          | 
     | core_instance/mac_array_instance/col_idx_2__mac_co | A ^ -> CO ^  | FA1D1    | 0.264 |   1.793 |    1.696 | 
     | l_inst/mac_16in_instance/U1003                     |              |          |       |         |          | 
     | core_instance/mac_array_instance/col_idx_2__mac_co | B ^ -> S v   | FA1D4    | 0.203 |   1.996 |    1.899 | 
     | l_inst/mac_16in_instance/U58                       |              |          |       |         |          | 
     | core_instance/mac_array_instance/col_idx_2__mac_co | A1 v -> ZN ^ | ND2D3    | 0.033 |   2.029 |    1.932 | 
     | l_inst/mac_16in_instance/U37                       |              |          |       |         |          | 
     | core_instance/mac_array_instance/col_idx_2__mac_co | A1 ^ -> ZN v | OAI21D4  | 0.032 |   2.061 |    1.964 | 
     | l_inst/mac_16in_instance/U52                       |              |          |       |         |          | 
     | core_instance/mac_array_instance/col_idx_2__mac_co | I v -> ZN ^  | CKND3    | 0.027 |   2.088 |    1.991 | 
     | l_inst/mac_16in_instance/U33                       |              |          |       |         |          | 
     | core_instance/mac_array_instance/col_idx_2__mac_co | A1 ^ -> ZN v | OAI21D2  | 0.030 |   2.118 |    2.021 | 
     | l_inst/mac_16in_instance/FE_RC_869_0               |              |          |       |         |          | 
     | core_instance/mac_array_instance/col_idx_2__mac_co | B v -> ZN ^  | AOI21D2  | 0.062 |   2.180 |    2.083 | 
     | l_inst/mac_16in_instance/FE_RC_198_0               |              |          |       |         |          | 
     | core_instance/mac_array_instance/col_idx_2__mac_co | A1 ^ -> Z v  | CKXOR2D4 | 0.115 |   2.295 |    2.198 | 
     | l_inst/mac_16in_instance/U2                        |              |          |       |         |          | 
     | core_instance/ofifo_inst/col_idx_1__fifo_instance/ | D v          | EDFQD1   | 0.000 |   2.295 |    2.198 | 
     | q1_reg_15_                                         |              |          |       |         |          | 
     +-----------------------------------------------------------------------------------------------------------+ 
Path 5: VIOLATED Setup Check with Pin core_instance/ofifo_inst/col_idx_1__fifo_
instance/q0_reg_15_/CP 
Endpoint:   core_instance/ofifo_inst/col_idx_1__fifo_instance/q0_reg_15_/D      
(v) checked with  leading edge of 'clk'
Beginpoint: core_instance/mac_array_instance/col_idx_2__mac_col_inst/key_q_reg_
61_/Q (^) triggered by  leading edge of 'clk'
Path Groups: {clk}
Analysis View: WC_VIEW
Other End Arrival Time          0.267
- Setup                         0.069
+ Phase Shift                   2.000
+ CPPR Adjustment               0.000
= Required Time                 2.198
- Arrival Time                  2.295
= Slack Time                   -0.097
     Clock Rise Edge                 0.000
     + Clock Network Latency (Prop)  0.284
     = Beginpoint Arrival Time       0.284
     +-----------------------------------------------------------------------------------------------------------+ 
     |                      Instance                      |     Arc      |   Cell   | Delay | Arrival | Required | 
     |                                                    |              |          |       |  Time   |   Time   | 
     |----------------------------------------------------+--------------+----------+-------+---------+----------| 
     | core_instance/mac_array_instance/col_idx_2__mac_co | CP ^         |          |       |   0.284 |    0.186 | 
     | l_inst/key_q_reg_61_                               |              |          |       |         |          | 
     | core_instance/mac_array_instance/col_idx_2__mac_co | CP ^ -> Q ^  | DFQD4    | 0.167 |   0.451 |    0.353 | 
     | l_inst/key_q_reg_61_                               |              |          |       |         |          | 
     | core_instance/mac_array_instance/col_idx_2__mac_co | B1 ^ -> ZN v | IOA22D4  | 0.146 |   0.596 |    0.499 | 
     | l_inst/mac_16in_instance/FE_RC_1475_0              |              |          |       |         |          | 
     | core_instance/mac_array_instance/col_idx_2__mac_co | B1 v -> ZN ^ | INR2XD0  | 0.071 |   0.668 |    0.570 | 
     | l_inst/mac_16in_instance/U394                      |              |          |       |         |          | 
     | core_instance/mac_array_instance/col_idx_2__mac_co | B ^ -> CO ^  | HA1D0    | 0.206 |   0.873 |    0.776 | 
     | l_inst/mac_16in_instance/U663                      |              |          |       |         |          | 
     | core_instance/mac_array_instance/col_idx_2__mac_co | CI ^ -> CO ^ | FA1D1    | 0.118 |   0.991 |    0.894 | 
     | l_inst/mac_16in_instance/U667                      |              |          |       |         |          | 
     | core_instance/mac_array_instance/col_idx_2__mac_co | A ^ -> S v   | FA1D1    | 0.153 |   1.144 |    1.047 | 
     | l_inst/mac_16in_instance/U763                      |              |          |       |         |          | 
     | core_instance/mac_array_instance/col_idx_2__mac_co | A v -> CO v  | FA1D1    | 0.157 |   1.302 |    1.204 | 
     | l_inst/mac_16in_instance/U711                      |              |          |       |         |          | 
     | core_instance/mac_array_instance/col_idx_2__mac_co | A v -> S ^   | FA1D1    | 0.147 |   1.448 |    1.351 | 
     | l_inst/mac_16in_instance/U767                      |              |          |       |         |          | 
     | core_instance/mac_array_instance/col_idx_2__mac_co | CI ^ -> CO ^ | FA1D1    | 0.081 |   1.529 |    1.432 | 
     | l_inst/mac_16in_instance/U728                      |              |          |       |         |          | 
     | core_instance/mac_array_instance/col_idx_2__mac_co | A ^ -> CO ^  | FA1D1    | 0.264 |   1.793 |    1.696 | 
     | l_inst/mac_16in_instance/U1003                     |              |          |       |         |          | 
     | core_instance/mac_array_instance/col_idx_2__mac_co | B ^ -> S v   | FA1D4    | 0.203 |   1.996 |    1.899 | 
     | l_inst/mac_16in_instance/U58                       |              |          |       |         |          | 
     | core_instance/mac_array_instance/col_idx_2__mac_co | A1 v -> ZN ^ | ND2D3    | 0.033 |   2.029 |    1.932 | 
     | l_inst/mac_16in_instance/U37                       |              |          |       |         |          | 
     | core_instance/mac_array_instance/col_idx_2__mac_co | A1 ^ -> ZN v | OAI21D4  | 0.032 |   2.061 |    1.964 | 
     | l_inst/mac_16in_instance/U52                       |              |          |       |         |          | 
     | core_instance/mac_array_instance/col_idx_2__mac_co | I v -> ZN ^  | CKND3    | 0.027 |   2.088 |    1.991 | 
     | l_inst/mac_16in_instance/U33                       |              |          |       |         |          | 
     | core_instance/mac_array_instance/col_idx_2__mac_co | A1 ^ -> ZN v | OAI21D2  | 0.030 |   2.118 |    2.021 | 
     | l_inst/mac_16in_instance/FE_RC_869_0               |              |          |       |         |          | 
     | core_instance/mac_array_instance/col_idx_2__mac_co | B v -> ZN ^  | AOI21D2  | 0.062 |   2.180 |    2.083 | 
     | l_inst/mac_16in_instance/FE_RC_198_0               |              |          |       |         |          | 
     | core_instance/mac_array_instance/col_idx_2__mac_co | A1 ^ -> Z v  | CKXOR2D4 | 0.115 |   2.295 |    2.198 | 
     | l_inst/mac_16in_instance/U2                        |              |          |       |         |          | 
     | core_instance/ofifo_inst/col_idx_1__fifo_instance/ | D v          | EDFQD1   | 0.000 |   2.295 |    2.198 | 
     | q0_reg_15_                                         |              |          |       |         |          | 
     +-----------------------------------------------------------------------------------------------------------+ 

