###############################################################
#  Generated by:      Cadence Innovus 15.23-s045_1
#  OS:                Linux x86_64(Host ID ieng6-ece-20.ucsd.edu)
#  Generated on:      Tue Mar  4 00:59:42 2025
#  Design:            fullchip
#  Command:           verifyGeometry
###############################################################

SHORT: Regular Via of Net core_instance/mac_array_instance/col_idx_8__mac_col_inst/mac_16in_instance/FE_RN_13 & Blockage of Cell core_instance/mac_array_instance/col_idx_8__mac_col_inst/mac_16in_instance/FE_RC_2225_0_dup  ( M1 )
Bounds : ( 308.810, 158.800 ) ( 308.990, 158.900 )


SHORT: Regular Via of Net core_instance/mac_array_instance/col_idx_2__mac_col_inst/mac_16in_instance/n107 & Blockage of Cell core_instance/mac_array_instance/col_idx_2__mac_col_inst/mac_16in_instance/U761  ( M1 )
Bounds : ( 113.610, 323.550 ) ( 113.990, 323.650 )


SHORT: Regular Via of Net core_instance/mac_array_instance/col_idx_3__mac_col_inst/mac_16in_instance/n127 & Blockage of Cell core_instance/mac_array_instance/col_idx_3__mac_col_inst/mac_16in_instance/U775  ( M1 )
Bounds : ( 182.650, 365.510 ) ( 182.750, 365.690 )


SHORT: Regular Via of Net core_instance/mac_array_instance/col_idx_3__mac_col_inst/mac_16in_instance/FE_RN_1524_0 & Blockage of Cell core_instance/mac_array_instance/col_idx_3__mac_col_inst/mac_16in_instance/FE_RC_2256_0  ( M1 )
Bounds : ( 254.210, 401.105 ) ( 254.390, 401.205 )


SHORT: Regular Via of Net core_instance/mac_array_instance/col_idx_4__mac_col_inst/mac_16in_instance/n1640 & Blockage of Cell core_instance/mac_array_instance/col_idx_4__mac_col_inst/mac_16in_instance/U758  ( M1 )
Bounds : ( 272.610, 361.505 ) ( 272.790, 361.605 )



Begin Summary ...
  Cells       : 0
  SameNet     : 0
  Wiring      : 0
  Antenna     : 0
  Short       : 5
  Overlap     : 0
End Summary

  Total Violations : 5 Viols.
