###############################################################
#  Generated by:      Cadence Innovus 15.23-s045_1
#  OS:                Linux x86_64(Host ID ieng6-ece-04.ucsd.edu)
#  Generated on:      Fri Mar 21 03:39:16 2025
#  Design:            sram_w16_2
#  Command:           verifyConnectivity
###############################################################
Verify Connectivity Report is created on Fri Mar 21 03:39:16 2025



Net VSS: dangling Wire at (731.000, 13.400) (731.000, 13.400) on layer: M1
Net VSS: dangling Wire at (731.000, 27.800) (731.000, 27.800) on layer: M1
Net VSS: dangling Wire at (568.940, 8.000) (568.940, 8.000) on layer: M4
Net VSS: dangling Wire at (568.940, 51.200) (568.940, 51.200) on layer: M4
Net VSS: dangling Wire at (637.495, 8.000) (637.495, 8.000) on layer: M4
Net VSS: dangling Wire at (637.495, 51.200) (637.495, 51.200) on layer: M4
Net VSS: dangling Wire at (431.830, 8.000) (431.830, 8.000) on layer: M4
Net VSS: dangling Wire at (431.830, 51.200) (431.830, 51.200) on layer: M4
Net VSS: dangling Wire at (500.385, 8.000) (500.385, 8.000) on layer: M4
Net VSS: dangling Wire at (500.385, 51.200) (500.385, 51.200) on layer: M4
Net VSS: dangling Wire at (226.165, 8.000) (226.165, 8.000) on layer: M4
Net VSS: dangling Wire at (226.165, 51.200) (226.165, 51.200) on layer: M4
Net VSS: dangling Wire at (294.720, 8.000) (294.720, 8.000) on layer: M4
Net VSS: dangling Wire at (294.720, 51.200) (294.720, 51.200) on layer: M4
Net VSS: dangling Wire at (363.275, 8.000) (363.275, 8.000) on layer: M4
Net VSS: dangling Wire at (363.275, 51.200) (363.275, 51.200) on layer: M4
Net VSS: dangling Wire at (20.500, 8.000) (20.500, 8.000) on layer: M4
Net VSS: dangling Wire at (20.500, 51.200) (20.500, 51.200) on layer: M4
Net VSS: dangling Wire at (89.055, 8.000) (89.055, 8.000) on layer: M4
Net VSS: dangling Wire at (89.055, 51.200) (89.055, 51.200) on layer: M4
Net VSS: dangling Wire at (157.610, 8.000) (157.610, 8.000) on layer: M4
Net VSS: dangling Wire at (157.610, 51.200) (157.610, 51.200) on layer: M4

Begin Summary
    22 Problem(s) (IMPVFC-94): The net has dangling wire(s).
    22 total info(s) created.
End Summary
