
Cadence Innovus(TM) Implementation System.
Copyright 2015 Cadence Design Systems, Inc. All rights reserved worldwide.

Version:	v15.23-s045_1, built Fri Apr 22 12:32:52 PDT 2016
Options:	
Date:		Thu Mar  6 21:46:13 2025
Host:		ieng6-ece-04.ucsd.edu (x86_64 w/Linux 3.10.0-1160.119.1.el7.x86_64) (4cores*8cpus*Intel(R) Xeon(R) Gold 5220 CPU @ 2.20GHz 25344KB)
OS:		CentOS Linux release 7.9.2009 (Core)

License:
		invs	Innovus Implementation System	15.2	checkout succeeded
		8 CPU jobs allowed with the current license(s). Use setMultiCpuUsage to set your required CPU count.
**ERROR: (IMPOAX-142):	Could not open shared library libinnovusoax22.so : /acsnfs3/software/cadence-innovus152/tools/lib/64bit/libcdsSkillPcell.so: undefined symbol: _ZTIN12OpenAccess_413oaFSComponentE

**ERROR: (IMPOAX-142):	Could not open shared library libcdsSkillPcell.so : (null)

**ERROR: (IMPOAX-142):	OA features will be disabled in this session.


**INFO:  MMMC transition support version v31-84 

<CMD> set_global _enable_mmmc_by_default_flow      $CTE::mmmc_default
<CMD> suppressMessage ENCEXT-2799
<CMD> getDrawView
<CMD> loadWorkspace -name Physical
<CMD> win
<CMD> set init_pwr_net VDD
<CMD> set init_gnd_net VSS
<CMD> set init_verilog ./netlist/sram_w16.v
<CMD> set init_design_netlisttype Verilog
<CMD> set init_design_settop 1
<CMD> set init_top_cell sram_w16
<CMD> set init_lef_file /home/linux/ieng6/ee260bwi25/public/PDKdata/lef/tcbn65gplus_8lmT2.lef
<CMD> create_library_set -name WC_LIB -timing $worst_timing_lib
<CMD> create_library_set -name BC_LIB -timing $best_timing_lib
<CMD> create_rc_corner -name Cmax -cap_table $worst_captbl -T 125
<CMD> create_rc_corner -name Cmin -cap_table $best_captbl -T -40
<CMD> create_delay_corner -name WC -library_set WC_LIB -rc_corner Cmax
<CMD> create_delay_corner -name BC -library_set BC_LIB -rc_corner Cmin
<CMD> create_constraint_mode -name CON -sdc_file [list $sdc]
<CMD> create_analysis_view -name WC_VIEW -delay_corner WC -constraint_mode CON
<CMD> create_analysis_view -name BC_VIEW -delay_corner BC -constraint_mode CON
<CMD> init_design -setup WC_VIEW -hold BC_VIEW
**ERROR: (IMPOAX-820):	The OA features are disabled in the current session of Innovus because the oax shared library could not be loaded properly. This could be because your installation was not properly configured. To enable OA features, exit the current session and re-launch Innovus either after fixing your installation by running the Configure Installation phase, or after setting the OA_HOME variable to point to a proper OA installation. Check the "OpenAccess Installation and Configuration Guide" manual for more information.

**ERROR: (IMPOAX-850):	oaxCreateCdsLibArray command cannot be run as OA features are disabled in this session.

Loading LEF file /home/linux/ieng6/ee260bwi25/public/PDKdata/lef/tcbn65gplus_8lmT2.lef ...
WARNING (LEFPARS-2007): NAMESCASESENSITIVE statement is obsolete in version 5.6 and later.
The LEF parser will ignore this statement.
To avoid this warning in the future, remove this statement from the LEF file with version 5.6 or later. See file /home/linux/ieng6/ee260bwi25/public/PDKdata/lef/tcbn65gplus_8lmT2.lef at line 28.
WARNING (LEFPARS-2019): TOPOFSTACKONLY statement is obsolete in version 5.6 and later.
The LEF parser will ignore this statement.
To avoid this warning in the future, remove this statement from the LEF file with version 5.6 or later See file /home/linux/ieng6/ee260bwi25/public/PDKdata/lef/tcbn65gplus_8lmT2.lef at line 867.
WARNING (LEFPARS-2019): TOPOFSTACKONLY statement is obsolete in version 5.6 and later.
The LEF parser will ignore this statement.
To avoid this warning in the future, remove this statement from the LEF file with version 5.6 or later See file /home/linux/ieng6/ee260bwi25/public/PDKdata/lef/tcbn65gplus_8lmT2.lef at line 877.
WARNING (LEFPARS-2019): TOPOFSTACKONLY statement is obsolete in version 5.6 and later.
The LEF parser will ignore this statement.
To avoid this warning in the future, remove this statement from the LEF file with version 5.6 or later See file /home/linux/ieng6/ee260bwi25/public/PDKdata/lef/tcbn65gplus_8lmT2.lef at line 1014.
WARNING (LEFPARS-2019): TOPOFSTACKONLY statement is obsolete in version 5.6 and later.
The LEF parser will ignore this statement.
To avoid this warning in the future, remove this statement from the LEF file with version 5.6 or later See file /home/linux/ieng6/ee260bwi25/public/PDKdata/lef/tcbn65gplus_8lmT2.lef at line 1024.
WARNING (LEFPARS-2019): TOPOFSTACKONLY statement is obsolete in version 5.6 and later.
The LEF parser will ignore this statement.
To avoid this warning in the future, remove this statement from the LEF file with version 5.6 or later See file /home/linux/ieng6/ee260bwi25/public/PDKdata/lef/tcbn65gplus_8lmT2.lef at line 1161.
WARNING (LEFPARS-2019): TOPOFSTACKONLY statement is obsolete in version 5.6 and later.
The LEF parser will ignore this statement.
To avoid this warning in the future, remove this statement from the LEF file with version 5.6 or later See file /home/linux/ieng6/ee260bwi25/public/PDKdata/lef/tcbn65gplus_8lmT2.lef at line 1171.
WARNING (LEFPARS-2019): TOPOFSTACKONLY statement is obsolete in version 5.6 and later.
The LEF parser will ignore this statement.
To avoid this warning in the future, remove this statement from the LEF file with version 5.6 or later See file /home/linux/ieng6/ee260bwi25/public/PDKdata/lef/tcbn65gplus_8lmT2.lef at line 1308.
WARNING (LEFPARS-2019): TOPOFSTACKONLY statement is obsolete in version 5.6 and later.
The LEF parser will ignore this statement.
To avoid this warning in the future, remove this statement from the LEF file with version 5.6 or later See file /home/linux/ieng6/ee260bwi25/public/PDKdata/lef/tcbn65gplus_8lmT2.lef at line 1318.
WARNING (LEFPARS-2019): TOPOFSTACKONLY statement is obsolete in version 5.6 and later.
The LEF parser will ignore this statement.
To avoid this warning in the future, remove this statement from the LEF file with version 5.6 or later See file /home/linux/ieng6/ee260bwi25/public/PDKdata/lef/tcbn65gplus_8lmT2.lef at line 1372.
WARNING (LEFPARS-2019): TOPOFSTACKONLY statement is obsolete in version 5.6 and later.
The LEF parser will ignore this statement.
To avoid this warning in the future, remove this statement from the LEF file with version 5.6 or later See file /home/linux/ieng6/ee260bwi25/public/PDKdata/lef/tcbn65gplus_8lmT2.lef at line 1383.
WARNING (LEFPARS-2019): TOPOFSTACKONLY statement is obsolete in version 5.6 and later.
The LEF parser will ignore this statement.
To avoid this warning in the future, remove this statement from the LEF file with version 5.6 or later See file /home/linux/ieng6/ee260bwi25/public/PDKdata/lef/tcbn65gplus_8lmT2.lef at line 1604.
WARNING (LEFPARS-2019): TOPOFSTACKONLY statement is obsolete in version 5.6 and later.
The LEF parser will ignore this statement.
To avoid this warning in the future, remove this statement from the LEF file with version 5.6 or later See file /home/linux/ieng6/ee260bwi25/public/PDKdata/lef/tcbn65gplus_8lmT2.lef at line 1614.
WARNING (LEFPARS-2022): DIRECTION statement in VIARULE is obsolete in version 5.6 and later.
The LEF parser will ignore this statement.
To avoid this warning in the future, remove this statement from the LEF file with version 5.6 or later. See file /home/linux/ieng6/ee260bwi25/public/PDKdata/lef/tcbn65gplus_8lmT2.lef at line 1769.
WARNING (LEFPARS-2022): DIRECTION statement in VIARULE is obsolete in version 5.6 and later.
The LEF parser will ignore this statement.
To avoid this warning in the future, remove this statement from the LEF file with version 5.6 or later. See file /home/linux/ieng6/ee260bwi25/public/PDKdata/lef/tcbn65gplus_8lmT2.lef at line 1771.
WARNING (LEFPARS-2021): turn-via is obsolete in version 5.6 and later.
The LEF parser will ignore this statement.
To avoid this warning in the future, remove this statement from the LEF file with version 5.6 or later. See file /home/linux/ieng6/ee260bwi25/public/PDKdata/lef/tcbn65gplus_8lmT2.lef at line 1772.
WARNING (LEFPARS-2022): DIRECTION statement in VIARULE is obsolete in version 5.6 and later.
The LEF parser will ignore this statement.
To avoid this warning in the future, remove this statement from the LEF file with version 5.6 or later. See file /home/linux/ieng6/ee260bwi25/public/PDKdata/lef/tcbn65gplus_8lmT2.lef at line 1776.
WARNING (LEFPARS-2022): DIRECTION statement in VIARULE is obsolete in version 5.6 and later.
The LEF parser will ignore this statement.
To avoid this warning in the future, remove this statement from the LEF file with version 5.6 or later. See file /home/linux/ieng6/ee260bwi25/public/PDKdata/lef/tcbn65gplus_8lmT2.lef at line 1778.
WARNING (LEFPARS-2021): turn-via is obsolete in version 5.6 and later.
The LEF parser will ignore this statement.
To avoid this warning in the future, remove this statement from the LEF file with version 5.6 or later. See file /home/linux/ieng6/ee260bwi25/public/PDKdata/lef/tcbn65gplus_8lmT2.lef at line 1779.
WARNING (LEFPARS-2022): DIRECTION statement in VIARULE is obsolete in version 5.6 and later.
The LEF parser will ignore this statement.
To avoid this warning in the future, remove this statement from the LEF file with version 5.6 or later. See file /home/linux/ieng6/ee260bwi25/public/PDKdata/lef/tcbn65gplus_8lmT2.lef at line 1783.
Set DBUPerIGU to M2 pitch 400.
**WARN: (IMPLF-200):	Pin 'I' in macro 'ANTENNA' has no ANTENNAGATEAREA value defined. The library data is incomplete and some process antenna rules will not be checked correctly.
Type 'man IMPLF-200' for more detail.

viaInitial starts at Thu Mar  6 21:47:09 2025
viaInitial ends at Thu Mar  6 21:47:09 2025
Reading WC_LIB timing library '/home/linux/ieng6/ee260bwi25/public/PDKdata/lib/tcbn65gpluswc.lib' ...
**WARN: (TECHLIB-436):	Attribute 'max_fanout' on 'output/inout' pin 'Z' of cell 'AN2D0' is not defined in the library.
**WARN: (TECHLIB-436):	Attribute 'max_fanout' on 'output/inout' pin 'Z' of cell 'AN2D1' is not defined in the library.
**WARN: (TECHLIB-436):	Attribute 'max_fanout' on 'output/inout' pin 'Z' of cell 'AN2D2' is not defined in the library.
**WARN: (TECHLIB-436):	Attribute 'max_fanout' on 'output/inout' pin 'Z' of cell 'AN2D4' is not defined in the library.
**WARN: (TECHLIB-436):	Attribute 'max_fanout' on 'output/inout' pin 'Z' of cell 'AN2D8' is not defined in the library.
**WARN: (TECHLIB-436):	Attribute 'max_fanout' on 'output/inout' pin 'Z' of cell 'AN2XD1' is not defined in the library.
**WARN: (TECHLIB-436):	Attribute 'max_fanout' on 'output/inout' pin 'Z' of cell 'AN3D0' is not defined in the library.
**WARN: (TECHLIB-436):	Attribute 'max_fanout' on 'output/inout' pin 'Z' of cell 'AN3D1' is not defined in the library.
**WARN: (TECHLIB-436):	Attribute 'max_fanout' on 'output/inout' pin 'Z' of cell 'AN3D2' is not defined in the library.
**WARN: (TECHLIB-436):	Attribute 'max_fanout' on 'output/inout' pin 'Z' of cell 'AN3D4' is not defined in the library.
**WARN: (TECHLIB-436):	Attribute 'max_fanout' on 'output/inout' pin 'Z' of cell 'AN3D8' is not defined in the library.
**WARN: (TECHLIB-436):	Attribute 'max_fanout' on 'output/inout' pin 'Z' of cell 'AN3XD1' is not defined in the library.
**WARN: (TECHLIB-436):	Attribute 'max_fanout' on 'output/inout' pin 'Z' of cell 'AN4D0' is not defined in the library.
**WARN: (TECHLIB-436):	Attribute 'max_fanout' on 'output/inout' pin 'Z' of cell 'AN4D1' is not defined in the library.
**WARN: (TECHLIB-436):	Attribute 'max_fanout' on 'output/inout' pin 'Z' of cell 'AN4D2' is not defined in the library.
**WARN: (TECHLIB-436):	Attribute 'max_fanout' on 'output/inout' pin 'Z' of cell 'AN4D4' is not defined in the library.
**WARN: (TECHLIB-436):	Attribute 'max_fanout' on 'output/inout' pin 'Z' of cell 'AN4D8' is not defined in the library.
**WARN: (TECHLIB-436):	Attribute 'max_fanout' on 'output/inout' pin 'Z' of cell 'AN4XD1' is not defined in the library.
**WARN: (TECHLIB-436):	Attribute 'max_fanout' on 'output/inout' pin 'Z' of cell 'AO211D0' is not defined in the library.
**WARN: (TECHLIB-436):	Attribute 'max_fanout' on 'output/inout' pin 'Z' of cell 'AO211D1' is not defined in the library.
Message <TECHLIB-436> has exceeded the message display limit of '20'. setMessageLimit/set_message_limit sets the limit. unsetMessageLimit/unset_message_limit can be used to reset this.
Read 811 cells in library 'tcbn65gpluswc' 
Reading BC_LIB timing library '/home/linux/ieng6/ee260bwi25/public/PDKdata/lib/tcbn65gplusbc.lib' ...
Read 811 cells in library 'tcbn65gplusbc' 
*** End library_loading (cpu=0.00min, mem=0.0M, fe_cpu=0.27min, fe_real=0.97min, fe_mem=471.7M) ***
**ERROR: (IMPSYT-16038):	The specified file './netlist/sram_w16.v' could not be found. Check your file system, correct the file name.
**ERROR: (IMPIMEX-7008):	No netlist files are found.

<CMD> set init_pwr_net VDD
<CMD> set init_gnd_net VSS
<CMD> set init_verilog ./netlist/sram_w16.out.v
<CMD> set init_design_netlisttype Verilog
<CMD> set init_design_settop 1
<CMD> set init_top_cell sram_w16
<CMD> set init_lef_file /home/linux/ieng6/ee260bwi25/public/PDKdata/lef/tcbn65gplus_8lmT2.lef
<CMD> create_library_set -name WC_LIB -timing $worst_timing_lib
<CMD> create_library_set -name BC_LIB -timing $best_timing_lib
<CMD> create_rc_corner -name Cmax -cap_table $worst_captbl -T 125
<CMD> create_rc_corner -name Cmin -cap_table $best_captbl -T -40
<CMD> create_delay_corner -name WC -library_set WC_LIB -rc_corner Cmax
<CMD> create_delay_corner -name BC -library_set BC_LIB -rc_corner Cmin
<CMD> create_constraint_mode -name CON -sdc_file [list $sdc]
<CMD> create_analysis_view -name WC_VIEW -delay_corner WC -constraint_mode CON
The existing analysis_view 'WC_VIEW' has been replaced with new attributes.
<CMD> create_analysis_view -name BC_VIEW -delay_corner BC -constraint_mode CON
The existing analysis_view 'BC_VIEW' has been replaced with new attributes.
<CMD> init_design -setup WC_VIEW -hold BC_VIEW
**ERROR: (IMPOAX-820):	The OA features are disabled in the current session of Innovus because the oax shared library could not be loaded properly. This could be because your installation was not properly configured. To enable OA features, exit the current session and re-launch Innovus either after fixing your installation by running the Configure Installation phase, or after setting the OA_HOME variable to point to a proper OA installation. Check the "OpenAccess Installation and Configuration Guide" manual for more information.

**ERROR: (IMPOAX-850):	oaxCreateCdsLibArray command cannot be run as OA features are disabled in this session.
INFO: New setup and hold views overwrite old settings during design initialization

Loading LEF file /home/linux/ieng6/ee260bwi25/public/PDKdata/lef/tcbn65gplus_8lmT2.lef ...
WARNING (LEFPARS-2007): NAMESCASESENSITIVE statement is obsolete in version 5.6 and later.
The LEF parser will ignore this statement.
To avoid this warning in the future, remove this statement from the LEF file with version 5.6 or later. See file /home/linux/ieng6/ee260bwi25/public/PDKdata/lef/tcbn65gplus_8lmT2.lef at line 28.
**WARN: (IMPLF-119):	LAYER 'PO' has been found in the database. Its content except ANTENNA* data will be ignored.
Review the LEF files specified in the init_lef_file variable and remove redundant definitions.
Type 'man IMPLF-119' for more detail.
**WARN: (IMPLF-119):	LAYER 'CO' has been found in the database. Its content except ANTENNA* data will be ignored.
Review the LEF files specified in the init_lef_file variable and remove redundant definitions.
Type 'man IMPLF-119' for more detail.
**WARN: (IMPLF-119):	LAYER 'M1' has been found in the database. Its content except ANTENNA* data will be ignored.
Review the LEF files specified in the init_lef_file variable and remove redundant definitions.
Type 'man IMPLF-119' for more detail.
**WARN: (IMPLF-119):	LAYER 'VIA1' has been found in the database. Its content except ANTENNA* data will be ignored.
Review the LEF files specified in the init_lef_file variable and remove redundant definitions.
Type 'man IMPLF-119' for more detail.
**WARN: (IMPLF-119):	LAYER 'M2' has been found in the database. Its content except ANTENNA* data will be ignored.
Review the LEF files specified in the init_lef_file variable and remove redundant definitions.
Type 'man IMPLF-119' for more detail.
**WARN: (IMPLF-119):	LAYER 'VIA2' has been found in the database. Its content except ANTENNA* data will be ignored.
Review the LEF files specified in the init_lef_file variable and remove redundant definitions.
Type 'man IMPLF-119' for more detail.
**WARN: (IMPLF-119):	LAYER 'M3' has been found in the database. Its content except ANTENNA* data will be ignored.
Review the LEF files specified in the init_lef_file variable and remove redundant definitions.
Type 'man IMPLF-119' for more detail.
**WARN: (IMPLF-119):	LAYER 'VIA3' has been found in the database. Its content except ANTENNA* data will be ignored.
Review the LEF files specified in the init_lef_file variable and remove redundant definitions.
Type 'man IMPLF-119' for more detail.
**WARN: (IMPLF-119):	LAYER 'M4' has been found in the database. Its content except ANTENNA* data will be ignored.
Review the LEF files specified in the init_lef_file variable and remove redundant definitions.
Type 'man IMPLF-119' for more detail.
**WARN: (IMPLF-119):	LAYER 'VIA4' has been found in the database. Its content except ANTENNA* data will be ignored.
Review the LEF files specified in the init_lef_file variable and remove redundant definitions.
Type 'man IMPLF-119' for more detail.
**WARN: (IMPLF-119):	LAYER 'M5' has been found in the database. Its content except ANTENNA* data will be ignored.
Review the LEF files specified in the init_lef_file variable and remove redundant definitions.
Type 'man IMPLF-119' for more detail.
**WARN: (IMPLF-119):	LAYER 'VIA5' has been found in the database. Its content except ANTENNA* data will be ignored.
Review the LEF files specified in the init_lef_file variable and remove redundant definitions.
Type 'man IMPLF-119' for more detail.
**WARN: (IMPLF-119):	LAYER 'M6' has been found in the database. Its content except ANTENNA* data will be ignored.
Review the LEF files specified in the init_lef_file variable and remove redundant definitions.
Type 'man IMPLF-119' for more detail.
**WARN: (IMPLF-119):	LAYER 'VIA6' has been found in the database. Its content except ANTENNA* data will be ignored.
Review the LEF files specified in the init_lef_file variable and remove redundant definitions.
Type 'man IMPLF-119' for more detail.
**WARN: (IMPLF-119):	LAYER 'M7' has been found in the database. Its content except ANTENNA* data will be ignored.
Review the LEF files specified in the init_lef_file variable and remove redundant definitions.
Type 'man IMPLF-119' for more detail.
**WARN: (IMPLF-119):	LAYER 'VIA7' has been found in the database. Its content except ANTENNA* data will be ignored.
Review the LEF files specified in the init_lef_file variable and remove redundant definitions.
Type 'man IMPLF-119' for more detail.
**WARN: (IMPLF-119):	LAYER 'M8' has been found in the database. Its content except ANTENNA* data will be ignored.
Review the LEF files specified in the init_lef_file variable and remove redundant definitions.
Type 'man IMPLF-119' for more detail.
**WARN: (IMPLF-119):	LAYER 'OVERLAP' has been found in the database. Its content except ANTENNA* data will be ignored.
Review the LEF files specified in the init_lef_file variable and remove redundant definitions.
Type 'man IMPLF-119' for more detail.
**ERROR: (IMPLF-223):	The LEF via 'VIA12_1cut' has been defined and found in the database. The current definition will be ignored. Review the LEF files to ensure that you have not specified duplicate LEF files, or LEF files with duplicate VIA definitions.
Type 'man IMPLF-223' for more detail.
**ERROR: (IMPLF-223):	The LEF via 'VIA12_1cut_H' has been defined and found in the database. The current definition will be ignored. Review the LEF files to ensure that you have not specified duplicate LEF files, or LEF files with duplicate VIA definitions.
Type 'man IMPLF-223' for more detail.
**ERROR: (IMPLF-223):	The LEF via 'VIA12_1cut_V' has been defined and found in the database. The current definition will be ignored. Review the LEF files to ensure that you have not specified duplicate LEF files, or LEF files with duplicate VIA definitions.
Type 'man IMPLF-223' for more detail.
**ERROR: (IMPLF-223):	The LEF via 'VIA12_1cut_FAT_C' has been defined and found in the database. The current definition will be ignored. Review the LEF files to ensure that you have not specified duplicate LEF files, or LEF files with duplicate VIA definitions.
Type 'man IMPLF-223' for more detail.
**ERROR: (IMPLF-223):	The LEF via 'VIA12_1cut_FAT_H' has been defined and found in the database. The current definition will be ignored. Review the LEF files to ensure that you have not specified duplicate LEF files, or LEF files with duplicate VIA definitions.
Type 'man IMPLF-223' for more detail.
**ERROR: (IMPLF-223):	The LEF via 'VIA12_1cut_FAT_V' has been defined and found in the database. The current definition will be ignored. Review the LEF files to ensure that you have not specified duplicate LEF files, or LEF files with duplicate VIA definitions.
Type 'man IMPLF-223' for more detail.
**ERROR: (IMPLF-223):	The LEF via 'VIA12_1cut_FAT' has been defined and found in the database. The current definition will be ignored. Review the LEF files to ensure that you have not specified duplicate LEF files, or LEF files with duplicate VIA definitions.
Type 'man IMPLF-223' for more detail.
**ERROR: (IMPLF-223):	The LEF via 'VIA12_2cut_E' has been defined and found in the database. The current definition will be ignored. Review the LEF files to ensure that you have not specified duplicate LEF files, or LEF files with duplicate VIA definitions.
Type 'man IMPLF-223' for more detail.
**ERROR: (IMPLF-223):	The LEF via 'VIA12_2cut_W' has been defined and found in the database. The current definition will be ignored. Review the LEF files to ensure that you have not specified duplicate LEF files, or LEF files with duplicate VIA definitions.
Type 'man IMPLF-223' for more detail.
**ERROR: (IMPLF-223):	The LEF via 'VIA12_2cut_N' has been defined and found in the database. The current definition will be ignored. Review the LEF files to ensure that you have not specified duplicate LEF files, or LEF files with duplicate VIA definitions.
Type 'man IMPLF-223' for more detail.
**ERROR: (IMPLF-223):	The LEF via 'VIA12_2cut_S' has been defined and found in the database. The current definition will be ignored. Review the LEF files to ensure that you have not specified duplicate LEF files, or LEF files with duplicate VIA definitions.
Type 'man IMPLF-223' for more detail.
**ERROR: (IMPLF-223):	The LEF via 'VIA12_2cut_HN' has been defined and found in the database. The current definition will be ignored. Review the LEF files to ensure that you have not specified duplicate LEF files, or LEF files with duplicate VIA definitions.
Type 'man IMPLF-223' for more detail.
**ERROR: (IMPLF-223):	The LEF via 'VIA12_2cut_HS' has been defined and found in the database. The current definition will be ignored. Review the LEF files to ensure that you have not specified duplicate LEF files, or LEF files with duplicate VIA definitions.
Type 'man IMPLF-223' for more detail.
**ERROR: (IMPLF-223):	The LEF via 'VIA12_4cut' has been defined and found in the database. The current definition will be ignored. Review the LEF files to ensure that you have not specified duplicate LEF files, or LEF files with duplicate VIA definitions.
Type 'man IMPLF-223' for more detail.
**ERROR: (IMPLF-223):	The LEF via 'VIA23_1cut' has been defined and found in the database. The current definition will be ignored. Review the LEF files to ensure that you have not specified duplicate LEF files, or LEF files with duplicate VIA definitions.
Type 'man IMPLF-223' for more detail.
**ERROR: (IMPLF-223):	The LEF via 'VIA23_1cut_V' has been defined and found in the database. The current definition will be ignored. Review the LEF files to ensure that you have not specified duplicate LEF files, or LEF files with duplicate VIA definitions.
Type 'man IMPLF-223' for more detail.
**ERROR: (IMPLF-223):	The LEF via 'VIA23_1cut_H' has been defined and found in the database. The current definition will be ignored. Review the LEF files to ensure that you have not specified duplicate LEF files, or LEF files with duplicate VIA definitions.
Type 'man IMPLF-223' for more detail.
**ERROR: (IMPLF-223):	The LEF via 'VIA23_1cut_FAT_C' has been defined and found in the database. The current definition will be ignored. Review the LEF files to ensure that you have not specified duplicate LEF files, or LEF files with duplicate VIA definitions.
Type 'man IMPLF-223' for more detail.
**ERROR: (IMPLF-223):	The LEF via 'VIA23_1cut_FAT_V' has been defined and found in the database. The current definition will be ignored. Review the LEF files to ensure that you have not specified duplicate LEF files, or LEF files with duplicate VIA definitions.
Type 'man IMPLF-223' for more detail.
**ERROR: (IMPLF-223):	The LEF via 'VIA23_1cut_FAT_H' has been defined and found in the database. The current definition will be ignored. Review the LEF files to ensure that you have not specified duplicate LEF files, or LEF files with duplicate VIA definitions.
Type 'man IMPLF-223' for more detail.
**WARN: (EMS-27):	Message (IMPLF-223) has exceeded the current message display limit of 20.
To increase the message display limit, refer to the product command reference manual.
WARNING (LEFPARS-2019): TOPOFSTACKONLY statement is obsolete in version 5.6 and later.
The LEF parser will ignore this statement.
To avoid this warning in the future, remove this statement from the LEF file with version 5.6 or later See file /home/linux/ieng6/ee260bwi25/public/PDKdata/lef/tcbn65gplus_8lmT2.lef at line 867.
WARNING (LEFPARS-2019): TOPOFSTACKONLY statement is obsolete in version 5.6 and later.
The LEF parser will ignore this statement.
To avoid this warning in the future, remove this statement from the LEF file with version 5.6 or later See file /home/linux/ieng6/ee260bwi25/public/PDKdata/lef/tcbn65gplus_8lmT2.lef at line 877.
WARNING (LEFPARS-2019): TOPOFSTACKONLY statement is obsolete in version 5.6 and later.
The LEF parser will ignore this statement.
To avoid this warning in the future, remove this statement from the LEF file with version 5.6 or later See file /home/linux/ieng6/ee260bwi25/public/PDKdata/lef/tcbn65gplus_8lmT2.lef at line 1014.
WARNING (LEFPARS-2019): TOPOFSTACKONLY statement is obsolete in version 5.6 and later.
The LEF parser will ignore this statement.
To avoid this warning in the future, remove this statement from the LEF file with version 5.6 or later See file /home/linux/ieng6/ee260bwi25/public/PDKdata/lef/tcbn65gplus_8lmT2.lef at line 1024.
WARNING (LEFPARS-2019): TOPOFSTACKONLY statement is obsolete in version 5.6 and later.
The LEF parser will ignore this statement.
To avoid this warning in the future, remove this statement from the LEF file with version 5.6 or later See file /home/linux/ieng6/ee260bwi25/public/PDKdata/lef/tcbn65gplus_8lmT2.lef at line 1161.
WARNING (LEFPARS-2019): TOPOFSTACKONLY statement is obsolete in version 5.6 and later.
The LEF parser will ignore this statement.
To avoid this warning in the future, remove this statement from the LEF file with version 5.6 or later See file /home/linux/ieng6/ee260bwi25/public/PDKdata/lef/tcbn65gplus_8lmT2.lef at line 1171.
WARNING (LEFPARS-2019): TOPOFSTACKONLY statement is obsolete in version 5.6 and later.
The LEF parser will ignore this statement.
To avoid this warning in the future, remove this statement from the LEF file with version 5.6 or later See file /home/linux/ieng6/ee260bwi25/public/PDKdata/lef/tcbn65gplus_8lmT2.lef at line 1308.
WARNING (LEFPARS-2019): TOPOFSTACKONLY statement is obsolete in version 5.6 and later.
The LEF parser will ignore this statement.
To avoid this warning in the future, remove this statement from the LEF file with version 5.6 or later See file /home/linux/ieng6/ee260bwi25/public/PDKdata/lef/tcbn65gplus_8lmT2.lef at line 1318.
WARNING (LEFPARS-2019): TOPOFSTACKONLY statement is obsolete in version 5.6 and later.
The LEF parser will ignore this statement.
To avoid this warning in the future, remove this statement from the LEF file with version 5.6 or later See file /home/linux/ieng6/ee260bwi25/public/PDKdata/lef/tcbn65gplus_8lmT2.lef at line 1372.
WARNING (LEFPARS-2019): TOPOFSTACKONLY statement is obsolete in version 5.6 and later.
The LEF parser will ignore this statement.
To avoid this warning in the future, remove this statement from the LEF file with version 5.6 or later See file /home/linux/ieng6/ee260bwi25/public/PDKdata/lef/tcbn65gplus_8lmT2.lef at line 1383.
WARNING (LEFPARS-2019): TOPOFSTACKONLY statement is obsolete in version 5.6 and later.
The LEF parser will ignore this statement.
To avoid this warning in the future, remove this statement from the LEF file with version 5.6 or later See file /home/linux/ieng6/ee260bwi25/public/PDKdata/lef/tcbn65gplus_8lmT2.lef at line 1604.
WARNING (LEFPARS-2019): TOPOFSTACKONLY statement is obsolete in version 5.6 and later.
The LEF parser will ignore this statement.
To avoid this warning in the future, remove this statement from the LEF file with version 5.6 or later See file /home/linux/ieng6/ee260bwi25/public/PDKdata/lef/tcbn65gplus_8lmT2.lef at line 1614.
**WARN: (IMPLF-151):	The viaRule 'VIAGEN12' has been defined, the content will be skipped.
**WARN: (IMPLF-151):	The viaRule 'VIAGEN23' has been defined, the content will be skipped.
**WARN: (IMPLF-151):	The viaRule 'VIAGEN34' has been defined, the content will be skipped.
**WARN: (IMPLF-151):	The viaRule 'VIAGEN45' has been defined, the content will be skipped.
**WARN: (IMPLF-151):	The viaRule 'VIAGEN56' has been defined, the content will be skipped.
**WARN: (IMPLF-151):	The viaRule 'VIAGEN67' has been defined, the content will be skipped.
**WARN: (IMPLF-151):	The viaRule 'VIAGEN78' has been defined, the content will be skipped.
WARNING (LEFPARS-2022): DIRECTION statement in VIARULE is obsolete in version 5.6 and later.
The LEF parser will ignore this statement.
To avoid this warning in the future, remove this statement from the LEF file with version 5.6 or later. See file /home/linux/ieng6/ee260bwi25/public/PDKdata/lef/tcbn65gplus_8lmT2.lef at line 1769.
WARNING (LEFPARS-2022): DIRECTION statement in VIARULE is obsolete in version 5.6 and later.
The LEF parser will ignore this statement.
To avoid this warning in the future, remove this statement from the LEF file with version 5.6 or later. See file /home/linux/ieng6/ee260bwi25/public/PDKdata/lef/tcbn65gplus_8lmT2.lef at line 1771.
WARNING (LEFPARS-2021): turn-via is obsolete in version 5.6 and later.
The LEF parser will ignore this statement.
To avoid this warning in the future, remove this statement from the LEF file with version 5.6 or later. See file /home/linux/ieng6/ee260bwi25/public/PDKdata/lef/tcbn65gplus_8lmT2.lef at line 1772.
WARNING (LEFPARS-2022): DIRECTION statement in VIARULE is obsolete in version 5.6 and later.
The LEF parser will ignore this statement.
To avoid this warning in the future, remove this statement from the LEF file with version 5.6 or later. See file /home/linux/ieng6/ee260bwi25/public/PDKdata/lef/tcbn65gplus_8lmT2.lef at line 1776.
WARNING (LEFPARS-2022): DIRECTION statement in VIARULE is obsolete in version 5.6 and later.
The LEF parser will ignore this statement.
To avoid this warning in the future, remove this statement from the LEF file with version 5.6 or later. See file /home/linux/ieng6/ee260bwi25/public/PDKdata/lef/tcbn65gplus_8lmT2.lef at line 1778.
WARNING (LEFPARS-2021): turn-via is obsolete in version 5.6 and later.
The LEF parser will ignore this statement.
To avoid this warning in the future, remove this statement from the LEF file with version 5.6 or later. See file /home/linux/ieng6/ee260bwi25/public/PDKdata/lef/tcbn65gplus_8lmT2.lef at line 1779.
WARNING (LEFPARS-2022): DIRECTION statement in VIARULE is obsolete in version 5.6 and later.
The LEF parser will ignore this statement.
To avoid this warning in the future, remove this statement from the LEF file with version 5.6 or later. See file /home/linux/ieng6/ee260bwi25/public/PDKdata/lef/tcbn65gplus_8lmT2.lef at line 1783.
**WARN: (IMPLF-58):	MACRO 'AN2D0' has been found in the database. Its content except DENSITY and PIN ANTENNA* data will be ignored.
Review the LEF files specified in the init_lef_file variable and remove redundant definitions.
Type 'man IMPLF-58' for more detail.
**WARN: (IMPLF-58):	MACRO 'AN2D1' has been found in the database. Its content except DENSITY and PIN ANTENNA* data will be ignored.
Review the LEF files specified in the init_lef_file variable and remove redundant definitions.
Type 'man IMPLF-58' for more detail.
**WARN: (IMPLF-58):	MACRO 'AN2D2' has been found in the database. Its content except DENSITY and PIN ANTENNA* data will be ignored.
Review the LEF files specified in the init_lef_file variable and remove redundant definitions.
Type 'man IMPLF-58' for more detail.
**WARN: (IMPLF-58):	MACRO 'AN2D4' has been found in the database. Its content except DENSITY and PIN ANTENNA* data will be ignored.
Review the LEF files specified in the init_lef_file variable and remove redundant definitions.
Type 'man IMPLF-58' for more detail.
**WARN: (IMPLF-58):	MACRO 'AN2D8' has been found in the database. Its content except DENSITY and PIN ANTENNA* data will be ignored.
Review the LEF files specified in the init_lef_file variable and remove redundant definitions.
Type 'man IMPLF-58' for more detail.
**WARN: (IMPLF-58):	MACRO 'AN2XD1' has been found in the database. Its content except DENSITY and PIN ANTENNA* data will be ignored.
Review the LEF files specified in the init_lef_file variable and remove redundant definitions.
Type 'man IMPLF-58' for more detail.
**WARN: (IMPLF-58):	MACRO 'AN3D0' has been found in the database. Its content except DENSITY and PIN ANTENNA* data will be ignored.
Review the LEF files specified in the init_lef_file variable and remove redundant definitions.
Type 'man IMPLF-58' for more detail.
**WARN: (IMPLF-58):	MACRO 'AN3D1' has been found in the database. Its content except DENSITY and PIN ANTENNA* data will be ignored.
Review the LEF files specified in the init_lef_file variable and remove redundant definitions.
Type 'man IMPLF-58' for more detail.
**WARN: (IMPLF-58):	MACRO 'AN3D2' has been found in the database. Its content except DENSITY and PIN ANTENNA* data will be ignored.
Review the LEF files specified in the init_lef_file variable and remove redundant definitions.
Type 'man IMPLF-58' for more detail.
**WARN: (IMPLF-58):	MACRO 'AN3D4' has been found in the database. Its content except DENSITY and PIN ANTENNA* data will be ignored.
Review the LEF files specified in the init_lef_file variable and remove redundant definitions.
Type 'man IMPLF-58' for more detail.
**WARN: (IMPLF-58):	MACRO 'AN3D8' has been found in the database. Its content except DENSITY and PIN ANTENNA* data will be ignored.
Review the LEF files specified in the init_lef_file variable and remove redundant definitions.
Type 'man IMPLF-58' for more detail.
**WARN: (IMPLF-58):	MACRO 'AN3XD1' has been found in the database. Its content except DENSITY and PIN ANTENNA* data will be ignored.
Review the LEF files specified in the init_lef_file variable and remove redundant definitions.
Type 'man IMPLF-58' for more detail.
**WARN: (IMPLF-58):	MACRO 'AN4D0' has been found in the database. Its content except DENSITY and PIN ANTENNA* data will be ignored.
Review the LEF files specified in the init_lef_file variable and remove redundant definitions.
Type 'man IMPLF-58' for more detail.
**WARN: (IMPLF-58):	MACRO 'AN4D1' has been found in the database. Its content except DENSITY and PIN ANTENNA* data will be ignored.
Review the LEF files specified in the init_lef_file variable and remove redundant definitions.
Type 'man IMPLF-58' for more detail.
**WARN: (IMPLF-58):	MACRO 'AN4D2' has been found in the database. Its content except DENSITY and PIN ANTENNA* data will be ignored.
Review the LEF files specified in the init_lef_file variable and remove redundant definitions.
Type 'man IMPLF-58' for more detail.
**WARN: (IMPLF-58):	MACRO 'AN4D4' has been found in the database. Its content except DENSITY and PIN ANTENNA* data will be ignored.
Review the LEF files specified in the init_lef_file variable and remove redundant definitions.
Type 'man IMPLF-58' for more detail.
**WARN: (IMPLF-58):	MACRO 'AN4D8' has been found in the database. Its content except DENSITY and PIN ANTENNA* data will be ignored.
Review the LEF files specified in the init_lef_file variable and remove redundant definitions.
Type 'man IMPLF-58' for more detail.
**WARN: (IMPLF-58):	MACRO 'AN4XD1' has been found in the database. Its content except DENSITY and PIN ANTENNA* data will be ignored.
Review the LEF files specified in the init_lef_file variable and remove redundant definitions.
Type 'man IMPLF-58' for more detail.
**WARN: (IMPLF-58):	MACRO 'ANTENNA' has been found in the database. Its content except DENSITY and PIN ANTENNA* data will be ignored.
Review the LEF files specified in the init_lef_file variable and remove redundant definitions.
Type 'man IMPLF-58' for more detail.
**WARN: (IMPLF-58):	MACRO 'AO211D0' has been found in the database. Its content except DENSITY and PIN ANTENNA* data will be ignored.
Review the LEF files specified in the init_lef_file variable and remove redundant definitions.
Type 'man IMPLF-58' for more detail.
**WARN: (EMS-27):	Message (IMPLF-58) has exceeded the current message display limit of 20.
To increase the message display limit, refer to the product command reference manual.
**WARN: (IMPLF-61):	846 duplicated MACRO definitions have been found in the LEF file(s). Their content except DENSITY and PIN ANTENNA* data have been ignored.
Review the LEF files specified in the init_lef_file variable and remove redundant definitions.
Type 'man IMPLF-61' for more detail.
*** End library_loading (cpu=0.00min, mem=0.0M, fe_cpu=0.35min, fe_real=1.55min, fe_mem=471.7M) ***
*** Begin netlist parsing (mem=471.7M) ***
**WARN: (IMPVL-159):	Pin 'VSS' of cell 'XOR4D4' is defined in LEF but not in the timing library.
**WARN: (IMPVL-159):	Pin 'VDD' of cell 'XOR4D4' is defined in LEF but not in the timing library.
**WARN: (IMPVL-159):	Pin 'VSS' of cell 'XOR4D2' is defined in LEF but not in the timing library.
**WARN: (IMPVL-159):	Pin 'VDD' of cell 'XOR4D2' is defined in LEF but not in the timing library.
**WARN: (IMPVL-159):	Pin 'VSS' of cell 'XOR4D1' is defined in LEF but not in the timing library.
**WARN: (IMPVL-159):	Pin 'VDD' of cell 'XOR4D1' is defined in LEF but not in the timing library.
**WARN: (IMPVL-159):	Pin 'VSS' of cell 'XOR4D0' is defined in LEF but not in the timing library.
**WARN: (IMPVL-159):	Pin 'VDD' of cell 'XOR4D0' is defined in LEF but not in the timing library.
**WARN: (IMPVL-159):	Pin 'VSS' of cell 'XOR3D4' is defined in LEF but not in the timing library.
**WARN: (IMPVL-159):	Pin 'VDD' of cell 'XOR3D4' is defined in LEF but not in the timing library.
**WARN: (IMPVL-159):	Pin 'VSS' of cell 'XOR3D2' is defined in LEF but not in the timing library.
**WARN: (IMPVL-159):	Pin 'VDD' of cell 'XOR3D2' is defined in LEF but not in the timing library.
**WARN: (IMPVL-159):	Pin 'VSS' of cell 'XOR3D1' is defined in LEF but not in the timing library.
**WARN: (IMPVL-159):	Pin 'VDD' of cell 'XOR3D1' is defined in LEF but not in the timing library.
**WARN: (IMPVL-159):	Pin 'VSS' of cell 'XOR3D0' is defined in LEF but not in the timing library.
**WARN: (IMPVL-159):	Pin 'VDD' of cell 'XOR3D0' is defined in LEF but not in the timing library.
**WARN: (IMPVL-159):	Pin 'VSS' of cell 'XOR2D4' is defined in LEF but not in the timing library.
**WARN: (IMPVL-159):	Pin 'VDD' of cell 'XOR2D4' is defined in LEF but not in the timing library.
**WARN: (IMPVL-159):	Pin 'VSS' of cell 'XOR2D2' is defined in LEF but not in the timing library.
**WARN: (IMPVL-159):	Pin 'VDD' of cell 'XOR2D2' is defined in LEF but not in the timing library.
**WARN: (EMS-27):	Message (IMPVL-159) has exceeded the current message display limit of 20.
To increase the message display limit, refer to the product command reference manual.
Created 811 new cells from 2 timing libraries.
Reading netlist ...
Backslashed names will retain backslash and a trailing blank character.
Reading verilog netlist './netlist/sram_w16.out.v'

*** Memory Usage v#1 (Current mem = 471.699M, initial mem = 152.258M) ***
*** End netlist parsing (cpu=0:00:00.0, real=0:00:00.0, mem=471.7M) ***
Set top cell to sram_w16.
Hooked 1622 DB cells to tlib cells.
Starting recursive module instantiation check.
No recursion found.
Building hierarchical netlist for Cell sram_w16 ...
*** Netlist is unique.
** info: there are 1658 modules.
** info: there are 1865 stdCell insts.

*** Memory Usage v#1 (Current mem = 523.461M, initial mem = 152.258M) ***
**WARN: (IMPFP-3961):	The techSite 'dcore' has no related cells in LEF/OA library. Cannot make calculations for this site type unless cell models of this type exist in the LEF/OA library. If the SITE is not used by the library you can ignore this warning or remove the SITE definition from the LEF/OA to avoid this message.
Type 'man IMPFP-3961' for more detail.
**WARN: (IMPFP-3961):	The techSite 'ccore' has no related cells in LEF/OA library. Cannot make calculations for this site type unless cell models of this type exist in the LEF/OA library. If the SITE is not used by the library you can ignore this warning or remove the SITE definition from the LEF/OA to avoid this message.
Type 'man IMPFP-3961' for more detail.
Set Default Net Delay as 1000 ps.
Set Default Net Load as 0.5 pF. 
Set Default Input Pin Transition as 0.1 ps.
WC_VIEW BC_VIEW
Initializing multi-corner RC extraction with 2 active RC Corners ...
Reading Capacitance Table File /home/linux/ieng6/ee260bwi25/public/PDKdata/captbl/cln65g+_1p08m+alrdl_top2_cworst.captable ...
**WARN: (IMPEXT-2760):	Layer M9 specified in the cap table is ignored because it is greater than the maximum number of layers, 8, specified in the technology LEF file. Check the cap table for the invalid layer specification.
**WARN: (IMPEXT-2771):	Via VIA_8 specified in the cap table is ignored because its top layer, M9, is greater than the maximum number of layers, 8, specified in the technology LEF file. Check the cap table for the invalid layer specification.
**WARN: (IMPEXT-2801):	Resistance values are not provided in the Cap Table. Sheet resistance defined in the LEF file will be used.
**WARN: (IMPEXT-2710):	Basic Cap table for layer M9 is ignored because the layer is not specified in the technology LEF file.
Reading Capacitance Table File /home/linux/ieng6/ee260bwi25/public/PDKdata/captbl/cln65g+_1p08m+alrdl_top2_cbest.captable ...
**WARN: (IMPEXT-2760):	Layer M9 specified in the cap table is ignored because it is greater than the maximum number of layers, 8, specified in the technology LEF file. Check the cap table for the invalid layer specification.
**WARN: (IMPEXT-2771):	Via VIA_8 specified in the cap table is ignored because its top layer, M9, is greater than the maximum number of layers, 8, specified in the technology LEF file. Check the cap table for the invalid layer specification.
**WARN: (IMPEXT-2801):	Resistance values are not provided in the Cap Table. Sheet resistance defined in the LEF file will be used.
**WARN: (IMPEXT-2710):	Basic Cap table for layer M9 is ignored because the layer is not specified in the technology LEF file.
Importing multi-corner RC tables ... 
Summary of Active RC-Corners : 
 
 Analysis View: WC_VIEW
    RC-Corner Name        : Cmax
    RC-Corner Index       : 0
    RC-Corner Temperature : 125 Celsius
    RC-Corner Cap Table   : '/home/linux/ieng6/ee260bwi25/public/PDKdata/captbl/cln65g+_1p08m+alrdl_top2_cworst.captable'
    RC-Corner PreRoute Res Factor         : 1
    RC-Corner PreRoute Cap Factor         : 1
    RC-Corner PostRoute Res Factor        : 1 {1 1 1}
    RC-Corner PostRoute Cap Factor        : 1 {1 1 1}
    RC-Corner PostRoute XCap Factor       : 1 {1 1 1}
    RC-Corner PreRoute Clock Res Factor   : 1	[Derived from postRoute_res (effortLevel low)]
    RC-Corner PreRoute Clock Cap Factor   : 1	[Derived from postRoute_cap (effortLevel low)]
    RC-Corner PostRoute Clock Cap Factor  : 1 {1 1 1} 	[Derived from postRoute_cap (effortLevel low)]
    RC-Corner PostRoute Clock Res Factor  : 1 {1 1 1} 	[Derived from postRoute_res (effortLevel low)]
 
 Analysis View: BC_VIEW
    RC-Corner Name        : Cmin
    RC-Corner Index       : 1
    RC-Corner Temperature : -40 Celsius
    RC-Corner Cap Table   : '/home/linux/ieng6/ee260bwi25/public/PDKdata/captbl/cln65g+_1p08m+alrdl_top2_cbest.captable'
    RC-Corner PreRoute Res Factor         : 1
    RC-Corner PreRoute Cap Factor         : 1
    RC-Corner PostRoute Res Factor        : 1 {1 1 1}
    RC-Corner PostRoute Cap Factor        : 1 {1 1 1}
    RC-Corner PostRoute XCap Factor       : 1 {1 1 1}
    RC-Corner PreRoute Clock Res Factor   : 1	[Derived from postRoute_res (effortLevel low)]
    RC-Corner PreRoute Clock Cap Factor   : 1	[Derived from postRoute_cap (effortLevel low)]
    RC-Corner PostRoute Clock Cap Factor  : 1 {1 1 1} 	[Derived from postRoute_cap (effortLevel low)]
    RC-Corner PostRoute Clock Res Factor  : 1 {1 1 1} 	[Derived from postRoute_res (effortLevel low)]
*Info: initialize multi-corner CTS.
Reading timing constraints file './constraints/sram_w16.sdc' ...
Current (total cpu=0:00:21.6, real=0:01:34, peak res=271.7M, current mem=641.8M)
**WARN: (TCLCMD-513):	The software could not find a matching object of the specified type for the pattern 'clk' (File ./constraints/sram_w16.sdc, Line 7).

**ERROR: (TCLCMD-917):	Cannot find 'ports' that match 'clk' (File ./constraints/sram_w16.sdc, Line 7).

**ERROR: (TCLCMD-1109):	Could not find source for create_clock command (File ./constraints/sram_w16.sdc, Line 7).

**WARN: (TCLCMD-513):	The software could not find a matching object of the specified type for the pattern 'clk' (File ./constraints/sram_w16.sdc, Line 10).

**ERROR: (TCLCMD-917):	Cannot find 'clocks' that match 'clk' (File ./constraints/sram_w16.sdc, Line 10).

**ERROR: (TCLCMD-917):	Cannot find 'clocks' that match '' (File ./constraints/sram_w16.sdc, Line 10).

**WARN: (TCLCMD-513):	The software could not find a matching object of the specified type for the pattern 'clk' (File ./constraints/sram_w16.sdc, Line 13).

**ERROR: (TCLCMD-917):	Cannot find 'clocks' that match 'clk' (File ./constraints/sram_w16.sdc, Line 13).

**ERROR: (TCLCMD-917):	Cannot find 'clocks' that match '' (File ./constraints/sram_w16.sdc, Line 13).

INFO (CTE): Reading of timing constraints file ./constraints/sram_w16.sdc completed, with 3 Warnings and 6 Errors.
Ending "Constraint file reading stats" (total cpu=0:00:00.1, real=0:00:00.0, peak res=273.5M, current mem=646.0M)
Current (total cpu=0:00:21.7, real=0:01:34, peak res=273.5M, current mem=646.0M)
Total number of combinational cells: 492
Total number of sequential cells: 303
Total number of tristate cells: 11
Total number of level shifter cells: 0
Total number of power gating cells: 0
Total number of isolation cells: 0
Total number of power switch cells: 0
Total number of pulse generator cells: 0
Total number of always on buffers: 0
Total number of retention cells: 0
List of usable buffers: BUFFD1 BUFFD0 BUFFD2 BUFFD3 BUFFD4 BUFFD6 BUFFD8 BUFFD12 BUFFD16 CKBD1 CKBD0 CKBD2 CKBD3 CKBD4 CKBD6 CKBD8 CKBD12 CKBD16
Total number of usable buffers: 18
List of unusable buffers: BUFFD20 BUFFD24 CKBD20 CKBD24 GBUFFD1 GBUFFD3 GBUFFD2 GBUFFD4 GBUFFD8
Total number of unusable buffers: 9
List of usable inverters: CKND1 CKND0 CKND2 CKND3 CKND4 CKND6 CKND8 CKND12 CKND16 INVD1 INVD0 INVD2 INVD3 INVD4 INVD6 INVD8 INVD12 INVD16
Total number of usable inverters: 18
List of unusable inverters: CKND20 CKND24 GINVD2 GINVD1 GINVD4 GINVD3 GINVD8 INVD20 INVD24
Total number of unusable inverters: 9
List of identified usable delay cells:
Total number of identified usable delay cells: 0
List of identified unusable delay cells: DEL0 DEL005 DEL01 DEL015 DEL02 DEL1 DEL2 DEL3 DEL4
Total number of identified unusable delay cells: 9
All delay cells are dont_use. Buffers will be used to fix hold violations.
<CMD> set_interactive_constraint_modes {CON}
<CMD> setDesignMode -process 65
Applying the recommended capacitance filtering threshold values for 65nm process node: total_c_th=0, relative_c_th=1 and coupling_c_th=0.1.
	These values will be used by all post-route extraction engines, including tQuantus, IQRC and Quantus QRC extraction.
	Capacitance filtering mode(-capFilterMode option of the setExtractRCMode) is 'relAndCoup' for all engines.
	The accuracy mode for postRoute effortLevel low extraction will be set to 'high'.
	Default value for EffortLevel(-effortLevel option of the setExtractRCMode) in postRoute extraction mode will be 'medium' if Quantus QRC technology file is specified else 'low'.
Updating process node dependent CCOpt properties for the 65nm process node.
<CMD> set init_pwr_net VDD
<CMD> set init_gnd_net VSS
<CMD> set init_verilog ./netlist/sram_w16.out.v
<CMD> set init_design_netlisttype Verilog
<CMD> set init_design_settop 1
<CMD> set init_top_cell sram_w16
<CMD> set init_lef_file /home/linux/ieng6/ee260bwi25/public/PDKdata/lef/tcbn65gplus_8lmT2.lef
<CMD> create_library_set -name WC_LIB -timing $worst_timing_lib
<CMD> create_library_set -name BC_LIB -timing $best_timing_lib
<CMD> create_rc_corner -name Cmax -cap_table $worst_captbl -T 125
Initializing multi-corner RC extraction with 2 active RC Corners ...
Reading Capacitance Table File /home/linux/ieng6/ee260bwi25/public/PDKdata/captbl/cln65g+_1p08m+alrdl_top2_cworst.captable ...
**WARN: (IMPEXT-2760):	Layer M9 specified in the cap table is ignored because it is greater than the maximum number of layers, 8, specified in the technology LEF file. Check the cap table for the invalid layer specification.
**WARN: (IMPEXT-2771):	Via VIA_8 specified in the cap table is ignored because its top layer, M9, is greater than the maximum number of layers, 8, specified in the technology LEF file. Check the cap table for the invalid layer specification.
**WARN: (IMPEXT-2801):	Resistance values are not provided in the Cap Table. Sheet resistance defined in the LEF file will be used.
**WARN: (IMPEXT-2710):	Basic Cap table for layer M9 is ignored because the layer is not specified in the technology LEF file.
Reading Capacitance Table File /home/linux/ieng6/ee260bwi25/public/PDKdata/captbl/cln65g+_1p08m+alrdl_top2_cbest.captable ...
**WARN: (IMPEXT-2760):	Layer M9 specified in the cap table is ignored because it is greater than the maximum number of layers, 8, specified in the technology LEF file. Check the cap table for the invalid layer specification.
**WARN: (IMPEXT-2771):	Via VIA_8 specified in the cap table is ignored because its top layer, M9, is greater than the maximum number of layers, 8, specified in the technology LEF file. Check the cap table for the invalid layer specification.
**WARN: (IMPEXT-2801):	Resistance values are not provided in the Cap Table. Sheet resistance defined in the LEF file will be used.
**WARN: (IMPEXT-2710):	Basic Cap table for layer M9 is ignored because the layer is not specified in the technology LEF file.
Importing multi-corner RC tables ... 
Summary of Active RC-Corners : 
 
 Analysis View: WC_VIEW
    RC-Corner Name        : Cmax
    RC-Corner Index       : 0
    RC-Corner Temperature : 125 Celsius
    RC-Corner Cap Table   : '/home/linux/ieng6/ee260bwi25/public/PDKdata/captbl/cln65g+_1p08m+alrdl_top2_cworst.captable'
    RC-Corner PreRoute Res Factor         : 1
    RC-Corner PreRoute Cap Factor         : 1
    RC-Corner PostRoute Res Factor        : 1 {1 1 1}
    RC-Corner PostRoute Cap Factor        : 1 {1 1 1}
    RC-Corner PostRoute XCap Factor       : 1 {1 1 1}
    RC-Corner PreRoute Clock Res Factor   : 1	[Derived from postRoute_res (effortLevel low)]
    RC-Corner PreRoute Clock Cap Factor   : 1	[Derived from postRoute_cap (effortLevel low)]
    RC-Corner PostRoute Clock Cap Factor  : 1 {1 1 1} 	[Derived from postRoute_cap (effortLevel low)]
    RC-Corner PostRoute Clock Res Factor  : 1 {1 1 1} 	[Derived from postRoute_res (effortLevel low)]
 
 Analysis View: BC_VIEW
    RC-Corner Name        : Cmin
    RC-Corner Index       : 1
    RC-Corner Temperature : -40 Celsius
    RC-Corner Cap Table   : '/home/linux/ieng6/ee260bwi25/public/PDKdata/captbl/cln65g+_1p08m+alrdl_top2_cbest.captable'
    RC-Corner PreRoute Res Factor         : 1
    RC-Corner PreRoute Cap Factor         : 1
    RC-Corner PostRoute Res Factor        : 1 {1 1 1}
    RC-Corner PostRoute Cap Factor        : 1 {1 1 1}
    RC-Corner PostRoute XCap Factor       : 1 {1 1 1}
    RC-Corner PreRoute Clock Res Factor   : 1	[Derived from postRoute_res (effortLevel low)]
    RC-Corner PreRoute Clock Cap Factor   : 1	[Derived from postRoute_cap (effortLevel low)]
    RC-Corner PostRoute Clock Cap Factor  : 1 {1 1 1} 	[Derived from postRoute_cap (effortLevel low)]
    RC-Corner PostRoute Clock Res Factor  : 1 {1 1 1} 	[Derived from postRoute_res (effortLevel low)]
<CMD> create_rc_corner -name Cmin -cap_table $best_captbl -T -40
Initializing multi-corner RC extraction with 2 active RC Corners ...
Reading Capacitance Table File /home/linux/ieng6/ee260bwi25/public/PDKdata/captbl/cln65g+_1p08m+alrdl_top2_cworst.captable ...
**WARN: (IMPEXT-2760):	Layer M9 specified in the cap table is ignored because it is greater than the maximum number of layers, 8, specified in the technology LEF file. Check the cap table for the invalid layer specification.
**WARN: (IMPEXT-2771):	Via VIA_8 specified in the cap table is ignored because its top layer, M9, is greater than the maximum number of layers, 8, specified in the technology LEF file. Check the cap table for the invalid layer specification.
**WARN: (IMPEXT-2801):	Resistance values are not provided in the Cap Table. Sheet resistance defined in the LEF file will be used.
**WARN: (IMPEXT-2710):	Basic Cap table for layer M9 is ignored because the layer is not specified in the technology LEF file.
Reading Capacitance Table File /home/linux/ieng6/ee260bwi25/public/PDKdata/captbl/cln65g+_1p08m+alrdl_top2_cbest.captable ...
**WARN: (IMPEXT-2760):	Layer M9 specified in the cap table is ignored because it is greater than the maximum number of layers, 8, specified in the technology LEF file. Check the cap table for the invalid layer specification.
**WARN: (IMPEXT-2771):	Via VIA_8 specified in the cap table is ignored because its top layer, M9, is greater than the maximum number of layers, 8, specified in the technology LEF file. Check the cap table for the invalid layer specification.
**WARN: (IMPEXT-2801):	Resistance values are not provided in the Cap Table. Sheet resistance defined in the LEF file will be used.
**WARN: (IMPEXT-2710):	Basic Cap table for layer M9 is ignored because the layer is not specified in the technology LEF file.
Importing multi-corner RC tables ... 
Summary of Active RC-Corners : 
 
 Analysis View: WC_VIEW
    RC-Corner Name        : Cmax
    RC-Corner Index       : 0
    RC-Corner Temperature : 125 Celsius
    RC-Corner Cap Table   : '/home/linux/ieng6/ee260bwi25/public/PDKdata/captbl/cln65g+_1p08m+alrdl_top2_cworst.captable'
    RC-Corner PreRoute Res Factor         : 1
    RC-Corner PreRoute Cap Factor         : 1
    RC-Corner PostRoute Res Factor        : 1 {1 1 1}
    RC-Corner PostRoute Cap Factor        : 1 {1 1 1}
    RC-Corner PostRoute XCap Factor       : 1 {1 1 1}
    RC-Corner PreRoute Clock Res Factor   : 1	[Derived from postRoute_res (effortLevel low)]
    RC-Corner PreRoute Clock Cap Factor   : 1	[Derived from postRoute_cap (effortLevel low)]
    RC-Corner PostRoute Clock Cap Factor  : 1 {1 1 1} 	[Derived from postRoute_cap (effortLevel low)]
    RC-Corner PostRoute Clock Res Factor  : 1 {1 1 1} 	[Derived from postRoute_res (effortLevel low)]
 
 Analysis View: BC_VIEW
    RC-Corner Name        : Cmin
    RC-Corner Index       : 1
    RC-Corner Temperature : -40 Celsius
    RC-Corner Cap Table   : '/home/linux/ieng6/ee260bwi25/public/PDKdata/captbl/cln65g+_1p08m+alrdl_top2_cbest.captable'
    RC-Corner PreRoute Res Factor         : 1
    RC-Corner PreRoute Cap Factor         : 1
    RC-Corner PostRoute Res Factor        : 1 {1 1 1}
    RC-Corner PostRoute Cap Factor        : 1 {1 1 1}
    RC-Corner PostRoute XCap Factor       : 1 {1 1 1}
    RC-Corner PreRoute Clock Res Factor   : 1	[Derived from postRoute_res (effortLevel low)]
    RC-Corner PreRoute Clock Cap Factor   : 1	[Derived from postRoute_cap (effortLevel low)]
    RC-Corner PostRoute Clock Cap Factor  : 1 {1 1 1} 	[Derived from postRoute_cap (effortLevel low)]
    RC-Corner PostRoute Clock Res Factor  : 1 {1 1 1} 	[Derived from postRoute_res (effortLevel low)]
<CMD> create_delay_corner -name WC -library_set WC_LIB -rc_corner Cmax
Initializing multi-corner RC extraction with 2 active RC Corners ...
Reading Capacitance Table File /home/linux/ieng6/ee260bwi25/public/PDKdata/captbl/cln65g+_1p08m+alrdl_top2_cworst.captable ...
**WARN: (IMPEXT-2760):	Layer M9 specified in the cap table is ignored because it is greater than the maximum number of layers, 8, specified in the technology LEF file. Check the cap table for the invalid layer specification.
**WARN: (IMPEXT-2771):	Via VIA_8 specified in the cap table is ignored because its top layer, M9, is greater than the maximum number of layers, 8, specified in the technology LEF file. Check the cap table for the invalid layer specification.
**WARN: (IMPEXT-2801):	Resistance values are not provided in the Cap Table. Sheet resistance defined in the LEF file will be used.
**WARN: (IMPEXT-2710):	Basic Cap table for layer M9 is ignored because the layer is not specified in the technology LEF file.
Reading Capacitance Table File /home/linux/ieng6/ee260bwi25/public/PDKdata/captbl/cln65g+_1p08m+alrdl_top2_cbest.captable ...
**WARN: (IMPEXT-2760):	Layer M9 specified in the cap table is ignored because it is greater than the maximum number of layers, 8, specified in the technology LEF file. Check the cap table for the invalid layer specification.
**WARN: (IMPEXT-2771):	Via VIA_8 specified in the cap table is ignored because its top layer, M9, is greater than the maximum number of layers, 8, specified in the technology LEF file. Check the cap table for the invalid layer specification.
**WARN: (IMPEXT-2801):	Resistance values are not provided in the Cap Table. Sheet resistance defined in the LEF file will be used.
**WARN: (IMPEXT-2710):	Basic Cap table for layer M9 is ignored because the layer is not specified in the technology LEF file.
Importing multi-corner RC tables ... 
Summary of Active RC-Corners : 
 
 Analysis View: WC_VIEW
    RC-Corner Name        : Cmax
    RC-Corner Index       : 0
    RC-Corner Temperature : 125 Celsius
    RC-Corner Cap Table   : '/home/linux/ieng6/ee260bwi25/public/PDKdata/captbl/cln65g+_1p08m+alrdl_top2_cworst.captable'
    RC-Corner PreRoute Res Factor         : 1
    RC-Corner PreRoute Cap Factor         : 1
    RC-Corner PostRoute Res Factor        : 1 {1 1 1}
    RC-Corner PostRoute Cap Factor        : 1 {1 1 1}
    RC-Corner PostRoute XCap Factor       : 1 {1 1 1}
    RC-Corner PreRoute Clock Res Factor   : 1	[Derived from postRoute_res (effortLevel low)]
    RC-Corner PreRoute Clock Cap Factor   : 1	[Derived from postRoute_cap (effortLevel low)]
    RC-Corner PostRoute Clock Cap Factor  : 1 {1 1 1} 	[Derived from postRoute_cap (effortLevel low)]
    RC-Corner PostRoute Clock Res Factor  : 1 {1 1 1} 	[Derived from postRoute_res (effortLevel low)]
 
 Analysis View: BC_VIEW
    RC-Corner Name        : Cmin
    RC-Corner Index       : 1
    RC-Corner Temperature : -40 Celsius
    RC-Corner Cap Table   : '/home/linux/ieng6/ee260bwi25/public/PDKdata/captbl/cln65g+_1p08m+alrdl_top2_cbest.captable'
    RC-Corner PreRoute Res Factor         : 1
    RC-Corner PreRoute Cap Factor         : 1
    RC-Corner PostRoute Res Factor        : 1 {1 1 1}
    RC-Corner PostRoute Cap Factor        : 1 {1 1 1}
    RC-Corner PostRoute XCap Factor       : 1 {1 1 1}
    RC-Corner PreRoute Clock Res Factor   : 1	[Derived from postRoute_res (effortLevel low)]
    RC-Corner PreRoute Clock Cap Factor   : 1	[Derived from postRoute_cap (effortLevel low)]
    RC-Corner PostRoute Clock Cap Factor  : 1 {1 1 1} 	[Derived from postRoute_cap (effortLevel low)]
    RC-Corner PostRoute Clock Res Factor  : 1 {1 1 1} 	[Derived from postRoute_res (effortLevel low)]
<CMD> create_delay_corner -name BC -library_set BC_LIB -rc_corner Cmin
Initializing multi-corner RC extraction with 2 active RC Corners ...
Reading Capacitance Table File /home/linux/ieng6/ee260bwi25/public/PDKdata/captbl/cln65g+_1p08m+alrdl_top2_cworst.captable ...
**WARN: (IMPEXT-2760):	Layer M9 specified in the cap table is ignored because it is greater than the maximum number of layers, 8, specified in the technology LEF file. Check the cap table for the invalid layer specification.
**WARN: (IMPEXT-2771):	Via VIA_8 specified in the cap table is ignored because its top layer, M9, is greater than the maximum number of layers, 8, specified in the technology LEF file. Check the cap table for the invalid layer specification.
**WARN: (IMPEXT-2801):	Resistance values are not provided in the Cap Table. Sheet resistance defined in the LEF file will be used.
**WARN: (IMPEXT-2710):	Basic Cap table for layer M9 is ignored because the layer is not specified in the technology LEF file.
Reading Capacitance Table File /home/linux/ieng6/ee260bwi25/public/PDKdata/captbl/cln65g+_1p08m+alrdl_top2_cbest.captable ...
**WARN: (IMPEXT-2760):	Layer M9 specified in the cap table is ignored because it is greater than the maximum number of layers, 8, specified in the technology LEF file. Check the cap table for the invalid layer specification.
**WARN: (IMPEXT-2771):	Via VIA_8 specified in the cap table is ignored because its top layer, M9, is greater than the maximum number of layers, 8, specified in the technology LEF file. Check the cap table for the invalid layer specification.
**WARN: (IMPEXT-2801):	Resistance values are not provided in the Cap Table. Sheet resistance defined in the LEF file will be used.
**WARN: (IMPEXT-2710):	Basic Cap table for layer M9 is ignored because the layer is not specified in the technology LEF file.
Importing multi-corner RC tables ... 
Summary of Active RC-Corners : 
 
 Analysis View: WC_VIEW
    RC-Corner Name        : Cmax
    RC-Corner Index       : 0
    RC-Corner Temperature : 125 Celsius
    RC-Corner Cap Table   : '/home/linux/ieng6/ee260bwi25/public/PDKdata/captbl/cln65g+_1p08m+alrdl_top2_cworst.captable'
    RC-Corner PreRoute Res Factor         : 1
    RC-Corner PreRoute Cap Factor         : 1
    RC-Corner PostRoute Res Factor        : 1 {1 1 1}
    RC-Corner PostRoute Cap Factor        : 1 {1 1 1}
    RC-Corner PostRoute XCap Factor       : 1 {1 1 1}
    RC-Corner PreRoute Clock Res Factor   : 1	[Derived from postRoute_res (effortLevel low)]
    RC-Corner PreRoute Clock Cap Factor   : 1	[Derived from postRoute_cap (effortLevel low)]
    RC-Corner PostRoute Clock Cap Factor  : 1 {1 1 1} 	[Derived from postRoute_cap (effortLevel low)]
    RC-Corner PostRoute Clock Res Factor  : 1 {1 1 1} 	[Derived from postRoute_res (effortLevel low)]
 
 Analysis View: BC_VIEW
    RC-Corner Name        : Cmin
    RC-Corner Index       : 1
    RC-Corner Temperature : -40 Celsius
    RC-Corner Cap Table   : '/home/linux/ieng6/ee260bwi25/public/PDKdata/captbl/cln65g+_1p08m+alrdl_top2_cbest.captable'
    RC-Corner PreRoute Res Factor         : 1
    RC-Corner PreRoute Cap Factor         : 1
    RC-Corner PostRoute Res Factor        : 1 {1 1 1}
    RC-Corner PostRoute Cap Factor        : 1 {1 1 1}
    RC-Corner PostRoute XCap Factor       : 1 {1 1 1}
    RC-Corner PreRoute Clock Res Factor   : 1	[Derived from postRoute_res (effortLevel low)]
    RC-Corner PreRoute Clock Cap Factor   : 1	[Derived from postRoute_cap (effortLevel low)]
    RC-Corner PostRoute Clock Cap Factor  : 1 {1 1 1} 	[Derived from postRoute_cap (effortLevel low)]
    RC-Corner PostRoute Clock Res Factor  : 1 {1 1 1} 	[Derived from postRoute_res (effortLevel low)]
<CMD> create_constraint_mode -name CON -sdc_file [list $sdc]
Reading timing constraints file './constraints/sram_w16.sdc' ...
Current (total cpu=0:00:45.6, real=0:04:14, peak res=391.4M, current mem=802.1M)
**WARN: (TCLCMD-513):	The software could not find a matching object of the specified type for the pattern 'clk' (File ./constraints/sram_w16.sdc, Line 7).

**ERROR: (TCLCMD-917):	Cannot find 'ports' that match 'clk' (File ./constraints/sram_w16.sdc, Line 7).

**ERROR: (TCLCMD-1109):	Could not find source for create_clock command (File ./constraints/sram_w16.sdc, Line 7).

**WARN: (TCLCMD-513):	The software could not find a matching object of the specified type for the pattern 'clk' (File ./constraints/sram_w16.sdc, Line 10).

**ERROR: (TCLCMD-917):	Cannot find 'clocks' that match 'clk' (File ./constraints/sram_w16.sdc, Line 10).

**ERROR: (TCLCMD-917):	Cannot find 'clocks' that match '' (File ./constraints/sram_w16.sdc, Line 10).

**WARN: (TCLCMD-513):	The software could not find a matching object of the specified type for the pattern 'clk' (File ./constraints/sram_w16.sdc, Line 13).

**ERROR: (TCLCMD-917):	Cannot find 'clocks' that match 'clk' (File ./constraints/sram_w16.sdc, Line 13).

**ERROR: (TCLCMD-917):	Cannot find 'clocks' that match '' (File ./constraints/sram_w16.sdc, Line 13).

INFO (CTE): Reading of timing constraints file ./constraints/sram_w16.sdc completed, with 3 Warnings and 6 Errors.
Ending "Constraint file reading stats" (total cpu=0:00:00.0, real=0:00:00.0, peak res=392.5M, current mem=804.8M)
Current (total cpu=0:00:45.6, real=0:04:14, peak res=392.5M, current mem=804.8M)
<CMD> create_analysis_view -name WC_VIEW -delay_corner WC -constraint_mode CON
The existing analysis_view 'WC_VIEW' has been replaced with new attributes.
<CMD> create_analysis_view -name BC_VIEW -delay_corner BC -constraint_mode CON
The existing analysis_view 'BC_VIEW' has been replaced with new attributes.
<CMD> init_design -setup WC_VIEW -hold BC_VIEW
**WARN: (IMPSYT-7329):	Cannot load design with init_design, after design is already in memory.  This command is skipped.
<CMD> set_interactive_constraint_modes {CON}
<CMD> setDesignMode -process 65
Applying the recommended capacitance filtering threshold values for 65nm process node: total_c_th=0, relative_c_th=1 and coupling_c_th=0.1.
	These values will be used by all post-route extraction engines, including tQuantus, IQRC and Quantus QRC extraction.
	Capacitance filtering mode(-capFilterMode option of the setExtractRCMode) is 'relAndCoup' for all engines.
	The accuracy mode for postRoute effortLevel low extraction will be set to 'high'.
	Default value for EffortLevel(-effortLevel option of the setExtractRCMode) in postRoute extraction mode will be 'medium' if Quantus QRC technology file is specified else 'low'.
Updating process node dependent CCOpt properties for the 65nm process node.
<CMD> floorPlan -site core -r 1 0.50 1.0 1.0 1.0 1.0
**WARN: (IMPFP-325):	Floorplan of the design is resized. All current floorplan objects are automatically derived based on specified new floorplan. This may change blocks, fixed standard cells, existing routes and blockages.
<CMD> globalNetConnect VDD -type pgpin -pin VDD -inst * -verbose
1865 new pwr-pin connections were made to global net 'VDD'.
<CMD> globalNetConnect VSS -type pgpin -pin VSS -inst * -verbose
1865 new gnd-pin connections were made to global net 'VSS'.
<CMD> setAddStripeMode -break_at block_ring
Stripe will break at block ring.
<CMD> addStripe -number_of_sets 2 -spacing 1 -layer M4 -width 1 -nets { VSS VDD }

Starting stripe generation ...
Non-Default setAddStripeOption Settings :
  NONE
The core ring for VSS is incomplete. The core ring will not be used as a boundary for stripes. In this situation, the power planner will generate stripes only within the core area.
The core ring for VDD is incomplete. The core ring will not be used as a boundary for stripes. In this situation, the power planner will generate stripes only within the core area.
Stripe generation is complete; vias are now being generated.
The power planner created 4 wires.
*** Ending Stripe Generation (totcpu: 0:00:00.0,real: 0:00:00.0, mem: 828.8M) ***
<CMD> sroute
*** Begin SPECIAL ROUTE on Thu Mar  6 21:52:16 2025 ***
SPECIAL ROUTE ran on directory: /home/linux/ieng6/ee260bwi25/ttalapaneni/ECE260B_course_project/PnR_Synthesis/Part3_Hier_Syn/pnr_SRAM
SPECIAL ROUTE ran on machine: ieng6-ece-04.ucsd.edu (Linux 3.10.0-1160.119.1.el7.x86_64 Xeon 2.19Ghz)

Begin option processing ...
srouteConnectPowerBump set to false
routeSpecial set to true
srouteConnectConverterPin set to false
srouteFollowCorePinEnd set to 3
srouteJogControl set to "preferWithChanges differentLayer"
sroutePadPinAllPorts set to true
sroutePreserveExistingRoutes set to true
srouteRoutePowerBarPortOnBothDir set to true
End option processing: cpu: 0:00:00, real: 0:00:00, peak: 1523.00 megs.

Reading DB technology information...
Finished reading DB technology information.
Reading floorplan and netlist information...
Finished reading floorplan and netlist information.
Read in 17 layers, 8 routing layers, 1 overlap layer
Read in 846 macros, 13 used
Read in 13 components
  13 core components: 13 unplaced, 0 placed, 0 fixed
Read in 262 logical pins
Read in 262 nets
Read in 2 special nets, 2 routed
Read in 26 terminals
Begin power routing ...
**WARN: (IMPSR-1254):	Cannot find any block pin of net VDD. Check netlist, or change option to include the pin.
**WARN: (IMPSR-1256):	Cannot find any CORE class pad pin of net VDD. Change routing area or layer to include the expected pin, or check netlist, or change port class in the technology file.
Type 'man IMPSR-1256' for more detail.
Cannot find any AREAIO class pad pin of net VDD. Check net list, or change port class in the technology file, or change option to include pin in given range.
**WARN: (IMPSR-1254):	Cannot find any block pin of net VSS. Check netlist, or change option to include the pin.
**WARN: (IMPSR-1256):	Cannot find any CORE class pad pin of net VSS. Change routing area or layer to include the expected pin, or check netlist, or change port class in the technology file.
Type 'man IMPSR-1256' for more detail.
Cannot find any AREAIO class pad pin of net VSS. Check net list, or change port class in the technology file, or change option to include pin in given range.
CPU time for FollowPin 0 seconds
CPU time for FollowPin 0 seconds
  Number of IO ports routed: 0
  Number of Block ports routed: 0
  Number of Stripe ports routed: 0  open: 8
  Number of Core ports routed: 0  open: 176
  Number of Pad ports routed: 0
  Number of Power Bump ports routed: 0
  Number of Followpin connections: 88
End power routing: cpu: 0:00:00, real: 0:00:00, peak: 1540.00 megs.



 Begin updating DB with routing results ...
 Updating DB with 101 via definition ...Extracting standard cell pins and blockage ...... 
Pin and blockage extraction finished


sroute post-processing starts at Thu Mar  6 21:52:16 2025
The viaGen is rebuilding shadow vias for net VSS.
sroute post-processing ends at Thu Mar  6 21:52:16 2025

sroute post-processing starts at Thu Mar  6 21:52:16 2025
The viaGen is rebuilding shadow vias for net VDD.
sroute post-processing ends at Thu Mar  6 21:52:16 2025
sroute: Total CPU time used = 0:0:0
sroute: Total Real time used = 0:0:0
sroute: Total Memory used = 16.29 megs
sroute: Total Peak Memory used = 845.13 megs
<CMD> fit
<CMD> floorPlan -site core -r 1 0.50 1.0 1.0 1.0 1.0
<CMD> globalNetConnect VDD -type pgpin -pin VDD -inst * -verbose
0 new pwr-pin connection was made to global net 'VDD'.
<CMD> globalNetConnect VSS -type pgpin -pin VSS -inst * -verbose
0 new gnd-pin connection was made to global net 'VSS'.
<CMD> setAddStripeMode -break_at block_ring
Stripe will break at block ring.
<CMD> addStripe -number_of_sets 4 -spacing 1 -layer M4 -width 1 -nets { VSS VDD }

Starting stripe generation ...
Non-Default setAddStripeOption Settings :
  NONE
The core ring for VSS is incomplete. The core ring will not be used as a boundary for stripes. In this situation, the power planner will generate stripes only within the core area.
The core ring for VDD is incomplete. The core ring will not be used as a boundary for stripes. In this situation, the power planner will generate stripes only within the core area.
**WARN: (IMPPP-170):	The power planner failed to create a wire at (1.50, 1.00) (1.50, 157.60) because same wire already exists.
**WARN: (IMPPP-170):	The power planner failed to create a wire at (3.50, 1.00) (3.50, 157.60) because same wire already exists.
Stripe generation is complete; vias are now being generated.
The power planner created 6 wires.
*** Ending Stripe Generation (totcpu: 0:00:00.0,real: 0:00:00.0, mem: 845.1M) ***
<CMD> sroute
*** Begin SPECIAL ROUTE on Thu Mar  6 21:54:06 2025 ***
SPECIAL ROUTE ran on directory: /home/linux/ieng6/ee260bwi25/ttalapaneni/ECE260B_course_project/PnR_Synthesis/Part3_Hier_Syn/pnr_SRAM
SPECIAL ROUTE ran on machine: ieng6-ece-04.ucsd.edu (Linux 3.10.0-1160.119.1.el7.x86_64 Xeon 2.19Ghz)

Begin option processing ...
srouteConnectPowerBump set to false
routeSpecial set to true
srouteConnectConverterPin set to false
srouteFollowCorePinEnd set to 3
srouteJogControl set to "preferWithChanges differentLayer"
sroutePadPinAllPorts set to true
sroutePreserveExistingRoutes set to true
srouteRoutePowerBarPortOnBothDir set to true
End option processing: cpu: 0:00:00, real: 0:00:00, peak: 1540.00 megs.

Reading DB technology information...
Finished reading DB technology information.
Reading floorplan and netlist information...
Finished reading floorplan and netlist information.
Read in 17 layers, 8 routing layers, 1 overlap layer
Read in 846 macros, 13 used
Read in 13 components
  13 core components: 13 unplaced, 0 placed, 0 fixed
Read in 262 logical pins
Read in 262 nets
Read in 2 special nets, 2 routed
Read in 26 terminals
Begin power routing ...
**WARN: (IMPSR-1254):	Cannot find any block pin of net VDD. Check netlist, or change option to include the pin.
**WARN: (IMPSR-1256):	Cannot find any CORE class pad pin of net VDD. Change routing area or layer to include the expected pin, or check netlist, or change port class in the technology file.
Type 'man IMPSR-1256' for more detail.
Cannot find any AREAIO class pad pin of net VDD. Check net list, or change port class in the technology file, or change option to include pin in given range.
**WARN: (IMPSR-1254):	Cannot find any block pin of net VSS. Check netlist, or change option to include the pin.
**WARN: (IMPSR-1256):	Cannot find any CORE class pad pin of net VSS. Change routing area or layer to include the expected pin, or check netlist, or change port class in the technology file.
Type 'man IMPSR-1256' for more detail.
Cannot find any AREAIO class pad pin of net VSS. Check net list, or change port class in the technology file, or change option to include pin in given range.
CPU time for FollowPin 0 seconds
CPU time for FollowPin 0 seconds
  Number of IO ports routed: 0
  Number of Block ports routed: 0
  Number of Stripe ports routed: 0  open: 16
  Number of Core ports routed: 0  open: 133
  Number of Pad ports routed: 0
  Number of Power Bump ports routed: 0
End power routing: cpu: 0:00:00, real: 0:00:00, peak: 1546.00 megs.



 Begin updating DB with routing results ...
 Updating DB with 110 via definition ...
sroute: Total CPU time used = 0:0:0
sroute: Total Real time used = 0:0:0
sroute: Total Memory used = 3.05 megs
sroute: Total Peak Memory used = 848.18 megs
<CMD> floorPlan -site core -r 1 0.50 1.0 1.0 1.0 1.0
<CMD> globalNetConnect VDD -type pgpin -pin VDD -inst * -verbose
0 new pwr-pin connection was made to global net 'VDD'.
<CMD> globalNetConnect VSS -type pgpin -pin VSS -inst * -verbose
0 new gnd-pin connection was made to global net 'VSS'.
<CMD> setAddStripeMode -break_at block_ring
Stripe will break at block ring.
<CMD> addStripe -number_of_sets 4 -spacing 1 -layer M4 -width 1 -nets { VSS VDD } -start 20 -stop 140

Starting stripe generation ...
Non-Default setAddStripeOption Settings :
  NONE
The core ring for VSS is incomplete. The core ring will not be used as a boundary for stripes. In this situation, the power planner will generate stripes only within the core area.
The core ring for VDD is incomplete. The core ring will not be used as a boundary for stripes. In this situation, the power planner will generate stripes only within the core area.
Stripe generation is complete; vias are now being generated.
The power planner created 8 wires.
*** Ending Stripe Generation (totcpu: 0:00:00.0,real: 0:00:00.0, mem: 848.2M) ***
<CMD> sroute
*** Begin SPECIAL ROUTE on Thu Mar  6 21:57:22 2025 ***
SPECIAL ROUTE ran on directory: /home/linux/ieng6/ee260bwi25/ttalapaneni/ECE260B_course_project/PnR_Synthesis/Part3_Hier_Syn/pnr_SRAM
SPECIAL ROUTE ran on machine: ieng6-ece-04.ucsd.edu (Linux 3.10.0-1160.119.1.el7.x86_64 Xeon 2.19Ghz)

Begin option processing ...
srouteConnectPowerBump set to false
routeSpecial set to true
srouteConnectConverterPin set to false
srouteFollowCorePinEnd set to 3
srouteJogControl set to "preferWithChanges differentLayer"
sroutePadPinAllPorts set to true
sroutePreserveExistingRoutes set to true
srouteRoutePowerBarPortOnBothDir set to true
End option processing: cpu: 0:00:00, real: 0:00:00, peak: 1546.00 megs.

Reading DB technology information...
Finished reading DB technology information.
Reading floorplan and netlist information...
Finished reading floorplan and netlist information.
Read in 17 layers, 8 routing layers, 1 overlap layer
Read in 846 macros, 13 used
Read in 13 components
  13 core components: 13 unplaced, 0 placed, 0 fixed
Read in 262 logical pins
Read in 262 nets
Read in 2 special nets, 2 routed
Read in 26 terminals
Begin power routing ...
**WARN: (IMPSR-1254):	Cannot find any block pin of net VDD. Check netlist, or change option to include the pin.
**WARN: (IMPSR-1256):	Cannot find any CORE class pad pin of net VDD. Change routing area or layer to include the expected pin, or check netlist, or change port class in the technology file.
Type 'man IMPSR-1256' for more detail.
Cannot find any AREAIO class pad pin of net VDD. Check net list, or change port class in the technology file, or change option to include pin in given range.
**WARN: (IMPSR-1254):	Cannot find any block pin of net VSS. Check netlist, or change option to include the pin.
**WARN: (IMPSR-1256):	Cannot find any CORE class pad pin of net VSS. Change routing area or layer to include the expected pin, or check netlist, or change port class in the technology file.
Type 'man IMPSR-1256' for more detail.
Cannot find any AREAIO class pad pin of net VSS. Check net list, or change port class in the technology file, or change option to include pin in given range.
CPU time for FollowPin 0 seconds
CPU time for FollowPin 0 seconds
  Number of IO ports routed: 0
  Number of Block ports routed: 0
  Number of Stripe ports routed: 0  open: 32
  Number of Core ports routed: 0  open: 133
  Number of Pad ports routed: 0
  Number of Power Bump ports routed: 0
End power routing: cpu: 0:00:00, real: 0:00:00, peak: 1546.00 megs.



 Begin updating DB with routing results ...
 Updating DB with 110 via definition ...
sroute: Total CPU time used = 0:0:0
sroute: Total Real time used = 0:0:0
sroute: Total Memory used = 3.30 megs
sroute: Total Peak Memory used = 851.47 megs
<CMD> set init_pwr_net VDD
<CMD> set init_gnd_net VSS
<CMD> set init_verilog ./netlist/sram_w16.out.v
<CMD> set init_design_netlisttype Verilog
<CMD> set init_design_settop 1
<CMD> set init_top_cell sram_w16
<CMD> set init_lef_file /home/linux/ieng6/ee260bwi25/public/PDKdata/lef/tcbn65gplus_8lmT2.lef
<CMD> create_library_set -name WC_LIB -timing $worst_timing_lib
<CMD> create_library_set -name BC_LIB -timing $best_timing_lib
<CMD> create_rc_corner -name Cmax -cap_table $worst_captbl -T 125
Initializing multi-corner RC extraction with 2 active RC Corners ...
Reading Capacitance Table File /home/linux/ieng6/ee260bwi25/public/PDKdata/captbl/cln65g+_1p08m+alrdl_top2_cworst.captable ...
**WARN: (IMPEXT-2760):	Layer M9 specified in the cap table is ignored because it is greater than the maximum number of layers, 8, specified in the technology LEF file. Check the cap table for the invalid layer specification.
**WARN: (IMPEXT-2771):	Via VIA_8 specified in the cap table is ignored because its top layer, M9, is greater than the maximum number of layers, 8, specified in the technology LEF file. Check the cap table for the invalid layer specification.
**WARN: (IMPEXT-2801):	Resistance values are not provided in the Cap Table. Sheet resistance defined in the LEF file will be used.
**WARN: (IMPEXT-2710):	Basic Cap table for layer M9 is ignored because the layer is not specified in the technology LEF file.
Reading Capacitance Table File /home/linux/ieng6/ee260bwi25/public/PDKdata/captbl/cln65g+_1p08m+alrdl_top2_cbest.captable ...
**WARN: (IMPEXT-2760):	Layer M9 specified in the cap table is ignored because it is greater than the maximum number of layers, 8, specified in the technology LEF file. Check the cap table for the invalid layer specification.
**WARN: (IMPEXT-2771):	Via VIA_8 specified in the cap table is ignored because its top layer, M9, is greater than the maximum number of layers, 8, specified in the technology LEF file. Check the cap table for the invalid layer specification.
**WARN: (IMPEXT-2801):	Resistance values are not provided in the Cap Table. Sheet resistance defined in the LEF file will be used.
**WARN: (IMPEXT-2710):	Basic Cap table for layer M9 is ignored because the layer is not specified in the technology LEF file.
Importing multi-corner RC tables ... 
Summary of Active RC-Corners : 
 
 Analysis View: WC_VIEW
    RC-Corner Name        : Cmax
    RC-Corner Index       : 0
    RC-Corner Temperature : 125 Celsius
    RC-Corner Cap Table   : '/home/linux/ieng6/ee260bwi25/public/PDKdata/captbl/cln65g+_1p08m+alrdl_top2_cworst.captable'
    RC-Corner PreRoute Res Factor         : 1
    RC-Corner PreRoute Cap Factor         : 1
    RC-Corner PostRoute Res Factor        : 1 {1 1 1}
    RC-Corner PostRoute Cap Factor        : 1 {1 1 1}
    RC-Corner PostRoute XCap Factor       : 1 {1 1 1}
    RC-Corner PreRoute Clock Res Factor   : 1	[Derived from postRoute_res (effortLevel low)]
    RC-Corner PreRoute Clock Cap Factor   : 1	[Derived from postRoute_cap (effortLevel low)]
    RC-Corner PostRoute Clock Cap Factor  : 1 {1 1 1} 	[Derived from postRoute_cap (effortLevel low)]
    RC-Corner PostRoute Clock Res Factor  : 1 {1 1 1} 	[Derived from postRoute_res (effortLevel low)]
 
 Analysis View: BC_VIEW
    RC-Corner Name        : Cmin
    RC-Corner Index       : 1
    RC-Corner Temperature : -40 Celsius
    RC-Corner Cap Table   : '/home/linux/ieng6/ee260bwi25/public/PDKdata/captbl/cln65g+_1p08m+alrdl_top2_cbest.captable'
    RC-Corner PreRoute Res Factor         : 1
    RC-Corner PreRoute Cap Factor         : 1
    RC-Corner PostRoute Res Factor        : 1 {1 1 1}
    RC-Corner PostRoute Cap Factor        : 1 {1 1 1}
    RC-Corner PostRoute XCap Factor       : 1 {1 1 1}
    RC-Corner PreRoute Clock Res Factor   : 1	[Derived from postRoute_res (effortLevel low)]
    RC-Corner PreRoute Clock Cap Factor   : 1	[Derived from postRoute_cap (effortLevel low)]
    RC-Corner PostRoute Clock Cap Factor  : 1 {1 1 1} 	[Derived from postRoute_cap (effortLevel low)]
    RC-Corner PostRoute Clock Res Factor  : 1 {1 1 1} 	[Derived from postRoute_res (effortLevel low)]
<CMD> create_rc_corner -name Cmin -cap_table $best_captbl -T -40
Initializing multi-corner RC extraction with 2 active RC Corners ...
Reading Capacitance Table File /home/linux/ieng6/ee260bwi25/public/PDKdata/captbl/cln65g+_1p08m+alrdl_top2_cworst.captable ...
**WARN: (IMPEXT-2760):	Layer M9 specified in the cap table is ignored because it is greater than the maximum number of layers, 8, specified in the technology LEF file. Check the cap table for the invalid layer specification.
**WARN: (IMPEXT-2771):	Via VIA_8 specified in the cap table is ignored because its top layer, M9, is greater than the maximum number of layers, 8, specified in the technology LEF file. Check the cap table for the invalid layer specification.
**WARN: (IMPEXT-2801):	Resistance values are not provided in the Cap Table. Sheet resistance defined in the LEF file will be used.
**WARN: (IMPEXT-2710):	Basic Cap table for layer M9 is ignored because the layer is not specified in the technology LEF file.
Reading Capacitance Table File /home/linux/ieng6/ee260bwi25/public/PDKdata/captbl/cln65g+_1p08m+alrdl_top2_cbest.captable ...
**WARN: (IMPEXT-2760):	Layer M9 specified in the cap table is ignored because it is greater than the maximum number of layers, 8, specified in the technology LEF file. Check the cap table for the invalid layer specification.
**WARN: (IMPEXT-2771):	Via VIA_8 specified in the cap table is ignored because its top layer, M9, is greater than the maximum number of layers, 8, specified in the technology LEF file. Check the cap table for the invalid layer specification.
**WARN: (IMPEXT-2801):	Resistance values are not provided in the Cap Table. Sheet resistance defined in the LEF file will be used.
**WARN: (IMPEXT-2710):	Basic Cap table for layer M9 is ignored because the layer is not specified in the technology LEF file.
Importing multi-corner RC tables ... 
Summary of Active RC-Corners : 
 
 Analysis View: WC_VIEW
    RC-Corner Name        : Cmax
    RC-Corner Index       : 0
    RC-Corner Temperature : 125 Celsius
    RC-Corner Cap Table   : '/home/linux/ieng6/ee260bwi25/public/PDKdata/captbl/cln65g+_1p08m+alrdl_top2_cworst.captable'
    RC-Corner PreRoute Res Factor         : 1
    RC-Corner PreRoute Cap Factor         : 1
    RC-Corner PostRoute Res Factor        : 1 {1 1 1}
    RC-Corner PostRoute Cap Factor        : 1 {1 1 1}
    RC-Corner PostRoute XCap Factor       : 1 {1 1 1}
    RC-Corner PreRoute Clock Res Factor   : 1	[Derived from postRoute_res (effortLevel low)]
    RC-Corner PreRoute Clock Cap Factor   : 1	[Derived from postRoute_cap (effortLevel low)]
    RC-Corner PostRoute Clock Cap Factor  : 1 {1 1 1} 	[Derived from postRoute_cap (effortLevel low)]
    RC-Corner PostRoute Clock Res Factor  : 1 {1 1 1} 	[Derived from postRoute_res (effortLevel low)]
 
 Analysis View: BC_VIEW
    RC-Corner Name        : Cmin
    RC-Corner Index       : 1
    RC-Corner Temperature : -40 Celsius
    RC-Corner Cap Table   : '/home/linux/ieng6/ee260bwi25/public/PDKdata/captbl/cln65g+_1p08m+alrdl_top2_cbest.captable'
    RC-Corner PreRoute Res Factor         : 1
    RC-Corner PreRoute Cap Factor         : 1
    RC-Corner PostRoute Res Factor        : 1 {1 1 1}
    RC-Corner PostRoute Cap Factor        : 1 {1 1 1}
    RC-Corner PostRoute XCap Factor       : 1 {1 1 1}
    RC-Corner PreRoute Clock Res Factor   : 1	[Derived from postRoute_res (effortLevel low)]
    RC-Corner PreRoute Clock Cap Factor   : 1	[Derived from postRoute_cap (effortLevel low)]
    RC-Corner PostRoute Clock Cap Factor  : 1 {1 1 1} 	[Derived from postRoute_cap (effortLevel low)]
    RC-Corner PostRoute Clock Res Factor  : 1 {1 1 1} 	[Derived from postRoute_res (effortLevel low)]
<CMD> create_delay_corner -name WC -library_set WC_LIB -rc_corner Cmax
Initializing multi-corner RC extraction with 2 active RC Corners ...
Reading Capacitance Table File /home/linux/ieng6/ee260bwi25/public/PDKdata/captbl/cln65g+_1p08m+alrdl_top2_cworst.captable ...
**WARN: (IMPEXT-2760):	Layer M9 specified in the cap table is ignored because it is greater than the maximum number of layers, 8, specified in the technology LEF file. Check the cap table for the invalid layer specification.
**WARN: (IMPEXT-2771):	Via VIA_8 specified in the cap table is ignored because its top layer, M9, is greater than the maximum number of layers, 8, specified in the technology LEF file. Check the cap table for the invalid layer specification.
**WARN: (IMPEXT-2801):	Resistance values are not provided in the Cap Table. Sheet resistance defined in the LEF file will be used.
**WARN: (IMPEXT-2710):	Basic Cap table for layer M9 is ignored because the layer is not specified in the technology LEF file.
Reading Capacitance Table File /home/linux/ieng6/ee260bwi25/public/PDKdata/captbl/cln65g+_1p08m+alrdl_top2_cbest.captable ...
**WARN: (IMPEXT-2760):	Layer M9 specified in the cap table is ignored because it is greater than the maximum number of layers, 8, specified in the technology LEF file. Check the cap table for the invalid layer specification.
**WARN: (IMPEXT-2771):	Via VIA_8 specified in the cap table is ignored because its top layer, M9, is greater than the maximum number of layers, 8, specified in the technology LEF file. Check the cap table for the invalid layer specification.
**WARN: (IMPEXT-2801):	Resistance values are not provided in the Cap Table. Sheet resistance defined in the LEF file will be used.
**WARN: (IMPEXT-2710):	Basic Cap table for layer M9 is ignored because the layer is not specified in the technology LEF file.
Importing multi-corner RC tables ... 
Summary of Active RC-Corners : 
 
 Analysis View: WC_VIEW
    RC-Corner Name        : Cmax
    RC-Corner Index       : 0
    RC-Corner Temperature : 125 Celsius
    RC-Corner Cap Table   : '/home/linux/ieng6/ee260bwi25/public/PDKdata/captbl/cln65g+_1p08m+alrdl_top2_cworst.captable'
    RC-Corner PreRoute Res Factor         : 1
    RC-Corner PreRoute Cap Factor         : 1
    RC-Corner PostRoute Res Factor        : 1 {1 1 1}
    RC-Corner PostRoute Cap Factor        : 1 {1 1 1}
    RC-Corner PostRoute XCap Factor       : 1 {1 1 1}
    RC-Corner PreRoute Clock Res Factor   : 1	[Derived from postRoute_res (effortLevel low)]
    RC-Corner PreRoute Clock Cap Factor   : 1	[Derived from postRoute_cap (effortLevel low)]
    RC-Corner PostRoute Clock Cap Factor  : 1 {1 1 1} 	[Derived from postRoute_cap (effortLevel low)]
    RC-Corner PostRoute Clock Res Factor  : 1 {1 1 1} 	[Derived from postRoute_res (effortLevel low)]
 
 Analysis View: BC_VIEW
    RC-Corner Name        : Cmin
    RC-Corner Index       : 1
    RC-Corner Temperature : -40 Celsius
    RC-Corner Cap Table   : '/home/linux/ieng6/ee260bwi25/public/PDKdata/captbl/cln65g+_1p08m+alrdl_top2_cbest.captable'
    RC-Corner PreRoute Res Factor         : 1
    RC-Corner PreRoute Cap Factor         : 1
    RC-Corner PostRoute Res Factor        : 1 {1 1 1}
    RC-Corner PostRoute Cap Factor        : 1 {1 1 1}
    RC-Corner PostRoute XCap Factor       : 1 {1 1 1}
    RC-Corner PreRoute Clock Res Factor   : 1	[Derived from postRoute_res (effortLevel low)]
    RC-Corner PreRoute Clock Cap Factor   : 1	[Derived from postRoute_cap (effortLevel low)]
    RC-Corner PostRoute Clock Cap Factor  : 1 {1 1 1} 	[Derived from postRoute_cap (effortLevel low)]
    RC-Corner PostRoute Clock Res Factor  : 1 {1 1 1} 	[Derived from postRoute_res (effortLevel low)]
<CMD> create_delay_corner -name BC -library_set BC_LIB -rc_corner Cmin
Initializing multi-corner RC extraction with 2 active RC Corners ...
Reading Capacitance Table File /home/linux/ieng6/ee260bwi25/public/PDKdata/captbl/cln65g+_1p08m+alrdl_top2_cworst.captable ...
**WARN: (IMPEXT-2760):	Layer M9 specified in the cap table is ignored because it is greater than the maximum number of layers, 8, specified in the technology LEF file. Check the cap table for the invalid layer specification.
**WARN: (IMPEXT-2771):	Via VIA_8 specified in the cap table is ignored because its top layer, M9, is greater than the maximum number of layers, 8, specified in the technology LEF file. Check the cap table for the invalid layer specification.
**WARN: (IMPEXT-2801):	Resistance values are not provided in the Cap Table. Sheet resistance defined in the LEF file will be used.
**WARN: (IMPEXT-2710):	Basic Cap table for layer M9 is ignored because the layer is not specified in the technology LEF file.
Reading Capacitance Table File /home/linux/ieng6/ee260bwi25/public/PDKdata/captbl/cln65g+_1p08m+alrdl_top2_cbest.captable ...
**WARN: (IMPEXT-2760):	Layer M9 specified in the cap table is ignored because it is greater than the maximum number of layers, 8, specified in the technology LEF file. Check the cap table for the invalid layer specification.
**WARN: (IMPEXT-2771):	Via VIA_8 specified in the cap table is ignored because its top layer, M9, is greater than the maximum number of layers, 8, specified in the technology LEF file. Check the cap table for the invalid layer specification.
**WARN: (IMPEXT-2801):	Resistance values are not provided in the Cap Table. Sheet resistance defined in the LEF file will be used.
**WARN: (IMPEXT-2710):	Basic Cap table for layer M9 is ignored because the layer is not specified in the technology LEF file.
Importing multi-corner RC tables ... 
Summary of Active RC-Corners : 
 
 Analysis View: WC_VIEW
    RC-Corner Name        : Cmax
    RC-Corner Index       : 0
    RC-Corner Temperature : 125 Celsius
    RC-Corner Cap Table   : '/home/linux/ieng6/ee260bwi25/public/PDKdata/captbl/cln65g+_1p08m+alrdl_top2_cworst.captable'
    RC-Corner PreRoute Res Factor         : 1
    RC-Corner PreRoute Cap Factor         : 1
    RC-Corner PostRoute Res Factor        : 1 {1 1 1}
    RC-Corner PostRoute Cap Factor        : 1 {1 1 1}
    RC-Corner PostRoute XCap Factor       : 1 {1 1 1}
    RC-Corner PreRoute Clock Res Factor   : 1	[Derived from postRoute_res (effortLevel low)]
    RC-Corner PreRoute Clock Cap Factor   : 1	[Derived from postRoute_cap (effortLevel low)]
    RC-Corner PostRoute Clock Cap Factor  : 1 {1 1 1} 	[Derived from postRoute_cap (effortLevel low)]
    RC-Corner PostRoute Clock Res Factor  : 1 {1 1 1} 	[Derived from postRoute_res (effortLevel low)]
 
 Analysis View: BC_VIEW
    RC-Corner Name        : Cmin
    RC-Corner Index       : 1
    RC-Corner Temperature : -40 Celsius
    RC-Corner Cap Table   : '/home/linux/ieng6/ee260bwi25/public/PDKdata/captbl/cln65g+_1p08m+alrdl_top2_cbest.captable'
    RC-Corner PreRoute Res Factor         : 1
    RC-Corner PreRoute Cap Factor         : 1
    RC-Corner PostRoute Res Factor        : 1 {1 1 1}
    RC-Corner PostRoute Cap Factor        : 1 {1 1 1}
    RC-Corner PostRoute XCap Factor       : 1 {1 1 1}
    RC-Corner PreRoute Clock Res Factor   : 1	[Derived from postRoute_res (effortLevel low)]
    RC-Corner PreRoute Clock Cap Factor   : 1	[Derived from postRoute_cap (effortLevel low)]
    RC-Corner PostRoute Clock Cap Factor  : 1 {1 1 1} 	[Derived from postRoute_cap (effortLevel low)]
    RC-Corner PostRoute Clock Res Factor  : 1 {1 1 1} 	[Derived from postRoute_res (effortLevel low)]
<CMD> create_constraint_mode -name CON -sdc_file [list $sdc]
Reading timing constraints file './constraints/sram_w16.sdc' ...
Current (total cpu=0:01:50, real=0:11:18, peak res=408.4M, current mem=836.2M)
**WARN: (TCLCMD-513):	The software could not find a matching object of the specified type for the pattern 'clk' (File ./constraints/sram_w16.sdc, Line 7).

**ERROR: (TCLCMD-917):	Cannot find 'ports' that match 'clk' (File ./constraints/sram_w16.sdc, Line 7).

**ERROR: (TCLCMD-1109):	Could not find source for create_clock command (File ./constraints/sram_w16.sdc, Line 7).

**WARN: (TCLCMD-513):	The software could not find a matching object of the specified type for the pattern 'clk' (File ./constraints/sram_w16.sdc, Line 10).

**ERROR: (TCLCMD-917):	Cannot find 'clocks' that match 'clk' (File ./constraints/sram_w16.sdc, Line 10).

**ERROR: (TCLCMD-917):	Cannot find 'clocks' that match '' (File ./constraints/sram_w16.sdc, Line 10).

**WARN: (TCLCMD-513):	The software could not find a matching object of the specified type for the pattern 'clk' (File ./constraints/sram_w16.sdc, Line 13).

**ERROR: (TCLCMD-917):	Cannot find 'clocks' that match 'clk' (File ./constraints/sram_w16.sdc, Line 13).

**ERROR: (TCLCMD-917):	Cannot find 'clocks' that match '' (File ./constraints/sram_w16.sdc, Line 13).

INFO (CTE): Reading of timing constraints file ./constraints/sram_w16.sdc completed, with 3 Warnings and 6 Errors.
Ending "Constraint file reading stats" (total cpu=0:00:00.0, real=0:00:00.0, peak res=404.6M, current mem=840.4M)
Current (total cpu=0:01:50, real=0:11:18, peak res=408.4M, current mem=840.4M)
<CMD> create_analysis_view -name WC_VIEW -delay_corner WC -constraint_mode CON
The existing analysis_view 'WC_VIEW' has been replaced with new attributes.
<CMD> create_analysis_view -name BC_VIEW -delay_corner BC -constraint_mode CON
The existing analysis_view 'BC_VIEW' has been replaced with new attributes.
<CMD> init_design -setup WC_VIEW -hold BC_VIEW
**WARN: (IMPSYT-7329):	Cannot load design with init_design, after design is already in memory.  This command is skipped.
<CMD> set_interactive_constraint_modes {CON}
<CMD> setDesignMode -process 65
Applying the recommended capacitance filtering threshold values for 65nm process node: total_c_th=0, relative_c_th=1 and coupling_c_th=0.1.
	These values will be used by all post-route extraction engines, including tQuantus, IQRC and Quantus QRC extraction.
	Capacitance filtering mode(-capFilterMode option of the setExtractRCMode) is 'relAndCoup' for all engines.
	The accuracy mode for postRoute effortLevel low extraction will be set to 'high'.
	Default value for EffortLevel(-effortLevel option of the setExtractRCMode) in postRoute extraction mode will be 'medium' if Quantus QRC technology file is specified else 'low'.
Updating process node dependent CCOpt properties for the 65nm process node.

*** Memory Usage v#1 (Current mem = 840.379M, initial mem = 152.258M) ***
*** Message Summary: 2586 warning(s), 107 error(s)

--- Ending "Innovus" (totcpu=0:01:51, real=0:11:27, mem=840.4M) ---
