###############################################################
#  Generated by:      Cadence Innovus 15.23-s045_1
#  OS:                Linux x86_64(Host ID ieng6-ece-04.ucsd.edu)
#  Generated on:      Fri Mar  7 01:05:25 2025
#  Design:            sram_w16
#  Command:           report_timing -max_paths 5 > ${design}.post_route.timing.rpt
###############################################################
Path 1: MET Setup Check with Pin Q_reg_69_/CP 
Endpoint:   Q_reg_69_/D (v) checked with  leading edge of 'clk'
Beginpoint: A[1]        (^) triggered by  leading edge of 'clk'
Path Groups: {clk}
Analysis View: WC_VIEW
Other End Arrival Time          0.169
- Setup                         0.156
+ Phase Shift                   1.000
+ CPPR Adjustment               0.000
= Required Time                 1.013
- Arrival Time                  0.988
= Slack Time                    0.025
     Clock Rise Edge                      0.000
     + Input Delay                        0.200
     = Beginpoint Arrival Time            0.200
     +----------------------------------------------------------------------+ 
     |    Instance    |     Arc      |  Cell   | Delay | Arrival | Required | 
     |                |              |         |       |  Time   |   Time   | 
     |----------------+--------------+---------+-------+---------+----------| 
     |                | A[1] ^       |         |       |   0.200 |    0.225 | 
     | U711           | I ^ -> ZN v  | CKND0   | 0.036 |   0.236 |    0.261 | 
     | U712           | A2 v -> ZN ^ | ND2D0   | 0.067 |   0.303 |    0.328 | 
     | U713           | A2 ^ -> ZN v | NR2D0   | 0.042 |   0.346 |    0.371 | 
     | FE_OFC62_n1034 | I v -> ZN ^  | CKND1   | 0.090 |   0.435 |    0.460 | 
     | FE_OFC63_n1034 | I ^ -> ZN v  | CKND16  | 0.092 |   0.527 |    0.552 | 
     | U998           | A1 v -> ZN ^ | AOI22D0 | 0.146 |   0.673 |    0.698 | 
     | U1001          | A2 ^ -> ZN v | ND4D0   | 0.315 |   0.988 |    1.013 | 
     | Q_reg_69_      | D v          | EDFQD1  | 0.001 |   0.988 |    1.013 | 
     +----------------------------------------------------------------------+ 
Path 2: MET Setup Check with Pin Q_reg_68_/CP 
Endpoint:   Q_reg_68_/D (v) checked with  leading edge of 'clk'
Beginpoint: A[1]        (^) triggered by  leading edge of 'clk'
Path Groups: {clk}
Analysis View: WC_VIEW
Other End Arrival Time          0.165
- Setup                         0.149
+ Phase Shift                   1.000
+ CPPR Adjustment               0.000
= Required Time                 1.016
- Arrival Time                  0.990
= Slack Time                    0.026
     Clock Rise Edge                      0.000
     + Input Delay                        0.200
     = Beginpoint Arrival Time            0.200
     +----------------------------------------------------------------------+ 
     |    Instance    |     Arc      |  Cell   | Delay | Arrival | Required | 
     |                |              |         |       |  Time   |   Time   | 
     |----------------+--------------+---------+-------+---------+----------| 
     |                | A[1] ^       |         |       |   0.200 |    0.226 | 
     | U711           | I ^ -> ZN v  | CKND0   | 0.036 |   0.236 |    0.262 | 
     | U712           | A2 v -> ZN ^ | ND2D0   | 0.067 |   0.303 |    0.329 | 
     | U713           | A2 ^ -> ZN v | NR2D0   | 0.042 |   0.346 |    0.372 | 
     | FE_OFC62_n1034 | I v -> ZN ^  | CKND1   | 0.090 |   0.435 |    0.461 | 
     | FE_OFC63_n1034 | I ^ -> ZN v  | CKND16  | 0.092 |   0.527 |    0.553 | 
     | U1043          | A1 v -> ZN ^ | AOI22D0 | 0.137 |   0.664 |    0.690 | 
     | U1046          | A2 ^ -> ZN v | ND4D0   | 0.326 |   0.990 |    1.016 | 
     | Q_reg_68_      | D v          | EDFQD1  | 0.000 |   0.990 |    1.016 | 
     +----------------------------------------------------------------------+ 
Path 3: MET Setup Check with Pin Q_reg_124_/CP 
Endpoint:   Q_reg_124_/D (v) checked with  leading edge of 'clk'
Beginpoint: A[1]         (^) triggered by  leading edge of 'clk'
Path Groups: {clk}
Analysis View: WC_VIEW
Other End Arrival Time          0.170
- Setup                         0.139
+ Phase Shift                   1.000
+ CPPR Adjustment               0.000
= Required Time                 1.032
- Arrival Time                  1.002
= Slack Time                    0.030
     Clock Rise Edge                      0.000
     + Input Delay                        0.200
     = Beginpoint Arrival Time            0.200
     +----------------------------------------------------------------------+ 
     |    Instance    |     Arc      |  Cell   | Delay | Arrival | Required | 
     |                |              |         |       |  Time   |   Time   | 
     |----------------+--------------+---------+-------+---------+----------| 
     |                | A[1] ^       |         |       |   0.200 |    0.230 | 
     | U711           | I ^ -> ZN v  | CKND0   | 0.036 |   0.236 |    0.266 | 
     | U712           | A2 v -> ZN ^ | ND2D0   | 0.067 |   0.303 |    0.333 | 
     | U713           | A2 ^ -> ZN v | NR2D0   | 0.042 |   0.346 |    0.376 | 
     | FE_OFC62_n1034 | I v -> ZN ^  | CKND1   | 0.090 |   0.435 |    0.465 | 
     | FE_OFC63_n1034 | I ^ -> ZN v  | CKND16  | 0.092 |   0.527 |    0.557 | 
     | U1274          | A1 v -> ZN ^ | AOI22D0 | 0.150 |   0.678 |    0.708 | 
     | U1277          | A2 ^ -> ZN v | ND4D0   | 0.324 |   1.002 |    1.032 | 
     | Q_reg_124_     | D v          | EDFQD1  | 0.000 |   1.002 |    1.032 | 
     +----------------------------------------------------------------------+ 
Path 4: MET Setup Check with Pin Q_reg_66_/CP 
Endpoint:   Q_reg_66_/D (v) checked with  leading edge of 'clk'
Beginpoint: A[1]        (^) triggered by  leading edge of 'clk'
Path Groups: {clk}
Analysis View: WC_VIEW
Other End Arrival Time          0.165
- Setup                         0.144
+ Phase Shift                   1.000
+ CPPR Adjustment               0.000
= Required Time                 1.022
- Arrival Time                  0.989
= Slack Time                    0.033
     Clock Rise Edge                      0.000
     + Input Delay                        0.200
     = Beginpoint Arrival Time            0.200
     +----------------------------------------------------------------------+ 
     |    Instance    |     Arc      |  Cell   | Delay | Arrival | Required | 
     |                |              |         |       |  Time   |   Time   | 
     |----------------+--------------+---------+-------+---------+----------| 
     |                | A[1] ^       |         |       |   0.200 |    0.233 | 
     | U711           | I ^ -> ZN v  | CKND0   | 0.036 |   0.236 |    0.269 | 
     | U712           | A2 v -> ZN ^ | ND2D0   | 0.067 |   0.303 |    0.336 | 
     | U713           | A2 ^ -> ZN v | NR2D0   | 0.042 |   0.346 |    0.379 | 
     | FE_OFC62_n1034 | I v -> ZN ^  | CKND1   | 0.090 |   0.435 |    0.468 | 
     | FE_OFC63_n1034 | I ^ -> ZN v  | CKND16  | 0.092 |   0.527 |    0.561 | 
     | U835           | A1 v -> ZN ^ | AOI22D0 | 0.160 |   0.688 |    0.721 | 
     | U838           | A2 ^ -> ZN v | ND4D1   | 0.300 |   0.987 |    1.020 | 
     | Q_reg_66_      | D v          | EDFQD1  | 0.002 |   0.989 |    1.022 | 
     +----------------------------------------------------------------------+ 
Path 5: MET Setup Check with Pin memory4_reg_10_/CP 
Endpoint:   memory4_reg_10_/E (^) checked with  leading edge of 'clk'
Beginpoint: A[2]              (^) triggered by  leading edge of 'clk'
Path Groups: {clk}
Analysis View: WC_VIEW
Other End Arrival Time          0.162
- Setup                         0.125
+ Phase Shift                   1.000
+ CPPR Adjustment               0.000
= Required Time                 1.037
- Arrival Time                  0.990
= Slack Time                    0.047
     Clock Rise Edge                      0.000
     + Input Delay                        0.200
     = Beginpoint Arrival Time            0.200
     +----------------------------------------------------------------------+ 
     |    Instance     |     Arc      |  Cell  | Delay | Arrival | Required | 
     |                 |              |        |       |  Time   |   Time   | 
     |-----------------+--------------+--------+-------+---------+----------| 
     |                 | A[2] ^       |        |       |   0.200 |    0.247 | 
     | U710            | I ^ -> ZN v  | CKND1  | 0.026 |   0.226 |    0.273 | 
     | U719            | A2 v -> Z v  | OR2XD1 | 0.068 |   0.295 |    0.341 | 
     | FE_RC_6_0       | A2 v -> Z v  | OR2D1  | 0.114 |   0.408 |    0.455 | 
     | FE_OFC75_n1060  | I v -> ZN ^  | CKND1  | 0.102 |   0.510 |    0.557 | 
     | U758            | A1 ^ -> ZN ^ | INR2D0 | 0.094 |   0.604 |    0.651 | 
     | FE_OFC35_N185   | I ^ -> ZN v  | CKND0  | 0.127 |   0.730 |    0.777 | 
     | FE_OFC36_N185   | I v -> ZN ^  | CKND12 | 0.131 |   0.862 |    0.909 | 
     | memory4_reg_10_ | E ^          | EDFQD1 | 0.128 |   0.990 |    1.037 | 
     +----------------------------------------------------------------------+ 

