###############################################################
#  Generated by:      Cadence Innovus 15.23-s045_1
#  OS:                Linux x86_64(Host ID ieng6-ece-09.ucsd.edu)
#  Generated on:      Sat Mar  8 14:45:09 2025
#  Design:            sram_w16
#  Command:           verify_connectivity
###############################################################
Verify Connectivity Report is created on Sat Mar  8 14:45:09 2025



Net VDD: dangling Wire at (1.000, 112.600) (1.000, 112.600) on layer: M1
Net VDD: dangling Wire at (1.000, 94.600) (1.000, 94.600) on layer: M1
Net VDD: dangling Wire at (1.000, 76.600) (1.000, 76.600) on layer: M1
Net VDD: dangling Wire at (1.000, 62.200) (1.000, 62.200) on layer: M1
Net VDD: dangling Wire at (1.000, 40.600) (1.000, 40.600) on layer: M1
Net VDD: dangling Wire at (1.000, 19.000) (1.000, 19.000) on layer: M1
Net VSS: dangling Wire at (113.400, 110.800) (113.400, 110.800) on layer: M1
Net VSS: dangling Wire at (113.400, 107.200) (113.400, 107.200) on layer: M1
Net VSS: dangling Wire at (113.400, 103.600) (113.400, 103.600) on layer: M1
Net VSS: dangling Wire at (113.400, 96.400) (113.400, 96.400) on layer: M1
Net VSS: dangling Wire at (113.400, 92.800) (113.400, 92.800) on layer: M1
Net VSS: dangling Wire at (113.400, 89.200) (113.400, 89.200) on layer: M1
Net VSS: dangling Wire at (113.400, 85.600) (113.400, 85.600) on layer: M1
Net VSS: dangling Wire at (113.400, 78.400) (113.400, 78.400) on layer: M1
Net VSS: dangling Wire at (113.400, 74.800) (113.400, 74.800) on layer: M1
Net VSS: dangling Wire at (113.400, 71.200) (113.400, 71.200) on layer: M1
Net VSS: dangling Wire at (113.400, 67.600) (113.400, 67.600) on layer: M1
Net VSS: dangling Wire at (113.400, 64.000) (113.400, 64.000) on layer: M1
Net VSS: dangling Wire at (113.400, 60.400) (113.400, 60.400) on layer: M1
Net VSS: dangling Wire at (113.400, 53.200) (113.400, 53.200) on layer: M1
Net VSS: dangling Wire at (113.400, 46.000) (113.400, 46.000) on layer: M1
Net VSS: dangling Wire at (113.400, 42.400) (113.400, 42.400) on layer: M1
Net VSS: dangling Wire at (113.400, 38.800) (113.400, 38.800) on layer: M1
Net VSS: dangling Wire at (113.400, 35.200) (113.400, 35.200) on layer: M1
Net VSS: dangling Wire at (113.400, 24.400) (113.400, 24.400) on layer: M1
Net VSS: dangling Wire at (113.400, 20.800) (113.400, 20.800) on layer: M1
Net VSS: dangling Wire at (113.400, 17.200) (113.400, 17.200) on layer: M1
Net VSS: dangling Wire at (113.400, 10.000) (113.400, 10.000) on layer: M1
Net VSS: dangling Wire at (113.400, 6.400) (113.400, 6.400) on layer: M1
Net VSS: dangling Wire at (1.500, 1.000) (1.500, 1.000) on layer: M4
Net VSS: dangling Wire at (1.500, 112.600) (1.500, 112.600) on layer: M4
Net VSS: dangling Wire at (56.200, 1.000) (56.200, 1.000) on layer: M4
Net VSS: dangling Wire at (56.200, 112.600) (56.200, 112.600) on layer: M4
Net VSS: dangling Wire at (110.900, 1.000) (110.900, 1.000) on layer: M4
Net VSS: dangling Wire at (110.900, 112.600) (110.900, 112.600) on layer: M4

Begin Summary
    35 Problem(s) (IMPVFC-94): The net has dangling wire(s).
    35 total info(s) created.
End Summary
