###############################################################
#  Generated by:      Cadence Innovus 15.23-s045_1
#  OS:                Linux x86_64(Host ID ieng6-ece-09.ucsd.edu)
#  Generated on:      Sat Mar  8 13:29:39 2025
#  Design:            sram_w16
#  Command:           verifyMetalDensity
###############################################################

Verify Density report created on Sat Mar  8 13:29:39 2025

###############################################################
# Layer       M1 - Window size      : 10.0um X 10.0um
# Layer       M1 - Window step      : 5.0um X 5.0um
# Layer       M1 - Min Density      : 5%
# Layer       M1 - Pref Density     : 35%
# Layer       M1 - Max Density      : 5%
# Layer       M1 - Ext Density      : 35%
# Layer       M2 - Window size      : 20.0um X 20.0um
# Layer       M2 - Window step      : 10.0um X 10.0um
# Layer       M2 - Min Density      : 1%
# Layer       M2 - Pref Density     : 35%
# Layer       M2 - Max Density      : 90%
# Layer       M2 - Ext Density      : 35%
# Layer       M3 - Window size      : 20.0um X 20.0um
# Layer       M3 - Window step      : 10.0um X 10.0um
# Layer       M3 - Min Density      : 1%
# Layer       M3 - Pref Density     : 35%
# Layer       M3 - Max Density      : 90%
# Layer       M3 - Ext Density      : 35%
# Layer       M4 - Window size      : 20.0um X 20.0um
# Layer       M4 - Window step      : 10.0um X 10.0um
# Layer       M4 - Min Density      : 1%
# Layer       M4 - Pref Density     : 35%
# Layer       M4 - Max Density      : 90%
# Layer       M4 - Ext Density      : 35%
# Layer       M5 - Window size      : 20.0um X 20.0um
# Layer       M5 - Window step      : 10.0um X 10.0um
# Layer       M5 - Min Density      : 1%
# Layer       M5 - Pref Density     : 35%
# Layer       M5 - Max Density      : 90%
# Layer       M5 - Ext Density      : 35%
# Layer       M6 - Window size      : 20.0um X 20.0um
# Layer       M6 - Window step      : 10.0um X 10.0um
# Layer       M6 - Min Density      : 1%
# Layer       M6 - Pref Density     : 35%
# Layer       M6 - Max Density      : 90%
# Layer       M6 - Ext Density      : 35%
# Layer       M7 - Window size      : 20.0um X 20.0um
# Layer       M7 - Window step      : 10.0um X 10.0um
# Layer       M7 - Min Density      : 1%
# Layer       M7 - Pref Density     : 35%
# Layer       M7 - Max Density      : 90%
# Layer       M7 - Ext Density      : 35%
# Layer       M8 - Window size      : 20.0um X 20.0um
# Layer       M8 - Window step      : 10.0um X 10.0um
# Layer       M8 - Min Density      : 1%
# Layer       M8 - Pref Density     : 35%
# Layer       M8 - Max Density      : 90%
# Layer       M8 - Ext Density      : 35%
###############################################################


    Layer    Density(%)          Window  
***************************************************

      M1       25.35    (0 0) (10 10)
      M1       33.59    (5 0) (15 10)
      M1       35.12    (10 0) (20 10)
      M1       35.71    (15 0) (25 10)
      M1       36.08    (20 0) (30 10)
      M1       36.63    (25 0) (35 10)
      M1       35.00    (30 0) (40 10)
      M1       34.81    (35 0) (45 10)
      M1       36.22    (40 0) (50 10)
      M1       37.07    (45 0) (55 10)
      M1       36.78    (50 0) (60 10)
      M1       37.59    (55 0) (65 10)
      M1       36.50    (60 0) (70 10)
      M1       34.93    (65 0) (75 10)
      M1       36.23    (70 0) (80 10)
      M1       35.87    (75 0) (85 10)
      M1       35.75    (80 0) (90 10)
      M1       34.54    (85 0) (95 10)
      M1       32.38    (90 0) (100 10)
      M1       32.21    (95 0) (105 10)
      M1       29.55    (100 0) (110 10)
      M1       26.40    (105 0) (115 10)
      M1       26.04    (110 0) (120 10)
      M1       27.07    (115 0) (125 10)
      M1       22.49    (117.4 0) (127.4 10)
      M1       32.29    (0 5) (10 15)
      M1       44.28    (5 5) (15 15)
      M1       46.57    (10 5) (20 15)
      M1       47.47    (15 5) (25 15)
      M1       48.01    (20 5) (30 15)
      M1       49.75    (25 5) (35 15)
      M1       49.01    (30 5) (40 15)
      M1       47.24    (35 5) (45 15)
      M1       47.18    (40 5) (50 15)
      M1       47.83    (45 5) (55 15)
      M1       47.98    (50 5) (60 15)
      M1       47.86    (55 5) (65 15)
      M1       45.11    (60 5) (70 15)
      M1       44.99    (65 5) (75 15)
      M1       48.48    (70 5) (80 15)
      M1       47.77    (75 5) (85 15)
      M1       47.36    (80 5) (90 15)
      M1       45.36    (85 5) (95 15)
      M1       42.87    (90 5) (100 15)
      M1       43.60    (95 5) (105 15)
      M1       41.14    (100 5) (110 15)
      M1       35.30    (105 5) (115 15)
      M1       31.82    (110 5) (120 15)
      M1       32.69    (115 5) (125 15)
      M1       27.31    (117.4 5) (127.4 15)
      M1       34.84    (0 10) (10 20)
      M1       45.42    (5 10) (15 20)
      M1       45.68    (10 10) (20 20)
      M1       48.32    (15 10) (25 20)
      M1       48.12    (20 10) (30 20)
      M1       48.34    (25 10) (35 20)
      M1       48.57    (30 10) (40 20)
      M1       47.35    (35 10) (45 20)
      M1       49.15    (40 10) (50 20)
      M1       48.66    (45 10) (55 20)
      M1       48.59    (50 10) (60 20)
      M1       50.07    (55 10) (65 20)
      M1       45.41    (60 10) (70 20)
      M1       45.57    (65 10) (75 20)
      M1       49.16    (70 10) (80 20)
      M1       47.41    (75 10) (85 20)
      M1       44.82    (80 10) (90 20)
      M1       43.48    (85 10) (95 20)
      M1       43.63    (90 10) (100 20)
      M1       43.86    (95 10) (105 20)
      M1       41.78    (100 10) (110 20)
      M1       35.59    (105 10) (115 20)
      M1       31.57    (110 10) (120 20)
      M1       33.06    (115 10) (125 20)
      M1       27.10    (117.4 10) (127.4 20)
      M1       35.58    (0 15) (10 25)
      M1       45.78    (5 15) (15 25)
      M1       44.19    (10 15) (20 25)
      M1       46.34    (15 15) (25 25)
      M1       45.61    (20 15) (30 25)
      M1       44.24    (25 15) (35 25)
      M1       44.99    (30 15) (40 25)
      M1       46.45    (35 15) (45 25)
      M1       48.90    (40 15) (50 25)
      M1       47.19    (45 15) (55 25)
      M1       48.23    (50 15) (60 25)
      M1       49.83    (55 15) (65 25)
      M1       41.80    (60 15) (70 25)
      M1       42.08    (65 15) (75 25)
      M1       47.43    (70 15) (80 25)
      M1       43.84    (75 15) (85 25)
      M1       42.64    (80 15) (90 25)
      M1       44.64    (85 15) (95 25)
      M1       44.72    (90 15) (100 25)
      M1       43.86    (95 15) (105 25)
      M1       41.86    (100 15) (110 25)
      M1       35.01    (105 15) (115 25)
      M1       30.12    (110 15) (120 25)
      M1       31.86    (115 15) (125 25)
      M1       26.03    (117.4 15) (127.4 25)
      M1       32.89    (0 20) (10 30)
      M1       43.10    (5 20) (15 30)
      M1       44.21    (10 20) (20 30)
      M1       45.80    (15 20) (25 30)
      M1       44.73    (20 20) (30 30)
      M1       45.19    (25 20) (35 30)
      M1       47.46    (30 20) (40 30)
      M1       47.37    (35 20) (45 30)
      M1       47.16    (40 20) (50 30)
      M1       44.53    (45 20) (55 30)
      M1       44.38    (50 20) (60 30)
      M1       46.68    (55 20) (65 30)
      M1       41.20    (60 20) (70 30)
      M1       41.66    (65 20) (75 30)
      M1       47.59    (70 20) (80 30)
      M1       45.56    (75 20) (85 30)
      M1       46.59    (80 20) (90 30)
      M1       49.28    (85 20) (95 30)
      M1       46.56    (90 20) (100 30)
      M1       46.24    (95 20) (105 30)
      M1       45.17    (100 20) (110 30)
      M1       37.05    (105 20) (115 30)
      M1       31.04    (110 20) (120 30)
      M1       32.66    (115 20) (125 30)
      M1       26.60    (117.4 20) (127.4 30)
      M1       35.10    (0 25) (10 35)
      M1       45.28    (5 25) (15 35)
      M1       45.34    (10 25) (20 35)
      M1       46.95    (15 25) (25 35)
      M1       47.91    (20 25) (30 35)
      M1       48.89    (25 25) (35 35)
      M1       49.95    (30 25) (40 35)
      M1       50.38    (35 25) (45 35)
      M1       49.44    (40 25) (50 35)
      M1       46.23    (45 25) (55 35)
      M1       43.96    (50 25) (60 35)
      M1       48.15    (55 25) (65 35)
      M1       47.43    (60 25) (70 35)
      M1       43.78    (65 25) (75 35)
      M1       45.46    (70 25) (80 35)
      M1       47.87    (75 25) (85 35)
      M1       49.41    (80 25) (90 35)
      M1       48.97    (85 25) (95 35)
      M1       45.57    (90 25) (100 35)
      M1       44.34    (95 25) (105 35)
      M1       42.38    (100 25) (110 35)
      M1       35.75    (105 25) (115 35)
      M1       30.96    (110 25) (120 35)
      M1       32.71    (115 25) (125 35)
      M1       26.51    (117.4 25) (127.4 35)
      M1       35.13    (0 30) (10 40)
      M1       47.73    (5 30) (15 40)
      M1       48.44    (10 30) (20 40)
      M1       48.78    (15 30) (25 40)
      M1       48.08    (20 30) (30 40)
      M1       47.08    (25 30) (35 40)
      M1       48.20    (30 30) (40 40)
      M1       50.38    (35 30) (45 40)
      M1       50.45    (40 30) (50 40)
      M1       49.91    (45 30) (55 40)
      M1       50.13    (50 30) (60 40)
      M1       52.44    (55 30) (65 40)
      M1       50.58    (60 30) (70 40)
      M1       45.56    (65 30) (75 40)
      M1       45.69    (70 30) (80 40)
      M1       47.70    (75 30) (85 40)
      M1       48.24    (80 30) (90 40)
      M1       48.05    (85 30) (95 40)
      M1       45.80    (90 30) (100 40)
      M1       44.29    (95 30) (105 40)
      M1       41.80    (100 30) (110 40)
      M1       35.68    (105 30) (115 40)
      M1       31.37    (110 30) (120 40)
      M1       33.63    (115 30) (125 40)
      M1       27.44    (117.4 30) (127.4 40)
      M1       30.75    (0 35) (10 45)
      M1       45.05    (5 35) (15 45)
      M1       48.69    (10 35) (20 45)
      M1       48.53    (15 35) (25 45)
      M1       45.07    (20 35) (30 45)
      M1       43.56    (25 35) (35 45)
      M1       46.54    (30 35) (40 45)
      M1       48.33    (35 35) (45 45)
      M1       47.83    (40 35) (50 45)
      M1       48.66    (45 35) (55 45)
      M1       50.32    (50 35) (60 45)
      M1       50.14    (55 35) (65 45)
      M1       47.63    (60 35) (70 45)
      M1       45.25    (65 35) (75 45)
      M1       46.11    (70 35) (80 45)
      M1       47.87    (75 35) (85 45)
      M1       45.76    (80 35) (90 45)
      M1       44.04    (85 35) (95 45)
      M1       44.18    (90 35) (100 45)
      M1       43.74    (95 35) (105 45)
      M1       40.10    (100 35) (110 45)
      M1       33.18    (105 35) (115 45)
      M1       30.06    (110 35) (120 45)
      M1       31.13    (115 35) (125 45)
      M1       24.99    (117.4 35) (127.4 45)
      M1       30.47    (0 40) (10 50)
      M1       43.97    (5 40) (15 50)
      M1       46.21    (10 40) (20 50)
      M1       47.30    (15 40) (25 50)
      M1       45.99    (20 40) (30 50)
      M1       43.51    (25 40) (35 50)
      M1       46.66    (30 40) (40 50)
      M1       46.94    (35 40) (45 50)
      M1       42.24    (40 40) (50 50)
      M1       42.42    (45 40) (55 50)
      M1       46.14    (50 40) (60 50)
      M1       47.52    (55 40) (65 50)
      M1       47.80    (60 40) (70 50)
      M1       46.18    (65 40) (75 50)
      M1       46.22    (70 40) (80 50)
      M1       48.14    (75 40) (85 50)
      M1       47.58    (80 40) (90 50)
      M1       47.51    (85 40) (95 50)
      M1       45.97    (90 40) (100 50)
      M1       45.06    (95 40) (105 50)
      M1       41.25    (100 40) (110 50)
      M1       32.56    (105 40) (115 50)
      M1       29.88    (110 40) (120 50)
      M1       31.14    (115 40) (125 50)
      M1       25.30    (117.4 40) (127.4 50)
      M1       34.66    (0 45) (10 55)
      M1       46.17    (5 45) (15 55)
      M1       46.59    (10 45) (20 55)
      M1       48.20    (15 45) (25 55)
      M1       47.00    (20 45) (30 55)
      M1       44.90    (25 45) (35 55)
      M1       47.38    (30 45) (40 55)
      M1       45.94    (35 45) (45 55)
      M1       43.34    (40 45) (50 55)
      M1       45.31    (45 45) (55 55)
      M1       47.68    (50 45) (60 55)
      M1       48.46    (55 45) (65 55)
      M1       49.49    (60 45) (70 55)
      M1       49.58    (65 45) (75 55)
      M1       50.84    (70 45) (80 55)
      M1       49.39    (75 45) (85 55)
      M1       48.80    (80 45) (90 55)
      M1       49.73    (85 45) (95 55)
      M1       46.10    (90 45) (100 55)
      M1       45.84    (95 45) (105 55)
      M1       42.74    (100 45) (110 55)
      M1       35.11    (105 45) (115 55)
      M1       32.51    (110 45) (120 55)
      M1       34.99    (115 45) (125 55)
      M1       28.41    (117.4 45) (127.4 55)
      M1       39.50    (0 50) (10 60)
      M1       50.46    (5 50) (15 60)
      M1       47.07    (10 50) (20 60)
      M1       48.41    (15 50) (25 60)
      M1       48.55    (20 50) (30 60)
      M1       47.44    (25 50) (35 60)
      M1       47.46    (30 50) (40 60)
      M1       48.98    (35 50) (45 60)
      M1       50.81    (40 50) (50 60)
      M1       49.65    (45 50) (55 60)
      M1       49.26    (50 50) (60 60)
      M1       46.89    (55 50) (65 60)
      M1       46.28    (60 50) (70 60)
      M1       47.64    (65 50) (75 60)
      M1       48.82    (70 50) (80 60)
      M1       50.81    (75 50) (85 60)
      M1       49.90    (80 50) (90 60)
      M1       46.80    (85 50) (95 60)
      M1       45.41    (90 50) (100 60)
      M1       46.23    (95 50) (105 60)
      M1       42.88    (100 50) (110 60)
      M1       36.15    (105 50) (115 60)
      M1       32.36    (110 50) (120 60)
      M1       33.37    (115 50) (125 60)
      M1       26.38    (117.4 50) (127.4 60)
      M1       36.30    (0 55) (10 65)
      M1       49.68    (5 55) (15 65)
      M1       46.51    (10 55) (20 65)
      M1       45.60    (15 55) (25 65)
      M1       47.11    (20 55) (30 65)
      M1       45.99    (25 55) (35 65)
      M1       45.70    (30 55) (40 65)
      M1       48.70    (35 55) (45 65)
      M1       50.88    (40 55) (50 65)
      M1       49.34    (45 55) (55 65)
      M1       48.39    (50 55) (60 65)
      M1       44.26    (55 55) (65 65)
      M1       45.21    (60 55) (70 65)
      M1       46.20    (65 55) (75 65)
      M1       44.29    (70 55) (80 65)
      M1       48.22    (75 55) (85 65)
      M1       49.42    (80 55) (90 65)
      M1       46.37    (85 55) (95 65)
      M1       46.15    (90 55) (100 65)
      M1       48.29    (95 55) (105 65)
      M1       43.44    (100 55) (110 65)
      M1       34.64    (105 55) (115 65)
      M1       29.82    (110 55) (120 65)
      M1       31.42    (115 55) (125 65)
      M1       25.79    (117.4 55) (127.4 65)
      M1       33.41    (0 60) (10 70)
      M1       45.75    (5 60) (15 70)
      M1       44.52    (10 60) (20 70)
      M1       45.82    (15 60) (25 70)
      M1       46.83    (20 60) (30 70)
      M1       44.15    (25 60) (35 70)
      M1       44.69    (30 60) (40 70)
      M1       45.78    (35 60) (45 70)
      M1       45.66    (40 60) (50 70)
      M1       46.70    (45 60) (55 70)
      M1       45.48    (50 60) (60 70)
      M1       43.83    (55 60) (65 70)
      M1       45.53    (60 60) (70 70)
      M1       44.79    (65 60) (75 70)
      M1       43.58    (70 60) (80 70)
      M1       45.40    (75 60) (85 70)
      M1       45.94    (80 60) (90 70)
      M1       43.51    (85 60) (95 70)
      M1       41.36    (90 60) (100 70)
      M1       43.35    (95 60) (105 70)
      M1       38.91    (100 60) (110 70)
      M1       31.32    (105 60) (115 70)
      M1       28.47    (110 60) (120 70)
      M1       31.00    (115 60) (125 70)
      M1       25.80    (117.4 60) (127.4 70)
      M1       32.60    (0 65) (10 75)
      M1       44.38    (5 65) (15 75)
      M1       45.70    (10 65) (20 75)
      M1       48.62    (15 65) (25 75)
      M1       48.99    (20 65) (30 75)
      M1       46.60    (25 65) (35 75)
      M1       47.07    (30 65) (40 75)
      M1       47.28    (35 65) (45 75)
      M1       44.59    (40 65) (50 75)
      M1       45.25    (45 65) (55 75)
      M1       46.32    (50 65) (60 75)
      M1       47.01    (55 65) (65 75)
      M1       47.91    (60 65) (70 75)
      M1       47.69    (65 65) (75 75)
      M1       48.50    (70 65) (80 75)
      M1       48.13    (75 65) (85 75)
      M1       45.89    (80 65) (90 75)
      M1       44.47    (85 65) (95 75)
      M1       41.63    (90 65) (100 75)
      M1       38.99    (95 65) (105 75)
      M1       35.71    (100 65) (110 75)
      M1       32.39    (105 65) (115 75)
      M1       30.94    (110 65) (120 75)
      M1       32.06    (115 65) (125 75)
      M1       26.02    (117.4 65) (127.4 75)
      M1       31.38    (0 70) (10 80)
      M1       44.60    (5 70) (15 80)
      M1       45.21    (10 70) (20 80)
      M1       43.09    (15 70) (25 80)
      M1       43.37    (20 70) (30 80)
      M1       43.91    (25 70) (35 80)
      M1       44.61    (30 70) (40 80)
      M1       44.07    (35 70) (45 80)
      M1       44.40    (40 70) (50 80)
      M1       44.59    (45 70) (55 80)
      M1       44.22    (50 70) (60 80)
      M1       45.48    (55 70) (65 80)
      M1       46.84    (60 70) (70 80)
      M1       48.04    (65 70) (75 80)
      M1       48.24    (70 70) (80 80)
      M1       46.17    (75 70) (85 80)
      M1       43.59    (80 70) (90 80)
      M1       44.34    (85 70) (95 80)
      M1       44.24    (90 70) (100 80)
      M1       39.93    (95 70) (105 80)
      M1       35.27    (100 70) (110 80)
      M1       32.46    (105 70) (115 80)
      M1       31.28    (110 70) (120 80)
      M1       32.89    (115 70) (125 80)
      M1       26.96    (117.4 70) (127.4 80)
      M1       31.26    (0 75) (10 85)
      M1       44.49    (5 75) (15 85)
      M1       44.83    (10 75) (20 85)
      M1       41.96    (15 75) (25 85)
      M1       43.00    (20 75) (30 85)
      M1       44.92    (25 75) (35 85)
      M1       45.72    (30 75) (40 85)
      M1       45.05    (35 75) (45 85)
      M1       45.77    (40 75) (50 85)
      M1       44.89    (45 75) (55 85)
      M1       44.32    (50 75) (60 85)
      M1       45.04    (55 75) (65 85)
      M1       46.13    (60 75) (70 85)
      M1       47.52    (65 75) (75 85)
      M1       46.80    (70 75) (80 85)
      M1       45.05    (75 75) (85 85)
      M1       43.59    (80 75) (90 85)
      M1       42.24    (85 75) (95 85)
      M1       43.80    (90 75) (100 85)
      M1       43.52    (95 75) (105 85)
      M1       37.30    (100 75) (110 85)
      M1       32.53    (105 75) (115 85)
      M1       31.23    (110 75) (120 85)
      M1       33.33    (115 75) (125 85)
      M1       27.54    (117.4 75) (127.4 85)
      M1       26.51    (0 78.6) (10 88.6)
      M1       37.62    (5 78.6) (15 88.6)
      M1       41.08    (10 78.6) (20 88.6)
      M1       41.71    (15 78.6) (25 88.6)
      M1       40.96    (20 78.6) (30 88.6)
      M1       41.57    (25 78.6) (35 88.6)
      M1       42.69    (30 78.6) (40 88.6)
      M1       42.83    (35 78.6) (45 88.6)
      M1       43.64    (40 78.6) (50 88.6)
      M1       42.77    (45 78.6) (55 88.6)
      M1       43.01    (50 78.6) (60 88.6)
      M1       42.76    (55 78.6) (65 88.6)
      M1       42.58    (60 78.6) (70 88.6)
      M1       43.08    (65 78.6) (75 88.6)
      M1       42.42    (70 78.6) (80 88.6)
      M1       40.95    (75 78.6) (85 88.6)
      M1       38.56    (80 78.6) (90 88.6)
      M1       35.77    (85 78.6) (95 88.6)
      M1       37.97    (90 78.6) (100 88.6)
      M1       39.31    (95 78.6) (105 88.6)
      M1       33.93    (100 78.6) (110 88.6)
      M1       30.32    (105 78.6) (115 88.6)
      M1       29.25    (110 78.6) (120 88.6)
      M1       30.83    (115 78.6) (125 88.6)
      M1       25.47    (117.4 78.6) (127.4 88.6)

      M2        0.03    (107.4 0) (127.4 20)
      M2        0.06    (107.4 10) (127.4 30)
      M2        0.02    (107.4 20) (127.4 40)
      M2        0.00    (107.4 30) (127.4 50)
      M2        0.00    (107.4 40) (127.4 60)
      M2        0.00    (107.4 50) (127.4 70)
      M2        0.00    (107.4 60) (127.4 80)
      M2        0.00    (107.4 68.6) (127.4 88.6)

      M3        0.01    (107.4 0) (127.4 20)
      M3        0.01    (107.4 10) (127.4 30)
      M3        0.00    (107.4 20) (127.4 40)
      M3        0.00    (107.4 30) (127.4 50)
      M3        0.00    (107.4 40) (127.4 60)
      M3        0.00    (107.4 50) (127.4 70)
      M3        0.00    (107.4 60) (127.4 80)
      M3        0.00    (107.4 68.6) (127.4 88.6)

      M4        0.00    (107.4 0) (127.4 20)
      M4        0.00    (107.4 10) (127.4 30)
      M4        0.00    (107.4 20) (127.4 40)
      M4        0.00    (107.4 30) (127.4 50)
      M4        0.00    (107.4 40) (127.4 60)
      M4        0.00    (107.4 50) (127.4 70)
      M4        0.00    (107.4 60) (127.4 80)
      M4        0.00    (107.4 68.6) (127.4 88.6)

      M5        0.00    (0 0) (20 20)
      M5        0.00    (10 0) (30 20)
      M5        0.00    (20 0) (40 20)
      M5        0.00    (30 0) (50 20)
      M5        0.00    (40 0) (60 20)
      M5        0.00    (50 0) (70 20)
      M5        0.00    (60 0) (80 20)
      M5        0.00    (70 0) (90 20)
      M5        0.00    (80 0) (100 20)
      M5        0.00    (90 0) (110 20)
      M5        0.00    (100 0) (120 20)
      M5        0.00    (107.4 0) (127.4 20)
      M5        0.00    (0 10) (20 30)
      M5        0.00    (10 10) (30 30)
      M5        0.00    (20 10) (40 30)
      M5        0.00    (30 10) (50 30)
      M5        0.00    (40 10) (60 30)
      M5        0.00    (50 10) (70 30)
      M5        0.00    (60 10) (80 30)
      M5        0.00    (70 10) (90 30)
      M5        0.00    (80 10) (100 30)
      M5        0.00    (90 10) (110 30)
      M5        0.00    (100 10) (120 30)
      M5        0.00    (107.4 10) (127.4 30)
      M5        0.00    (0 20) (20 40)
      M5        0.00    (10 20) (30 40)
      M5        0.00    (20 20) (40 40)
      M5        0.00    (30 20) (50 40)
      M5        0.00    (40 20) (60 40)
      M5        0.00    (50 20) (70 40)
      M5        0.00    (60 20) (80 40)
      M5        0.00    (70 20) (90 40)
      M5        0.00    (80 20) (100 40)
      M5        0.00    (90 20) (110 40)
      M5        0.00    (100 20) (120 40)
      M5        0.00    (107.4 20) (127.4 40)
      M5        0.00    (0 30) (20 50)
      M5        0.00    (10 30) (30 50)
      M5        0.00    (20 30) (40 50)
      M5        0.00    (30 30) (50 50)
      M5        0.00    (40 30) (60 50)
      M5        0.00    (50 30) (70 50)
      M5        0.00    (60 30) (80 50)
      M5        0.00    (70 30) (90 50)
      M5        0.00    (80 30) (100 50)
      M5        0.00    (90 30) (110 50)
      M5        0.00    (100 30) (120 50)
      M5        0.00    (107.4 30) (127.4 50)
      M5        0.00    (0 40) (20 60)
      M5        0.00    (10 40) (30 60)
      M5        0.00    (20 40) (40 60)
      M5        0.00    (30 40) (50 60)
      M5        0.00    (40 40) (60 60)
      M5        0.00    (50 40) (70 60)
      M5        0.00    (60 40) (80 60)
      M5        0.00    (70 40) (90 60)
      M5        0.00    (80 40) (100 60)
      M5        0.00    (90 40) (110 60)
      M5        0.00    (100 40) (120 60)
      M5        0.00    (107.4 40) (127.4 60)
      M5        0.00    (0 50) (20 70)
      M5        0.00    (10 50) (30 70)
      M5        0.00    (20 50) (40 70)
      M5        0.00    (30 50) (50 70)
      M5        0.00    (40 50) (60 70)
      M5        0.00    (50 50) (70 70)
      M5        0.00    (60 50) (80 70)
      M5        0.00    (70 50) (90 70)
      M5        0.00    (80 50) (100 70)
      M5        0.00    (90 50) (110 70)
      M5        0.00    (100 50) (120 70)
      M5        0.00    (107.4 50) (127.4 70)
      M5        0.00    (0 60) (20 80)
      M5        0.00    (10 60) (30 80)
      M5        0.00    (20 60) (40 80)
      M5        0.00    (30 60) (50 80)
      M5        0.00    (40 60) (60 80)
      M5        0.00    (50 60) (70 80)
      M5        0.00    (60 60) (80 80)
      M5        0.00    (70 60) (90 80)
      M5        0.00    (80 60) (100 80)
      M5        0.00    (90 60) (110 80)
      M5        0.00    (100 60) (120 80)
      M5        0.00    (107.4 60) (127.4 80)
      M5        0.00    (0 68.6) (20 88.6)
      M5        0.00    (10 68.6) (30 88.6)
      M5        0.00    (20 68.6) (40 88.6)
      M5        0.00    (30 68.6) (50 88.6)
      M5        0.00    (40 68.6) (60 88.6)
      M5        0.00    (50 68.6) (70 88.6)
      M5        0.00    (60 68.6) (80 88.6)
      M5        0.00    (70 68.6) (90 88.6)
      M5        0.00    (80 68.6) (100 88.6)
      M5        0.00    (90 68.6) (110 88.6)
      M5        0.00    (100 68.6) (120 88.6)
      M5        0.00    (107.4 68.6) (127.4 88.6)

      M6        0.00    (0 0) (20 20)
      M6        0.00    (10 0) (30 20)
      M6        0.00    (20 0) (40 20)
      M6        0.00    (30 0) (50 20)
      M6        0.00    (40 0) (60 20)
      M6        0.00    (50 0) (70 20)
      M6        0.00    (60 0) (80 20)
      M6        0.00    (70 0) (90 20)
      M6        0.00    (80 0) (100 20)
      M6        0.00    (90 0) (110 20)
      M6        0.00    (100 0) (120 20)
      M6        0.00    (107.4 0) (127.4 20)
      M6        0.00    (0 10) (20 30)
      M6        0.00    (10 10) (30 30)
      M6        0.00    (20 10) (40 30)
      M6        0.00    (30 10) (50 30)
      M6        0.00    (40 10) (60 30)
      M6        0.00    (50 10) (70 30)
      M6        0.00    (60 10) (80 30)
      M6        0.00    (70 10) (90 30)
      M6        0.00    (80 10) (100 30)
      M6        0.00    (90 10) (110 30)
      M6        0.00    (100 10) (120 30)
      M6        0.00    (107.4 10) (127.4 30)
      M6        0.00    (0 20) (20 40)
      M6        0.00    (10 20) (30 40)
      M6        0.00    (20 20) (40 40)
      M6        0.00    (30 20) (50 40)
      M6        0.00    (40 20) (60 40)
      M6        0.00    (50 20) (70 40)
      M6        0.00    (60 20) (80 40)
      M6        0.00    (70 20) (90 40)
      M6        0.00    (80 20) (100 40)
      M6        0.00    (90 20) (110 40)
      M6        0.00    (100 20) (120 40)
      M6        0.00    (107.4 20) (127.4 40)
      M6        0.00    (0 30) (20 50)
      M6        0.00    (10 30) (30 50)
      M6        0.00    (20 30) (40 50)
      M6        0.00    (30 30) (50 50)
      M6        0.00    (40 30) (60 50)
      M6        0.00    (50 30) (70 50)
      M6        0.00    (60 30) (80 50)
      M6        0.00    (70 30) (90 50)
      M6        0.00    (80 30) (100 50)
      M6        0.00    (90 30) (110 50)
      M6        0.00    (100 30) (120 50)
      M6        0.00    (107.4 30) (127.4 50)
      M6        0.00    (0 40) (20 60)
      M6        0.00    (10 40) (30 60)
      M6        0.00    (20 40) (40 60)
      M6        0.00    (30 40) (50 60)
      M6        0.00    (40 40) (60 60)
      M6        0.00    (50 40) (70 60)
      M6        0.00    (60 40) (80 60)
      M6        0.00    (70 40) (90 60)
      M6        0.00    (80 40) (100 60)
      M6        0.00    (90 40) (110 60)
      M6        0.00    (100 40) (120 60)
      M6        0.00    (107.4 40) (127.4 60)
      M6        0.00    (0 50) (20 70)
      M6        0.00    (10 50) (30 70)
      M6        0.00    (20 50) (40 70)
      M6        0.00    (30 50) (50 70)
      M6        0.00    (40 50) (60 70)
      M6        0.00    (50 50) (70 70)
      M6        0.00    (60 50) (80 70)
      M6        0.00    (70 50) (90 70)
      M6        0.00    (80 50) (100 70)
      M6        0.00    (90 50) (110 70)
      M6        0.00    (100 50) (120 70)
      M6        0.00    (107.4 50) (127.4 70)
      M6        0.00    (0 60) (20 80)
      M6        0.00    (10 60) (30 80)
      M6        0.00    (20 60) (40 80)
      M6        0.00    (30 60) (50 80)
      M6        0.00    (40 60) (60 80)
      M6        0.00    (50 60) (70 80)
      M6        0.00    (60 60) (80 80)
      M6        0.00    (70 60) (90 80)
      M6        0.00    (80 60) (100 80)
      M6        0.00    (90 60) (110 80)
      M6        0.00    (100 60) (120 80)
      M6        0.00    (107.4 60) (127.4 80)
      M6        0.00    (0 68.6) (20 88.6)
      M6        0.00    (10 68.6) (30 88.6)
      M6        0.00    (20 68.6) (40 88.6)
      M6        0.00    (30 68.6) (50 88.6)
      M6        0.00    (40 68.6) (60 88.6)
      M6        0.00    (50 68.6) (70 88.6)
      M6        0.00    (60 68.6) (80 88.6)
      M6        0.00    (70 68.6) (90 88.6)
      M6        0.00    (80 68.6) (100 88.6)
      M6        0.00    (90 68.6) (110 88.6)
      M6        0.00    (100 68.6) (120 88.6)
      M6        0.00    (107.4 68.6) (127.4 88.6)

      M7        0.00    (0 0) (20 20)
      M7        0.00    (10 0) (30 20)
      M7        0.00    (20 0) (40 20)
      M7        0.00    (30 0) (50 20)
      M7        0.00    (40 0) (60 20)
      M7        0.00    (50 0) (70 20)
      M7        0.00    (60 0) (80 20)
      M7        0.00    (70 0) (90 20)
      M7        0.00    (80 0) (100 20)
      M7        0.00    (90 0) (110 20)
      M7        0.00    (100 0) (120 20)
      M7        0.00    (107.4 0) (127.4 20)
      M7        0.00    (0 10) (20 30)
      M7        0.00    (10 10) (30 30)
      M7        0.00    (20 10) (40 30)
      M7        0.00    (30 10) (50 30)
      M7        0.00    (40 10) (60 30)
      M7        0.00    (50 10) (70 30)
      M7        0.00    (60 10) (80 30)
      M7        0.00    (70 10) (90 30)
      M7        0.00    (80 10) (100 30)
      M7        0.00    (90 10) (110 30)
      M7        0.00    (100 10) (120 30)
      M7        0.00    (107.4 10) (127.4 30)
      M7        0.00    (0 20) (20 40)
      M7        0.00    (10 20) (30 40)
      M7        0.00    (20 20) (40 40)
      M7        0.00    (30 20) (50 40)
      M7        0.00    (40 20) (60 40)
      M7        0.00    (50 20) (70 40)
      M7        0.00    (60 20) (80 40)
      M7        0.00    (70 20) (90 40)
      M7        0.00    (80 20) (100 40)
      M7        0.00    (90 20) (110 40)
      M7        0.00    (100 20) (120 40)
      M7        0.00    (107.4 20) (127.4 40)
      M7        0.00    (0 30) (20 50)
      M7        0.00    (10 30) (30 50)
      M7        0.00    (20 30) (40 50)
      M7        0.00    (30 30) (50 50)
      M7        0.00    (40 30) (60 50)
      M7        0.00    (50 30) (70 50)
      M7        0.00    (60 30) (80 50)
      M7        0.00    (70 30) (90 50)
      M7        0.00    (80 30) (100 50)
      M7        0.00    (90 30) (110 50)
      M7        0.00    (100 30) (120 50)
      M7        0.00    (107.4 30) (127.4 50)
      M7        0.00    (0 40) (20 60)
      M7        0.00    (10 40) (30 60)
      M7        0.00    (20 40) (40 60)
      M7        0.00    (30 40) (50 60)
      M7        0.00    (40 40) (60 60)
      M7        0.00    (50 40) (70 60)
      M7        0.00    (60 40) (80 60)
      M7        0.00    (70 40) (90 60)
      M7        0.00    (80 40) (100 60)
      M7        0.00    (90 40) (110 60)
      M7        0.00    (100 40) (120 60)
      M7        0.00    (107.4 40) (127.4 60)
      M7        0.00    (0 50) (20 70)
      M7        0.00    (10 50) (30 70)
      M7        0.00    (20 50) (40 70)
      M7        0.00    (30 50) (50 70)
      M7        0.00    (40 50) (60 70)
      M7        0.00    (50 50) (70 70)
      M7        0.00    (60 50) (80 70)
      M7        0.00    (70 50) (90 70)
      M7        0.00    (80 50) (100 70)
      M7        0.00    (90 50) (110 70)
      M7        0.00    (100 50) (120 70)
      M7        0.00    (107.4 50) (127.4 70)
      M7        0.00    (0 60) (20 80)
      M7        0.00    (10 60) (30 80)
      M7        0.00    (20 60) (40 80)
      M7        0.00    (30 60) (50 80)
      M7        0.00    (40 60) (60 80)
      M7        0.00    (50 60) (70 80)
      M7        0.00    (60 60) (80 80)
      M7        0.00    (70 60) (90 80)
      M7        0.00    (80 60) (100 80)
      M7        0.00    (90 60) (110 80)
      M7        0.00    (100 60) (120 80)
      M7        0.00    (107.4 60) (127.4 80)
      M7        0.00    (0 68.6) (20 88.6)
      M7        0.00    (10 68.6) (30 88.6)
      M7        0.00    (20 68.6) (40 88.6)
      M7        0.00    (30 68.6) (50 88.6)
      M7        0.00    (40 68.6) (60 88.6)
      M7        0.00    (50 68.6) (70 88.6)
      M7        0.00    (60 68.6) (80 88.6)
      M7        0.00    (70 68.6) (90 88.6)
      M7        0.00    (80 68.6) (100 88.6)
      M7        0.00    (90 68.6) (110 88.6)
      M7        0.00    (100 68.6) (120 88.6)
      M7        0.00    (107.4 68.6) (127.4 88.6)

      M8        0.00    (0 0) (20 20)
      M8        0.00    (10 0) (30 20)
      M8        0.00    (20 0) (40 20)
      M8        0.00    (30 0) (50 20)
      M8        0.00    (40 0) (60 20)
      M8        0.00    (50 0) (70 20)
      M8        0.00    (60 0) (80 20)
      M8        0.00    (70 0) (90 20)
      M8        0.00    (80 0) (100 20)
      M8        0.00    (90 0) (110 20)
      M8        0.00    (100 0) (120 20)
      M8        0.00    (107.4 0) (127.4 20)
      M8        0.00    (0 10) (20 30)
      M8        0.00    (10 10) (30 30)
      M8        0.00    (20 10) (40 30)
      M8        0.00    (30 10) (50 30)
      M8        0.00    (40 10) (60 30)
      M8        0.00    (50 10) (70 30)
      M8        0.00    (60 10) (80 30)
      M8        0.00    (70 10) (90 30)
      M8        0.00    (80 10) (100 30)
      M8        0.00    (90 10) (110 30)
      M8        0.00    (100 10) (120 30)
      M8        0.00    (107.4 10) (127.4 30)
      M8        0.00    (0 20) (20 40)
      M8        0.00    (10 20) (30 40)
      M8        0.00    (20 20) (40 40)
      M8        0.00    (30 20) (50 40)
      M8        0.00    (40 20) (60 40)
      M8        0.00    (50 20) (70 40)
      M8        0.00    (60 20) (80 40)
      M8        0.00    (70 20) (90 40)
      M8        0.00    (80 20) (100 40)
      M8        0.00    (90 20) (110 40)
      M8        0.00    (100 20) (120 40)
      M8        0.00    (107.4 20) (127.4 40)
      M8        0.00    (0 30) (20 50)
      M8        0.00    (10 30) (30 50)
      M8        0.00    (20 30) (40 50)
      M8        0.00    (30 30) (50 50)
      M8        0.00    (40 30) (60 50)
      M8        0.00    (50 30) (70 50)
      M8        0.00    (60 30) (80 50)
      M8        0.00    (70 30) (90 50)
      M8        0.00    (80 30) (100 50)
      M8        0.00    (90 30) (110 50)
      M8        0.00    (100 30) (120 50)
      M8        0.00    (107.4 30) (127.4 50)
      M8        0.00    (0 40) (20 60)
      M8        0.00    (10 40) (30 60)
      M8        0.00    (20 40) (40 60)
      M8        0.00    (30 40) (50 60)
      M8        0.00    (40 40) (60 60)
      M8        0.00    (50 40) (70 60)
      M8        0.00    (60 40) (80 60)
      M8        0.00    (70 40) (90 60)
      M8        0.00    (80 40) (100 60)
      M8        0.00    (90 40) (110 60)
      M8        0.00    (100 40) (120 60)
      M8        0.00    (107.4 40) (127.4 60)
      M8        0.00    (0 50) (20 70)
      M8        0.00    (10 50) (30 70)
      M8        0.00    (20 50) (40 70)
      M8        0.00    (30 50) (50 70)
      M8        0.00    (40 50) (60 70)
      M8        0.00    (50 50) (70 70)
      M8        0.00    (60 50) (80 70)
      M8        0.00    (70 50) (90 70)
      M8        0.00    (80 50) (100 70)
      M8        0.00    (90 50) (110 70)
      M8        0.00    (100 50) (120 70)
      M8        0.00    (107.4 50) (127.4 70)
      M8        0.00    (0 60) (20 80)
      M8        0.00    (10 60) (30 80)
      M8        0.00    (20 60) (40 80)
      M8        0.00    (30 60) (50 80)
      M8        0.00    (40 60) (60 80)
      M8        0.00    (50 60) (70 80)
      M8        0.00    (60 60) (80 80)
      M8        0.00    (70 60) (90 80)
      M8        0.00    (80 60) (100 80)
      M8        0.00    (90 60) (110 80)
      M8        0.00    (100 60) (120 80)
      M8        0.00    (107.4 60) (127.4 80)
      M8        0.00    (0 68.6) (20 88.6)
      M8        0.00    (10 68.6) (30 88.6)
      M8        0.00    (20 68.6) (40 88.6)
      M8        0.00    (30 68.6) (50 88.6)
      M8        0.00    (40 68.6) (60 88.6)
      M8        0.00    (50 68.6) (70 88.6)
      M8        0.00    (60 68.6) (80 88.6)
      M8        0.00    (70 68.6) (90 88.6)
      M8        0.00    (80 68.6) (100 88.6)
      M8        0.00    (90 68.6) (110 88.6)
      M8        0.00    (100 68.6) (120 88.6)
      M8        0.00    (107.4 68.6) (127.4 88.6)


A total of 833 density violation(s).
Windows < Min. Density = 408
Windows > Max. Density = 425
