###############################################################
#  Generated by:      Cadence Innovus 15.23-s045_1
#  OS:                Linux x86_64(Host ID ieng6-ece-04.ucsd.edu)
#  Generated on:      Sat Mar 15 20:43:01 2025
#  Design:            core
#  Command:           verifyGeometry
###############################################################

SHORT: Regular Via of Net mac_array_instance/col_idx_7__mac_col_inst/mac_16in_instance/n121 & Blockage of Cell mac_array_instance/col_idx_7__mac_col_inst/mac_16in_instance/U331  ( M1 )
Bounds : ( 465.810, 179.550 ) ( 466.190, 179.650 )


SHORT: Regular Via of Net mac_array_instance/col_idx_2__mac_col_inst/mac_16in_instance/n1242 & Blockage of Cell mac_array_instance/col_idx_2__mac_col_inst/mac_16in_instance/U140  ( M1 )
Bounds : ( 179.650, 242.710 ) ( 179.750, 242.890 )


SHORT: Regular Via of Net mac_array_instance/col_idx_3__mac_col_inst/mac_16in_instance/FE_RN_1776_0 & Blockage of Cell mac_array_instance/col_idx_3__mac_col_inst/mac_16in_instance/FE_RC_2871_0  ( M1 )
Bounds : ( 182.050, 372.910 ) ( 182.150, 373.090 )


SHORT: Regular Via of Net mac_array_instance/col_idx_2__mac_col_inst/mac_16in_instance/FE_RN_5316_0 & Blockage of Cell mac_array_instance/col_idx_2__mac_col_inst/mac_16in_instance/FE_RC_10778_0  ( M1 )
Bounds : ( 241.210, 313.595 ) ( 241.390, 313.695 )


SHORT: Regular Via of Net mac_array_instance/col_idx_4__mac_col_inst/mac_16in_instance/FE_RN_5841_0 & Blockage of Cell mac_array_instance/col_idx_4__mac_col_inst/mac_16in_instance/FE_RC_11734_0  ( M1 )
Bounds : ( 335.050, 422.710 ) ( 335.150, 422.890 )


SHORT: Regular Via of Net mac_array_instance/col_idx_5__mac_col_inst/mac_16in_instance/n1445 & Blockage of Cell mac_array_instance/col_idx_5__mac_col_inst/mac_16in_instance/FE_RC_11661_0  ( M1 )
Bounds : ( 461.250, 422.710 ) ( 461.350, 423.130 )



Begin Summary ...
  Cells       : 0
  SameNet     : 0
  Wiring      : 0
  Antenna     : 0
  Short       : 6
  Overlap     : 0
End Summary

  Total Violations : 6 Viols.
