xrun(64): 20.09-s017: (c) Copyright 1995-2021 Cadence Design Systems, Inc.
TOOL:	xrun(64)	20.09-s017: Started on Mar 21, 2025 at 07:56:09 PDT
xrun
	+gui
	+access+rwc
	-define INITIALIZE_MEMORY
	-xminitialize 0
	-ncinitialize rand_2state:1
	+xm64bit
	+xmstatus
	+xmtimescale+1ns/1ps
	+xmoveride_timescale
	+xmseq_udp_delay+20ps
	-nowarn CUVWSP
	-noparamerr
	-v ./netlist/core.pnr.v
	-v ./netlist/sram_w16.v
	-v ./netlist/sram_w16_2.v
	-v /home/linux/ieng6/ee260bwi25/public/PDKdata/verilog/tcbn65gplus.v
	./netlist/core_tb_updated.v

   User defined plus("+") options:
	+xmoveride_timescale

xrun: *W,OPDEPRREN: Command Line Option (-ncinitialize) is deprecated. Use (-xminitialize) instead.
xrun: *W,MLTXMIT: Multiple -xminitialize options specified, only the first value (0) will be used.
file: ./netlist/core_tb_updated.v
	module worklib.core_tb:v
		errors: 0, warnings: 0
file: ./netlist/core.pnr.v
	module core.core:v
		errors: 0, warnings: 0
file: ./netlist/core.pnr.v
	module core.mac_array_col8_bw8_bw_psum20_pr8:v
		errors: 0, warnings: 0
	module core.ofifo_col8_bw20:v
		errors: 0, warnings: 0
file: ./netlist/core.pnr.v
	module core.mac_col_8_20_8_1:v
		errors: 0, warnings: 0
	module core.mac_col_8_20_8_2:v
		errors: 0, warnings: 0
	module core.mac_col_8_20_8_3:v
		errors: 0, warnings: 0
	module core.mac_col_8_20_8_4:v
		errors: 0, warnings: 0
	module core.mac_col_8_20_8_5:v
		errors: 0, warnings: 0
	module core.mac_col_8_20_8_6:v
		errors: 0, warnings: 0
	module core.mac_col_8_20_8_7:v
		errors: 0, warnings: 0
	module core.mac_col_8_20_8_8:v
		errors: 0, warnings: 0
	module core.fifo_depth16_bw20_simd1_7:v
		errors: 0, warnings: 0
	module core.fifo_depth16_bw20_simd1_6:v
		errors: 0, warnings: 0
	module core.fifo_depth16_bw20_simd1_0:v
		errors: 0, warnings: 0
	module core.fifo_depth16_bw20_simd1_1:v
		errors: 0, warnings: 0
	module core.fifo_depth16_bw20_simd1_2:v
		errors: 0, warnings: 0
	module core.fifo_depth16_bw20_simd1_3:v
		errors: 0, warnings: 0
	module core.fifo_depth16_bw20_simd1_4:v
		errors: 0, warnings: 0
	module core.fifo_depth16_bw20_simd1_5:v
		errors: 0, warnings: 0
file: ./netlist/core.pnr.v
	module core.mac_16in_bw8_bw_psum20_pr8_7:v
		errors: 0, warnings: 0
	module core.mac_16in_bw8_bw_psum20_pr8_6:v
		errors: 0, warnings: 0
	module core.mac_16in_bw8_bw_psum20_pr8_5:v
		errors: 0, warnings: 0
	module core.mac_16in_bw8_bw_psum20_pr8_4:v
		errors: 0, warnings: 0
	module core.mac_16in_bw8_bw_psum20_pr8_3:v
		errors: 0, warnings: 0
	module core.mac_16in_bw8_bw_psum20_pr8_2:v
		errors: 0, warnings: 0
	module core.mac_16in_bw8_bw_psum20_pr8_1:v
		errors: 0, warnings: 0
	module core.mac_16in_bw8_bw_psum20_pr8_0:v
		errors: 0, warnings: 0
	module core.fifo_mux_8_1_bw20_simd1_7:v
		errors: 0, warnings: 0
	module core.fifo_mux_8_1_bw20_simd1_6:v
		errors: 0, warnings: 0
	module core.fifo_mux_8_1_bw20_simd1_0:v
		errors: 0, warnings: 0
	module core.fifo_mux_8_1_bw20_simd1_1:v
		errors: 0, warnings: 0
	module core.fifo_mux_8_1_bw20_simd1_2:v
		errors: 0, warnings: 0
	module core.fifo_mux_8_1_bw20_simd1_3:v
		errors: 0, warnings: 0
	module core.fifo_mux_8_1_bw20_simd1_4:v
		errors: 0, warnings: 0
	module core.fifo_mux_8_1_bw20_simd1_5:v
		errors: 0, warnings: 0
file: ./netlist/core.pnr.v
	module core.fifo_mux_2_1_bw20_simd1_55:v
		errors: 0, warnings: 0
	module core.fifo_mux_2_1_bw20_simd1_49:v
		errors: 0, warnings: 0
	module core.fifo_mux_2_1_bw20_simd1_50:v
		errors: 0, warnings: 0
	module core.fifo_mux_2_1_bw20_simd1_51:v
		errors: 0, warnings: 0
	module core.fifo_mux_2_1_bw20_simd1_52:v
		errors: 0, warnings: 0
	module core.fifo_mux_2_1_bw20_simd1_53:v
		errors: 0, warnings: 0
	module core.fifo_mux_2_1_bw20_simd1_54:v
		errors: 0, warnings: 0
	module core.fifo_mux_2_1_bw20_simd1_42:v
		errors: 0, warnings: 0
	module core.fifo_mux_2_1_bw20_simd1_43:v
		errors: 0, warnings: 0
	module core.fifo_mux_2_1_bw20_simd1_44:v
		errors: 0, warnings: 0
	module core.fifo_mux_2_1_bw20_simd1_45:v
		errors: 0, warnings: 0
	module core.fifo_mux_2_1_bw20_simd1_46:v
		errors: 0, warnings: 0
	module core.fifo_mux_2_1_bw20_simd1_47:v
		errors: 0, warnings: 0
	module core.fifo_mux_2_1_bw20_simd1_48:v
		errors: 0, warnings: 0
	module core.fifo_mux_2_1_bw20_simd1_0:v
		errors: 0, warnings: 0
	module core.fifo_mux_2_1_bw20_simd1_1:v
		errors: 0, warnings: 0
	module core.fifo_mux_2_1_bw20_simd1_2:v
		errors: 0, warnings: 0
	module core.fifo_mux_2_1_bw20_simd1_3:v
		errors: 0, warnings: 0
	module core.fifo_mux_2_1_bw20_simd1_4:v
		errors: 0, warnings: 0
	module core.fifo_mux_2_1_bw20_simd1_5:v
		errors: 0, warnings: 0
	module core.fifo_mux_2_1_bw20_simd1_6:v
		errors: 0, warnings: 0
	module core.fifo_mux_2_1_bw20_simd1_7:v
		errors: 0, warnings: 0
	module core.fifo_mux_2_1_bw20_simd1_8:v
		errors: 0, warnings: 0
	module core.fifo_mux_2_1_bw20_simd1_9:v
		errors: 0, warnings: 0
	module core.fifo_mux_2_1_bw20_simd1_10:v
		errors: 0, warnings: 0
	module core.fifo_mux_2_1_bw20_simd1_11:v
		errors: 0, warnings: 0
	module core.fifo_mux_2_1_bw20_simd1_12:v
		errors: 0, warnings: 0
	module core.fifo_mux_2_1_bw20_simd1_13:v
		errors: 0, warnings: 0
	module core.fifo_mux_2_1_bw20_simd1_14:v
		errors: 0, warnings: 0
	module core.fifo_mux_2_1_bw20_simd1_15:v
		errors: 0, warnings: 0
	module core.fifo_mux_2_1_bw20_simd1_16:v
		errors: 0, warnings: 0
	module core.fifo_mux_2_1_bw20_simd1_17:v
		errors: 0, warnings: 0
	module core.fifo_mux_2_1_bw20_simd1_18:v
		errors: 0, warnings: 0
	module core.fifo_mux_2_1_bw20_simd1_19:v
		errors: 0, warnings: 0
	module core.fifo_mux_2_1_bw20_simd1_20:v
		errors: 0, warnings: 0
	module core.fifo_mux_2_1_bw20_simd1_21:v
		errors: 0, warnings: 0
	module core.fifo_mux_2_1_bw20_simd1_22:v
		errors: 0, warnings: 0
	module core.fifo_mux_2_1_bw20_simd1_23:v
		errors: 0, warnings: 0
	module core.fifo_mux_2_1_bw20_simd1_24:v
		errors: 0, warnings: 0
	module core.fifo_mux_2_1_bw20_simd1_25:v
		errors: 0, warnings: 0
	module core.fifo_mux_2_1_bw20_simd1_26:v
		errors: 0, warnings: 0
	module core.fifo_mux_2_1_bw20_simd1_27:v
		errors: 0, warnings: 0
	module core.fifo_mux_2_1_bw20_simd1_28:v
		errors: 0, warnings: 0
	module core.fifo_mux_2_1_bw20_simd1_29:v
		errors: 0, warnings: 0
	module core.fifo_mux_2_1_bw20_simd1_30:v
		errors: 0, warnings: 0
	module core.fifo_mux_2_1_bw20_simd1_31:v
		errors: 0, warnings: 0
	module core.fifo_mux_2_1_bw20_simd1_32:v
		errors: 0, warnings: 0
	module core.fifo_mux_2_1_bw20_simd1_33:v
		errors: 0, warnings: 0
	module core.fifo_mux_2_1_bw20_simd1_34:v
		errors: 0, warnings: 0
	module core.fifo_mux_2_1_bw20_simd1_35:v
		errors: 0, warnings: 0
	module core.fifo_mux_2_1_bw20_simd1_36:v
		errors: 0, warnings: 0
	module core.fifo_mux_2_1_bw20_simd1_37:v
		errors: 0, warnings: 0
	module core.fifo_mux_2_1_bw20_simd1_38:v
		errors: 0, warnings: 0
	module core.fifo_mux_2_1_bw20_simd1_39:v
		errors: 0, warnings: 0
	module core.fifo_mux_2_1_bw20_simd1_40:v
		errors: 0, warnings: 0
	module core.fifo_mux_2_1_bw20_simd1_41:v
		errors: 0, warnings: 0
file: ./netlist/sram_w16.v
	module sram_w16.sram_w16:v
		errors: 0, warnings: 0
file: ./netlist/sram_w16_2.v
	module sram_w16_2.sram_w16_2:v
		errors: 0, warnings: 0
file: /home/linux/ieng6/ee260bwi25/public/PDKdata/verilog/tcbn65gplus.v
	module tcbn65gplus.AN2D1:v
		errors: 0, warnings: 0
	module tcbn65gplus.AN2D2:v
		errors: 0, warnings: 0
	module tcbn65gplus.AN2D4:v
		errors: 0, warnings: 0
	module tcbn65gplus.AN2D8:v
		errors: 0, warnings: 0
	module tcbn65gplus.AN2XD1:v
		errors: 0, warnings: 0
	module tcbn65gplus.AN3D0:v
		errors: 0, warnings: 0
	module tcbn65gplus.AN3XD1:v
		errors: 0, warnings: 0
	module tcbn65gplus.AO211D1:v
		errors: 0, warnings: 0
	module tcbn65gplus.AO21D0:v
		errors: 0, warnings: 0
	module tcbn65gplus.AO21D1:v
		errors: 0, warnings: 0
	module tcbn65gplus.AO21D2:v
		errors: 0, warnings: 0
	module tcbn65gplus.AO21D4:v
		errors: 0, warnings: 0
	module tcbn65gplus.AO22D0:v
		errors: 0, warnings: 0
	module tcbn65gplus.AO22D1:v
		errors: 0, warnings: 0
	module tcbn65gplus.AO22D2:v
		errors: 0, warnings: 0
	module tcbn65gplus.AO22D4:v
		errors: 0, warnings: 0
	module tcbn65gplus.AOI211D0:v
		errors: 0, warnings: 0
	module tcbn65gplus.AOI21D0:v
		errors: 0, warnings: 0
	module tcbn65gplus.AOI21D1:v
		errors: 0, warnings: 0
	module tcbn65gplus.AOI21D2:v
		errors: 0, warnings: 0
	module tcbn65gplus.AOI21D4:v
		errors: 0, warnings: 0
	module tcbn65gplus.AOI221D0:v
		errors: 0, warnings: 0
	module tcbn65gplus.AOI221D1:v
		errors: 0, warnings: 0
	module tcbn65gplus.AOI22D0:v
		errors: 0, warnings: 0
	module tcbn65gplus.AOI22D1:v
		errors: 0, warnings: 0
	module tcbn65gplus.AOI22D2:v
		errors: 0, warnings: 0
	module tcbn65gplus.AOI22D4:v
		errors: 0, warnings: 0
	module tcbn65gplus.AOI31D0:v
		errors: 0, warnings: 0
	module tcbn65gplus.AOI31D4:v
		errors: 0, warnings: 0
	module tcbn65gplus.AOI32D0:v
		errors: 0, warnings: 0
	module tcbn65gplus.AOI32D2:v
		errors: 0, warnings: 0
	module tcbn65gplus.AOI33D1:v
		errors: 0, warnings: 0
	module tcbn65gplus.AOI33D2:v
		errors: 0, warnings: 0
	module tcbn65gplus.BUFFD0:v
		errors: 0, warnings: 0
	module tcbn65gplus.BUFFD1:v
		errors: 0, warnings: 0
	module tcbn65gplus.BUFFD12:v
		errors: 0, warnings: 0
	module tcbn65gplus.BUFFD16:v
		errors: 0, warnings: 0
	module tcbn65gplus.BUFFD2:v
		errors: 0, warnings: 0
	module tcbn65gplus.BUFFD3:v
		errors: 0, warnings: 0
	module tcbn65gplus.BUFFD4:v
		errors: 0, warnings: 0
	module tcbn65gplus.BUFFD6:v
		errors: 0, warnings: 0
	module tcbn65gplus.BUFFD8:v
		errors: 0, warnings: 0
	module tcbn65gplus.CKAN2D0:v
		errors: 0, warnings: 0
	module tcbn65gplus.CKAN2D1:v
		errors: 0, warnings: 0
	module tcbn65gplus.CKAN2D2:v
		errors: 0, warnings: 0
	module tcbn65gplus.CKBD0:v
		errors: 0, warnings: 0
	module tcbn65gplus.CKBD1:v
		errors: 0, warnings: 0
	module tcbn65gplus.CKBD12:v
		errors: 0, warnings: 0
	module tcbn65gplus.CKBD16:v
		errors: 0, warnings: 0
	module tcbn65gplus.CKBD2:v
		errors: 0, warnings: 0
	module tcbn65gplus.CKBD3:v
		errors: 0, warnings: 0
	module tcbn65gplus.CKBD4:v
		errors: 0, warnings: 0
	module tcbn65gplus.CKBD6:v
		errors: 0, warnings: 0
	module tcbn65gplus.CKBD8:v
		errors: 0, warnings: 0
	module tcbn65gplus.CKMUX2D0:v
		errors: 0, warnings: 0
	module tcbn65gplus.CKMUX2D1:v
		errors: 0, warnings: 0
	module tcbn65gplus.CKMUX2D2:v
		errors: 0, warnings: 0
	module tcbn65gplus.CKMUX2D4:v
		errors: 0, warnings: 0
	module tcbn65gplus.CKND0:v
		errors: 0, warnings: 0
	module tcbn65gplus.CKND1:v
		errors: 0, warnings: 0
	module tcbn65gplus.CKND12:v
		errors: 0, warnings: 0
	module tcbn65gplus.CKND16:v
		errors: 0, warnings: 0
	module tcbn65gplus.CKND2:v
		errors: 0, warnings: 0
	module tcbn65gplus.CKND2D0:v
		errors: 0, warnings: 0
	module tcbn65gplus.CKND2D1:v
		errors: 0, warnings: 0
	module tcbn65gplus.CKND2D2:v
		errors: 0, warnings: 0
	module tcbn65gplus.CKND2D3:v
		errors: 0, warnings: 0
	module tcbn65gplus.CKND2D4:v
		errors: 0, warnings: 0
	module tcbn65gplus.CKND2D8:v
		errors: 0, warnings: 0
	module tcbn65gplus.CKND3:v
		errors: 0, warnings: 0
	module tcbn65gplus.CKND4:v
		errors: 0, warnings: 0
	module tcbn65gplus.CKND6:v
		errors: 0, warnings: 0
	module tcbn65gplus.CKND8:v
		errors: 0, warnings: 0
	module tcbn65gplus.CKXOR2D0:v
		errors: 0, warnings: 0
	module tcbn65gplus.CKXOR2D1:v
		errors: 0, warnings: 0
	module tcbn65gplus.CKXOR2D2:v
		errors: 0, warnings: 0
	module tcbn65gplus.CKXOR2D4:v
		errors: 0, warnings: 0
	module tcbn65gplus.DFCND1:v
		errors: 0, warnings: 0
	module tcbn65gplus.DFCND2:v
		errors: 0, warnings: 0
	module tcbn65gplus.DFCND4:v
		errors: 0, warnings: 0
	module tcbn65gplus.DFCNQD1:v
		errors: 0, warnings: 0
	module tcbn65gplus.DFCNQD2:v
		errors: 0, warnings: 0
	module tcbn65gplus.DFCNQD4:v
		errors: 0, warnings: 0
	module tcbn65gplus.DFD1:v
		errors: 0, warnings: 0
	module tcbn65gplus.DFQD1:v
		errors: 0, warnings: 0
	module tcbn65gplus.DFSND1:v
		errors: 0, warnings: 0
	module tcbn65gplus.DFSNQD1:v
		errors: 0, warnings: 0
	module tcbn65gplus.EDFCND1:v
		errors: 0, warnings: 0
	module tcbn65gplus.EDFCND2:v
		errors: 0, warnings: 0
	module tcbn65gplus.EDFCNQD1:v
		errors: 0, warnings: 0
	module tcbn65gplus.EDFCNQD2:v
		errors: 0, warnings: 0
	module tcbn65gplus.EDFCNQD4:v
		errors: 0, warnings: 0
	module tcbn65gplus.EDFQD1:v
		errors: 0, warnings: 0
	module tcbn65gplus.FA1D0:v
		errors: 0, warnings: 0
	module tcbn65gplus.FA1D1:v
		errors: 0, warnings: 0
	module tcbn65gplus.FA1D2:v
		errors: 0, warnings: 0
	module tcbn65gplus.FA1D4:v
		errors: 0, warnings: 0
	module tcbn65gplus.HA1D0:v
		errors: 0, warnings: 0
	module tcbn65gplus.HA1D1:v
		errors: 0, warnings: 0
	module tcbn65gplus.HA1D2:v
		errors: 0, warnings: 0
	module tcbn65gplus.HA1D4:v
		errors: 0, warnings: 0
	module tcbn65gplus.IAO21D0:v
		errors: 0, warnings: 0
	module tcbn65gplus.IAO21D1:v
		errors: 0, warnings: 0
	module tcbn65gplus.IAO21D2:v
		errors: 0, warnings: 0
	module tcbn65gplus.IAO22D2:v
		errors: 0, warnings: 0
	module tcbn65gplus.IAO22D4:v
		errors: 0, warnings: 0
	module tcbn65gplus.IND2D0:v
		errors: 0, warnings: 0
	module tcbn65gplus.IND2D1:v
		errors: 0, warnings: 0
	module tcbn65gplus.IND2D2:v
		errors: 0, warnings: 0
	module tcbn65gplus.IND2D4:v
		errors: 0, warnings: 0
	module tcbn65gplus.IND3D1:v
		errors: 0, warnings: 0
	module tcbn65gplus.IND3D2:v
		errors: 0, warnings: 0
	module tcbn65gplus.IND3D4:v
		errors: 0, warnings: 0
	module tcbn65gplus.IND4D4:v
		errors: 0, warnings: 0
	module tcbn65gplus.INR2D0:v
		errors: 0, warnings: 0
	module tcbn65gplus.INR2D1:v
		errors: 0, warnings: 0
	module tcbn65gplus.INR2D2:v
		errors: 0, warnings: 0
	module tcbn65gplus.INR2D4:v
		errors: 0, warnings: 0
	module tcbn65gplus.INR2XD0:v
		errors: 0, warnings: 0
	module tcbn65gplus.INR2XD1:v
		errors: 0, warnings: 0
	module tcbn65gplus.INR2XD2:v
		errors: 0, warnings: 0
	module tcbn65gplus.INR2XD4:v
		errors: 0, warnings: 0
	module tcbn65gplus.INR3D0:v
		errors: 0, warnings: 0
	module tcbn65gplus.INR3D1:v
		errors: 0, warnings: 0
	module tcbn65gplus.INR3D2:v
		errors: 0, warnings: 0
	module tcbn65gplus.INR3D4:v
		errors: 0, warnings: 0
	module tcbn65gplus.INVD0:v
		errors: 0, warnings: 0
	module tcbn65gplus.INVD1:v
		errors: 0, warnings: 0
	module tcbn65gplus.INVD12:v
		errors: 0, warnings: 0
	module tcbn65gplus.INVD16:v
		errors: 0, warnings: 0
	module tcbn65gplus.INVD2:v
		errors: 0, warnings: 0
	module tcbn65gplus.INVD3:v
		errors: 0, warnings: 0
	module tcbn65gplus.INVD4:v
		errors: 0, warnings: 0
	module tcbn65gplus.INVD6:v
		errors: 0, warnings: 0
	module tcbn65gplus.INVD8:v
		errors: 0, warnings: 0
	module tcbn65gplus.IOA21D0:v
		errors: 0, warnings: 0
	module tcbn65gplus.IOA21D1:v
		errors: 0, warnings: 0
	module tcbn65gplus.IOA21D2:v
		errors: 0, warnings: 0
	module tcbn65gplus.IOA21D4:v
		errors: 0, warnings: 0
	module tcbn65gplus.IOA22D2:v
		errors: 0, warnings: 0
	module tcbn65gplus.MAOI22D1:v
		errors: 0, warnings: 0
	module tcbn65gplus.MOAI22D0:v
		errors: 0, warnings: 0
	module tcbn65gplus.MOAI22D1:v
		errors: 0, warnings: 0
	module tcbn65gplus.MOAI22D2:v
		errors: 0, warnings: 0
	module tcbn65gplus.MUX2D0:v
		errors: 0, warnings: 0
	module tcbn65gplus.MUX2D1:v
		errors: 0, warnings: 0
	module tcbn65gplus.MUX2D2:v
		errors: 0, warnings: 0
	module tcbn65gplus.MUX2D4:v
		errors: 0, warnings: 0
	module tcbn65gplus.MUX2ND0:v
		errors: 0, warnings: 0
	module tcbn65gplus.MUX2ND2:v
		errors: 0, warnings: 0
	module tcbn65gplus.MUX4ND2:v
		errors: 0, warnings: 0
	module tcbn65gplus.ND2D0:v
		errors: 0, warnings: 0
	module tcbn65gplus.ND2D1:v
		errors: 0, warnings: 0
	module tcbn65gplus.ND2D2:v
		errors: 0, warnings: 0
	module tcbn65gplus.ND2D3:v
		errors: 0, warnings: 0
	module tcbn65gplus.ND2D4:v
		errors: 0, warnings: 0
	module tcbn65gplus.ND2D8:v
		errors: 0, warnings: 0
	module tcbn65gplus.ND3D0:v
		errors: 0, warnings: 0
	module tcbn65gplus.ND3D1:v
		errors: 0, warnings: 0
	module tcbn65gplus.ND3D2:v
		errors: 0, warnings: 0
	module tcbn65gplus.ND3D3:v
		errors: 0, warnings: 0
	module tcbn65gplus.ND3D4:v
		errors: 0, warnings: 0
	module tcbn65gplus.ND4D0:v
		errors: 0, warnings: 0
	module tcbn65gplus.ND4D2:v
		errors: 0, warnings: 0
	module tcbn65gplus.ND4D3:v
		errors: 0, warnings: 0
	module tcbn65gplus.NR2D0:v
		errors: 0, warnings: 0
	module tcbn65gplus.NR2D1:v
		errors: 0, warnings: 0
	module tcbn65gplus.NR2D2:v
		errors: 0, warnings: 0
	module tcbn65gplus.NR2D3:v
		errors: 0, warnings: 0
	module tcbn65gplus.NR2D4:v
		errors: 0, warnings: 0
	module tcbn65gplus.NR2D8:v
		errors: 0, warnings: 0
	module tcbn65gplus.NR2XD0:v
		errors: 0, warnings: 0
	module tcbn65gplus.NR2XD1:v
		errors: 0, warnings: 0
	module tcbn65gplus.NR2XD2:v
		errors: 0, warnings: 0
	module tcbn65gplus.NR2XD3:v
		errors: 0, warnings: 0
	module tcbn65gplus.NR2XD4:v
		errors: 0, warnings: 0
	module tcbn65gplus.NR2XD8:v
		errors: 0, warnings: 0
	module tcbn65gplus.NR3D0:v
		errors: 0, warnings: 0
	module tcbn65gplus.NR3D1:v
		errors: 0, warnings: 0
	module tcbn65gplus.NR3D3:v
		errors: 0, warnings: 0
	module tcbn65gplus.NR4D0:v
		errors: 0, warnings: 0
	module tcbn65gplus.NR4D2:v
		errors: 0, warnings: 0
	module tcbn65gplus.OA21D0:v
		errors: 0, warnings: 0
	module tcbn65gplus.OA21D1:v
		errors: 0, warnings: 0
	module tcbn65gplus.OA21D2:v
		errors: 0, warnings: 0
	module tcbn65gplus.OA21D4:v
		errors: 0, warnings: 0
	module tcbn65gplus.OA221D0:v
		errors: 0, warnings: 0
	module tcbn65gplus.OA22D0:v
		errors: 0, warnings: 0
	module tcbn65gplus.OA22D1:v
		errors: 0, warnings: 0
	module tcbn65gplus.OAI211D2:v
		errors: 0, warnings: 0
	module tcbn65gplus.OAI211D4:v
		errors: 0, warnings: 0
	module tcbn65gplus.OAI21D0:v
		errors: 0, warnings: 0
	module tcbn65gplus.OAI21D1:v
		errors: 0, warnings: 0
	module tcbn65gplus.OAI21D2:v
		errors: 0, warnings: 0
	module tcbn65gplus.OAI21D4:v
		errors: 0, warnings: 0
	module tcbn65gplus.OAI221D0:v
		errors: 0, warnings: 0
	module tcbn65gplus.OAI221D1:v
		errors: 0, warnings: 0
	module tcbn65gplus.OAI22D0:v
		errors: 0, warnings: 0
	module tcbn65gplus.OAI22D1:v
		errors: 0, warnings: 0
	module tcbn65gplus.OAI22D2:v
		errors: 0, warnings: 0
	module tcbn65gplus.OAI22D4:v
		errors: 0, warnings: 0
	module tcbn65gplus.OAI31D2:v
		errors: 0, warnings: 0
	module tcbn65gplus.OAI32D0:v
		errors: 0, warnings: 0
	module tcbn65gplus.OR2D0:v
		errors: 0, warnings: 0
	module tcbn65gplus.OR2D1:v
		errors: 0, warnings: 0
	module tcbn65gplus.OR2D2:v
		errors: 0, warnings: 0
	module tcbn65gplus.OR2D4:v
		errors: 0, warnings: 0
	module tcbn65gplus.OR2D8:v
		errors: 0, warnings: 0
	module tcbn65gplus.OR2XD1:v
		errors: 0, warnings: 0
	module tcbn65gplus.OR3D1:v
		errors: 0, warnings: 0
	module tcbn65gplus.OR4D1:v
		errors: 0, warnings: 0
	module tcbn65gplus.XNR2D0:v
		errors: 0, warnings: 0
	module tcbn65gplus.XNR2D1:v
		errors: 0, warnings: 0
	module tcbn65gplus.XNR2D2:v
		errors: 0, warnings: 0
	module tcbn65gplus.XNR2D4:v
		errors: 0, warnings: 0
	module tcbn65gplus.XNR3D1:v
		errors: 0, warnings: 0
	module tcbn65gplus.XNR3D2:v
		errors: 0, warnings: 0
	module tcbn65gplus.XNR3D4:v
		errors: 0, warnings: 0
	module tcbn65gplus.XOR2D0:v
		errors: 0, warnings: 0
	module tcbn65gplus.XOR2D1:v
		errors: 0, warnings: 0
	module tcbn65gplus.XOR2D2:v
		errors: 0, warnings: 0
	module tcbn65gplus.XOR2D4:v
		errors: 0, warnings: 0
	module tcbn65gplus.XOR3D0:v
		errors: 0, warnings: 0
	module tcbn65gplus.XOR3D1:v
		errors: 0, warnings: 0
	module tcbn65gplus.XOR3D2:v
		errors: 0, warnings: 0
	module tcbn65gplus.XOR3D4:v
		errors: 0, warnings: 0
	primitive tcbn65gplus.tsmc_mux:v
		errors: 0, warnings: 0
	primitive tcbn65gplus.tsmc_xbuf:v
		errors: 0, warnings: 0
	primitive tcbn65gplus.tsmc_dff:v
		errors: 0, warnings: 0
xmvlog: Memory Usage - Current physical: 22.2M, Current virtual: 93.6M
xmvlog: CPU Usage - 0.0s system + 1.1s user = 1.1s total (1.2s, 92.6% cpu)
xmelab: *N,INFSUD: -NOSPECIFY is automatically used with -SEQ_UDP_DELAY.
		Caching library 'sram_w16_2' ....... Done
		Caching library 'sram_w16' ....... Done
		Caching library 'worklib' ....... Done
		Caching library 'core' ....... Done
		Caching library 'tcbn65gplus' ....... Done
	Elaborating the design hierarchy:
core #(.bw(bw), .bw_psum(bw_psum), .col(col), .pr(pr))  core_instance (
            |
xmelab: *W,CUTMIPW (./netlist/core_tb_updated.v,81|12): Too many module instance parameter assignments (definition in file ./netlist/core.pnr.v, line 110738), the parameter assignment is ignored.
	Top level design units:
		core_tb
	Building instance overlay tables: .................... Done
	Generating native compiled code:
		worklib.core_tb:v <0x51be2aa2>
			streams:  29, words: 48530
		core.fifo_depth16_bw20_simd1_0:v <0x00ff9e5c>
			streams:   0, words:     0
		core.fifo_depth16_bw20_simd1_1:v <0x7b26535c>
			streams:   0, words:     0
		core.fifo_depth16_bw20_simd1_2:v <0x5a331df8>
			streams:   0, words:     0
		core.fifo_depth16_bw20_simd1_3:v <0x777636b0>
			streams:   0, words:     0
		core.fifo_depth16_bw20_simd1_4:v <0x6b99d75b>
			streams:   0, words:     0
		core.fifo_depth16_bw20_simd1_5:v <0x23c31c2a>
			streams:   0, words:     0
		core.fifo_depth16_bw20_simd1_6:v <0x77c47904>
			streams:   0, words:     0
		core.fifo_depth16_bw20_simd1_7:v <0x6dc5b81c>
			streams:   0, words:     0
		core.ofifo_col8_bw20:v <0x1b30aba7>
			streams:   0, words:     0
		core.mac_16in_bw8_bw_psum20_pr8_0:v <0x217e0dfa>
			streams:   0, words:     0
		core.mac_col_8_20_8_8:v <0x5bfdf7c8>
			streams:   0, words:     0
		core.mac_16in_bw8_bw_psum20_pr8_1:v <0x271ef984>
			streams:   0, words:     0
		core.mac_col_8_20_8_7:v <0x29b14318>
			streams:   0, words:     0
		core.mac_16in_bw8_bw_psum20_pr8_2:v <0x6d220a85>
			streams:   0, words:     0
		core.mac_col_8_20_8_6:v <0x0b886f26>
			streams:   0, words:     0
		core.mac_16in_bw8_bw_psum20_pr8_3:v <0x58745311>
			streams:   0, words:     0
		core.mac_col_8_20_8_5:v <0x0ebd7961>
			streams:   0, words:     0
		core.mac_16in_bw8_bw_psum20_pr8_4:v <0x632b2d91>
			streams:   0, words:     0
		core.mac_col_8_20_8_4:v <0x11d9ae9f>
			streams:   0, words:     0
		core.mac_16in_bw8_bw_psum20_pr8_5:v <0x238f0271>
			streams:   0, words:     0
		core.mac_col_8_20_8_3:v <0x128f10ba>
			streams:   0, words:     0
		core.mac_16in_bw8_bw_psum20_pr8_6:v <0x080141d4>
			streams:   0, words:     0
		core.mac_col_8_20_8_2:v <0x0f2525b9>
			streams:   0, words:     0
		core.mac_16in_bw8_bw_psum20_pr8_7:v <0x1f365794>
			streams:   0, words:     0
		core.mac_col_8_20_8_1:v <0x21f3b130>
			streams:   0, words:     0
		core.mac_array_col8_bw8_bw_psum20_pr8:v <0x1493f2da>
			streams:   0, words:     0
		core.core:v <0x376ba40c>
			streams:   2, words: 11594
		tcbn65gplus.CKMUX2D4:v <0x202e1945>
			streams:   0, words:     0
		tcbn65gplus.CKMUX2D2:v <0x2ce99c3b>
			streams:   0, words:     0
		tcbn65gplus.CKMUX2D0:v <0x26990b3a>
			streams:   0, words:     0
		tcbn65gplus.DFD1:v <0x4093f077>
			streams:   0, words:     0
		tcbn65gplus.DFQD1:v <0x7e049845>
			streams:   0, words:     0
		tcbn65gplus.EDFQD1:v <0x2ca3ace8>
			streams:   0, words:     0
		tcbn65gplus.CKMUX2D1:v <0x551458e1>
			streams:   0, words:     0
		tcbn65gplus.MUX2D0:v <0x2a7bab57>
			streams:   0, words:     0
		tcbn65gplus.DFSND1:v <0x5769ebdd>
			streams:   0, words:     0
		tcbn65gplus.MUX2D2:v <0x619bccd2>
			streams:   0, words:     0
		tcbn65gplus.XNR3D2:v <0x5c9c44bc>
			streams:   0, words:     0
		tcbn65gplus.MUX2D4:v <0x2cb0e14c>
			streams:   0, words:     0
		tcbn65gplus.CKXOR2D0:v <0x06345606>
			streams:   0, words:     0
		tcbn65gplus.XOR2D1:v <0x73f16baf>
			streams:   0, words:     0
		tcbn65gplus.EDFCND1:v <0x2dd2aaee>
			streams:   0, words:     0
		tcbn65gplus.XOR3D4:v <0x64f7e31f>
			streams:   0, words:     0
		tcbn65gplus.EDFCND2:v <0x031688ff>
			streams:   0, words:     0
		tcbn65gplus.CKXOR2D2:v <0x69f81a5f>
			streams:   0, words:     0
		tcbn65gplus.XNR3D1:v <0x68c83fc6>
			streams:   0, words:     0
		tcbn65gplus.XOR2D4:v <0x1b381223>
			streams:   0, words:     0
		tcbn65gplus.MUX2ND2:v <0x750c90cf>
			streams:   0, words:     0
		tcbn65gplus.DFCND2:v <0x7d32a355>
			streams:   0, words:     0
		tcbn65gplus.DFCNQD2:v <0x42f10262>
			streams:   0, words:     0
		tcbn65gplus.XOR3D0:v <0x0f49be06>
			streams:   0, words:     0
		tcbn65gplus.XOR2D0:v <0x4c9be404>
			streams:   0, words:     0
		tcbn65gplus.XOR3D1:v <0x637a68d0>
			streams:   0, words:     0
		tcbn65gplus.MUX4ND2:v <0x6a25a547>
			streams:   0, words:     0
		tcbn65gplus.CKXOR2D4:v <0x6110a9d1>
			streams:   0, words:     0
		tcbn65gplus.CKMUX2D1:v <0x327906cd>
			streams:   0, words:     0
		tcbn65gplus.MUX2D1:v <0x5ffd0254>
			streams:   0, words:     0
		tcbn65gplus.MUX2D0:v <0x4d16f57b>
			streams:   0, words:     0
		tcbn65gplus.DFCND4:v <0x4eeb53e0>
			streams:   0, words:     0
		tcbn65gplus.DFCND1:v <0x4966d82f>
			streams:   0, words:     0
		tcbn65gplus.DFSNQD1:v <0x5e8f6f07>
			streams:   0, words:     0
		tcbn65gplus.DFCNQD4:v <0x705062bb>
			streams:   0, words:     0
		tcbn65gplus.EDFCNQD2:v <0x71e02f50>
			streams:   0, words:     0
		tcbn65gplus.EDFCNQD4:v <0x66fb8e44>
			streams:   0, words:     0
		tcbn65gplus.EDFCNQD1:v <0x53781701>
			streams:   0, words:     0
		tcbn65gplus.DFCNQD1:v <0x6eea6967>
			streams:   0, words:     0
		tcbn65gplus.FA1D0:v <0x1eb311f8>
			streams:   0, words:     0
		tcbn65gplus.HA1D1:v <0x33a92e5f>
			streams:   0, words:     0
		tcbn65gplus.FA1D2:v <0x6e21157d>
			streams:   0, words:     0
		tcbn65gplus.HA1D4:v <0x3c51840d>
			streams:   0, words:     0
		tcbn65gplus.XNR2D2:v <0x35d0f0d1>
			streams:   0, words:     0
		tcbn65gplus.HA1D0:v <0x309ba6e5>
			streams:   0, words:     0
		tcbn65gplus.XNR3D4:v <0x6f45b409>
			streams:   0, words:     0
		tcbn65gplus.HA1D2:v <0x36feb791>
			streams:   0, words:     0
		tcbn65gplus.XOR2D2:v <0x0af29c37>
			streams:   0, words:     0
		tcbn65gplus.FA1D1:v <0x0b42909a>
			streams:   0, words:     0
		tcbn65gplus.FA1D4:v <0x24e61eb3>
			streams:   0, words:     0
		tcbn65gplus.XNR2D0:v <0x73b988e2>
			streams:   0, words:     0
		tcbn65gplus.XOR3D2:v <0x572e13aa>
			streams:   0, words:     0
		tcbn65gplus.XNR2D1:v <0x4cd30749>
			streams:   0, words:     0
		tcbn65gplus.CKXOR2D1:v <0x0499ab43>
			streams:   0, words:     0
		tcbn65gplus.XNR2D4:v <0x241a7ec5>
			streams:   0, words:     0
		tcbn65gplus.MUX2ND0:v <0x006f8b2a>
			streams:   0, words:     0
		sram_w16.sram_w16:v <0x61bf31ea>
			streams:  10, words:  4469
		sram_w16_2.sram_w16_2:v <0x775fb518>
			streams:  10, words:  5750
	Building instance specific data structures.
		FE_UNCONNECTEDZ_127,
		                  |
xmelab: *W,CSINFI (./netlist/core.pnr.v,112338|20): implicit wire has no fanin (core_tb.core_instance.FE_UNCONNECTEDZ_127).
		FE_UNCONNECTEDZ_126,
		                  |
xmelab: *W,CSINFI (./netlist/core.pnr.v,112337|20): implicit wire has no fanin (core_tb.core_instance.FE_UNCONNECTEDZ_126).
		FE_UNCONNECTEDZ_125,
		                  |
xmelab: *W,CSINFI (./netlist/core.pnr.v,112336|20): implicit wire has no fanin (core_tb.core_instance.FE_UNCONNECTEDZ_125).
		FE_UNCONNECTEDZ_124,
		                  |
xmelab: *W,CSINFI (./netlist/core.pnr.v,112335|20): implicit wire has no fanin (core_tb.core_instance.FE_UNCONNECTEDZ_124).
		FE_UNCONNECTEDZ_123,
		                  |
xmelab: *W,CSINFI (./netlist/core.pnr.v,112334|20): implicit wire has no fanin (core_tb.core_instance.FE_UNCONNECTEDZ_123).
		FE_UNCONNECTEDZ_122,
		                  |
xmelab: *W,CSINFI (./netlist/core.pnr.v,112333|20): implicit wire has no fanin (core_tb.core_instance.FE_UNCONNECTEDZ_122).
		FE_UNCONNECTEDZ_121,
		                  |
xmelab: *W,CSINFI (./netlist/core.pnr.v,112332|20): implicit wire has no fanin (core_tb.core_instance.FE_UNCONNECTEDZ_121).
		FE_UNCONNECTEDZ_120,
		                  |
xmelab: *W,CSINFI (./netlist/core.pnr.v,112331|20): implicit wire has no fanin (core_tb.core_instance.FE_UNCONNECTEDZ_120).
		FE_UNCONNECTEDZ_119,
		                  |
xmelab: *W,CSINFI (./netlist/core.pnr.v,112330|20): implicit wire has no fanin (core_tb.core_instance.FE_UNCONNECTEDZ_119).
		FE_UNCONNECTEDZ_118,
		                  |
xmelab: *W,CSINFI (./netlist/core.pnr.v,112329|20): implicit wire has no fanin (core_tb.core_instance.FE_UNCONNECTEDZ_118).
		FE_UNCONNECTEDZ_117,
		                  |
xmelab: *W,CSINFI (./netlist/core.pnr.v,112328|20): implicit wire has no fanin (core_tb.core_instance.FE_UNCONNECTEDZ_117).
		FE_UNCONNECTEDZ_116,
		                  |
xmelab: *W,CSINFI (./netlist/core.pnr.v,112327|20): implicit wire has no fanin (core_tb.core_instance.FE_UNCONNECTEDZ_116).
		FE_UNCONNECTEDZ_115,
		                  |
xmelab: *W,CSINFI (./netlist/core.pnr.v,112326|20): implicit wire has no fanin (core_tb.core_instance.FE_UNCONNECTEDZ_115).
		FE_UNCONNECTEDZ_114,
		                  |
xmelab: *W,CSINFI (./netlist/core.pnr.v,112325|20): implicit wire has no fanin (core_tb.core_instance.FE_UNCONNECTEDZ_114).
		FE_UNCONNECTEDZ_113,
		                  |
xmelab: *W,CSINFI (./netlist/core.pnr.v,112324|20): implicit wire has no fanin (core_tb.core_instance.FE_UNCONNECTEDZ_113).
		FE_UNCONNECTEDZ_112,
		                  |
xmelab: *W,CSINFI (./netlist/core.pnr.v,112323|20): implicit wire has no fanin (core_tb.core_instance.FE_UNCONNECTEDZ_112).
		FE_UNCONNECTEDZ_111,
		                  |
xmelab: *W,CSINFI (./netlist/core.pnr.v,112322|20): implicit wire has no fanin (core_tb.core_instance.FE_UNCONNECTEDZ_111).
		FE_UNCONNECTEDZ_110,
		                  |
xmelab: *W,CSINFI (./netlist/core.pnr.v,112321|20): implicit wire has no fanin (core_tb.core_instance.FE_UNCONNECTEDZ_110).
		FE_UNCONNECTEDZ_109,
		                  |
xmelab: *W,CSINFI (./netlist/core.pnr.v,112320|20): implicit wire has no fanin (core_tb.core_instance.FE_UNCONNECTEDZ_109).
		FE_UNCONNECTEDZ_108,
		                  |
xmelab: *W,CSINFI (./netlist/core.pnr.v,112319|20): implicit wire has no fanin (core_tb.core_instance.FE_UNCONNECTEDZ_108).
		FE_UNCONNECTEDZ_107,
		                  |
xmelab: *W,CSINFI (./netlist/core.pnr.v,112318|20): implicit wire has no fanin (core_tb.core_instance.FE_UNCONNECTEDZ_107).
		FE_UNCONNECTEDZ_106,
		                  |
xmelab: *W,CSINFI (./netlist/core.pnr.v,112317|20): implicit wire has no fanin (core_tb.core_instance.FE_UNCONNECTEDZ_106).
		FE_UNCONNECTEDZ_105,
		                  |
xmelab: *W,CSINFI (./netlist/core.pnr.v,112316|20): implicit wire has no fanin (core_tb.core_instance.FE_UNCONNECTEDZ_105).
		FE_UNCONNECTEDZ_104,
		                  |
xmelab: *W,CSINFI (./netlist/core.pnr.v,112315|20): implicit wire has no fanin (core_tb.core_instance.FE_UNCONNECTEDZ_104).
		FE_UNCONNECTEDZ_103,
		                  |
xmelab: *W,CSINFI (./netlist/core.pnr.v,112314|20): implicit wire has no fanin (core_tb.core_instance.FE_UNCONNECTEDZ_103).
		FE_UNCONNECTEDZ_102,
		                  |
xmelab: *W,CSINFI (./netlist/core.pnr.v,112313|20): implicit wire has no fanin (core_tb.core_instance.FE_UNCONNECTEDZ_102).
		FE_UNCONNECTEDZ_101,
		                  |
xmelab: *W,CSINFI (./netlist/core.pnr.v,112312|20): implicit wire has no fanin (core_tb.core_instance.FE_UNCONNECTEDZ_101).
		FE_UNCONNECTEDZ_100,
		                  |
xmelab: *W,CSINFI (./netlist/core.pnr.v,112311|20): implicit wire has no fanin (core_tb.core_instance.FE_UNCONNECTEDZ_100).
		FE_UNCONNECTEDZ_99,
		                 |
xmelab: *W,CSINFI (./netlist/core.pnr.v,112310|19): implicit wire has no fanin (core_tb.core_instance.FE_UNCONNECTEDZ_99).
		FE_UNCONNECTEDZ_98,
		                 |
xmelab: *W,CSINFI (./netlist/core.pnr.v,112309|19): implicit wire has no fanin (core_tb.core_instance.FE_UNCONNECTEDZ_98).
		FE_UNCONNECTEDZ_97,
		                 |
xmelab: *W,CSINFI (./netlist/core.pnr.v,112308|19): implicit wire has no fanin (core_tb.core_instance.FE_UNCONNECTEDZ_97).
		FE_UNCONNECTEDZ_96,
		                 |
xmelab: *W,CSINFI (./netlist/core.pnr.v,112307|19): implicit wire has no fanin (core_tb.core_instance.FE_UNCONNECTEDZ_96).
		FE_UNCONNECTEDZ_95,
		                 |
xmelab: *W,CSINFI (./netlist/core.pnr.v,112306|19): implicit wire has no fanin (core_tb.core_instance.FE_UNCONNECTEDZ_95).
		FE_UNCONNECTEDZ_94,
		                 |
xmelab: *W,CSINFI (./netlist/core.pnr.v,112305|19): implicit wire has no fanin (core_tb.core_instance.FE_UNCONNECTEDZ_94).
		FE_UNCONNECTEDZ_93,
		                 |
xmelab: *W,CSINFI (./netlist/core.pnr.v,112304|19): implicit wire has no fanin (core_tb.core_instance.FE_UNCONNECTEDZ_93).
		FE_UNCONNECTEDZ_92,
		                 |
xmelab: *W,CSINFI (./netlist/core.pnr.v,112303|19): implicit wire has no fanin (core_tb.core_instance.FE_UNCONNECTEDZ_92).
		FE_UNCONNECTEDZ_91,
		                 |
xmelab: *W,CSINFI (./netlist/core.pnr.v,112302|19): implicit wire has no fanin (core_tb.core_instance.FE_UNCONNECTEDZ_91).
		FE_UNCONNECTEDZ_90,
		                 |
xmelab: *W,CSINFI (./netlist/core.pnr.v,112301|19): implicit wire has no fanin (core_tb.core_instance.FE_UNCONNECTEDZ_90).
		FE_UNCONNECTEDZ_89,
		                 |
xmelab: *W,CSINFI (./netlist/core.pnr.v,112300|19): implicit wire has no fanin (core_tb.core_instance.FE_UNCONNECTEDZ_89).
		FE_UNCONNECTEDZ_88,
		                 |
xmelab: *W,CSINFI (./netlist/core.pnr.v,112299|19): implicit wire has no fanin (core_tb.core_instance.FE_UNCONNECTEDZ_88).
		FE_UNCONNECTEDZ_87,
		                 |
xmelab: *W,CSINFI (./netlist/core.pnr.v,112298|19): implicit wire has no fanin (core_tb.core_instance.FE_UNCONNECTEDZ_87).
		FE_UNCONNECTEDZ_86,
		                 |
xmelab: *W,CSINFI (./netlist/core.pnr.v,112297|19): implicit wire has no fanin (core_tb.core_instance.FE_UNCONNECTEDZ_86).
		FE_UNCONNECTEDZ_85,
		                 |
xmelab: *W,CSINFI (./netlist/core.pnr.v,112296|19): implicit wire has no fanin (core_tb.core_instance.FE_UNCONNECTEDZ_85).
		FE_UNCONNECTEDZ_84,
		                 |
xmelab: *W,CSINFI (./netlist/core.pnr.v,112295|19): implicit wire has no fanin (core_tb.core_instance.FE_UNCONNECTEDZ_84).
		FE_UNCONNECTEDZ_83,
		                 |
xmelab: *W,CSINFI (./netlist/core.pnr.v,112294|19): implicit wire has no fanin (core_tb.core_instance.FE_UNCONNECTEDZ_83).
		FE_UNCONNECTEDZ_82,
		                 |
xmelab: *W,CSINFI (./netlist/core.pnr.v,112293|19): implicit wire has no fanin (core_tb.core_instance.FE_UNCONNECTEDZ_82).
		FE_UNCONNECTEDZ_81,
		                 |
xmelab: *W,CSINFI (./netlist/core.pnr.v,112292|19): implicit wire has no fanin (core_tb.core_instance.FE_UNCONNECTEDZ_81).
		FE_UNCONNECTEDZ_80,
		                 |
xmelab: *W,CSINFI (./netlist/core.pnr.v,112291|19): implicit wire has no fanin (core_tb.core_instance.FE_UNCONNECTEDZ_80).
		FE_UNCONNECTEDZ_79,
		                 |
xmelab: *W,CSINFI (./netlist/core.pnr.v,112290|19): implicit wire has no fanin (core_tb.core_instance.FE_UNCONNECTEDZ_79).
		FE_UNCONNECTEDZ_78,
		                 |
xmelab: *W,CSINFI (./netlist/core.pnr.v,112289|19): implicit wire has no fanin (core_tb.core_instance.FE_UNCONNECTEDZ_78).
		FE_UNCONNECTEDZ_77,
		                 |
xmelab: *W,CSINFI (./netlist/core.pnr.v,112288|19): implicit wire has no fanin (core_tb.core_instance.FE_UNCONNECTEDZ_77).
		FE_UNCONNECTEDZ_76,
		                 |
xmelab: *W,CSINFI (./netlist/core.pnr.v,112287|19): implicit wire has no fanin (core_tb.core_instance.FE_UNCONNECTEDZ_76).
		FE_UNCONNECTEDZ_75,
		                 |
xmelab: *W,CSINFI (./netlist/core.pnr.v,112286|19): implicit wire has no fanin (core_tb.core_instance.FE_UNCONNECTEDZ_75).
		FE_UNCONNECTEDZ_74,
		                 |
xmelab: *W,CSINFI (./netlist/core.pnr.v,112285|19): implicit wire has no fanin (core_tb.core_instance.FE_UNCONNECTEDZ_74).
		FE_UNCONNECTEDZ_73,
		                 |
xmelab: *W,CSINFI (./netlist/core.pnr.v,112284|19): implicit wire has no fanin (core_tb.core_instance.FE_UNCONNECTEDZ_73).
		FE_UNCONNECTEDZ_72,
		                 |
xmelab: *W,CSINFI (./netlist/core.pnr.v,112283|19): implicit wire has no fanin (core_tb.core_instance.FE_UNCONNECTEDZ_72).
		FE_UNCONNECTEDZ_71,
		                 |
xmelab: *W,CSINFI (./netlist/core.pnr.v,112282|19): implicit wire has no fanin (core_tb.core_instance.FE_UNCONNECTEDZ_71).
		FE_UNCONNECTEDZ_70,
		                 |
xmelab: *W,CSINFI (./netlist/core.pnr.v,112281|19): implicit wire has no fanin (core_tb.core_instance.FE_UNCONNECTEDZ_70).
		FE_UNCONNECTEDZ_69,
		                 |
xmelab: *W,CSINFI (./netlist/core.pnr.v,112280|19): implicit wire has no fanin (core_tb.core_instance.FE_UNCONNECTEDZ_69).
		FE_UNCONNECTEDZ_68,
		                 |
xmelab: *W,CSINFI (./netlist/core.pnr.v,112279|19): implicit wire has no fanin (core_tb.core_instance.FE_UNCONNECTEDZ_68).
		FE_UNCONNECTEDZ_67,
		                 |
xmelab: *W,CSINFI (./netlist/core.pnr.v,112278|19): implicit wire has no fanin (core_tb.core_instance.FE_UNCONNECTEDZ_67).
		FE_UNCONNECTEDZ_66,
		                 |
xmelab: *W,CSINFI (./netlist/core.pnr.v,112277|19): implicit wire has no fanin (core_tb.core_instance.FE_UNCONNECTEDZ_66).
		FE_UNCONNECTEDZ_65,
		                 |
xmelab: *W,CSINFI (./netlist/core.pnr.v,112276|19): implicit wire has no fanin (core_tb.core_instance.FE_UNCONNECTEDZ_65).
	.D({ FE_UNCONNECTEDZ_64,
	                      |
xmelab: *W,CSINFI (./netlist/core.pnr.v,112275|23): implicit wire has no fanin (core_tb.core_instance.FE_UNCONNECTEDZ_64).
		FE_UNCONNECTEDZ_255,
		                  |
xmelab: *W,CSINFI (./netlist/core.pnr.v,112474|20): implicit wire has no fanin (core_tb.core_instance.FE_UNCONNECTEDZ_255).
		FE_UNCONNECTEDZ_254,
		                  |
xmelab: *W,CSINFI (./netlist/core.pnr.v,112473|20): implicit wire has no fanin (core_tb.core_instance.FE_UNCONNECTEDZ_254).
		FE_UNCONNECTEDZ_253,
		                  |
xmelab: *W,CSINFI (./netlist/core.pnr.v,112472|20): implicit wire has no fanin (core_tb.core_instance.FE_UNCONNECTEDZ_253).
		FE_UNCONNECTEDZ_252,
		                  |
xmelab: *W,CSINFI (./netlist/core.pnr.v,112471|20): implicit wire has no fanin (core_tb.core_instance.FE_UNCONNECTEDZ_252).
		FE_UNCONNECTEDZ_251,
		                  |
xmelab: *W,CSINFI (./netlist/core.pnr.v,112470|20): implicit wire has no fanin (core_tb.core_instance.FE_UNCONNECTEDZ_251).
		FE_UNCONNECTEDZ_250,
		                  |
xmelab: *W,CSINFI (./netlist/core.pnr.v,112469|20): implicit wire has no fanin (core_tb.core_instance.FE_UNCONNECTEDZ_250).
		FE_UNCONNECTEDZ_249,
		                  |
xmelab: *W,CSINFI (./netlist/core.pnr.v,112468|20): implicit wire has no fanin (core_tb.core_instance.FE_UNCONNECTEDZ_249).
		FE_UNCONNECTEDZ_248,
		                  |
xmelab: *W,CSINFI (./netlist/core.pnr.v,112467|20): implicit wire has no fanin (core_tb.core_instance.FE_UNCONNECTEDZ_248).
		FE_UNCONNECTEDZ_247,
		                  |
xmelab: *W,CSINFI (./netlist/core.pnr.v,112466|20): implicit wire has no fanin (core_tb.core_instance.FE_UNCONNECTEDZ_247).
		FE_UNCONNECTEDZ_246,
		                  |
xmelab: *W,CSINFI (./netlist/core.pnr.v,112465|20): implicit wire has no fanin (core_tb.core_instance.FE_UNCONNECTEDZ_246).
		FE_UNCONNECTEDZ_245,
		                  |
xmelab: *W,CSINFI (./netlist/core.pnr.v,112464|20): implicit wire has no fanin (core_tb.core_instance.FE_UNCONNECTEDZ_245).
		FE_UNCONNECTEDZ_244,
		                  |
xmelab: *W,CSINFI (./netlist/core.pnr.v,112463|20): implicit wire has no fanin (core_tb.core_instance.FE_UNCONNECTEDZ_244).
		FE_UNCONNECTEDZ_243,
		                  |
xmelab: *W,CSINFI (./netlist/core.pnr.v,112462|20): implicit wire has no fanin (core_tb.core_instance.FE_UNCONNECTEDZ_243).
		FE_UNCONNECTEDZ_242,
		                  |
xmelab: *W,CSINFI (./netlist/core.pnr.v,112461|20): implicit wire has no fanin (core_tb.core_instance.FE_UNCONNECTEDZ_242).
		FE_UNCONNECTEDZ_241,
		                  |
xmelab: *W,CSINFI (./netlist/core.pnr.v,112460|20): implicit wire has no fanin (core_tb.core_instance.FE_UNCONNECTEDZ_241).
		FE_UNCONNECTEDZ_240,
		                  |
xmelab: *W,CSINFI (./netlist/core.pnr.v,112459|20): implicit wire has no fanin (core_tb.core_instance.FE_UNCONNECTEDZ_240).
		FE_UNCONNECTEDZ_239,
		                  |
xmelab: *W,CSINFI (./netlist/core.pnr.v,112458|20): implicit wire has no fanin (core_tb.core_instance.FE_UNCONNECTEDZ_239).
		FE_UNCONNECTEDZ_238,
		                  |
xmelab: *W,CSINFI (./netlist/core.pnr.v,112457|20): implicit wire has no fanin (core_tb.core_instance.FE_UNCONNECTEDZ_238).
		FE_UNCONNECTEDZ_237,
		                  |
xmelab: *W,CSINFI (./netlist/core.pnr.v,112456|20): implicit wire has no fanin (core_tb.core_instance.FE_UNCONNECTEDZ_237).
		FE_UNCONNECTEDZ_236,
		                  |
xmelab: *W,CSINFI (./netlist/core.pnr.v,112455|20): implicit wire has no fanin (core_tb.core_instance.FE_UNCONNECTEDZ_236).
		FE_UNCONNECTEDZ_235,
		                  |
xmelab: *W,CSINFI (./netlist/core.pnr.v,112454|20): implicit wire has no fanin (core_tb.core_instance.FE_UNCONNECTEDZ_235).
		FE_UNCONNECTEDZ_234,
		                  |
xmelab: *W,CSINFI (./netlist/core.pnr.v,112453|20): implicit wire has no fanin (core_tb.core_instance.FE_UNCONNECTEDZ_234).
		FE_UNCONNECTEDZ_233,
		                  |
xmelab: *W,CSINFI (./netlist/core.pnr.v,112452|20): implicit wire has no fanin (core_tb.core_instance.FE_UNCONNECTEDZ_233).
		FE_UNCONNECTEDZ_232,
		                  |
xmelab: *W,CSINFI (./netlist/core.pnr.v,112451|20): implicit wire has no fanin (core_tb.core_instance.FE_UNCONNECTEDZ_232).
		FE_UNCONNECTEDZ_231,
		                  |
xmelab: *W,CSINFI (./netlist/core.pnr.v,112450|20): implicit wire has no fanin (core_tb.core_instance.FE_UNCONNECTEDZ_231).
		FE_UNCONNECTEDZ_230,
		                  |
xmelab: *W,CSINFI (./netlist/core.pnr.v,112449|20): implicit wire has no fanin (core_tb.core_instance.FE_UNCONNECTEDZ_230).
		FE_UNCONNECTEDZ_229,
		                  |
xmelab: *W,CSINFI (./netlist/core.pnr.v,112448|20): implicit wire has no fanin (core_tb.core_instance.FE_UNCONNECTEDZ_229).
		FE_UNCONNECTEDZ_228,
		                  |
xmelab: *W,CSINFI (./netlist/core.pnr.v,112447|20): implicit wire has no fanin (core_tb.core_instance.FE_UNCONNECTEDZ_228).
		FE_UNCONNECTEDZ_227,
		                  |
xmelab: *W,CSINFI (./netlist/core.pnr.v,112446|20): implicit wire has no fanin (core_tb.core_instance.FE_UNCONNECTEDZ_227).
		FE_UNCONNECTEDZ_226,
		                  |
xmelab: *W,CSINFI (./netlist/core.pnr.v,112445|20): implicit wire has no fanin (core_tb.core_instance.FE_UNCONNECTEDZ_226).
		FE_UNCONNECTEDZ_225,
		                  |
xmelab: *W,CSINFI (./netlist/core.pnr.v,112444|20): implicit wire has no fanin (core_tb.core_instance.FE_UNCONNECTEDZ_225).
		FE_UNCONNECTEDZ_224,
		                  |
xmelab: *W,CSINFI (./netlist/core.pnr.v,112443|20): implicit wire has no fanin (core_tb.core_instance.FE_UNCONNECTEDZ_224).
		FE_UNCONNECTEDZ_223,
		                  |
xmelab: *W,CSINFI (./netlist/core.pnr.v,112442|20): implicit wire has no fanin (core_tb.core_instance.FE_UNCONNECTEDZ_223).
		FE_UNCONNECTEDZ_222,
		                  |
xmelab: *W,CSINFI (./netlist/core.pnr.v,112441|20): implicit wire has no fanin (core_tb.core_instance.FE_UNCONNECTEDZ_222).
		FE_UNCONNECTEDZ_221,
		                  |
xmelab: *W,CSINFI (./netlist/core.pnr.v,112440|20): implicit wire has no fanin (core_tb.core_instance.FE_UNCONNECTEDZ_221).
		FE_UNCONNECTEDZ_220,
		                  |
xmelab: *W,CSINFI (./netlist/core.pnr.v,112439|20): implicit wire has no fanin (core_tb.core_instance.FE_UNCONNECTEDZ_220).
		FE_UNCONNECTEDZ_219,
		                  |
xmelab: *W,CSINFI (./netlist/core.pnr.v,112438|20): implicit wire has no fanin (core_tb.core_instance.FE_UNCONNECTEDZ_219).
		FE_UNCONNECTEDZ_218,
		                  |
xmelab: *W,CSINFI (./netlist/core.pnr.v,112437|20): implicit wire has no fanin (core_tb.core_instance.FE_UNCONNECTEDZ_218).
		FE_UNCONNECTEDZ_217,
		                  |
xmelab: *W,CSINFI (./netlist/core.pnr.v,112436|20): implicit wire has no fanin (core_tb.core_instance.FE_UNCONNECTEDZ_217).
		FE_UNCONNECTEDZ_216,
		                  |
xmelab: *W,CSINFI (./netlist/core.pnr.v,112435|20): implicit wire has no fanin (core_tb.core_instance.FE_UNCONNECTEDZ_216).
		FE_UNCONNECTEDZ_215,
		                  |
xmelab: *W,CSINFI (./netlist/core.pnr.v,112434|20): implicit wire has no fanin (core_tb.core_instance.FE_UNCONNECTEDZ_215).
		FE_UNCONNECTEDZ_214,
		                  |
xmelab: *W,CSINFI (./netlist/core.pnr.v,112433|20): implicit wire has no fanin (core_tb.core_instance.FE_UNCONNECTEDZ_214).
		FE_UNCONNECTEDZ_213,
		                  |
xmelab: *W,CSINFI (./netlist/core.pnr.v,112432|20): implicit wire has no fanin (core_tb.core_instance.FE_UNCONNECTEDZ_213).
		FE_UNCONNECTEDZ_212,
		                  |
xmelab: *W,CSINFI (./netlist/core.pnr.v,112431|20): implicit wire has no fanin (core_tb.core_instance.FE_UNCONNECTEDZ_212).
		FE_UNCONNECTEDZ_211,
		                  |
xmelab: *W,CSINFI (./netlist/core.pnr.v,112430|20): implicit wire has no fanin (core_tb.core_instance.FE_UNCONNECTEDZ_211).
		FE_UNCONNECTEDZ_210,
		                  |
xmelab: *W,CSINFI (./netlist/core.pnr.v,112429|20): implicit wire has no fanin (core_tb.core_instance.FE_UNCONNECTEDZ_210).
		FE_UNCONNECTEDZ_209,
		                  |
xmelab: *W,CSINFI (./netlist/core.pnr.v,112428|20): implicit wire has no fanin (core_tb.core_instance.FE_UNCONNECTEDZ_209).
		FE_UNCONNECTEDZ_208,
		                  |
xmelab: *W,CSINFI (./netlist/core.pnr.v,112427|20): implicit wire has no fanin (core_tb.core_instance.FE_UNCONNECTEDZ_208).
		FE_UNCONNECTEDZ_207,
		                  |
xmelab: *W,CSINFI (./netlist/core.pnr.v,112426|20): implicit wire has no fanin (core_tb.core_instance.FE_UNCONNECTEDZ_207).
		FE_UNCONNECTEDZ_206,
		                  |
xmelab: *W,CSINFI (./netlist/core.pnr.v,112425|20): implicit wire has no fanin (core_tb.core_instance.FE_UNCONNECTEDZ_206).
		FE_UNCONNECTEDZ_205,
		                  |
xmelab: *W,CSINFI (./netlist/core.pnr.v,112424|20): implicit wire has no fanin (core_tb.core_instance.FE_UNCONNECTEDZ_205).
		FE_UNCONNECTEDZ_204,
		                  |
xmelab: *W,CSINFI (./netlist/core.pnr.v,112423|20): implicit wire has no fanin (core_tb.core_instance.FE_UNCONNECTEDZ_204).
		FE_UNCONNECTEDZ_203,
		                  |
xmelab: *W,CSINFI (./netlist/core.pnr.v,112422|20): implicit wire has no fanin (core_tb.core_instance.FE_UNCONNECTEDZ_203).
		FE_UNCONNECTEDZ_202,
		                  |
xmelab: *W,CSINFI (./netlist/core.pnr.v,112421|20): implicit wire has no fanin (core_tb.core_instance.FE_UNCONNECTEDZ_202).
		FE_UNCONNECTEDZ_201,
		                  |
xmelab: *W,CSINFI (./netlist/core.pnr.v,112420|20): implicit wire has no fanin (core_tb.core_instance.FE_UNCONNECTEDZ_201).
		FE_UNCONNECTEDZ_200,
		                  |
xmelab: *W,CSINFI (./netlist/core.pnr.v,112419|20): implicit wire has no fanin (core_tb.core_instance.FE_UNCONNECTEDZ_200).
		FE_UNCONNECTEDZ_199,
		                  |
xmelab: *W,CSINFI (./netlist/core.pnr.v,112418|20): implicit wire has no fanin (core_tb.core_instance.FE_UNCONNECTEDZ_199).
		FE_UNCONNECTEDZ_198,
		                  |
xmelab: *W,CSINFI (./netlist/core.pnr.v,112417|20): implicit wire has no fanin (core_tb.core_instance.FE_UNCONNECTEDZ_198).
		FE_UNCONNECTEDZ_197,
		                  |
xmelab: *W,CSINFI (./netlist/core.pnr.v,112416|20): implicit wire has no fanin (core_tb.core_instance.FE_UNCONNECTEDZ_197).
		FE_UNCONNECTEDZ_196,
		                  |
xmelab: *W,CSINFI (./netlist/core.pnr.v,112415|20): implicit wire has no fanin (core_tb.core_instance.FE_UNCONNECTEDZ_196).
		FE_UNCONNECTEDZ_195,
		                  |
xmelab: *W,CSINFI (./netlist/core.pnr.v,112414|20): implicit wire has no fanin (core_tb.core_instance.FE_UNCONNECTEDZ_195).
		FE_UNCONNECTEDZ_194,
		                  |
xmelab: *W,CSINFI (./netlist/core.pnr.v,112413|20): implicit wire has no fanin (core_tb.core_instance.FE_UNCONNECTEDZ_194).
		FE_UNCONNECTEDZ_193,
		                  |
xmelab: *W,CSINFI (./netlist/core.pnr.v,112412|20): implicit wire has no fanin (core_tb.core_instance.FE_UNCONNECTEDZ_193).
	.D({ FE_UNCONNECTEDZ_192,
	                       |
xmelab: *W,CSINFI (./netlist/core.pnr.v,112411|24): implicit wire has no fanin (core_tb.core_instance.FE_UNCONNECTEDZ_192).
	Loading native compiled code:     .................... Done
	Design hierarchy summary:
		                   Instances  Unique
		Modules:               24734     320
		UDPs:                   8556       3
		Primitives:            47057       9
		Registers:              2497      73
		Scalar wires:           6434       -
		Expanded wires:          424       5
		Vectored wires:            4       -
		Always blocks:             3       2
		Initial blocks:           15      15
		Cont. assignments:        11      28
		Pseudo assignments:        5       5
		Simulation timescale:    1ps
	Writing initial simulation snapshot: worklib.core_tb:v
xmelab: Memory Usage - Final: 51.6M, Peak: 56.0M, Peak virtual: 179.5M
xmelab: CPU Usage - 0.2s system + 2.7s user = 2.8s total (2.9s, 96.6% cpu)

-------------------------------------
Relinquished control to SimVision...
xcelium> 
xcelium> source /software/ECE/XCELIUM-2009/tools/xcelium/files/xmsimrc
xcelium> database -open waves -into waves.shm -default
Created default SHM database waves
xcelium> probe -create -shm core_tb.core_instance.mac_array_instance.out
Created probe 1
xcelium> run
##### Q data txt reading #####
         -1

          6

          1

          2

         -4

          7

         -2

         -5

         -3

          4

          1

         -3

         -4

         -1

         -4

         -4

          0

          5

          2

          0

         -3

          3

          6

         -4

          6

          2

          1

          6

         -8

          5

         -2

          6

          2

          1

         -3

          4

         -2

         -1

         -2

         -6

         -1

          4

          0

          2

          5

         -7

         -1

          3

          2

          1

         -7

          6

          5

         -8

         -3

          6

          0

         -2

          6

         -1

         -1

         -1

         -1

         -1

##### K data txt reading #####
#####          -5

#####           1

#####           0

#####           7

#####           0

#####          -5

#####          -8

#####           0

#####           6

#####           0

#####          -5

#####          -7

#####           4

#####          -7

#####          -6

#####           3

#####           7

#####           7

#####           6

#####           6

#####          -3

#####           0

#####           0

#####          -7

#####           6

#####           3

#####           4

#####           7

#####           6

#####          -3

#####           4

#####          -7

#####          -4

#####          -3

#####          -2

#####          -5

#####           0

#####          -7

#####           3

#####           3

#####          -2

#####           6

#####           4

#####          -1

#####           7

#####          -5

#####           2

#####           1

#####           3

#####           6

#####           1

#####          -5

#####           3

#####          -1

#####           6

#####           3

#####          -6

#####          -2

#####           1

#####          -4

#####          -4

#####          -4

#####          -4

#####          -4

##### Estimated multiplication result #####
prd @cycle 0: 00006fffa3000640000cfffa0fffe0fffea00003
prd @cycle 1: 000230000100023fffe0ffffc00002ffff00004b
prd @cycle 2: fffc6fffa50005400030fffde0000a0002cffff0
prd @cycle 3: 00005fffd000050fffe7fffabfffaffffeafffbd
prd @cycle 4: 00028ffff80004b00038fffd6fffdffffd20000b
prd @cycle 5: 0004200040ffffd0002e000250005f00024ffff6
prd @cycle 6: 0006100075fffd60001d000260002bffffefffd3
prd @cycle 7: 00004fffef0001a0000b0000000008ffff40001e
##### Qmem writing  #####
##### Kmem writing #####
##### K data loading to processor #####
##### execute #####
##### move ofifo to pmem #####
Computed data matched :D, 00006fffa3000640000cfffa0fffe0fffea00003 vs.  00006fffa3000640000cfffa0fffe0fffea00003
Total ERROR:   0
Computed data matched :D, 000230000100023fffe0ffffc00002ffff00004b vs.  000230000100023fffe0ffffc00002ffff00004b
Total ERROR:   0
Computed data matched :D, fffc6fffa50005400030fffde0000a0002cffff0 vs.  fffc6fffa50005400030fffde0000a0002cffff0
Total ERROR:   0
Computed data matched :D, 00005fffd000050fffe7fffabfffaffffeafffbd vs.  00005fffd000050fffe7fffabfffaffffeafffbd
Total ERROR:   0
Computed data matched :D, 00028ffff80004b00038fffd6fffdffffd20000b vs.  00028ffff80004b00038fffd6fffdffffd20000b
Total ERROR:   0
Computed data matched :D, 0004200040ffffd0002e000250005f00024ffff6 vs.  0004200040ffffd0002e000250005f00024ffff6
Total ERROR:   0
Computed data matched :D, 0006100075fffd60001d000260002bffffefffd3 vs.  0006100075fffd60001d000260002bffffefffd3
Total ERROR:   0
Computed data matched :D, 00004fffef0001a0000b0000000008ffff40001e vs.  00004fffef0001a0000b0000000008ffff40001e
Total ERROR:   0
prd @cycle 0: 00006fffa3000640000cfffa0fffe0fffea00003
prd @cycle 1: 000230000100023fffe0ffffc00002ffff00004b
prd @cycle 2: fffc6fffa50005400030fffde0000a0002cffff0
prd @cycle 3: 00005fffd000050fffe7fffabfffaffffeafffbd
prd @cycle 4: 00028ffff80004b00038fffd6fffdffffd20000b
prd @cycle 5: 0004200040ffffd0002e000250005f00024ffff6
prd @cycle 6: 0006100075fffd60001d000260002bffffefffd3
prd @cycle 7: 00004fffef0001a0000b0000000008ffff40001e
Simulation complete via $finish(1) at time 101 NS + 0
./netlist/core_tb_updated.v:473   #10 $finish;
xcelium> probe -create -shm core_tb.core_instance.ofifo_inst.out
Created probe 2
xcelium> reset
Loaded snapshot worklib.core_tb:v
xcelium> run
##### Q data txt reading #####
         -1

          6

          1

          2

         -4

          7

         -2

         -5

         -3

          4

          1

         -3

         -4

         -1

         -4

         -4

          0

          5

          2

          0

         -3

          3

          6

         -4

          6

          2

          1

          6

         -8

          5

         -2

          6

          2

          1

         -3

          4

         -2

         -1

         -2

         -6

         -1

          4

          0

          2

          5

         -7

         -1

          3

          2

          1

         -7

          6

          5

         -8

         -3

          6

          0

         -2

          6

         -1

         -1

         -1

         -1

         -1

##### K data txt reading #####
#####          -5

#####           1

#####           0

#####           7

#####           0

#####          -5

#####          -8

#####           0

#####           6

#####           0

#####          -5

#####          -7

#####           4

#####          -7

#####          -6

#####           3

#####           7

#####           7

#####           6

#####           6

#####          -3

#####           0

#####           0

#####          -7

#####           6

#####           3

#####           4

#####           7

#####           6

#####          -3

#####           4

#####          -7

#####          -4

#####          -3

#####          -2

#####          -5

#####           0

#####          -7

#####           3

#####           3

#####          -2

#####           6

#####           4

#####          -1

#####           7

#####          -5

#####           2

#####           1

#####           3

#####           6

#####           1

#####          -5

#####           3

#####          -1

#####           6

#####           3

#####          -6

#####          -2

#####           1

#####          -4

#####          -4

#####          -4

#####          -4

#####          -4

##### Estimated multiplication result #####
prd @cycle 0: 00006fffa3000640000cfffa0fffe0fffea00003
prd @cycle 1: 000230000100023fffe0ffffc00002ffff00004b
prd @cycle 2: fffc6fffa50005400030fffde0000a0002cffff0
prd @cycle 3: 00005fffd000050fffe7fffabfffaffffeafffbd
prd @cycle 4: 00028ffff80004b00038fffd6fffdffffd20000b
prd @cycle 5: 0004200040ffffd0002e000250005f00024ffff6
prd @cycle 6: 0006100075fffd60001d000260002bffffefffd3
prd @cycle 7: 00004fffef0001a0000b0000000008ffff40001e
##### Qmem writing  #####
##### Kmem writing #####
##### K data loading to processor #####
##### execute #####
##### move ofifo to pmem #####
Computed data matched :D, 00006fffa3000640000cfffa0fffe0fffea00003 vs.  00006fffa3000640000cfffa0fffe0fffea00003
Total ERROR:   0
Computed data matched :D, 000230000100023fffe0ffffc00002ffff00004b vs.  000230000100023fffe0ffffc00002ffff00004b
Total ERROR:   0
Computed data matched :D, fffc6fffa50005400030fffde0000a0002cffff0 vs.  fffc6fffa50005400030fffde0000a0002cffff0
Total ERROR:   0
Computed data matched :D, 00005fffd000050fffe7fffabfffaffffeafffbd vs.  00005fffd000050fffe7fffabfffaffffeafffbd
Total ERROR:   0
Computed data matched :D, 00028ffff80004b00038fffd6fffdffffd20000b vs.  00028ffff80004b00038fffd6fffdffffd20000b
Total ERROR:   0
Computed data matched :D, 0004200040ffffd0002e000250005f00024ffff6 vs.  0004200040ffffd0002e000250005f00024ffff6
Total ERROR:   0
Computed data matched :D, 0006100075fffd60001d000260002bffffefffd3 vs.  0006100075fffd60001d000260002bffffefffd3
Total ERROR:   0
Computed data matched :D, 00004fffef0001a0000b0000000008ffff40001e vs.  00004fffef0001a0000b0000000008ffff40001e
Total ERROR:   0
prd @cycle 0: 00006fffa3000640000cfffa0fffe0fffea00003
prd @cycle 1: 000230000100023fffe0ffffc00002ffff00004b
prd @cycle 2: fffc6fffa50005400030fffde0000a0002cffff0
prd @cycle 3: 00005fffd000050fffe7fffabfffaffffeafffbd
prd @cycle 4: 00028ffff80004b00038fffd6fffdffffd20000b
prd @cycle 5: 0004200040ffffd0002e000250005f00024ffff6
prd @cycle 6: 0006100075fffd60001d000260002bffffefffd3
prd @cycle 7: 00004fffef0001a0000b0000000008ffff40001e
Simulation complete via $finish(1) at time 101 NS + 0
./netlist/core_tb_updated.v:473   #10 $finish;
xcelium> probe -create -shm core_tb.core_instance.psum_mem_instance.Q
Created probe 3
xcelium> reset
Loaded snapshot worklib.core_tb:v
xcelium> run
##### Q data txt reading #####
         -1

          6

          1

          2

         -4

          7

         -2

         -5

         -3

          4

          1

         -3

         -4

         -1

         -4

         -4

          0

          5

          2

          0

         -3

          3

          6

         -4

          6

          2

          1

          6

         -8

          5

         -2

          6

          2

          1

         -3

          4

         -2

         -1

         -2

         -6

         -1

          4

          0

          2

          5

         -7

         -1

          3

          2

          1

         -7

          6

          5

         -8

         -3

          6

          0

         -2

          6

         -1

         -1

         -1

         -1

         -1

##### K data txt reading #####
#####          -5

#####           1

#####           0

#####           7

#####           0

#####          -5

#####          -8

#####           0

#####           6

#####           0

#####          -5

#####          -7

#####           4

#####          -7

#####          -6

#####           3

#####           7

#####           7

#####           6

#####           6

#####          -3

#####           0

#####           0

#####          -7

#####           6

#####           3

#####           4

#####           7

#####           6

#####          -3

#####           4

#####          -7

#####          -4

#####          -3

#####          -2

#####          -5

#####           0

#####          -7

#####           3

#####           3

#####          -2

#####           6

#####           4

#####          -1

#####           7

#####          -5

#####           2

#####           1

#####           3

#####           6

#####           1

#####          -5

#####           3

#####          -1

#####           6

#####           3

#####          -6

#####          -2

#####           1

#####          -4

#####          -4

#####          -4

#####          -4

#####          -4

##### Estimated multiplication result #####
prd @cycle 0: 00006fffa3000640000cfffa0fffe0fffea00003
prd @cycle 1: 000230000100023fffe0ffffc00002ffff00004b
prd @cycle 2: fffc6fffa50005400030fffde0000a0002cffff0
prd @cycle 3: 00005fffd000050fffe7fffabfffaffffeafffbd
prd @cycle 4: 00028ffff80004b00038fffd6fffdffffd20000b
prd @cycle 5: 0004200040ffffd0002e000250005f00024ffff6
prd @cycle 6: 0006100075fffd60001d000260002bffffefffd3
prd @cycle 7: 00004fffef0001a0000b0000000008ffff40001e
##### Qmem writing  #####
##### Kmem writing #####
##### K data loading to processor #####
##### execute #####
##### move ofifo to pmem #####
Computed data matched :D, 00006fffa3000640000cfffa0fffe0fffea00003 vs.  00006fffa3000640000cfffa0fffe0fffea00003
Total ERROR:   0
Computed data matched :D, 000230000100023fffe0ffffc00002ffff00004b vs.  000230000100023fffe0ffffc00002ffff00004b
Total ERROR:   0
Computed data matched :D, fffc6fffa50005400030fffde0000a0002cffff0 vs.  fffc6fffa50005400030fffde0000a0002cffff0
Total ERROR:   0
Computed data matched :D, 00005fffd000050fffe7fffabfffaffffeafffbd vs.  00005fffd000050fffe7fffabfffaffffeafffbd
Total ERROR:   0
Computed data matched :D, 00028ffff80004b00038fffd6fffdffffd20000b vs.  00028ffff80004b00038fffd6fffdffffd20000b
Total ERROR:   0
Computed data matched :D, 0004200040ffffd0002e000250005f00024ffff6 vs.  0004200040ffffd0002e000250005f00024ffff6
Total ERROR:   0
Computed data matched :D, 0006100075fffd60001d000260002bffffefffd3 vs.  0006100075fffd60001d000260002bffffefffd3
Total ERROR:   0
Computed data matched :D, 00004fffef0001a0000b0000000008ffff40001e vs.  00004fffef0001a0000b0000000008ffff40001e
Total ERROR:   0
prd @cycle 0: 00006fffa3000640000cfffa0fffe0fffea00003
prd @cycle 1: 000230000100023fffe0ffffc00002ffff00004b
prd @cycle 2: fffc6fffa50005400030fffde0000a0002cffff0
prd @cycle 3: 00005fffd000050fffe7fffabfffaffffeafffbd
prd @cycle 4: 00028ffff80004b00038fffd6fffdffffd20000b
prd @cycle 5: 0004200040ffffd0002e000250005f00024ffff6
prd @cycle 6: 0006100075fffd60001d000260002bffffefffd3
prd @cycle 7: 00004fffef0001a0000b0000000008ffff40001e
Simulation complete via $finish(1) at time 101 NS + 0
./netlist/core_tb_updated.v:473   #10 $finish;
xcelium> probe -create -shm core_tb.core_instance.out
Created probe 4
xcelium> reset
Loaded snapshot worklib.core_tb:v
xcelium> run
##### Q data txt reading #####
         -1

          6

          1

          2

         -4

          7

         -2

         -5

         -3

          4

          1

         -3

         -4

         -1

         -4

         -4

          0

          5

          2

          0

         -3

          3

          6

         -4

          6

          2

          1

          6

         -8

          5

         -2

          6

          2

          1

         -3

          4

         -2

         -1

         -2

         -6

         -1

          4

          0

          2

          5

         -7

         -1

          3

          2

          1

         -7

          6

          5

         -8

         -3

          6

          0

         -2

          6

         -1

         -1

         -1

         -1

         -1

##### K data txt reading #####
#####          -5

#####           1

#####           0

#####           7

#####           0

#####          -5

#####          -8

#####           0

#####           6

#####           0

#####          -5

#####          -7

#####           4

#####          -7

#####          -6

#####           3

#####           7

#####           7

#####           6

#####           6

#####          -3

#####           0

#####           0

#####          -7

#####           6

#####           3

#####           4

#####           7

#####           6

#####          -3

#####           4

#####          -7

#####          -4

#####          -3

#####          -2

#####          -5

#####           0

#####          -7

#####           3

#####           3

#####          -2

#####           6

#####           4

#####          -1

#####           7

#####          -5

#####           2

#####           1

#####           3

#####           6

#####           1

#####          -5

#####           3

#####          -1

#####           6

#####           3

#####          -6

#####          -2

#####           1

#####          -4

#####          -4

#####          -4

#####          -4

#####          -4

##### Estimated multiplication result #####
prd @cycle 0: 00006fffa3000640000cfffa0fffe0fffea00003
prd @cycle 1: 000230000100023fffe0ffffc00002ffff00004b
prd @cycle 2: fffc6fffa50005400030fffde0000a0002cffff0
prd @cycle 3: 00005fffd000050fffe7fffabfffaffffeafffbd
prd @cycle 4: 00028ffff80004b00038fffd6fffdffffd20000b
prd @cycle 5: 0004200040ffffd0002e000250005f00024ffff6
prd @cycle 6: 0006100075fffd60001d000260002bffffefffd3
prd @cycle 7: 00004fffef0001a0000b0000000008ffff40001e
##### Qmem writing  #####
##### Kmem writing #####
##### K data loading to processor #####
##### execute #####
##### move ofifo to pmem #####
Computed data matched :D, 00006fffa3000640000cfffa0fffe0fffea00003 vs.  00006fffa3000640000cfffa0fffe0fffea00003
Total ERROR:   0
Computed data matched :D, 000230000100023fffe0ffffc00002ffff00004b vs.  000230000100023fffe0ffffc00002ffff00004b
Total ERROR:   0
Computed data matched :D, fffc6fffa50005400030fffde0000a0002cffff0 vs.  fffc6fffa50005400030fffde0000a0002cffff0
Total ERROR:   0
Computed data matched :D, 00005fffd000050fffe7fffabfffaffffeafffbd vs.  00005fffd000050fffe7fffabfffaffffeafffbd
Total ERROR:   0
Computed data matched :D, 00028ffff80004b00038fffd6fffdffffd20000b vs.  00028ffff80004b00038fffd6fffdffffd20000b
Total ERROR:   0
Computed data matched :D, 0004200040ffffd0002e000250005f00024ffff6 vs.  0004200040ffffd0002e000250005f00024ffff6
Total ERROR:   0
Computed data matched :D, 0006100075fffd60001d000260002bffffefffd3 vs.  0006100075fffd60001d000260002bffffefffd3
Total ERROR:   0
Computed data matched :D, 00004fffef0001a0000b0000000008ffff40001e vs.  00004fffef0001a0000b0000000008ffff40001e
Total ERROR:   0
prd @cycle 0: 00006fffa3000640000cfffa0fffe0fffea00003
prd @cycle 1: 000230000100023fffe0ffffc00002ffff00004b
prd @cycle 2: fffc6fffa50005400030fffde0000a0002cffff0
prd @cycle 3: 00005fffd000050fffe7fffabfffaffffeafffbd
prd @cycle 4: 00028ffff80004b00038fffd6fffdffffd20000b
prd @cycle 5: 0004200040ffffd0002e000250005f00024ffff6
prd @cycle 6: 0006100075fffd60001d000260002bffffefffd3
prd @cycle 7: 00004fffef0001a0000b0000000008ffff40001e
Simulation complete via $finish(1) at time 101 NS + 0
./netlist/core_tb_updated.v:473   #10 $finish;
xcelium> xmsim: Memory Usage - Final: 96.6M, Peak: 111.6M, Peak virtual: 511.5M
xmsim: Main Thread CPU Usage - 950.4s system + 550.1s user = 1500.5s total
xmsim: CPU Usage - 950.4s system + 549.8s user = 1500.2s total (48847.9s, 3.1% cpu)
TOOL:	xrun(64)	20.09-s017: Exiting on Mar 21, 2025 at 21:30:22 PDT  (total: 13:34:13)
