###############################################################
#  Generated by:      Cadence Innovus 15.23-s045_1
#  OS:                Linux x86_64(Host ID ieng6-ece-19.ucsd.edu)
#  Generated on:      Sat Mar  8 14:30:14 2025
#  Design:            fullchip
#  Command:           verifyGeometry
###############################################################

SHORT: Regular Via of Net core_instance/mac_array_instance/col_idx_1__mac_col_inst/mac_16in_instance/FE_RN_5219_0 & Blockage of Cell core_instance/mac_array_instance/col_idx_1__mac_col_inst/mac_16in_instance/FE_RC_11021_0  ( M1 )
Bounds : ( 74.410, 443.200 ) ( 74.790, 443.300 )


SHORT: Regular Via of Net core_instance/mac_array_instance/col_idx_1__mac_col_inst/mac_16in_instance/n485 & Blockage of Cell core_instance/mac_array_instance/col_idx_1__mac_col_inst/mac_16in_instance/FE_RC_9250_0  ( M1 )
Bounds : ( 110.810, 375.900 ) ( 110.990, 376.000 )


SHORT: Regular Via of Net core_instance/mac_array_instance/col_idx_2__mac_col_inst/mac_16in_instance/n993 & Blockage of Cell core_instance/mac_array_instance/col_idx_2__mac_col_inst/mac_16in_instance/FE_RC_5482_0  ( M1 )
Bounds : ( 200.810, 295.600 ) ( 200.990, 295.700 )


SHORT: Regular Via of Net core_instance/mac_array_instance/col_idx_6__mac_col_inst/mac_16in_instance/n436 & Blockage of Cell core_instance/mac_array_instance/col_idx_6__mac_col_inst/mac_16in_instance/FE_RC_5338_0  ( M1 )
Bounds : ( 434.810, 271.500 ) ( 434.990, 271.600 )



Begin Summary ...
  Cells       : 0
  SameNet     : 0
  Wiring      : 0
  Antenna     : 0
  Short       : 4
  Overlap     : 0
End Summary

  Total Violations : 4 Viols.
