###############################################################
#  Generated by:      Cadence Innovus 15.23-s045_1
#  OS:                Linux x86_64(Host ID ieng6-ece-19.ucsd.edu)
#  Generated on:      Sat Mar  8 03:17:07 2025
#  Design:            fullchip
#  Command:           report_timing -max_paths 5 > ${design}.post_route.timing.rpt
###############################################################
Path 1: VIOLATED Late External Delay Assertion 
Endpoint:   out[155]                                     (v) checked with  
leading edge of 'clk'
Beginpoint: core_instance/psum_mem_instance/Q_reg_155_/Q (v) triggered by  
leading edge of 'clk'
Path Groups: {clk}
Analysis View: WC_VIEW
Other End Arrival Time          0.000
- External Delay                0.200
+ Phase Shift                   1.000
+ CPPR Adjustment               0.000
= Required Time                 0.800
- Arrival Time                  1.128
= Slack Time                   -0.328
     Clock Rise Edge                 0.000
     + Clock Network Latency (Prop)  0.992
     = Beginpoint Arrival Time       0.992
     +------------------------------------------------------------------------------------------------+ 
     |                  Instance                  |     Arc     |  Cell  | Delay | Arrival | Required | 
     |                                            |             |        |       |  Time   |   Time   | 
     |--------------------------------------------+-------------+--------+-------+---------+----------| 
     | core_instance/psum_mem_instance/Q_reg_155_ | CP ^        |        |       |   0.992 |    0.664 | 
     | core_instance/psum_mem_instance/Q_reg_155_ | CP ^ -> Q v | EDFQD4 | 0.136 |   1.128 |    0.800 | 
     |                                            | out[155] v  |        | 0.000 |   1.128 |    0.800 | 
     +------------------------------------------------------------------------------------------------+ 
Path 2: VIOLATED Late External Delay Assertion 
Endpoint:   out[136]                                     (v) checked with  
leading edge of 'clk'
Beginpoint: core_instance/psum_mem_instance/Q_reg_136_/Q (v) triggered by  
leading edge of 'clk'
Path Groups: {clk}
Analysis View: WC_VIEW
Other End Arrival Time          0.000
- External Delay                0.200
+ Phase Shift                   1.000
+ CPPR Adjustment               0.000
= Required Time                 0.800
- Arrival Time                  1.122
= Slack Time                   -0.322
     Clock Rise Edge                 0.000
     + Clock Network Latency (Prop)  0.941
     = Beginpoint Arrival Time       0.941
     +------------------------------------------------------------------------------------------------+ 
     |                  Instance                  |     Arc     |  Cell  | Delay | Arrival | Required | 
     |                                            |             |        |       |  Time   |   Time   | 
     |--------------------------------------------+-------------+--------+-------+---------+----------| 
     | core_instance/psum_mem_instance/Q_reg_136_ | CP ^        |        |       |   0.941 |    0.619 | 
     | core_instance/psum_mem_instance/Q_reg_136_ | CP ^ -> Q v | EDFQD1 | 0.182 |   1.122 |    0.800 | 
     |                                            | out[136] v  |        | 0.000 |   1.122 |    0.800 | 
     +------------------------------------------------------------------------------------------------+ 
Path 3: VIOLATED Late External Delay Assertion 
Endpoint:   out[127]                                     (v) checked with  
leading edge of 'clk'
Beginpoint: core_instance/psum_mem_instance/Q_reg_127_/Q (v) triggered by  
leading edge of 'clk'
Path Groups: {clk}
Analysis View: WC_VIEW
Other End Arrival Time          0.000
- External Delay                0.200
+ Phase Shift                   1.000
+ CPPR Adjustment               0.000
= Required Time                 0.800
- Arrival Time                  1.112
= Slack Time                   -0.312
     Clock Rise Edge                 0.000
     + Clock Network Latency (Prop)  0.943
     = Beginpoint Arrival Time       0.943
     +------------------------------------------------------------------------------------------------+ 
     |                  Instance                  |     Arc     |  Cell  | Delay | Arrival | Required | 
     |                                            |             |        |       |  Time   |   Time   | 
     |--------------------------------------------+-------------+--------+-------+---------+----------| 
     | core_instance/psum_mem_instance/Q_reg_127_ | CP ^        |        |       |   0.943 |    0.631 | 
     | core_instance/psum_mem_instance/Q_reg_127_ | CP ^ -> Q v | EDFQD1 | 0.169 |   1.112 |    0.800 | 
     |                                            | out[127] v  |        | 0.000 |   1.112 |    0.800 | 
     +------------------------------------------------------------------------------------------------+ 
Path 4: VIOLATED Setup Check with Pin core_instance/ofifo_inst/col_idx_4__fifo_
instance/q2_reg_19_/CP 
Endpoint:   core_instance/ofifo_inst/col_idx_4__fifo_instance/q2_reg_19_/D      
(^) checked with  leading edge of 'clk'
Beginpoint: core_instance/mac_array_instance/col_idx_5__mac_col_inst/key_q_reg_
17_/Q (^) triggered by  leading edge of 'clk'
Path Groups: {clk}
Analysis View: WC_VIEW
Other End Arrival Time          0.737
- Setup                         0.009
+ Phase Shift                   1.000
+ CPPR Adjustment               0.000
= Required Time                 1.728
- Arrival Time                  2.033
= Slack Time                   -0.305
     Clock Rise Edge                 0.000
     + Clock Network Latency (Prop)  0.185
     = Beginpoint Arrival Time       0.185
     +----------------------------------------------------------------------------------------------------------+ 
     |                      Instance                      |     Arc      |  Cell   | Delay | Arrival | Required | 
     |                                                    |              |         |       |  Time   |   Time   | 
     |----------------------------------------------------+--------------+---------+-------+---------+----------| 
     | core_instance/mac_array_instance/col_idx_5__mac_co | CP ^         |         |       |   0.185 |   -0.120 | 
     | l_inst/key_q_reg_17_                               |              |         |       |         |          | 
     | core_instance/mac_array_instance/col_idx_5__mac_co | CP ^ -> Q ^  | DFQD2   | 0.199 |   0.383 |    0.078 | 
     | l_inst/key_q_reg_17_                               |              |         |       |         |          | 
     | core_instance/mac_array_instance/col_idx_5__mac_co | A2 ^ -> ZN v | CKND2D3 | 0.044 |   0.427 |    0.122 | 
     | l_inst/mac_16in_instance/FE_RC_3911_0              |              |         |       |         |          | 
     | core_instance/mac_array_instance/col_idx_5__mac_co | A1 v -> ZN v | INR2XD4 | 0.068 |   0.495 |    0.190 | 
     | l_inst/mac_16in_instance/FE_RC_3910_0              |              |         |       |         |          | 
     | core_instance/mac_array_instance/col_idx_5__mac_co | I v -> ZN ^  | CKND6   | 0.029 |   0.525 |    0.220 | 
     | l_inst/mac_16in_instance/FE_OCPC1811_FE_RN_1177_0  |              |         |       |         |          | 
     | core_instance/mac_array_instance/col_idx_5__mac_co | A1 ^ -> ZN v | CKND2D8 | 0.036 |   0.561 |    0.256 | 
     | l_inst/mac_16in_instance/U792_dup                  |              |         |       |         |          | 
     | core_instance/mac_array_instance/col_idx_5__mac_co | B1 v -> ZN ^ | OAI22D2 | 0.059 |   0.620 |    0.315 | 
     | l_inst/mac_16in_instance/FE_RC_8538_0              |              |         |       |         |          | 
     | core_instance/mac_array_instance/col_idx_5__mac_co | I ^ -> Z ^   | CKBD4   | 0.058 |   0.679 |    0.374 | 
     | l_inst/mac_16in_instance/FE_OCPC3561_n1146         |              |         |       |         |          | 
     | core_instance/mac_array_instance/col_idx_5__mac_co | I ^ -> ZN v  | INVD1   | 0.025 |   0.704 |    0.399 | 
     | l_inst/mac_16in_instance/FE_RC_8830_0              |              |         |       |         |          | 
     | core_instance/mac_array_instance/col_idx_5__mac_co | I1 v -> ZN ^ | MUX2ND0 | 0.077 |   0.781 |    0.476 | 
     | l_inst/mac_16in_instance/FE_RC_8829_0              |              |         |       |         |          | 
     | core_instance/mac_array_instance/col_idx_5__mac_co | I ^ -> ZN v  | INVD1   | 0.052 |   0.833 |    0.528 | 
     | l_inst/mac_16in_instance/FE_RC_9795_0              |              |         |       |         |          | 
     | core_instance/mac_array_instance/col_idx_5__mac_co | A1 v -> ZN ^ | ND2D2   | 0.026 |   0.859 |    0.554 | 
     | l_inst/mac_16in_instance/FE_RC_9794_0              |              |         |       |         |          | 
     | core_instance/mac_array_instance/col_idx_5__mac_co | B ^ -> ZN v  | IOA21D2 | 0.029 |   0.888 |    0.583 | 
     | l_inst/mac_16in_instance/FE_RC_11040_0             |              |         |       |         |          | 
     | core_instance/mac_array_instance/col_idx_5__mac_co | B v -> CO v  | FA1D1   | 0.140 |   1.028 |    0.723 | 
     | l_inst/mac_16in_instance/U682                      |              |         |       |         |          | 
     | core_instance/mac_array_instance/col_idx_5__mac_co | A1 v -> ZN ^ | OAI21D1 | 0.053 |   1.081 |    0.776 | 
     | l_inst/mac_16in_instance/U444                      |              |         |       |         |          | 
     | core_instance/mac_array_instance/col_idx_5__mac_co | A1 ^ -> ZN v | CKND2D1 | 0.047 |   1.129 |    0.824 | 
     | l_inst/mac_16in_instance/U184                      |              |         |       |         |          | 
     | core_instance/mac_array_instance/col_idx_5__mac_co | B v -> CO v  | FA1D1   | 0.137 |   1.266 |    0.961 | 
     | l_inst/mac_16in_instance/U1349                     |              |         |       |         |          | 
     | core_instance/mac_array_instance/col_idx_5__mac_co | B v -> CO v  | FA1D1   | 0.145 |   1.410 |    1.105 | 
     | l_inst/mac_16in_instance/U1401                     |              |         |       |         |          | 
     | core_instance/mac_array_instance/col_idx_5__mac_co | CI v -> CO v | FA1D1   | 0.087 |   1.498 |    1.193 | 
     | l_inst/mac_16in_instance/U1305                     |              |         |       |         |          | 
     | core_instance/mac_array_instance/col_idx_5__mac_co | A v -> CO v  | FA1D4   | 0.176 |   1.674 |    1.369 | 
     | l_inst/mac_16in_instance/U1293                     |              |         |       |         |          | 
     | core_instance/mac_array_instance/col_idx_5__mac_co | A2 v -> ZN ^ | NR2XD4  | 0.043 |   1.717 |    1.412 | 
     | l_inst/mac_16in_instance/U1292                     |              |         |       |         |          | 
     | core_instance/mac_array_instance/col_idx_5__mac_co | A1 ^ -> ZN v | OAI21D4 | 0.029 |   1.747 |    1.442 | 
     | l_inst/mac_16in_instance/U1308                     |              |         |       |         |          | 
     | core_instance/mac_array_instance/col_idx_5__mac_co | I v -> ZN ^  | CKND4   | 0.025 |   1.772 |    1.467 | 
     | l_inst/mac_16in_instance/FE_OCPC1686_n1225         |              |         |       |         |          | 
     | core_instance/mac_array_instance/col_idx_5__mac_co | A1 ^ -> ZN v | ND2D8   | 0.045 |   1.817 |    1.512 | 
     | l_inst/mac_16in_instance/U679                      |              |         |       |         |          | 
     | core_instance/mac_array_instance/col_idx_5__mac_co | A1 v -> ZN ^ | ND2D4   | 0.037 |   1.854 |    1.549 | 
     | l_inst/mac_16in_instance/U129                      |              |         |       |         |          | 
     | core_instance/mac_array_instance/col_idx_5__mac_co | A1 ^ -> ZN v | ND2D2   | 0.025 |   1.879 |    1.574 | 
     | l_inst/mac_16in_instance/U130                      |              |         |       |         |          | 
     | core_instance/mac_array_instance/col_idx_5__mac_co | A1 v -> ZN ^ | ND2D2   | 0.025 |   1.904 |    1.599 | 
     | l_inst/mac_16in_instance/FE_RC_36_0                |              |         |       |         |          | 
     | core_instance/mac_array_instance/col_idx_5__mac_co | A1 ^ -> ZN v | CKND2D4 | 0.037 |   1.941 |    1.636 | 
     | l_inst/mac_16in_instance/FE_RC_34_0                |              |         |       |         |          | 
     | core_instance/mac_array_instance/col_idx_5__mac_co | I v -> ZN ^  | INVD8   | 0.036 |   1.977 |    1.672 | 
     | l_inst/mac_16in_instance/FE_RC_35_0                |              |         |       |         |          | 
     | core_instance/ofifo_inst/col_idx_4__fifo_instance/ | A1 ^ -> Z ^  | AO21D1  | 0.056 |   2.033 |    1.728 | 
     | FE_RC_3716_0                                       |              |         |       |         |          | 
     | core_instance/ofifo_inst/col_idx_4__fifo_instance/ | D ^          | DFQD1   | 0.000 |   2.033 |    1.728 | 
     | q2_reg_19_                                         |              |         |       |         |          | 
     +----------------------------------------------------------------------------------------------------------+ 
Path 5: VIOLATED Setup Check with Pin core_instance/ofifo_inst/col_idx_4__fifo_
instance/q7_reg_19_/CP 
Endpoint:   core_instance/ofifo_inst/col_idx_4__fifo_instance/q7_reg_19_/D      
(^) checked with  leading edge of 'clk'
Beginpoint: core_instance/mac_array_instance/col_idx_5__mac_col_inst/key_q_reg_
17_/Q (^) triggered by  leading edge of 'clk'
Path Groups: {clk}
Analysis View: WC_VIEW
Other End Arrival Time          0.736
- Setup                         0.009
+ Phase Shift                   1.000
+ CPPR Adjustment               0.000
= Required Time                 1.727
- Arrival Time                  2.032
= Slack Time                   -0.304
     Clock Rise Edge                 0.000
     + Clock Network Latency (Prop)  0.185
     = Beginpoint Arrival Time       0.185
     +----------------------------------------------------------------------------------------------------------+ 
     |                      Instance                      |     Arc      |  Cell   | Delay | Arrival | Required | 
     |                                                    |              |         |       |  Time   |   Time   | 
     |----------------------------------------------------+--------------+---------+-------+---------+----------| 
     | core_instance/mac_array_instance/col_idx_5__mac_co | CP ^         |         |       |   0.185 |   -0.120 | 
     | l_inst/key_q_reg_17_                               |              |         |       |         |          | 
     | core_instance/mac_array_instance/col_idx_5__mac_co | CP ^ -> Q ^  | DFQD2   | 0.199 |   0.383 |    0.079 | 
     | l_inst/key_q_reg_17_                               |              |         |       |         |          | 
     | core_instance/mac_array_instance/col_idx_5__mac_co | A2 ^ -> ZN v | CKND2D3 | 0.044 |   0.427 |    0.123 | 
     | l_inst/mac_16in_instance/FE_RC_3911_0              |              |         |       |         |          | 
     | core_instance/mac_array_instance/col_idx_5__mac_co | A1 v -> ZN v | INR2XD4 | 0.068 |   0.495 |    0.191 | 
     | l_inst/mac_16in_instance/FE_RC_3910_0              |              |         |       |         |          | 
     | core_instance/mac_array_instance/col_idx_5__mac_co | I v -> ZN ^  | CKND6   | 0.029 |   0.525 |    0.221 | 
     | l_inst/mac_16in_instance/FE_OCPC1811_FE_RN_1177_0  |              |         |       |         |          | 
     | core_instance/mac_array_instance/col_idx_5__mac_co | A1 ^ -> ZN v | CKND2D8 | 0.036 |   0.561 |    0.257 | 
     | l_inst/mac_16in_instance/U792_dup                  |              |         |       |         |          | 
     | core_instance/mac_array_instance/col_idx_5__mac_co | B1 v -> ZN ^ | OAI22D2 | 0.059 |   0.620 |    0.316 | 
     | l_inst/mac_16in_instance/FE_RC_8538_0              |              |         |       |         |          | 
     | core_instance/mac_array_instance/col_idx_5__mac_co | I ^ -> Z ^   | CKBD4   | 0.058 |   0.679 |    0.375 | 
     | l_inst/mac_16in_instance/FE_OCPC3561_n1146         |              |         |       |         |          | 
     | core_instance/mac_array_instance/col_idx_5__mac_co | I ^ -> ZN v  | INVD1   | 0.025 |   0.704 |    0.400 | 
     | l_inst/mac_16in_instance/FE_RC_8830_0              |              |         |       |         |          | 
     | core_instance/mac_array_instance/col_idx_5__mac_co | I1 v -> ZN ^ | MUX2ND0 | 0.077 |   0.781 |    0.477 | 
     | l_inst/mac_16in_instance/FE_RC_8829_0              |              |         |       |         |          | 
     | core_instance/mac_array_instance/col_idx_5__mac_co | I ^ -> ZN v  | INVD1   | 0.052 |   0.833 |    0.528 | 
     | l_inst/mac_16in_instance/FE_RC_9795_0              |              |         |       |         |          | 
     | core_instance/mac_array_instance/col_idx_5__mac_co | A1 v -> ZN ^ | ND2D2   | 0.026 |   0.859 |    0.555 | 
     | l_inst/mac_16in_instance/FE_RC_9794_0              |              |         |       |         |          | 
     | core_instance/mac_array_instance/col_idx_5__mac_co | B ^ -> ZN v  | IOA21D2 | 0.029 |   0.888 |    0.584 | 
     | l_inst/mac_16in_instance/FE_RC_11040_0             |              |         |       |         |          | 
     | core_instance/mac_array_instance/col_idx_5__mac_co | B v -> CO v  | FA1D1   | 0.140 |   1.028 |    0.724 | 
     | l_inst/mac_16in_instance/U682                      |              |         |       |         |          | 
     | core_instance/mac_array_instance/col_idx_5__mac_co | A1 v -> ZN ^ | OAI21D1 | 0.053 |   1.081 |    0.777 | 
     | l_inst/mac_16in_instance/U444                      |              |         |       |         |          | 
     | core_instance/mac_array_instance/col_idx_5__mac_co | A1 ^ -> ZN v | CKND2D1 | 0.047 |   1.129 |    0.824 | 
     | l_inst/mac_16in_instance/U184                      |              |         |       |         |          | 
     | core_instance/mac_array_instance/col_idx_5__mac_co | B v -> CO v  | FA1D1   | 0.137 |   1.266 |    0.961 | 
     | l_inst/mac_16in_instance/U1349                     |              |         |       |         |          | 
     | core_instance/mac_array_instance/col_idx_5__mac_co | B v -> CO v  | FA1D1   | 0.145 |   1.410 |    1.106 | 
     | l_inst/mac_16in_instance/U1401                     |              |         |       |         |          | 
     | core_instance/mac_array_instance/col_idx_5__mac_co | CI v -> CO v | FA1D1   | 0.087 |   1.498 |    1.193 | 
     | l_inst/mac_16in_instance/U1305                     |              |         |       |         |          | 
     | core_instance/mac_array_instance/col_idx_5__mac_co | A v -> CO v  | FA1D4   | 0.176 |   1.674 |    1.370 | 
     | l_inst/mac_16in_instance/U1293                     |              |         |       |         |          | 
     | core_instance/mac_array_instance/col_idx_5__mac_co | A2 v -> ZN ^ | NR2XD4  | 0.043 |   1.717 |    1.413 | 
     | l_inst/mac_16in_instance/U1292                     |              |         |       |         |          | 
     | core_instance/mac_array_instance/col_idx_5__mac_co | A1 ^ -> ZN v | OAI21D4 | 0.029 |   1.747 |    1.442 | 
     | l_inst/mac_16in_instance/U1308                     |              |         |       |         |          | 
     | core_instance/mac_array_instance/col_idx_5__mac_co | I v -> ZN ^  | CKND4   | 0.025 |   1.772 |    1.467 | 
     | l_inst/mac_16in_instance/FE_OCPC1686_n1225         |              |         |       |         |          | 
     | core_instance/mac_array_instance/col_idx_5__mac_co | A1 ^ -> ZN v | ND2D8   | 0.045 |   1.817 |    1.513 | 
     | l_inst/mac_16in_instance/U679                      |              |         |       |         |          | 
     | core_instance/mac_array_instance/col_idx_5__mac_co | A1 v -> ZN ^ | ND2D4   | 0.037 |   1.854 |    1.550 | 
     | l_inst/mac_16in_instance/U129                      |              |         |       |         |          | 
     | core_instance/mac_array_instance/col_idx_5__mac_co | A1 ^ -> ZN v | ND2D2   | 0.025 |   1.879 |    1.575 | 
     | l_inst/mac_16in_instance/U130                      |              |         |       |         |          | 
     | core_instance/mac_array_instance/col_idx_5__mac_co | A1 v -> ZN ^ | ND2D2   | 0.025 |   1.904 |    1.600 | 
     | l_inst/mac_16in_instance/FE_RC_36_0                |              |         |       |         |          | 
     | core_instance/mac_array_instance/col_idx_5__mac_co | A1 ^ -> ZN v | CKND2D4 | 0.037 |   1.941 |    1.637 | 
     | l_inst/mac_16in_instance/FE_RC_34_0                |              |         |       |         |          | 
     | core_instance/mac_array_instance/col_idx_5__mac_co | I v -> ZN ^  | INVD8   | 0.036 |   1.977 |    1.673 | 
     | l_inst/mac_16in_instance/FE_RC_35_0                |              |         |       |         |          | 
     | core_instance/ofifo_inst/col_idx_4__fifo_instance/ | A1 ^ -> Z ^  | AO21D1  | 0.054 |   2.032 |    1.727 | 
     | FE_RC_9710_0                                       |              |         |       |         |          | 
     | core_instance/ofifo_inst/col_idx_4__fifo_instance/ | D ^          | DFQD1   | 0.000 |   2.032 |    1.727 | 
     | q7_reg_19_                                         |              |         |       |         |          | 
     +----------------------------------------------------------------------------------------------------------+ 

