xrun(64): 20.09-s017: (c) Copyright 1995-2021 Cadence Design Systems, Inc.
TOOL:	xrun(64)	20.09-s017: Started on Mar 04, 2025 at 21:08:05 PST
xrun
	+gui
	+access+rwc
	+xm64bit
	+xmstatus
	+xmtimescale+1ns/1ps
	+xmoveride_timescale
	-v ./netlist/fullchip.pnr.v
	-v /home/linux/ieng6/ee260bwi25/public/PDKdata/verilog/tcbn65gplus.v
	./netlist/fullchip_tb.v

   User defined plus("+") options:
	+xmoveride_timescale

		Caching library 'fullchip' ....... Done
		Caching library 'worklib' ....... Done
		Caching library 'tcbn65gplus' ....... Done
	Elaborating the design hierarchy:
fullchip #(.bw(bw), .bw_psum(bw_psum), .col(col), .pr(pr)) fullchip_instance (
                |
xmelab: *E,CUTMIP (./netlist/fullchip_tb.v,80|16): Too many module instance parameter assignments (definition in file ./netlist/fullchip.pnr.v, line 145334).
   FA1D2 U79 (.A(FE_RN_24),
           |
xmelab: *W,CUVWSP (./netlist/fullchip.pnr.v,8743|11): 1 output port was not connected:
xmelab: (/home/linux/ieng6/ee260bwi25/public/PDKdata/verilog/tcbn65gplus.v,9836): CO

   DFD2 cnt_q_reg_2_ (.CP(clk),
                   |
xmelab: *W,CUVWSP (./netlist/fullchip.pnr.v,12367|19): 1 output port was not connected:
xmelab: (/home/linux/ieng6/ee260bwi25/public/PDKdata/verilog/tcbn65gplus.v,5860): Q

   DFD1 cnt_q_reg_0_ (.CP(clk_clone1),
                   |
xmelab: *W,CUVWSP (./netlist/fullchip.pnr.v,23116|19): 1 output port was not connected:
xmelab: (/home/linux/ieng6/ee260bwi25/public/PDKdata/verilog/tcbn65gplus.v,5821): Q

   FA1D4 U658 (.A(n1518),
            |
xmelab: *W,CUVWSP (./netlist/fullchip.pnr.v,32714|12): 1 output port was not connected:
xmelab: (/home/linux/ieng6/ee260bwi25/public/PDKdata/verilog/tcbn65gplus.v,9877): CO

   DFD1 cnt_q_reg_0_ (.CP(clk_clone1),
                   |
xmelab: *W,CUVWSP (./netlist/fullchip.pnr.v,35023|19): 1 output port was not connected:
xmelab: (/home/linux/ieng6/ee260bwi25/public/PDKdata/verilog/tcbn65gplus.v,5821): Q

   DFD1 cnt_q_reg_0_ (.CP(clk_clone3),
                   |
xmelab: *W,CUVWSP (./netlist/fullchip.pnr.v,46698|19): 1 output port was not connected:
xmelab: (/home/linux/ieng6/ee260bwi25/public/PDKdata/verilog/tcbn65gplus.v,5821): Q

   DFD2 cnt_q_reg_0_ (.CP(clk_clone6),
                   |
xmelab: *W,CUVWSP (./netlist/fullchip.pnr.v,69524|19): 1 output port was not connected:
xmelab: (/home/linux/ieng6/ee260bwi25/public/PDKdata/verilog/tcbn65gplus.v,5860): Q

   DFD1 cnt_q_reg_3_ (.CP(clk_clone6),
                   |
xmelab: *W,CUVWSP (./netlist/fullchip.pnr.v,69579|19): 1 output port was not connected:
xmelab: (/home/linux/ieng6/ee260bwi25/public/PDKdata/verilog/tcbn65gplus.v,5821): QN

   FA1D4 U790 (.A(n671),
            |
xmelab: *W,CUVWSP (./netlist/fullchip.pnr.v,90000|12): 1 output port was not connected:
xmelab: (/home/linux/ieng6/ee260bwi25/public/PDKdata/verilog/tcbn65gplus.v,9877): CO

   DFD1 cnt_q_reg_0_ (.CP(clk_clone3),
                   |
xmelab: *W,CUVWSP (./netlist/fullchip.pnr.v,92147|19): 1 output port was not connected:
xmelab: (/home/linux/ieng6/ee260bwi25/public/PDKdata/verilog/tcbn65gplus.v,5821): Q

   ofifo_col8_bw20 ofifo_inst (.in({ FE_OFN1708_array_out_159_,
                            |
xmelab: *W,CUVWSP (./netlist/fullchip.pnr.v,144632|28): 2 output ports were not connected:
xmelab: (./netlist/fullchip.pnr.v,114546): o_valid
xmelab: (./netlist/fullchip.pnr.v,114548): o_full

   fifo_depth16_bw20_simd1_7 col_idx_0__fifo_instance (.in({ in[19],
                                                    |
xmelab: *W,CUVWSP (./netlist/fullchip.pnr.v,114657|52): 2 output ports were not connected:
xmelab: (./netlist/fullchip.pnr.v,96199): o_full
xmelab: (./netlist/fullchip.pnr.v,96200): o_empty

   fifo_depth16_bw20_simd1_6 col_idx_1__fifo_instance (.in({ in[39],
                                                    |
xmelab: *W,CUVWSP (./netlist/fullchip.pnr.v,114706|52): 2 output ports were not connected:
xmelab: (./netlist/fullchip.pnr.v,98550): o_full
xmelab: (./netlist/fullchip.pnr.v,98551): o_empty

   fifo_depth16_bw20_simd1_5 col_idx_2__fifo_instance (.in({ in[59],
                                                    |
xmelab: *W,CUVWSP (./netlist/fullchip.pnr.v,114754|52): 2 output ports were not connected:
xmelab: (./netlist/fullchip.pnr.v,112866): o_full
xmelab: (./netlist/fullchip.pnr.v,112867): o_empty

   fifo_depth16_bw20_simd1_4 col_idx_3__fifo_instance (.in({ in[79],
                                                    |
xmelab: *W,CUVWSP (./netlist/fullchip.pnr.v,114803|52): 2 output ports were not connected:
xmelab: (./netlist/fullchip.pnr.v,110466): o_full
xmelab: (./netlist/fullchip.pnr.v,110467): o_empty

   fifo_depth16_bw20_simd1_3 col_idx_4__fifo_instance (.in({ in[99],
                                                    |
xmelab: *W,CUVWSP (./netlist/fullchip.pnr.v,114851|52): 2 output ports were not connected:
xmelab: (./netlist/fullchip.pnr.v,108064): o_full
xmelab: (./netlist/fullchip.pnr.v,108065): o_empty

   fifo_depth16_bw20_simd1_2 col_idx_5__fifo_instance (.in({ in[119],
                                                    |
xmelab: *W,CUVWSP (./netlist/fullchip.pnr.v,114897|52): 2 output ports were not connected:
xmelab: (./netlist/fullchip.pnr.v,105669): o_full
xmelab: (./netlist/fullchip.pnr.v,105670): o_empty

   fifo_depth16_bw20_simd1_1 col_idx_6__fifo_instance (.in({ in[139],
                                                    |
xmelab: *W,CUVWSP (./netlist/fullchip.pnr.v,114944|52): 2 output ports were not connected:
xmelab: (./netlist/fullchip.pnr.v,103298): o_full
xmelab: (./netlist/fullchip.pnr.v,103299): o_empty

   fifo_depth16_bw20_simd1_0 col_idx_7__fifo_instance (.rd_clk(clk_clone6),
                                                    |
xmelab: *W,CUVWSP (./netlist/fullchip.pnr.v,114994|52): 2 output ports were not connected:
xmelab: (./netlist/fullchip.pnr.v,100931): o_full
xmelab: (./netlist/fullchip.pnr.v,100932): o_empty

xmelab: Memory Usage - Final: 45.5M, Peak: 45.5M, Peak virtual: 173.0M
xmelab: CPU Usage - 0.0s system + 0.1s user = 0.2s total (0.2s, 97.4% cpu)
xrun: *E,ELBERR: Error during elaboration (status 1), exiting.
TOOL:	xrun(64)	20.09-s017: Exiting on Mar 04, 2025 at 21:08:05 PST  (total: 00:00:00)
