###############################################################
#  Generated by:      Cadence Innovus 15.23-s045_1
#  OS:                Linux x86_64(Host ID ieng6-ece-04.ucsd.edu)
#  Generated on:      Wed Mar 12 20:38:10 2025
#  Design:            core
#  Command:           verifyConnectivity
###############################################################
Verify Connectivity Report is created on Wed Mar 12 20:38:10 2025



Net VDD: has special routes with opens at (2.500, 2.500) (581.500, 580.900)
Net VDD: has regular routing with opens at (237.000, 513.270) (241.800, 514.730)
Net VDD: has regular routing with opens at (227.800, 513.270) (236.800, 514.730)
Net VDD: has regular routing with opens at (94.800, 344.070) (133.800, 345.560)
Net VDD: has regular routing with opens at (362.600, 365.670) (363.400, 366.870)
Net VDD: has regular routing with opens at (223.200, 344.070) (267.000, 345.560)
Net VDD: has regular routing with opens at (171.600, 344.070) (186.800, 345.530)
Net VDD: has regular routing with opens at (142.000, 344.070) (158.600, 345.530)
Net VDD: has regular routing with opens at (202.400, 344.040) (223.000, 345.560)
Net VDD: has regular routing with opens at (158.800, 344.070) (171.000, 345.530)
Net VDD: has regular routing with opens at (134.200, 344.070) (141.600, 345.530)
Net VDD: has regular routing with opens at (197.600, 344.450) (202.000, 345.270)
Net VDD: has regular routing with opens at (187.400, 344.325) (189.000, 345.530)
Net VDD: has regular routing with opens at (409.200, 192.840) (454.400, 194.360)
Net VDD: has regular routing with opens at (454.600, 192.840) (466.200, 194.400)
Net VDD: has regular routing with opens at (407.800, 193.060) (409.000, 194.020)
Net VDD: has regular routing with opens at (406.400, 192.840) (407.600, 194.180)
Net VDD: has regular routing with opens at (190.200, 344.220) (192.600, 345.200)
Net VDD: has regular routing with opens at (193.200, 344.450) (197.000, 345.200)
Net VSS, Pin FILLER_48986/VSS: has an unconnected terminal at (345.815, 198.835) (346.200, 199.165)
Net VSS, Pin FILLER_48994/VSS: has an unconnected terminal at (409.465, 198.835) (409.800, 199.165)
Net VSS, Pin FILLER_49263/VSS: has an unconnected terminal at (499.665, 198.835) (500.000, 199.165)
Net VSS, Pin FILLER_50454/VSS: has an unconnected terminal at (264.465, 209.635) (264.800, 209.965)
Net VSS, Pin FILLER_50713/VSS: has an unconnected terminal at (263.465, 209.635) (263.800, 209.965)
Net VSS, Pin FILLER_85763/VSS: has an unconnected terminal at (251.265, 508.435) (251.600, 508.765)
Net VSS, Pin FILLER_85772/VSS: has an unconnected terminal at (259.665, 508.435) (260.000, 508.765)
Net VSS: has special routes with opens at (5.500, 5.500) (578.500, 577.900)
Net VSS: has regular routing with opens at (263.400, 511.645) (266.000, 512.755)
Net VSS: has regular routing with opens at (258.400, 511.645) (263.200, 512.755)
Net VSS: has regular routing with opens at (251.400, 511.645) (258.200, 512.755)
Net VSS: has regular routing with opens at (249.600, 511.645) (251.200, 512.755)
Net VSS: has regular routing with opens at (247.000, 511.645) (249.400, 512.755)
Net VSS: has regular routing with opens at (227.600, 511.645) (246.800, 512.755)
Net VSS: has regular routing with opens at (256.400, 508.435) (258.800, 509.155)
Net VSS: has regular routing with opens at (254.600, 508.435) (256.200, 509.155)
Net VSS: has regular routing with opens at (252.000, 508.435) (254.400, 509.155)
Net VSS: has regular routing with opens at (243.400, 508.435) (250.600, 509.155)
Net VSS: has regular routing with opens at (236.600, 508.435) (243.000, 509.155)
Net VSS: has regular routing with opens at (209.400, 346.045) (223.000, 347.155)
Net VSS: has regular routing with opens at (137.800, 209.245) (262.800, 210.400)
Net VSS: has regular routing with opens at (136.000, 209.635) (137.600, 210.355)
Net VSS: has regular routing with opens at (500.600, 198.405) (514.200, 199.555)
Net VSS: has regular routing with opens at (346.400, 198.305) (392.400, 199.555)
Net VSS: has regular routing with opens at (460.800, 198.405) (498.600, 199.165)
Net VSS: has regular routing with opens at (453.400, 198.470) (460.600, 199.165)
Net VSS: has regular routing with opens at (396.800, 198.305) (408.800, 199.165)
Net VSS: has regular routing with opens at (411.000, 198.425) (416.200, 199.165)
Net VSS: has regular routing with opens at (421.200, 198.305) (452.200, 199.165)
Net VSS: has regular routing with opens at (392.600, 198.305) (396.400, 199.165)
Net VSS: has regular routing with opens at (416.400, 198.480) (420.400, 199.165)
Net VSS: dangling Wire at (511.910, 357.400) (511.910, 357.400) on layer: M1

Begin Summary
    7 Problem(s) (IMPVFC-96): Terminal(s) are not connected.
    2 Problem(s) (IMPVFC-200): Special Wires: Pieces of the net are not connected together.
    41 Problem(s) (IMPVFC-92): Pieces of the net are not connected together.
    1 Problem(s) (IMPVFC-94): The net has dangling wire(s).
    51 total info(s) created.
End Summary
