###############################################################
#  Generated by:      Cadence Innovus 15.23-s045_1
#  OS:                Linux x86_64(Host ID ieng6-ece-04.ucsd.edu)
#  Generated on:      Sun Mar 16 01:32:48 2025
#  Design:            sram_w16
#  Command:           verifyConnectivity
###############################################################
Verify Connectivity Report is created on Sun Mar 16 01:32:48 2025



Net VDD: dangling Wire at (639.495, 45.800) (639.495, 45.800) on layer: M4
Net VDD: dangling Wire at (570.940, 45.800) (570.940, 45.800) on layer: M4
Net VDD: dangling Wire at (502.385, 45.800) (502.385, 45.800) on layer: M4
Net VDD: dangling Wire at (433.830, 45.800) (433.830, 45.800) on layer: M4
Net VDD: dangling Wire at (365.275, 45.800) (365.275, 45.800) on layer: M4
Net VDD: dangling Wire at (296.720, 45.800) (296.720, 45.800) on layer: M4
Net VDD: dangling Wire at (228.165, 45.800) (228.165, 45.800) on layer: M4
Net VDD: dangling Wire at (159.610, 45.800) (159.610, 45.800) on layer: M4
Net VDD: dangling Wire at (91.055, 45.800) (91.055, 45.800) on layer: M4
Net VDD: dangling Wire at (22.500, 45.800) (22.500, 45.800) on layer: M4
Net VSS: dangling Wire at (637.495, 8.000) (637.495, 8.000) on layer: M4
Net VSS: dangling Wire at (568.940, 8.000) (568.940, 8.000) on layer: M4
Net VSS: dangling Wire at (500.385, 8.000) (500.385, 8.000) on layer: M4
Net VSS: dangling Wire at (431.830, 8.000) (431.830, 8.000) on layer: M4
Net VSS: dangling Wire at (363.275, 8.000) (363.275, 8.000) on layer: M4
Net VSS: dangling Wire at (294.720, 8.000) (294.720, 8.000) on layer: M4
Net VSS: dangling Wire at (226.165, 8.000) (226.165, 8.000) on layer: M4
Net VSS: dangling Wire at (157.610, 8.000) (157.610, 8.000) on layer: M4
Net VSS: dangling Wire at (89.055, 8.000) (89.055, 8.000) on layer: M4
Net VSS: dangling Wire at (20.500, 8.000) (20.500, 8.000) on layer: M4

Begin Summary
    20 Problem(s) (IMPVFC-94): The net has dangling wire(s).
    20 total info(s) created.
End Summary
